TpTrace Verbose: 0 : 31008, 1, 2024/11/02, 19:19:24.001, 16891518923219, vstest.console.dll, Version: 17.11.1-release-24455-02 Current process architecture: X64
TpTrace Verbose: 0 : 31008, 1, 2024/11/02, 19:19:24.004, 16891518945080, vstest.console.dll, Runtime location: C:\Program Files\dotnet\shared\Microsoft.NETCore.App\8.0.10
TpTrace Verbose: 0 : 31008, 1, 2024/11/02, 19:19:24.005, 16891518960345, vstest.console.dll, ArtifactProcessingPostProcessModeProcessorExecutor.Initialize: ArtifactProcessingMode.Collect
TpTrace Verbose: 0 : 31008, 1, 2024/11/02, 19:19:24.005, 16891518961249, vstest.console.dll, TestSessionCorrelationIdProcessorModeProcessorExecutor.Initialize: TestSessionCorrelationId '6820_5d7f00e2-268c-405e-b376-0aea80b38089'
TpTrace Information: 0 : 31008, 1, 2024/11/02, 19:19:24.011, 16891519021730, vstest.console.dll, FilePatternParser: The given file C:\Users\matmi\source\repos\fiap_grupo58_fase1\fiap_grupo58_fase1_test\bin\Debug\net8.0\fine-code-coverage\build-output\fiap_grupo58_fase1_test.dll is a full path.
TpTrace Verbose: 0 : 31008, 1, 2024/11/02, 19:19:24.014, 16891519052096, vstest.console.dll, TestPluginCache.DiscoverTestExtensions: finding test extensions in assemblies ends with: RuntimeProvider.dll TPluginInfo: Microsoft.VisualStudio.TestPlatform.Common.ExtensionFramework.Utilities.TestRuntimePluginInformation TExtension: Microsoft.VisualStudio.TestPlatform.ObjectModel.Host.ITestRuntimeProvider
TpTrace Verbose: 0 : 31008, 1, 2024/11/02, 19:19:24.015, 16891519056955, vstest.console.dll, TestPluginCache.GetExtensionPaths: Filtered extension paths: 
TpTrace Verbose: 0 : 31008, 1, 2024/11/02, 19:19:24.015, 16891519057648, vstest.console.dll, TestPluginCache.GetExtensionPaths: Added default extension paths: C:\Program Files\dotnet\sdk\8.0.403\Extensions\Microsoft.Diagnostics.NETCore.Client.dll
C:\Program Files\dotnet\sdk\8.0.403\Extensions\Microsoft.TestPlatform.Extensions.BlameDataCollector.dll
C:\Program Files\dotnet\sdk\8.0.403\Extensions\Microsoft.TestPlatform.Extensions.EventLogCollector.dll
C:\Program Files\dotnet\sdk\8.0.403\Extensions\Microsoft.TestPlatform.TestHostRuntimeProvider.dll
C:\Program Files\dotnet\sdk\8.0.403\Extensions\Microsoft.VisualStudio.TestPlatform.Extensions.Html.TestLogger.dll
C:\Program Files\dotnet\sdk\8.0.403\Extensions\Microsoft.VisualStudio.TestPlatform.Extensions.Trx.TestLogger.dll
TpTrace Verbose: 0 : 31008, 1, 2024/11/02, 19:19:24.015, 16891519057880, vstest.console.dll, TestPluginCache.GetExtensionPaths: Added unfilterableExtensionPaths: 
TpTrace Information: 0 : 31008, 1, 2024/11/02, 19:19:24.015, 16891519062552, vstest.console.dll, AssemblyResolver.ctor: Creating AssemblyResolver with searchDirectories C:\Program Files\dotnet\sdk\8.0.403\Extensions,C:\Program Files\dotnet\sdk\8.0.403
TpTrace Verbose: 0 : 31008, 1, 2024/11/02, 19:19:24.016, 16891519068776, vstest.console.dll, TestPluginCache.DiscoverTestExtensions: Discovering the extensions using extension path.
TpTrace Verbose: 0 : 31008, 1, 2024/11/02, 19:19:24.016, 16891519069555, vstest.console.dll, TestPluginCache.GetExtensionPaths: Filtered extension paths: 
TpTrace Verbose: 0 : 31008, 1, 2024/11/02, 19:19:24.016, 16891519069784, vstest.console.dll, TestPluginCache.GetExtensionPaths: Added default extension paths: C:\Program Files\dotnet\sdk\8.0.403\Extensions\Microsoft.Diagnostics.NETCore.Client.dll
C:\Program Files\dotnet\sdk\8.0.403\Extensions\Microsoft.TestPlatform.Extensions.BlameDataCollector.dll
C:\Program Files\dotnet\sdk\8.0.403\Extensions\Microsoft.TestPlatform.Extensions.EventLogCollector.dll
C:\Program Files\dotnet\sdk\8.0.403\Extensions\Microsoft.TestPlatform.TestHostRuntimeProvider.dll
C:\Program Files\dotnet\sdk\8.0.403\Extensions\Microsoft.VisualStudio.TestPlatform.Extensions.Html.TestLogger.dll
C:\Program Files\dotnet\sdk\8.0.403\Extensions\Microsoft.VisualStudio.TestPlatform.Extensions.Trx.TestLogger.dll
TpTrace Verbose: 0 : 31008, 1, 2024/11/02, 19:19:24.016, 16891519069969, vstest.console.dll, TestPluginCache.GetExtensionPaths: Added unfilterableExtensionPaths: 
TpTrace Verbose: 0 : 31008, 1, 2024/11/02, 19:19:24.016, 16891519070729, vstest.console.dll, TestPluginCache.DiscoverTestExtensions: Discovering the extensions using allExtensionPaths: C:\Program Files\dotnet\sdk\8.0.403\Extensions\Microsoft.Diagnostics.NETCore.Client.dll
C:\Program Files\dotnet\sdk\8.0.403\Extensions\Microsoft.TestPlatform.Extensions.BlameDataCollector.dll
C:\Program Files\dotnet\sdk\8.0.403\Extensions\Microsoft.TestPlatform.Extensions.EventLogCollector.dll
C:\Program Files\dotnet\sdk\8.0.403\Extensions\Microsoft.TestPlatform.TestHostRuntimeProvider.dll
C:\Program Files\dotnet\sdk\8.0.403\Extensions\Microsoft.VisualStudio.TestPlatform.Extensions.Html.TestLogger.dll
C:\Program Files\dotnet\sdk\8.0.403\Extensions\Microsoft.VisualStudio.TestPlatform.Extensions.Trx.TestLogger.dll
TpTrace Information: 0 : 31008, 1, 2024/11/02, 19:19:24.016, 16891519071366, vstest.console.dll, AssemblyResolver.AddSearchDirectories: Adding more searchDirectories C:\Program Files\dotnet\sdk\8.0.403\Extensions,C:\Program Files\dotnet\sdk\8.0.403
TpTrace Information: 0 : 31008, 1, 2024/11/02, 19:19:24.016, 16891519071657, vstest.console.dll, AssemblyResolver.AddSearchDirectories: Adding more searchDirectories C:\Program Files\dotnet\sdk\8.0.403\Extensions,C:\Program Files\dotnet\sdk\8.0.403
TpTrace Information: 0 : 31008, 1, 2024/11/02, 19:19:24.016, 16891519071828, vstest.console.dll, AssemblyResolver.AddSearchDirectories: Adding more searchDirectories C:\Program Files\dotnet\sdk\8.0.403\Extensions,C:\Program Files\dotnet\sdk\8.0.403
TpTrace Information: 0 : 31008, 1, 2024/11/02, 19:19:24.016, 16891519072001, vstest.console.dll, AssemblyResolver.AddSearchDirectories: Adding more searchDirectories C:\Program Files\dotnet\sdk\8.0.403\Extensions,C:\Program Files\dotnet\sdk\8.0.403
TpTrace Information: 0 : 31008, 1, 2024/11/02, 19:19:24.016, 16891519072152, vstest.console.dll, AssemblyResolver.AddSearchDirectories: Adding more searchDirectories C:\Program Files\dotnet\sdk\8.0.403\Extensions,C:\Program Files\dotnet\sdk\8.0.403
TpTrace Information: 0 : 31008, 1, 2024/11/02, 19:19:24.016, 16891519072302, vstest.console.dll, AssemblyResolver.AddSearchDirectories: Adding more searchDirectories C:\Program Files\dotnet\sdk\8.0.403\Extensions,C:\Program Files\dotnet\sdk\8.0.403
TpTrace Information: 0 : 31008, 1, 2024/11/02, 19:19:24.017, 16891519074371, vstest.console.dll, AssemblyResolver.OnResolve: Microsoft.Diagnostics.NETCore.Client: Resolving assembly.
TpTrace Information: 0 : 31008, 1, 2024/11/02, 19:19:24.017, 16891519074996, vstest.console.dll, AssemblyResolver.OnResolve: Microsoft.Diagnostics.NETCore.Client: Searching in: 'C:\Program Files\dotnet\sdk\8.0.403\Extensions'.
TpTrace Information: 0 : 31008, 1, 2024/11/02, 19:19:24.021, 16891519121830, vstest.console.dll, AssemblyResolver.OnResolve: Microsoft.Diagnostics.NETCore.Client: Loading assembly 'C:\Program Files\dotnet\sdk\8.0.403\Extensions\Microsoft.Diagnostics.NETCore.Client.dll'.
TpTrace Information: 0 : 31008, 1, 2024/11/02, 19:19:24.022, 16891519126155, vstest.console.dll, AssemblyResolver.OnResolve: Resolved assembly: Microsoft.Diagnostics.NETCore.Client, from path: C:\Program Files\dotnet\sdk\8.0.403\Extensions\Microsoft.Diagnostics.NETCore.Client.dll
TpTrace Verbose: 0 : 31008, 1, 2024/11/02, 19:19:24.025, 16891519154337, vstest.console.dll, MetadataReaderExtensionsHelper: Discovering extensions inside assembly 'Microsoft.Diagnostics.NETCore.Client, Version=0.2.10.30701, Culture=neutral, PublicKeyToken=31bf3856ad364e35' file path 'C:\Program Files\dotnet\sdk\8.0.403\Extensions\Microsoft.Diagnostics.NETCore.Client.dll'
TpTrace Information: 0 : 31008, 1, 2024/11/02, 19:19:24.028, 16891519184142, vstest.console.dll, AssemblyResolver.OnResolve: Microsoft.Bcl.AsyncInterfaces: Resolving assembly.
TpTrace Information: 0 : 31008, 1, 2024/11/02, 19:19:24.028, 16891519185003, vstest.console.dll, AssemblyResolver.OnResolve: Microsoft.Bcl.AsyncInterfaces: Searching in: 'C:\Program Files\dotnet\sdk\8.0.403\Extensions'.
TpTrace Information: 0 : 31008, 1, 2024/11/02, 19:19:24.028, 16891519185631, vstest.console.dll, AssemblyResolver.OnResolve: Microsoft.Bcl.AsyncInterfaces: Assembly path does not exist: 'C:\Program Files\dotnet\sdk\8.0.403\Extensions\Microsoft.Bcl.AsyncInterfaces.dll', returning.
TpTrace Information: 0 : 31008, 1, 2024/11/02, 19:19:24.028, 16891519186432, vstest.console.dll, AssemblyResolver.OnResolve: Microsoft.Bcl.AsyncInterfaces: Assembly path does not exist: 'C:\Program Files\dotnet\sdk\8.0.403\Extensions\Microsoft.Bcl.AsyncInterfaces.exe', returning.
TpTrace Information: 0 : 31008, 1, 2024/11/02, 19:19:24.028, 16891519186664, vstest.console.dll, AssemblyResolver.OnResolve: Microsoft.Bcl.AsyncInterfaces: Searching in: 'C:\Program Files\dotnet\sdk\8.0.403'.
TpTrace Information: 0 : 31008, 1, 2024/11/02, 19:19:24.028, 16891519187087, vstest.console.dll, AssemblyResolver.OnResolve: Microsoft.Bcl.AsyncInterfaces: Assembly path does not exist: 'C:\Program Files\dotnet\sdk\8.0.403\Microsoft.Bcl.AsyncInterfaces.dll', returning.
TpTrace Information: 0 : 31008, 1, 2024/11/02, 19:19:24.028, 16891519187436, vstest.console.dll, AssemblyResolver.OnResolve: Microsoft.Bcl.AsyncInterfaces: Assembly path does not exist: 'C:\Program Files\dotnet\sdk\8.0.403\Microsoft.Bcl.AsyncInterfaces.exe', returning.
TpTrace Information: 0 : 31008, 1, 2024/11/02, 19:19:24.028, 16891519187616, vstest.console.dll, AssemblyResolver.OnResolve: Microsoft.Bcl.AsyncInterfaces: Failed to load assembly.
TpTrace Verbose: 0 : 31008, 1, 2024/11/02, 19:19:24.028, 16891519187858, vstest.console.dll, CurrentDomainAssemblyResolve: Resolving assembly 'Microsoft.Bcl.AsyncInterfaces'.
TpTrace Information: 0 : 31008, 1, 2024/11/02, 19:19:24.028, 16891519188220, vstest.console.dll, AssemblyResolver.OnResolve: Microsoft.Bcl.AsyncInterfaces: Resolving assembly.
TpTrace Information: 0 : 31008, 1, 2024/11/02, 19:19:24.028, 16891519188459, vstest.console.dll, AssemblyResolver.OnResolve: Microsoft.Bcl.AsyncInterfaces: Resolved from cache.
TpTrace Verbose: 0 : 31008, 1, 2024/11/02, 19:19:24.028, 16891519188604, vstest.console.dll, CurrentDomainAssemblyResolve: Resolving assembly 'Microsoft.Bcl.AsyncInterfaces'.
TpTrace Verbose: 0 : 31008, 1, 2024/11/02, 19:19:24.028, 16891519188788, vstest.console.dll, CurrentDomainAssemblyResolve: Failed to resolve assembly 'Microsoft.Bcl.AsyncInterfaces'.
TpTrace Verbose: 0 : 31008, 1, 2024/11/02, 19:19:24.028, 16891519192754, vstest.console.dll, CurrentDomainAssemblyResolve: Failed to resolve assembly 'Microsoft.Bcl.AsyncInterfaces'.
TpTrace Warning: 0 : 31008, 1, 2024/11/02, 19:19:24.035, 16891519257190, vstest.console.dll, TestPluginDiscoverer: Failed to get types from assembly 'Microsoft.Diagnostics.NETCore.Client, Version=0.2.10.30701, Culture=neutral, PublicKeyToken=31bf3856ad364e35'. Error: System.Reflection.ReflectionTypeLoadException: Unable to load one or more of the requested types.
Could not load file or assembly 'Microsoft.Bcl.AsyncInterfaces, Version=6.0.0.0, Culture=neutral, PublicKeyToken=cc7b13ffcd2ddd51'. O sistema não pode encontrar o arquivo especificado.
   at System.Reflection.RuntimeModule.GetTypes(RuntimeModule module)
   at System.Reflection.RuntimeModule.GetTypes()
   at Microsoft.VisualStudio.TestPlatform.Common.ExtensionFramework.TestPluginDiscoverer.GetTestExtensionsFromAssembly[TPluginInfo,TExtension](Assembly assembly, Dictionary`2 pluginInfos, String filePath) in /_/src/Microsoft.TestPlatform.Common/ExtensionFramework/TestPluginDiscoverer.cs:line 158
System.IO.FileNotFoundException: Could not load file or assembly 'Microsoft.Bcl.AsyncInterfaces, Version=6.0.0.0, Culture=neutral, PublicKeyToken=cc7b13ffcd2ddd51'. O sistema não pode encontrar o arquivo especificado.
File name: 'Microsoft.Bcl.AsyncInterfaces, Version=6.0.0.0, Culture=neutral, PublicKeyToken=cc7b13ffcd2ddd51'
 ---> System.IO.FileNotFoundException: Could not load file or assembly 'Microsoft.Bcl.AsyncInterfaces, Culture=neutral, PublicKeyToken=null'. O sistema não pode encontrar o arquivo especificado.
File name: 'Microsoft.Bcl.AsyncInterfaces, Culture=neutral, PublicKeyToken=null'
   at System.Reflection.RuntimeAssembly.InternalLoad(AssemblyName assemblyName, StackCrawlMark& stackMark, AssemblyLoadContext assemblyLoadContext, RuntimeAssembly requestingAssembly, Boolean throwOnFileNotFound)
   at System.Reflection.Assembly.Load(AssemblyName assemblyRef)
   at Microsoft.VisualStudio.TestPlatform.Common.ExtensionFramework.TestPluginCache.CurrentDomainAssemblyResolve(Object sender, AssemblyResolveEventArgs args) in /_/src/Microsoft.TestPlatform.Common/ExtensionFramework/TestPluginCache.cs:line 513
   at System.Runtime.Loader.AssemblyLoadContext.GetFirstResolvedAssemblyFromResolvingEvent(AssemblyName assemblyName)
   at System.Runtime.Loader.AssemblyLoadContext.ResolveUsingEvent(AssemblyName assemblyName)
   at System.Runtime.Loader.AssemblyLoadContext.ResolveUsingResolvingEvent(IntPtr gchManagedAssemblyLoadContext, AssemblyName assemblyName)
TpTrace Warning: 0 : 31008, 1, 2024/11/02, 19:19:24.035, 16891519260038, vstest.console.dll, LoaderExceptions: System.IO.FileNotFoundException: Could not load file or assembly 'Microsoft.Bcl.AsyncInterfaces, Version=6.0.0.0, Culture=neutral, PublicKeyToken=cc7b13ffcd2ddd51'. O sistema não pode encontrar o arquivo especificado.
File name: 'Microsoft.Bcl.AsyncInterfaces, Version=6.0.0.0, Culture=neutral, PublicKeyToken=cc7b13ffcd2ddd51'
 ---> System.IO.FileNotFoundException: Could not load file or assembly 'Microsoft.Bcl.AsyncInterfaces, Culture=neutral, PublicKeyToken=null'. O sistema não pode encontrar o arquivo especificado.
File name: 'Microsoft.Bcl.AsyncInterfaces, Culture=neutral, PublicKeyToken=null'
   at System.Reflection.RuntimeAssembly.InternalLoad(AssemblyName assemblyName, StackCrawlMark& stackMark, AssemblyLoadContext assemblyLoadContext, RuntimeAssembly requestingAssembly, Boolean throwOnFileNotFound)
   at System.Reflection.Assembly.Load(AssemblyName assemblyRef)
   at Microsoft.VisualStudio.TestPlatform.Common.ExtensionFramework.TestPluginCache.CurrentDomainAssemblyResolve(Object sender, AssemblyResolveEventArgs args) in /_/src/Microsoft.TestPlatform.Common/ExtensionFramework/TestPluginCache.cs:line 513
   at System.Runtime.Loader.AssemblyLoadContext.GetFirstResolvedAssemblyFromResolvingEvent(AssemblyName assemblyName)
   at System.Runtime.Loader.AssemblyLoadContext.ResolveUsingEvent(AssemblyName assemblyName)
   at System.Runtime.Loader.AssemblyLoadContext.ResolveUsingResolvingEvent(IntPtr gchManagedAssemblyLoadContext, AssemblyName assemblyName)
TpTrace Information: 0 : 31008, 1, 2024/11/02, 19:19:24.035, 16891519261130, vstest.console.dll, AssemblyResolver.OnResolve: Microsoft.TestPlatform.Extensions.BlameDataCollector: Resolving assembly.
TpTrace Information: 0 : 31008, 1, 2024/11/02, 19:19:24.035, 16891519261542, vstest.console.dll, AssemblyResolver.OnResolve: Microsoft.TestPlatform.Extensions.BlameDataCollector: Searching in: 'C:\Program Files\dotnet\sdk\8.0.403\Extensions'.
TpTrace Information: 0 : 31008, 1, 2024/11/02, 19:19:24.036, 16891519264402, vstest.console.dll, AssemblyResolver.OnResolve: Microsoft.TestPlatform.Extensions.BlameDataCollector: Loading assembly 'C:\Program Files\dotnet\sdk\8.0.403\Extensions\Microsoft.TestPlatform.Extensions.BlameDataCollector.dll'.
TpTrace Information: 0 : 31008, 1, 2024/11/02, 19:19:24.036, 16891519269014, vstest.console.dll, AssemblyResolver.OnResolve: Resolved assembly: Microsoft.TestPlatform.Extensions.BlameDataCollector, from path: C:\Program Files\dotnet\sdk\8.0.403\Extensions\Microsoft.TestPlatform.Extensions.BlameDataCollector.dll
TpTrace Verbose: 0 : 31008, 1, 2024/11/02, 19:19:24.036, 16891519269631, vstest.console.dll, MetadataReaderExtensionsHelper: Discovering extensions inside assembly 'Microsoft.TestPlatform.Extensions.BlameDataCollector, Version=15.0.0.0, Culture=neutral, PublicKeyToken=b03f5f7f11d50a3a' file path 'C:\Program Files\dotnet\sdk\8.0.403\Extensions\Microsoft.TestPlatform.Extensions.BlameDataCollector.dll'
TpTrace Information: 0 : 31008, 1, 2024/11/02, 19:19:24.037, 16891519278278, vstest.console.dll, AssemblyResolver.OnResolve: Microsoft.TestPlatform.Extensions.EventLogCollector: Resolving assembly.
TpTrace Information: 0 : 31008, 1, 2024/11/02, 19:19:24.037, 16891519279149, vstest.console.dll, AssemblyResolver.OnResolve: Microsoft.TestPlatform.Extensions.EventLogCollector: Searching in: 'C:\Program Files\dotnet\sdk\8.0.403\Extensions'.
TpTrace Information: 0 : 31008, 1, 2024/11/02, 19:19:24.037, 16891519280965, vstest.console.dll, AssemblyResolver.OnResolve: Microsoft.TestPlatform.Extensions.EventLogCollector: Loading assembly 'C:\Program Files\dotnet\sdk\8.0.403\Extensions\Microsoft.TestPlatform.Extensions.EventLogCollector.dll'.
TpTrace Information: 0 : 31008, 1, 2024/11/02, 19:19:24.037, 16891519283770, vstest.console.dll, AssemblyResolver.OnResolve: Resolved assembly: Microsoft.TestPlatform.Extensions.EventLogCollector, from path: C:\Program Files\dotnet\sdk\8.0.403\Extensions\Microsoft.TestPlatform.Extensions.EventLogCollector.dll
TpTrace Verbose: 0 : 31008, 1, 2024/11/02, 19:19:24.038, 16891519284215, vstest.console.dll, MetadataReaderExtensionsHelper: Discovering extensions inside assembly 'Microsoft.TestPlatform.Extensions.EventLogCollector, Version=15.0.0.0, Culture=neutral, PublicKeyToken=b03f5f7f11d50a3a' file path 'C:\Program Files\dotnet\sdk\8.0.403\Extensions\Microsoft.TestPlatform.Extensions.EventLogCollector.dll'
TpTrace Information: 0 : 31008, 1, 2024/11/02, 19:19:24.039, 16891519295614, vstest.console.dll, AssemblyResolver.OnResolve: Microsoft.TestPlatform.TestHostRuntimeProvider: Resolving assembly.
TpTrace Information: 0 : 31008, 1, 2024/11/02, 19:19:24.039, 16891519296180, vstest.console.dll, AssemblyResolver.OnResolve: Microsoft.TestPlatform.TestHostRuntimeProvider: Searching in: 'C:\Program Files\dotnet\sdk\8.0.403\Extensions'.
TpTrace Information: 0 : 31008, 1, 2024/11/02, 19:19:24.039, 16891519297884, vstest.console.dll, AssemblyResolver.OnResolve: Microsoft.TestPlatform.TestHostRuntimeProvider: Loading assembly 'C:\Program Files\dotnet\sdk\8.0.403\Extensions\Microsoft.TestPlatform.TestHostRuntimeProvider.dll'.
TpTrace Information: 0 : 31008, 1, 2024/11/02, 19:19:24.039, 16891519301478, vstest.console.dll, AssemblyResolver.OnResolve: Resolved assembly: Microsoft.TestPlatform.TestHostRuntimeProvider, from path: C:\Program Files\dotnet\sdk\8.0.403\Extensions\Microsoft.TestPlatform.TestHostRuntimeProvider.dll
TpTrace Verbose: 0 : 31008, 1, 2024/11/02, 19:19:24.039, 16891519301937, vstest.console.dll, MetadataReaderExtensionsHelper: Discovering extensions inside assembly 'Microsoft.TestPlatform.TestHostRuntimeProvider, Version=15.0.0.0, Culture=neutral, PublicKeyToken=b03f5f7f11d50a3a' file path 'C:\Program Files\dotnet\sdk\8.0.403\Extensions\Microsoft.TestPlatform.TestHostRuntimeProvider.dll'
TpTrace Information: 0 : 31008, 1, 2024/11/02, 19:19:24.040, 16891519311147, vstest.console.dll, GetTestExtensionFromType: Register extension with identifier data 'HostProvider://DefaultTestHost' and type 'Microsoft.VisualStudio.TestPlatform.CrossPlatEngine.Hosting.DefaultTestHostManager, Microsoft.TestPlatform.TestHostRuntimeProvider, Version=15.0.0.0, Culture=neutral, PublicKeyToken=b03f5f7f11d50a3a' inside file 'C:\Program Files\dotnet\sdk\8.0.403\Extensions\Microsoft.TestPlatform.TestHostRuntimeProvider.dll'
TpTrace Information: 0 : 31008, 1, 2024/11/02, 19:19:24.040, 16891519312937, vstest.console.dll, GetTestExtensionFromType: Register extension with identifier data 'HostProvider://DotnetTestHost' and type 'Microsoft.VisualStudio.TestPlatform.CrossPlatEngine.Hosting.DotnetTestHostManager, Microsoft.TestPlatform.TestHostRuntimeProvider, Version=15.0.0.0, Culture=neutral, PublicKeyToken=b03f5f7f11d50a3a' inside file 'C:\Program Files\dotnet\sdk\8.0.403\Extensions\Microsoft.TestPlatform.TestHostRuntimeProvider.dll'
TpTrace Information: 0 : 31008, 1, 2024/11/02, 19:19:24.040, 16891519313510, vstest.console.dll, AssemblyResolver.OnResolve: Microsoft.VisualStudio.TestPlatform.Extensions.Html.TestLogger: Resolving assembly.
TpTrace Information: 0 : 31008, 1, 2024/11/02, 19:19:24.040, 16891519313774, vstest.console.dll, AssemblyResolver.OnResolve: Microsoft.VisualStudio.TestPlatform.Extensions.Html.TestLogger: Searching in: 'C:\Program Files\dotnet\sdk\8.0.403\Extensions'.
TpTrace Information: 0 : 31008, 1, 2024/11/02, 19:19:24.041, 16891519315824, vstest.console.dll, AssemblyResolver.OnResolve: Microsoft.VisualStudio.TestPlatform.Extensions.Html.TestLogger: Loading assembly 'C:\Program Files\dotnet\sdk\8.0.403\Extensions\Microsoft.VisualStudio.TestPlatform.Extensions.Html.TestLogger.dll'.
TpTrace Information: 0 : 31008, 1, 2024/11/02, 19:19:24.041, 16891519318956, vstest.console.dll, AssemblyResolver.OnResolve: Resolved assembly: Microsoft.VisualStudio.TestPlatform.Extensions.Html.TestLogger, from path: C:\Program Files\dotnet\sdk\8.0.403\Extensions\Microsoft.VisualStudio.TestPlatform.Extensions.Html.TestLogger.dll
TpTrace Verbose: 0 : 31008, 1, 2024/11/02, 19:19:24.041, 16891519319415, vstest.console.dll, MetadataReaderExtensionsHelper: Discovering extensions inside assembly 'Microsoft.VisualStudio.TestPlatform.Extensions.Html.TestLogger, Version=15.0.0.0, Culture=neutral, PublicKeyToken=b03f5f7f11d50a3a' file path 'C:\Program Files\dotnet\sdk\8.0.403\Extensions\Microsoft.VisualStudio.TestPlatform.Extensions.Html.TestLogger.dll'
TpTrace Information: 0 : 31008, 1, 2024/11/02, 19:19:24.041, 16891519323355, vstest.console.dll, AssemblyResolver.OnResolve: Microsoft.VisualStudio.TestPlatform.Extensions.Trx.TestLogger: Resolving assembly.
TpTrace Information: 0 : 31008, 1, 2024/11/02, 19:19:24.041, 16891519323773, vstest.console.dll, AssemblyResolver.OnResolve: Microsoft.VisualStudio.TestPlatform.Extensions.Trx.TestLogger: Searching in: 'C:\Program Files\dotnet\sdk\8.0.403\Extensions'.
TpTrace Information: 0 : 31008, 1, 2024/11/02, 19:19:24.042, 16891519325756, vstest.console.dll, AssemblyResolver.OnResolve: Microsoft.VisualStudio.TestPlatform.Extensions.Trx.TestLogger: Loading assembly 'C:\Program Files\dotnet\sdk\8.0.403\Extensions\Microsoft.VisualStudio.TestPlatform.Extensions.Trx.TestLogger.dll'.
TpTrace Information: 0 : 31008, 1, 2024/11/02, 19:19:24.042, 16891519329068, vstest.console.dll, AssemblyResolver.OnResolve: Resolved assembly: Microsoft.VisualStudio.TestPlatform.Extensions.Trx.TestLogger, from path: C:\Program Files\dotnet\sdk\8.0.403\Extensions\Microsoft.VisualStudio.TestPlatform.Extensions.Trx.TestLogger.dll
TpTrace Verbose: 0 : 31008, 1, 2024/11/02, 19:19:24.042, 16891519329527, vstest.console.dll, MetadataReaderExtensionsHelper: Discovering extensions inside assembly 'Microsoft.VisualStudio.TestPlatform.Extensions.Trx.TestLogger, Version=15.0.0.0, Culture=neutral, PublicKeyToken=b03f5f7f11d50a3a' file path 'C:\Program Files\dotnet\sdk\8.0.403\Extensions\Microsoft.VisualStudio.TestPlatform.Extensions.Trx.TestLogger.dll'
TpTrace Verbose: 0 : 31008, 1, 2024/11/02, 19:19:24.043, 16891519334741, vstest.console.dll, TestPluginCache: Discovered the extensions using extension path ''.
TpTrace Verbose: 0 : 31008, 1, 2024/11/02, 19:19:24.043, 16891519335162, vstest.console.dll, TestPluginCache: Discoverers are ''.
TpTrace Verbose: 0 : 31008, 1, 2024/11/02, 19:19:24.043, 16891519335343, vstest.console.dll, TestPluginCache: Executors are ''.
TpTrace Verbose: 0 : 31008, 1, 2024/11/02, 19:19:24.043, 16891519335477, vstest.console.dll, TestPluginCache: Executors2 are ''.
TpTrace Verbose: 0 : 31008, 1, 2024/11/02, 19:19:24.043, 16891519335607, vstest.console.dll, TestPluginCache: Setting providers are ''.
TpTrace Verbose: 0 : 31008, 1, 2024/11/02, 19:19:24.043, 16891519335738, vstest.console.dll, TestPluginCache: Loggers are ''.
TpTrace Verbose: 0 : 31008, 1, 2024/11/02, 19:19:24.043, 16891519336837, vstest.console.dll, TestPluginCache: TestHosts are 'HostProvider://DefaultTestHost,HostProvider://DotnetTestHost'.
TpTrace Verbose: 0 : 31008, 1, 2024/11/02, 19:19:24.043, 16891519337068, vstest.console.dll, TestPluginCache: DataCollectors are ''.
TpTrace Information: 0 : 31008, 1, 2024/11/02, 19:19:24.051, 16891519414804, vstest.console.dll, RunTestsArgumentProcessor:Execute: Test run is starting.
TpTrace Verbose: 0 : 31008, 1, 2024/11/02, 19:19:24.051, 16891519415676, vstest.console.dll, RunTestsArgumentProcessor:Execute: Queuing Test run.
TpTrace Information: 0 : 31008, 1, 2024/11/02, 19:19:24.051, 16891519417075, vstest.console.dll, TestRequestManager.RunTests: run tests started.
TpTrace Information: 0 : 31008, 1, 2024/11/02, 19:19:24.052, 16891519427435, vstest.console.dll, AssemblyMetadataProvider.GetFrameworkName: Determined framework:'.NETCoreApp,Version=v8.0' for source: 'C:\Users\matmi\source\repos\fiap_grupo58_fase1\fiap_grupo58_fase1_test\bin\Debug\net8.0\fine-code-coverage\build-output\fiap_grupo58_fase1_test.dll'
TpTrace Information: 0 : 31008, 1, 2024/11/02, 19:19:24.052, 16891519428716, vstest.console.dll, Determined framework for all sources: .NETCoreApp,Version=v8.0
TpTrace Verbose: 0 : 31008, 1, 2024/11/02, 19:19:24.052, 16891519431023, vstest.console.dll, TestRequestManager.UpdateRunSettingsIfRequired: Default architecture: X64 IsDefaultTargetArchitecture: True, Current process architecture: X64 OperatingSystem: Windows.
TpTrace Information: 0 : 31008, 1, 2024/11/02, 19:19:24.053, 16891519443152, vstest.console.dll, AssemblyMetadataProvider.GetArchitecture: Determined architecture:AnyCPU info for assembly: C:\Users\matmi\source\repos\fiap_grupo58_fase1\fiap_grupo58_fase1_test\bin\Debug\net8.0\fine-code-coverage\build-output\fiap_grupo58_fase1_test.dll
TpTrace Information: 0 : 31008, 1, 2024/11/02, 19:19:24.053, 16891519443640, vstest.console.dll, Determined platform for source 'C:\Users\matmi\source\repos\fiap_grupo58_fase1\fiap_grupo58_fase1_test\bin\Debug\net8.0\fine-code-coverage\build-output\fiap_grupo58_fase1_test.dll' was AnyCPU and it will use the default plaform X64.
TpTrace Information: 0 : 31008, 1, 2024/11/02, 19:19:24.053, 16891519443809, vstest.console.dll, None of the sources provided any runnable platform, using the default platform: X64
TpTrace Information: 0 : 31008, 1, 2024/11/02, 19:19:24.054, 16891519444440, vstest.console.dll, Platform was updated to 'X64'.
TpTrace Information: 0 : 31008, 1, 2024/11/02, 19:19:24.056, 16891519464739, vstest.console.dll, InferRunSettingsHelper.IsTestSettingsEnabled: Unable to navigate to RunSettings/MSTest. Current node: RunSettings
TpTrace Information: 0 : 31008, 1, 2024/11/02, 19:19:24.056, 16891519468803, vstest.console.dll, AssemblyResolver.OnResolve: Microsoft.VisualStudio.TestPlatform.Fakes: Resolving assembly.
TpTrace Information: 0 : 31008, 1, 2024/11/02, 19:19:24.056, 16891519469393, vstest.console.dll, AssemblyResolver.OnResolve: Microsoft.VisualStudio.TestPlatform.Fakes: Searching in: 'C:\Program Files\dotnet\sdk\8.0.403\Extensions'.
TpTrace Information: 0 : 31008, 1, 2024/11/02, 19:19:24.056, 16891519470130, vstest.console.dll, AssemblyResolver.OnResolve: Microsoft.VisualStudio.TestPlatform.Fakes: Assembly path does not exist: 'C:\Program Files\dotnet\sdk\8.0.403\Extensions\Microsoft.VisualStudio.TestPlatform.Fakes.dll', returning.
TpTrace Information: 0 : 31008, 1, 2024/11/02, 19:19:24.056, 16891519470520, vstest.console.dll, AssemblyResolver.OnResolve: Microsoft.VisualStudio.TestPlatform.Fakes: Assembly path does not exist: 'C:\Program Files\dotnet\sdk\8.0.403\Extensions\Microsoft.VisualStudio.TestPlatform.Fakes.exe', returning.
TpTrace Information: 0 : 31008, 1, 2024/11/02, 19:19:24.056, 16891519470702, vstest.console.dll, AssemblyResolver.OnResolve: Microsoft.VisualStudio.TestPlatform.Fakes: Searching in: 'C:\Program Files\dotnet\sdk\8.0.403'.
TpTrace Information: 0 : 31008, 1, 2024/11/02, 19:19:24.056, 16891519471144, vstest.console.dll, AssemblyResolver.OnResolve: Microsoft.VisualStudio.TestPlatform.Fakes: Assembly path does not exist: 'C:\Program Files\dotnet\sdk\8.0.403\Microsoft.VisualStudio.TestPlatform.Fakes.dll', returning.
TpTrace Information: 0 : 31008, 1, 2024/11/02, 19:19:24.056, 16891519471510, vstest.console.dll, AssemblyResolver.OnResolve: Microsoft.VisualStudio.TestPlatform.Fakes: Assembly path does not exist: 'C:\Program Files\dotnet\sdk\8.0.403\Microsoft.VisualStudio.TestPlatform.Fakes.exe', returning.
TpTrace Information: 0 : 31008, 1, 2024/11/02, 19:19:24.056, 16891519471689, vstest.console.dll, AssemblyResolver.OnResolve: Microsoft.VisualStudio.TestPlatform.Fakes: Failed to load assembly.
TpTrace Information: 0 : 31008, 1, 2024/11/02, 19:19:24.056, 16891519473550, vstest.console.dll, Failed to load assembly Microsoft.VisualStudio.TestPlatform.Fakes, Version=17.0.0.0, Culture=neutral. Reason:System.IO.FileNotFoundException: Could not load file or assembly 'Microsoft.VisualStudio.TestPlatform.Fakes, Version=17.0.0.0, Culture=neutral, PublicKeyToken=null'. O sistema não pode encontrar o arquivo especificado.
File name: 'Microsoft.VisualStudio.TestPlatform.Fakes, Version=17.0.0.0, Culture=neutral, PublicKeyToken=null'
   at System.Reflection.RuntimeAssembly.InternalLoad(AssemblyName assemblyName, StackCrawlMark& stackMark, AssemblyLoadContext assemblyLoadContext, RuntimeAssembly requestingAssembly, Boolean throwOnFileNotFound)
   at System.Reflection.Assembly.Load(AssemblyName assemblyRef)
   at Microsoft.VisualStudio.TestPlatform.Common.Utilities.FakesUtilities.LoadTestPlatformAssembly() in /_/src/Microsoft.TestPlatform.Common/Utilities/FakesUtilities.cs:line 272
TpTrace Verbose: 0 : 31008, 1, 2024/11/02, 19:19:24.059, 16891519497254, vstest.console.dll, TestPluginCache.DiscoverTestExtensions: finding test extensions in assemblies ends with: TestLogger.dll TPluginInfo: Microsoft.VisualStudio.TestPlatform.Common.ExtensionFramework.Utilities.TestLoggerPluginInformation TExtension: Microsoft.VisualStudio.TestPlatform.ObjectModel.Client.ITestLogger
TpTrace Verbose: 0 : 31008, 1, 2024/11/02, 19:19:24.059, 16891519497908, vstest.console.dll, TestPluginCache.GetExtensionPaths: Filtered extension paths: 
TpTrace Verbose: 0 : 31008, 1, 2024/11/02, 19:19:24.059, 16891519498188, vstest.console.dll, TestPluginCache.GetExtensionPaths: Added default extension paths: C:\Program Files\dotnet\sdk\8.0.403\Extensions\Microsoft.Diagnostics.NETCore.Client.dll
C:\Program Files\dotnet\sdk\8.0.403\Extensions\Microsoft.TestPlatform.Extensions.BlameDataCollector.dll
C:\Program Files\dotnet\sdk\8.0.403\Extensions\Microsoft.TestPlatform.Extensions.EventLogCollector.dll
C:\Program Files\dotnet\sdk\8.0.403\Extensions\Microsoft.TestPlatform.TestHostRuntimeProvider.dll
C:\Program Files\dotnet\sdk\8.0.403\Extensions\Microsoft.VisualStudio.TestPlatform.Extensions.Html.TestLogger.dll
C:\Program Files\dotnet\sdk\8.0.403\Extensions\Microsoft.VisualStudio.TestPlatform.Extensions.Trx.TestLogger.dll
TpTrace Verbose: 0 : 31008, 1, 2024/11/02, 19:19:24.059, 16891519498358, vstest.console.dll, TestPluginCache.GetExtensionPaths: Added unfilterableExtensionPaths: 
TpTrace Information: 0 : 31008, 1, 2024/11/02, 19:19:24.059, 16891519499275, vstest.console.dll, AssemblyResolver.AddSearchDirectories: Adding more searchDirectories C:\Program Files\dotnet\sdk\8.0.403\Extensions,C:\Program Files\dotnet\sdk\8.0.403
TpTrace Verbose: 0 : 31008, 1, 2024/11/02, 19:19:24.059, 16891519499583, vstest.console.dll, TestPluginCache.DiscoverTestExtensions: Discovering the extensions using extension path.
TpTrace Verbose: 0 : 31008, 1, 2024/11/02, 19:19:24.059, 16891519499779, vstest.console.dll, TestPluginCache.GetExtensionPaths: Filtered extension paths: 
TpTrace Verbose: 0 : 31008, 1, 2024/11/02, 19:19:24.059, 16891519499960, vstest.console.dll, TestPluginCache.GetExtensionPaths: Added default extension paths: C:\Program Files\dotnet\sdk\8.0.403\Extensions\Microsoft.Diagnostics.NETCore.Client.dll
C:\Program Files\dotnet\sdk\8.0.403\Extensions\Microsoft.TestPlatform.Extensions.BlameDataCollector.dll
C:\Program Files\dotnet\sdk\8.0.403\Extensions\Microsoft.TestPlatform.Extensions.EventLogCollector.dll
C:\Program Files\dotnet\sdk\8.0.403\Extensions\Microsoft.TestPlatform.TestHostRuntimeProvider.dll
C:\Program Files\dotnet\sdk\8.0.403\Extensions\Microsoft.VisualStudio.TestPlatform.Extensions.Html.TestLogger.dll
C:\Program Files\dotnet\sdk\8.0.403\Extensions\Microsoft.VisualStudio.TestPlatform.Extensions.Trx.TestLogger.dll
TpTrace Verbose: 0 : 31008, 1, 2024/11/02, 19:19:24.059, 16891519500118, vstest.console.dll, TestPluginCache.GetExtensionPaths: Added unfilterableExtensionPaths: 
TpTrace Verbose: 0 : 31008, 1, 2024/11/02, 19:19:24.059, 16891519500709, vstest.console.dll, TestPluginCache.DiscoverTestExtensions: Discovering the extensions using allExtensionPaths: C:\Program Files\dotnet\sdk\8.0.403\Extensions\Microsoft.Diagnostics.NETCore.Client.dll
C:\Program Files\dotnet\sdk\8.0.403\Extensions\Microsoft.TestPlatform.Extensions.BlameDataCollector.dll
C:\Program Files\dotnet\sdk\8.0.403\Extensions\Microsoft.TestPlatform.Extensions.EventLogCollector.dll
C:\Program Files\dotnet\sdk\8.0.403\Extensions\Microsoft.TestPlatform.TestHostRuntimeProvider.dll
C:\Program Files\dotnet\sdk\8.0.403\Extensions\Microsoft.VisualStudio.TestPlatform.Extensions.Html.TestLogger.dll
C:\Program Files\dotnet\sdk\8.0.403\Extensions\Microsoft.VisualStudio.TestPlatform.Extensions.Trx.TestLogger.dll
TpTrace Information: 0 : 31008, 1, 2024/11/02, 19:19:24.059, 16891519501022, vstest.console.dll, AssemblyResolver.AddSearchDirectories: Adding more searchDirectories C:\Program Files\dotnet\sdk\8.0.403\Extensions,C:\Program Files\dotnet\sdk\8.0.403
TpTrace Information: 0 : 31008, 1, 2024/11/02, 19:19:24.059, 16891519501237, vstest.console.dll, AssemblyResolver.AddSearchDirectories: Adding more searchDirectories C:\Program Files\dotnet\sdk\8.0.403\Extensions,C:\Program Files\dotnet\sdk\8.0.403
TpTrace Information: 0 : 31008, 1, 2024/11/02, 19:19:24.059, 16891519501398, vstest.console.dll, AssemblyResolver.AddSearchDirectories: Adding more searchDirectories C:\Program Files\dotnet\sdk\8.0.403\Extensions,C:\Program Files\dotnet\sdk\8.0.403
TpTrace Information: 0 : 31008, 1, 2024/11/02, 19:19:24.059, 16891519501552, vstest.console.dll, AssemblyResolver.AddSearchDirectories: Adding more searchDirectories C:\Program Files\dotnet\sdk\8.0.403\Extensions,C:\Program Files\dotnet\sdk\8.0.403
TpTrace Information: 0 : 31008, 1, 2024/11/02, 19:19:24.059, 16891519501706, vstest.console.dll, AssemblyResolver.AddSearchDirectories: Adding more searchDirectories C:\Program Files\dotnet\sdk\8.0.403\Extensions,C:\Program Files\dotnet\sdk\8.0.403
TpTrace Information: 0 : 31008, 1, 2024/11/02, 19:19:24.059, 16891519501887, vstest.console.dll, AssemblyResolver.AddSearchDirectories: Adding more searchDirectories C:\Program Files\dotnet\sdk\8.0.403\Extensions,C:\Program Files\dotnet\sdk\8.0.403
TpTrace Verbose: 0 : 31008, 1, 2024/11/02, 19:19:24.059, 16891519502510, vstest.console.dll, MetadataReaderExtensionsHelper: Discovering extensions inside assembly 'Microsoft.Diagnostics.NETCore.Client, Version=0.2.10.30701, Culture=neutral, PublicKeyToken=31bf3856ad364e35' file path 'C:\Program Files\dotnet\sdk\8.0.403\Extensions\Microsoft.Diagnostics.NETCore.Client.dll'
TpTrace Information: 0 : 31008, 1, 2024/11/02, 19:19:24.060, 16891519507338, vstest.console.dll, AssemblyResolver.OnResolve: Microsoft.Bcl.AsyncInterfaces: Resolving assembly.
TpTrace Information: 0 : 31008, 1, 2024/11/02, 19:19:24.060, 16891519507750, vstest.console.dll, AssemblyResolver.OnResolve: Microsoft.Bcl.AsyncInterfaces: Resolved from cache.
TpTrace Verbose: 0 : 31008, 1, 2024/11/02, 19:19:24.060, 16891519507912, vstest.console.dll, CurrentDomainAssemblyResolve: Resolving assembly 'Microsoft.Bcl.AsyncInterfaces'.
TpTrace Information: 0 : 31008, 1, 2024/11/02, 19:19:24.060, 16891519508257, vstest.console.dll, AssemblyResolver.OnResolve: Microsoft.Bcl.AsyncInterfaces: Resolving assembly.
TpTrace Information: 0 : 31008, 1, 2024/11/02, 19:19:24.060, 16891519508442, vstest.console.dll, AssemblyResolver.OnResolve: Microsoft.Bcl.AsyncInterfaces: Resolved from cache.
TpTrace Verbose: 0 : 31008, 1, 2024/11/02, 19:19:24.060, 16891519508579, vstest.console.dll, CurrentDomainAssemblyResolve: Resolving assembly 'Microsoft.Bcl.AsyncInterfaces'.
TpTrace Verbose: 0 : 31008, 1, 2024/11/02, 19:19:24.060, 16891519508713, vstest.console.dll, CurrentDomainAssemblyResolve: Failed to resolve assembly 'Microsoft.Bcl.AsyncInterfaces'.
TpTrace Verbose: 0 : 31008, 1, 2024/11/02, 19:19:24.060, 16891519510805, vstest.console.dll, CurrentDomainAssemblyResolve: Failed to resolve assembly 'Microsoft.Bcl.AsyncInterfaces'.
TpTrace Warning: 0 : 31008, 1, 2024/11/02, 19:19:24.060, 16891519513508, vstest.console.dll, TestPluginDiscoverer: Failed to get types from assembly 'Microsoft.Diagnostics.NETCore.Client, Version=0.2.10.30701, Culture=neutral, PublicKeyToken=31bf3856ad364e35'. Error: System.Reflection.ReflectionTypeLoadException: Unable to load one or more of the requested types.
Could not load file or assembly 'Microsoft.Bcl.AsyncInterfaces, Version=6.0.0.0, Culture=neutral, PublicKeyToken=cc7b13ffcd2ddd51'. O sistema não pode encontrar o arquivo especificado.
   at System.Reflection.RuntimeModule.GetTypes(RuntimeModule module)
   at System.Reflection.RuntimeModule.GetTypes()
   at Microsoft.VisualStudio.TestPlatform.Common.ExtensionFramework.TestPluginDiscoverer.GetTestExtensionsFromAssembly[TPluginInfo,TExtension](Assembly assembly, Dictionary`2 pluginInfos, String filePath) in /_/src/Microsoft.TestPlatform.Common/ExtensionFramework/TestPluginDiscoverer.cs:line 158
System.IO.FileNotFoundException: Could not load file or assembly 'Microsoft.Bcl.AsyncInterfaces, Version=6.0.0.0, Culture=neutral, PublicKeyToken=cc7b13ffcd2ddd51'. O sistema não pode encontrar o arquivo especificado.
File name: 'Microsoft.Bcl.AsyncInterfaces, Version=6.0.0.0, Culture=neutral, PublicKeyToken=cc7b13ffcd2ddd51'
 ---> System.IO.FileNotFoundException: Could not load file or assembly 'Microsoft.Bcl.AsyncInterfaces, Culture=neutral, PublicKeyToken=null'. O sistema não pode encontrar o arquivo especificado.
File name: 'Microsoft.Bcl.AsyncInterfaces, Culture=neutral, PublicKeyToken=null'
   at System.Reflection.RuntimeAssembly.InternalLoad(AssemblyName assemblyName, StackCrawlMark& stackMark, AssemblyLoadContext assemblyLoadContext, RuntimeAssembly requestingAssembly, Boolean throwOnFileNotFound)
   at System.Reflection.Assembly.Load(AssemblyName assemblyRef)
   at Microsoft.VisualStudio.TestPlatform.Common.ExtensionFramework.TestPluginCache.CurrentDomainAssemblyResolve(Object sender, AssemblyResolveEventArgs args) in /_/src/Microsoft.TestPlatform.Common/ExtensionFramework/TestPluginCache.cs:line 513
   at System.Runtime.Loader.AssemblyLoadContext.GetFirstResolvedAssemblyFromResolvingEvent(AssemblyName assemblyName)
   at System.Runtime.Loader.AssemblyLoadContext.ResolveUsingEvent(AssemblyName assemblyName)
   at System.Runtime.Loader.AssemblyLoadContext.ResolveUsingResolvingEvent(IntPtr gchManagedAssemblyLoadContext, AssemblyName assemblyName)
TpTrace Warning: 0 : 31008, 1, 2024/11/02, 19:19:24.061, 16891519514498, vstest.console.dll, LoaderExceptions: System.IO.FileNotFoundException: Could not load file or assembly 'Microsoft.Bcl.AsyncInterfaces, Version=6.0.0.0, Culture=neutral, PublicKeyToken=cc7b13ffcd2ddd51'. O sistema não pode encontrar o arquivo especificado.
File name: 'Microsoft.Bcl.AsyncInterfaces, Version=6.0.0.0, Culture=neutral, PublicKeyToken=cc7b13ffcd2ddd51'
 ---> System.IO.FileNotFoundException: Could not load file or assembly 'Microsoft.Bcl.AsyncInterfaces, Culture=neutral, PublicKeyToken=null'. O sistema não pode encontrar o arquivo especificado.
File name: 'Microsoft.Bcl.AsyncInterfaces, Culture=neutral, PublicKeyToken=null'
   at System.Reflection.RuntimeAssembly.InternalLoad(AssemblyName assemblyName, StackCrawlMark& stackMark, AssemblyLoadContext assemblyLoadContext, RuntimeAssembly requestingAssembly, Boolean throwOnFileNotFound)
   at System.Reflection.Assembly.Load(AssemblyName assemblyRef)
   at Microsoft.VisualStudio.TestPlatform.Common.ExtensionFramework.TestPluginCache.CurrentDomainAssemblyResolve(Object sender, AssemblyResolveEventArgs args) in /_/src/Microsoft.TestPlatform.Common/ExtensionFramework/TestPluginCache.cs:line 513
   at System.Runtime.Loader.AssemblyLoadContext.GetFirstResolvedAssemblyFromResolvingEvent(AssemblyName assemblyName)
   at System.Runtime.Loader.AssemblyLoadContext.ResolveUsingEvent(AssemblyName assemblyName)
   at System.Runtime.Loader.AssemblyLoadContext.ResolveUsingResolvingEvent(IntPtr gchManagedAssemblyLoadContext, AssemblyName assemblyName)
TpTrace Verbose: 0 : 31008, 1, 2024/11/02, 19:19:24.061, 16891519515026, vstest.console.dll, MetadataReaderExtensionsHelper: Discovering extensions inside assembly 'Microsoft.TestPlatform.Extensions.BlameDataCollector, Version=15.0.0.0, Culture=neutral, PublicKeyToken=b03f5f7f11d50a3a' file path 'C:\Program Files\dotnet\sdk\8.0.403\Extensions\Microsoft.TestPlatform.Extensions.BlameDataCollector.dll'
TpTrace Information: 0 : 31008, 1, 2024/11/02, 19:19:24.061, 16891519517832, vstest.console.dll, GetTestExtensionFromType: Register extension with identifier data 'logger://Microsoft/TestPlatform/Extensions/Blame/v1' and type 'Microsoft.TestPlatform.Extensions.BlameDataCollector.BlameLogger, Microsoft.TestPlatform.Extensions.BlameDataCollector, Version=15.0.0.0, Culture=neutral, PublicKeyToken=b03f5f7f11d50a3a' inside file 'C:\Program Files\dotnet\sdk\8.0.403\Extensions\Microsoft.TestPlatform.Extensions.BlameDataCollector.dll'
TpTrace Verbose: 0 : 31008, 1, 2024/11/02, 19:19:24.061, 16891519518319, vstest.console.dll, MetadataReaderExtensionsHelper: Discovering extensions inside assembly 'Microsoft.TestPlatform.Extensions.EventLogCollector, Version=15.0.0.0, Culture=neutral, PublicKeyToken=b03f5f7f11d50a3a' file path 'C:\Program Files\dotnet\sdk\8.0.403\Extensions\Microsoft.TestPlatform.Extensions.EventLogCollector.dll'
TpTrace Verbose: 0 : 31008, 1, 2024/11/02, 19:19:24.061, 16891519520632, vstest.console.dll, MetadataReaderExtensionsHelper: Discovering extensions inside assembly 'Microsoft.TestPlatform.TestHostRuntimeProvider, Version=15.0.0.0, Culture=neutral, PublicKeyToken=b03f5f7f11d50a3a' file path 'C:\Program Files\dotnet\sdk\8.0.403\Extensions\Microsoft.TestPlatform.TestHostRuntimeProvider.dll'
TpTrace Verbose: 0 : 31008, 1, 2024/11/02, 19:19:24.061, 16891519522668, vstest.console.dll, MetadataReaderExtensionsHelper: Discovering extensions inside assembly 'Microsoft.VisualStudio.TestPlatform.Extensions.Html.TestLogger, Version=15.0.0.0, Culture=neutral, PublicKeyToken=b03f5f7f11d50a3a' file path 'C:\Program Files\dotnet\sdk\8.0.403\Extensions\Microsoft.VisualStudio.TestPlatform.Extensions.Html.TestLogger.dll'
TpTrace Information: 0 : 31008, 1, 2024/11/02, 19:19:24.062, 16891519526127, vstest.console.dll, GetTestExtensionFromType: Register extension with identifier data 'logger://Microsoft/TestPlatform/HtmlLogger/v1' and type 'Microsoft.VisualStudio.TestPlatform.Extensions.HtmlLogger.HtmlLogger, Microsoft.VisualStudio.TestPlatform.Extensions.Html.TestLogger, Version=15.0.0.0, Culture=neutral, PublicKeyToken=b03f5f7f11d50a3a' inside file 'C:\Program Files\dotnet\sdk\8.0.403\Extensions\Microsoft.VisualStudio.TestPlatform.Extensions.Html.TestLogger.dll'
TpTrace Verbose: 0 : 31008, 1, 2024/11/02, 19:19:24.062, 16891519526600, vstest.console.dll, MetadataReaderExtensionsHelper: Discovering extensions inside assembly 'Microsoft.VisualStudio.TestPlatform.Extensions.Trx.TestLogger, Version=15.0.0.0, Culture=neutral, PublicKeyToken=b03f5f7f11d50a3a' file path 'C:\Program Files\dotnet\sdk\8.0.403\Extensions\Microsoft.VisualStudio.TestPlatform.Extensions.Trx.TestLogger.dll'
TpTrace Information: 0 : 31008, 1, 2024/11/02, 19:19:24.062, 16891519528751, vstest.console.dll, GetTestExtensionFromType: Register extension with identifier data 'logger://Microsoft/TestPlatform/TrxLogger/v1' and type 'Microsoft.VisualStudio.TestPlatform.Extensions.TrxLogger.TrxLogger, Microsoft.VisualStudio.TestPlatform.Extensions.Trx.TestLogger, Version=15.0.0.0, Culture=neutral, PublicKeyToken=b03f5f7f11d50a3a' inside file 'C:\Program Files\dotnet\sdk\8.0.403\Extensions\Microsoft.VisualStudio.TestPlatform.Extensions.Trx.TestLogger.dll'
TpTrace Verbose: 0 : 31008, 1, 2024/11/02, 19:19:24.062, 16891519529209, vstest.console.dll, TestPluginCache: Discovered the extensions using extension path ''.
TpTrace Verbose: 0 : 31008, 1, 2024/11/02, 19:19:24.062, 16891519529382, vstest.console.dll, TestPluginCache: Discoverers are ''.
TpTrace Verbose: 0 : 31008, 1, 2024/11/02, 19:19:24.062, 16891519529520, vstest.console.dll, TestPluginCache: Executors are ''.
TpTrace Verbose: 0 : 31008, 1, 2024/11/02, 19:19:24.062, 16891519529669, vstest.console.dll, TestPluginCache: Executors2 are ''.
TpTrace Verbose: 0 : 31008, 1, 2024/11/02, 19:19:24.062, 16891519529841, vstest.console.dll, TestPluginCache: Setting providers are ''.
TpTrace Verbose: 0 : 31008, 1, 2024/11/02, 19:19:24.062, 16891519530248, vstest.console.dll, TestPluginCache: Loggers are 'logger://Microsoft/TestPlatform/Extensions/Blame/v1,logger://Microsoft/TestPlatform/HtmlLogger/v1,logger://Microsoft/TestPlatform/TrxLogger/v1'.
TpTrace Verbose: 0 : 31008, 1, 2024/11/02, 19:19:24.062, 16891519530480, vstest.console.dll, TestPluginCache: TestHosts are 'HostProvider://DefaultTestHost,HostProvider://DotnetTestHost'.
TpTrace Verbose: 0 : 31008, 1, 2024/11/02, 19:19:24.062, 16891519530628, vstest.console.dll, TestPluginCache: DataCollectors are ''.
TpTrace Information: 0 : 31008, 1, 2024/11/02, 19:19:24.063, 16891519535620, vstest.console.dll, TestPluginManager.CreateTestExtension: Attempting to load test extension: Microsoft.TestPlatform.Extensions.BlameDataCollector.BlameLogger
TpTrace Verbose: 0 : 31008, 1, 2024/11/02, 19:19:24.067, 16891519579900, vstest.console.dll, TestEngine: Initializing Parallel Execution as MaxCpuCount is set to: 1
TpTrace Information: 0 : 31008, 1, 2024/11/02, 19:19:24.068, 16891519589064, vstest.console.dll, TestPluginManager.CreateTestExtension: Attempting to load test extension: Microsoft.VisualStudio.TestPlatform.CrossPlatEngine.Hosting.DefaultTestHostManager
TpTrace Information: 0 : 31008, 1, 2024/11/02, 19:19:24.069, 16891519595682, vstest.console.dll, TestPluginManager.CreateTestExtension: Attempting to load test extension: Microsoft.VisualStudio.TestPlatform.CrossPlatEngine.Hosting.DotnetTestHostManager
TpTrace Verbose: 0 : 31008, 1, 2024/11/02, 19:19:24.069, 16891519597851, vstest.console.dll, TestHostManagerCallbacks.ctor: Forwarding output is enabled.
TpTrace Information: 0 : 31008, 1, 2024/11/02, 19:19:24.069, 16891519601531, vstest.console.dll, InferRunSettingsHelper.IsTestSettingsEnabled: Unable to navigate to RunSettings/MSTest. Current node: RunSettings
TpTrace Verbose: 0 : 31008, 1, 2024/11/02, 19:19:24.070, 16891519606685, vstest.console.dll, ParallelOperationManager.ClearSlots: Clearing all slots. Slots should accept more work: True
TpTrace Verbose: 0 : 31008, 1, 2024/11/02, 19:19:24.070, 16891519611584, vstest.console.dll, ParallelOperationManager.SetOccupiedSlotCount: Setting slot counts AvailableSlotCount = 1, OccupiedSlotCount = 0.
TpTrace Verbose: 0 : 31008, 1, 2024/11/02, 19:19:24.070, 16891519613787, vstest.console.dll, Occupied slots:

TpTrace Verbose: 0 : 31008, 1, 2024/11/02, 19:19:24.073, 16891519635771, vstest.console.dll, TestEngine.GetExecutionManager: Chosen execution manager 'Microsoft.VisualStudio.TestPlatform.CrossPlatEngine.Client.Parallel.ParallelProxyExecutionManager, Microsoft.TestPlatform.CrossPlatEngine, Version=15.0.0.0, Culture=neutral, PublicKeyToken=b03f5f7f11d50a3a' ParallelLevel '1'.
TpTrace Verbose: 0 : 31008, 1, 2024/11/02, 19:19:24.073, 16891519637152, vstest.console.dll, TestPlatform.GetSkipDefaultAdapters: Not skipping default adapters SkipDefaultAdapters was false.
TpTrace Verbose: 0 : 31008, 1, 2024/11/02, 19:19:24.073, 16891519637995, vstest.console.dll, TestRunRequest.ExecuteAsync: Creating test run request.
TpTrace Verbose: 0 : 31008, 1, 2024/11/02, 19:19:24.075, 16891519658369, vstest.console.dll, TestRunRequest.ExecuteAsync: Starting.
TpTrace Information: 0 : 31008, 1, 2024/11/02, 19:19:24.076, 16891519669032, vstest.console.dll, TestRunRequest.ExecuteAsync: Starting run with settings:TestRunCriteria:
   KeepAlive=False,FrequencyOfRunStatsChangeEvent=10,RunStatsChangeEventTimeout=00:00:01.5000000,TestCaseFilter=,TestExecutorLauncher=
   Settingsxml=<RunSettings>
  <RunConfiguration>
    <ResultsDirectory>C:\Users\matmi\source\repos\fiap_grupo58_fase1\fiap_grupo58_fase1_test\bin\Debug\net8.0\fine-code-coverage\coverage-tool-output</ResultsDirectory>
    <TargetPlatform>X64</TargetPlatform>
    <TargetFrameworkVersion>.NETCoreApp,Version=v8.0</TargetFrameworkVersion>
    <DesignMode>False</DesignMode>
    <CollectSourceInformation>False</CollectSourceInformation>
  </RunConfiguration>
  <LoggerRunSettings>
    <Loggers>
      <Logger friendlyName="blame" enabled="True" />
      <Logger friendlyName="Console" uri="logger://microsoft/TestPlatform/ConsoleLogger/v1" assemblyQualifiedName="Microsoft.VisualStudio.TestPlatform.CommandLine.Internal.ConsoleLogger, vstest.console, Version=15.0.0.0, Culture=neutral, PublicKeyToken=b03f5f7f11d50a3a" codeBase="C:\Program Files\dotnet\sdk\8.0.403\vstest.console.dll" enabled="True" />
    </Loggers>
  </LoggerRunSettings>
  <DataCollectionRunSettings>
    <DataCollectors>
      <DataCollector friendlyName="blame" enabled="True">
        <Configuration>
          <ResultsDirectory>C:\Users\matmi\source\repos\fiap_grupo58_fase1\fiap_grupo58_fase1_test\bin\Debug\net8.0\fine-code-coverage\coverage-tool-output</ResultsDirectory>
        </Configuration>
      </DataCollector>
    </DataCollectors>
  </DataCollectionRunSettings>
</RunSettings>

TpTrace Verbose: 0 : 31008, 1, 2024/11/02, 19:19:24.076, 16891519669834, vstest.console.dll, TestRunRequest.ExecuteAsync: Wait for the first run request is over.
TpTrace Verbose: 0 : 31008, 1, 2024/11/02, 19:19:24.076, 16891519671854, vstest.console.dll, MulticastDelegateUtilities.SafeInvoke: TestRun.TestRunStart: Invoking callbacks was skipped because there are no subscribers.
TpTrace Verbose: 0 : 31008, 4, 2024/11/02, 19:19:24.077, 16891519674691, vstest.console.dll, MulticastDelegateUtilities.SafeInvoke: InternalTestLoggerEvents.SendTestRunStart: Invoking callback 1/1 for Microsoft.VisualStudio.TestPlatform.CommandLine.Internal.ConsoleLogger., took 0 ms.
TpTrace Verbose: 0 : 31008, 1, 2024/11/02, 19:19:24.077, 16891519683240, vstest.console.dll, ParallelProxyExecutionManager: Start execution. Total sources: 1
TpTrace Verbose: 0 : 31008, 1, 2024/11/02, 19:19:24.078, 16891519687459, vstest.console.dll, ParallelOperationManager.StartWork: Starting adding 1 workloads.
TpTrace Verbose: 0 : 31008, 1, 2024/11/02, 19:19:24.078, 16891519688077, vstest.console.dll, ParallelOperationManager.ClearSlots: Clearing all slots. Slots should accept more work: True
TpTrace Verbose: 0 : 31008, 1, 2024/11/02, 19:19:24.078, 16891519688582, vstest.console.dll, ParallelOperationManager.SetOccupiedSlotCount: Setting slot counts AvailableSlotCount = 1, OccupiedSlotCount = 0.
TpTrace Verbose: 0 : 31008, 1, 2024/11/02, 19:19:24.078, 16891519688848, vstest.console.dll, Occupied slots:

TpTrace Verbose: 0 : 31008, 1, 2024/11/02, 19:19:24.079, 16891519698069, vstest.console.dll, TestHostManagerCallbacks.ctor: Forwarding output is enabled.
TpTrace Verbose: 0 : 31008, 1, 2024/11/02, 19:19:24.079, 16891519699829, vstest.console.dll, TestRequestSender is acting as server.
TpTrace Verbose: 0 : 31008, 1, 2024/11/02, 19:19:24.080, 16891519709819, vstest.console.dll, ParallelOperationManager.RunWorkInParallel: Adding 1 workload to slot, remaining workloads 0.
TpTrace Verbose: 0 : 31008, 1, 2024/11/02, 19:19:24.080, 16891519710433, vstest.console.dll, ParallelOperationManager.SetOccupiedSlotCount: Setting slot counts AvailableSlotCount = 0, OccupiedSlotCount = 1.
TpTrace Verbose: 0 : 31008, 1, 2024/11/02, 19:19:24.080, 16891519711307, vstest.console.dll, Occupied slots:
0: C:\Users\matmi\source\repos\fiap_grupo58_fase1\fiap_grupo58_fase1_test\bin\Debug\net8.0\fine-code-coverage\build-output\fiap_grupo58_fase1_test.dll
TpTrace Verbose: 0 : 31008, 1, 2024/11/02, 19:19:24.081, 16891519719135, vstest.console.dll, ParallelOperationManager.RunWorkInParallel: Started host in slot number 0 for work (source): C:\Users\matmi\source\repos\fiap_grupo58_fase1\fiap_grupo58_fase1_test\bin\Debug\net8.0\fine-code-coverage\build-output\fiap_grupo58_fase1_test.dll.
TpTrace Verbose: 0 : 31008, 1, 2024/11/02, 19:19:24.082, 16891519728196, vstest.console.dll, ParallelOperationManager.RunWorkInParallel: We started 1 work items, which is the max parallel level. Won't start more work.
TpTrace Verbose: 0 : 31008, 1, 2024/11/02, 19:19:24.082, 16891519728621, vstest.console.dll, ParallelOperationManager.RunWorkInParallel: We started 1 work items in here, returning True.
TpTrace Information: 0 : 31008, 1, 2024/11/02, 19:19:24.082, 16891519728993, vstest.console.dll, TestRunRequest.ExecuteAsync: Started.
TpTrace Verbose: 0 : 31008, 5, 2024/11/02, 19:19:24.082, 16891519730685, vstest.console.dll, ParallelProxyExecutionManager.StartTestRunOnConcurrentManager: Initializing uninitialized client. Started clients: 0
TpTrace Verbose: 0 : 31008, 5, 2024/11/02, 19:19:24.082, 16891519731759, vstest.console.dll, DataCollectionRequestSender.InitializeCommunication : Initialize communication. 
TpTrace Verbose: 0 : 31008, 1, 2024/11/02, 19:19:24.082, 16891519733012, vstest.console.dll, TestRunRequest.WaitForCompletion: Waiting with timeout -1.
TpTrace Information: 0 : 31008, 5, 2024/11/02, 19:19:24.088, 16891519791381, vstest.console.dll, Listening on Endpoint : 127.0.0.1:50374
TpTrace Verbose: 0 : 31008, 5, 2024/11/02, 19:19:24.092, 16891519832423, vstest.console.dll, DotnetDataCollectionLauncher: Adding  --runtimeconfig "C:\Program Files\dotnet\sdk\8.0.403\datacollector.runtimeconfig.json" in args
TpTrace Verbose: 0 : 31008, 5, 2024/11/02, 19:19:24.092, 16891519833405, vstest.console.dll, DotnetDataCollectionLauncher: Adding  --depsfile "C:\Program Files\dotnet\sdk\8.0.403\datacollector.deps.json" in args
TpTrace Verbose: 0 : 31008, 5, 2024/11/02, 19:19:24.093, 16891519834319, vstest.console.dll, DotnetDataCollectionLauncher: Full path of dotnet.exe is C:\Program Files\dotnet\dotnet.exe
TpTrace Information: 0 : 31008, 5, 2024/11/02, 19:19:24.102, 16891519927652, vstest.console.dll, ProxyDataCollectionManager.Initialize: Launched datacollector processId: 476 port: 50374
TpTrace Information: 0 : 31008, 5, 2024/11/02, 19:19:24.102, 16891519928978, vstest.console.dll, ProxyDataCollectionManager.Initialize: waiting for connection with timeout: 90 seconds
TpTrace Verbose: 0 : 31008, 5, 2024/11/02, 19:19:24.102, 16891519929420, vstest.console.dll, DataCollectionRequestSender.WaitForRequestHandlerConnection : Waiting for connection with timeout: 90000
TpTrace Information: 0 : 31008, 7, 2024/11/02, 19:19:24.203, 16891520934726, vstest.console.dll, Using the buffer size of 16384 bytes
TpTrace Verbose: 0 : 31008, 5, 2024/11/02, 19:19:24.203, 16891520934916, vstest.console.dll, SocketCommunicationManager.WaitForClientConnection took: 100 ms, with 90000 ms timeout, and finished with True.
TpTrace Information: 0 : 31008, 7, 2024/11/02, 19:19:24.203, 16891520936070, vstest.console.dll, Accepted Client request and set the flag
TpTrace Verbose: 0 : 31008, 5, 2024/11/02, 19:19:24.203, 16891520937391, vstest.console.dll, ProxyDataCollectionManager.InvokeDataCollectionServiceAction: Starting.
TpTrace Information: 0 : 31008, 5, 2024/11/02, 19:19:24.203, 16891520938187, vstest.console.dll, ProxyDataCollectionManager.BeforeTestRunStart: Get environment variable and port for datacollector processId: 476 port: 50374
TpTrace Verbose: 0 : 31008, 5, 2024/11/02, 19:19:24.203, 16891520939242, vstest.console.dll, DataCollectionRequestSender.SendBeforeTestRunStartAndGetResult: Send BeforeTestRunStart message with settingsXml <RunSettings><RunConfiguration><ResultsDirectory>C:\Users\matmi\source\repos\fiap_grupo58_fase1\fiap_grupo58_fase1_test\bin\Debug\net8.0\fine-code-coverage\coverage-tool-output</ResultsDirectory><TargetPlatform>X64</TargetPlatform><TargetFrameworkVersion>.NETCoreApp,Version=v8.0</TargetFrameworkVersion><DesignMode>False</DesignMode><CollectSourceInformation>False</CollectSourceInformation><TestAdaptersPaths>C:\Program Files\dotnet\sdk\8.0.403\Extensions</TestAdaptersPaths></RunConfiguration><LoggerRunSettings><Loggers><Logger friendlyName="blame" enabled="True" /><Logger friendlyName="Console" uri="logger://microsoft/TestPlatform/ConsoleLogger/v1" assemblyQualifiedName="Microsoft.VisualStudio.TestPlatform.CommandLine.Internal.ConsoleLogger, vstest.console, Version=15.0.0.0, Culture=neutral, PublicKeyToken=b03f5f7f11d50a3a" codeBase="C:\Program Files\dotnet\sdk\8.0.403\vstest.console.dll" enabled="True" /></Loggers></LoggerRunSettings><DataCollectionRunSettings><DataCollectors><DataCollector friendlyName="blame" enabled="True"><Configuration><ResultsDirectory>C:\Users\matmi\source\repos\fiap_grupo58_fase1\fiap_grupo58_fase1_test\bin\Debug\net8.0\fine-code-coverage\coverage-tool-output</ResultsDirectory></Configuration></DataCollector></DataCollectors></DataCollectionRunSettings></RunSettings> and sources System.Collections.Generic.List`1[System.String]: 
TpTrace Verbose: 0 : 31008, 5, 2024/11/02, 19:19:24.234, 16891521246732, vstest.console.dll, DataCollectionRequestSender.SendBeforeTestRunStartAndGetResult: Received message: (DataCollection.SendMessage) -> {"MessageType":"DataCollection.SendMessage","Payload":{"FriendlyName":null,"Uri":null,"TestCaseId":"00000000-0000-0000-0000-000000000000","Message":"Logging DataCollector Diagnostics in file: C:\\Users\\matmi\\source\\repos\\fiap_grupo58_fase1\\fiap_grupo58_fase1_test\\bin\\Debug\\net8.0\\fine-code-coverage\\coverage-tool-output\\diagnostics.datacollector.24-11-02_19-19-24_09265_5.log","Level":0}}
TpTrace Verbose: 0 : 31008, 5, 2024/11/02, 19:19:24.291, 16891521816222, vstest.console.dll, DataCollectionRequestSender.SendBeforeTestRunStartAndGetResult: Received message: (DataCollection.BeforeTestRunStartResult) -> {"MessageType":"DataCollection.BeforeTestRunStartResult","Payload":{"EnvironmentVariables":{},"DataCollectionEventsPort":50376}}
TpTrace Information: 0 : 31008, 5, 2024/11/02, 19:19:24.294, 16891521846189, vstest.console.dll, ProxyDataCollectionManager.BeforeTestRunStart: SendBeforeTestRunStartAndGetResult successful, env variable from datacollector:   and testhost port: 50376
TpTrace Information: 0 : 31008, 5, 2024/11/02, 19:19:24.294, 16891521846735, vstest.console.dll, ProxyDataCollectionManager.InvokeDataCollectionServiceAction: Completed.
TpTrace Verbose: 0 : 31008, 5, 2024/11/02, 19:19:24.294, 16891521846967, vstest.console.dll, ParallelProxyExecutionManager.StartTestRunOnConcurrentManager: Initializing test run. Started clients: 0
TpTrace Verbose: 0 : 31008, 5, 2024/11/02, 19:19:24.294, 16891521847500, vstest.console.dll, ProxyExecutionManager: Test host is always Lazy initialize.
TpTrace Verbose: 0 : 31008, 5, 2024/11/02, 19:19:24.294, 16891521848704, vstest.console.dll, TestRequestSender.InitializeCommunication: initialize communication. 
TpTrace Information: 0 : 31008, 5, 2024/11/02, 19:19:24.294, 16891521852387, vstest.console.dll, SocketServer.Start: Listening on endpoint : 127.0.0.1:50377
TpTrace Verbose: 0 : 31008, 5, 2024/11/02, 19:19:24.295, 16891521857611, vstest.console.dll, DotnetTestHostmanager.GetTestHostProcessStartInfo: Platform environment 'X64' target architecture 'X64' framework '.NETCoreApp,Version=v8.0' OS 'Windows'
TpTrace Verbose: 0 : 31008, 5, 2024/11/02, 19:19:24.295, 16891521860001, vstest.console.dll, DotnetTestHostmanager: Adding  --runtimeconfig "C:\Users\matmi\source\repos\fiap_grupo58_fase1\fiap_grupo58_fase1_test\bin\Debug\net8.0\fine-code-coverage\build-output\fiap_grupo58_fase1_test.runtimeconfig.json" in args
TpTrace Verbose: 0 : 31008, 5, 2024/11/02, 19:19:24.295, 16891521860839, vstest.console.dll, DotnetTestHostmanager: Adding  --depsfile "C:\Users\matmi\source\repos\fiap_grupo58_fase1\fiap_grupo58_fase1_test\bin\Debug\net8.0\fine-code-coverage\build-output\fiap_grupo58_fase1_test.deps.json" in args
TpTrace Verbose: 0 : 31008, 5, 2024/11/02, 19:19:24.295, 16891521862052, vstest.console.dll, DotnetTestHostmanager.IsWinOnArm: Current PROCESSOR_ARCHITECTURE from environment variable 'AMD64'
TpTrace Verbose: 0 : 31008, 5, 2024/11/02, 19:19:24.295, 16891521862462, vstest.console.dll, DotnetTestHostmanager.IsWinOnArm: Is Windows on ARM 'False'
TpTrace Verbose: 0 : 31008, 5, 2024/11/02, 19:19:24.295, 16891521863221, vstest.console.dll, DotnetTestHostManager: testhost.exe found at path: C:\Users\matmi\source\repos\fiap_grupo58_fase1\fiap_grupo58_fase1_test\bin\Debug\net8.0\fine-code-coverage\build-output\testhost.exe
TpTrace Verbose: 0 : 31008, 5, 2024/11/02, 19:19:24.295, 16891521863565, vstest.console.dll, DotnetTestHostmanager: Full path of host exe is C:\Users\matmi\source\repos\fiap_grupo58_fase1\fiap_grupo58_fase1_test\bin\Debug\net8.0\fine-code-coverage\build-output\testhost.exe
TpTrace Verbose: 0 : 31008, 5, 2024/11/02, 19:19:24.296, 16891521864331, vstest.console.dll, DotnetTestHostmanager.LaunchTestHostAsync: Found 'VSTEST_WINAPPHOST_DOTNET_ROOT' in env variables, value 'C:\Program Files\dotnet', forwarding to 'DOTNET_ROOT'
TpTrace Verbose: 0 : 31008, 5, 2024/11/02, 19:19:24.296, 16891521865228, vstest.console.dll, DotnetTestHostManager: Starting process 'C:\Users\matmi\source\repos\fiap_grupo58_fase1\fiap_grupo58_fase1_test\bin\Debug\net8.0\fine-code-coverage\build-output\testhost.exe' with command line ' --runtimeconfig "C:\Users\matmi\source\repos\fiap_grupo58_fase1\fiap_grupo58_fase1_test\bin\Debug\net8.0\fine-code-coverage\build-output\fiap_grupo58_fase1_test.runtimeconfig.json" --depsfile "C:\Users\matmi\source\repos\fiap_grupo58_fase1\fiap_grupo58_fase1_test\bin\Debug\net8.0\fine-code-coverage\build-output\fiap_grupo58_fase1_test.deps.json" --port 50377 --endpoint 127.0.0.1:050377 --role client --parentprocessid 31008 --diag "C:\Users\matmi\source\repos\fiap_grupo58_fase1\fiap_grupo58_fase1_test\bin\Debug\net8.0\fine-code-coverage\coverage-tool-output\diagnostics.host.24-11-02_19-19-24_29507_5.log" --tracelevel 4 --datacollectionport 50376 --telemetryoptedin false'
TpTrace Verbose: 0 : 31008, 5, 2024/11/02, 19:19:24.306, 16891521969747, vstest.console.dll, MulticastDelegateUtilities.SafeInvoke: HostProviderEvents.OnHostLaunched: Invoking callback 1/2 for Microsoft.VisualStudio.TestPlatform.CrossPlatEngine.Client.ProxyExecutionManagerWithDataCollection., took 0 ms.
TpTrace Verbose: 0 : 31008, 5, 2024/11/02, 19:19:24.306, 16891521971741, vstest.console.dll, Test Runtime launched
TpTrace Verbose: 0 : 31008, 5, 2024/11/02, 19:19:24.306, 16891521972247, vstest.console.dll, MulticastDelegateUtilities.SafeInvoke: HostProviderEvents.OnHostLaunched: Invoking callback 2/2 for Microsoft.VisualStudio.TestPlatform.CrossPlatEngine.Client.ProxyOperationManager., took 0 ms.
TpTrace Verbose: 0 : 31008, 5, 2024/11/02, 19:19:24.306, 16891521973068, vstest.console.dll, TestRequestSender.WaitForRequestHandlerConnection: waiting for connection with timeout: 90000.
TpTrace Verbose: 0 : 31008, 13, 2024/11/02, 19:19:24.426, 16891523164612, vstest.console.dll, MulticastDelegateUtilities.SafeInvoke: SocketServer: ClientConnected: Invoking callback 1/1 for Microsoft.VisualStudio.TestPlatform.CommunicationUtilities.TestRequestSender., took 0 ms.
TpTrace Verbose: 0 : 31008, 13, 2024/11/02, 19:19:24.426, 16891523165765, vstest.console.dll, SocketServer.OnClientConnected: Client connected for endPoint: 127.0.0.1:50377, starting MessageLoopAsync:
TpTrace Verbose: 0 : 31008, 5, 2024/11/02, 19:19:24.426, 16891523165121, vstest.console.dll, TestRequestSender.WaitForRequestHandlerConnection: waiting took 119 ms, with timeout 90000 ms, and result 0, which is success.
TpTrace Verbose: 0 : 31008, 14, 2024/11/02, 19:19:24.426, 16891523170732, vstest.console.dll, TcpClientExtensions.MessageLoopAsync: Polling on remoteEndPoint: 127.0.0.1:50378 localEndPoint: 127.0.0.1:50377 after 0 ms
TpTrace Verbose: 0 : 31008, 5, 2024/11/02, 19:19:24.427, 16891523175631, vstest.console.dll, TestRequestSender.CheckVersionWithTestHost: Sending check version message: {"MessageType":"ProtocolVersion","Payload":7}
TpTrace Verbose: 0 : 31008, 14, 2024/11/02, 19:19:24.489, 16891523800768, vstest.console.dll, TcpClientExtensions.MessageLoopAsync: NotifyDataAvailable remoteEndPoint: 127.0.0.1:50378 localEndPoint: 127.0.0.1:50377
TpTrace Verbose: 0 : 31008, 14, 2024/11/02, 19:19:24.489, 16891523803062, vstest.console.dll, TestRequestSender.CheckVersionWithTestHost: onMessageReceived received message: (ProtocolVersion) -> {"MessageType":"ProtocolVersion","Payload":7}
TpTrace Verbose: 0 : 31008, 14, 2024/11/02, 19:19:24.490, 16891523807670, vstest.console.dll, MulticastDelegateUtilities.SafeInvoke: LengthPrefixCommunicationChannel: MessageReceived: Invoking callback 1/1 for Microsoft.VisualStudio.TestPlatform.CommunicationUtilities.TestRequestSender+<>c__DisplayClass29_0., took 0 ms.
TpTrace Verbose: 0 : 31008, 14, 2024/11/02, 19:19:24.490, 16891523808953, vstest.console.dll, TcpClientExtensions.MessageLoopAsync: Polling on remoteEndPoint: 127.0.0.1:50378 localEndPoint: 127.0.0.1:50377 after 63 ms
TpTrace Verbose: 0 : 31008, 5, 2024/11/02, 19:19:24.490, 16891523809477, vstest.console.dll, TestPluginCache.GetExtensionPaths: Filtered extension paths: 
TpTrace Verbose: 0 : 31008, 5, 2024/11/02, 19:19:24.490, 16891523811159, vstest.console.dll, TestPluginCache.GetExtensionPaths: Added default extension paths: C:\Program Files\dotnet\sdk\8.0.403\Extensions\Microsoft.Diagnostics.NETCore.Client.dll
C:\Program Files\dotnet\sdk\8.0.403\Extensions\Microsoft.TestPlatform.Extensions.BlameDataCollector.dll
C:\Program Files\dotnet\sdk\8.0.403\Extensions\Microsoft.TestPlatform.Extensions.EventLogCollector.dll
C:\Program Files\dotnet\sdk\8.0.403\Extensions\Microsoft.TestPlatform.TestHostRuntimeProvider.dll
C:\Program Files\dotnet\sdk\8.0.403\Extensions\Microsoft.VisualStudio.TestPlatform.Extensions.Html.TestLogger.dll
C:\Program Files\dotnet\sdk\8.0.403\Extensions\Microsoft.VisualStudio.TestPlatform.Extensions.Trx.TestLogger.dll
TpTrace Verbose: 0 : 31008, 5, 2024/11/02, 19:19:24.490, 16891523811713, vstest.console.dll, TestPluginCache.GetExtensionPaths: Added unfilterableExtensionPaths: 
TpTrace Verbose: 0 : 31008, 5, 2024/11/02, 19:19:24.492, 16891523829748, vstest.console.dll, TestRequestSender.InitializeExecution: Sending initialize execution with message: {"Version":7,"MessageType":"TestExecution.Initialize","Payload":["C:\\Users\\matmi\\source\\repos\\fiap_grupo58_fase1\\fiap_grupo58_fase1_test\\bin\\Debug\\net8.0\\fine-code-coverage\\build-output\\NUnit3.TestAdapter.dll"]}
TpTrace Verbose: 0 : 31008, 5, 2024/11/02, 19:19:24.492, 16891523831320, vstest.console.dll, ParallelProxyExecutionManager.StartTestRunOnConcurrentManager: Execution starting. Started clients: 1
TpTrace Verbose: 0 : 31008, 5, 2024/11/02, 19:19:24.492, 16891523833093, vstest.console.dll, TestRunRequest:SendTestRunMessage: Starting.
TpTrace Verbose: 0 : 31008, 5, 2024/11/02, 19:19:24.493, 16891523834114, vstest.console.dll, MulticastDelegateUtilities.SafeInvoke: TestRun.LogMessages: Invoking callback 1/1 for Microsoft.VisualStudio.TestPlatform.CommandLine.TestRunResultAggregator., took 0 ms.
TpTrace Information: 0 : 31008, 5, 2024/11/02, 19:19:24.493, 16891523834433, vstest.console.dll, TestRunRequest:SendTestRunMessage: Completed.
TpTrace Warning: 0 : 31008, 5, 2024/11/02, 19:19:24.493, 16891523836776, vstest.console.dll, InferRunSettingsHelper.MakeRunsettingsCompatible: Removing the following settings: TargetPlatform from RunSettings file. To use those settings please move to latest version of Microsoft.NET.Test.Sdk
TpTrace Verbose: 0 : 31008, 4, 2024/11/02, 19:19:24.493, 16891523836818, vstest.console.dll, MulticastDelegateUtilities.SafeInvoke: InternalTestLoggerEvents.SendTestRunMessage: Invoking callback 1/1 for Microsoft.VisualStudio.TestPlatform.CommandLine.Internal.ConsoleLogger., took 0 ms.
TpTrace Verbose: 0 : 31008, 14, 2024/11/02, 19:19:24.493, 16891523842692, vstest.console.dll, TcpClientExtensions.MessageLoopAsync: NotifyDataAvailable remoteEndPoint: 127.0.0.1:50378 localEndPoint: 127.0.0.1:50377
TpTrace Verbose: 0 : 31008, 14, 2024/11/02, 19:19:24.494, 16891523844833, vstest.console.dll, TestRequestSender.OnExecutionMessageReceived: Received message: {"Version":7,"MessageType":"TestSession.Message","Payload":{"MessageLevel":0,"Message":"Registro em log do diagnóstico TestHost no arquivo: C:\\Users\\matmi\\source\\repos\\fiap_grupo58_fase1\\fiap_grupo58_fase1_test\\bin\\Debug\\net8.0\\fine-code-coverage\\coverage-tool-output\\diagnostics.host.24-11-02_19-19-24_29507_5.log"}}
TpTrace Verbose: 0 : 31008, 14, 2024/11/02, 19:19:24.495, 16891523859574, vstest.console.dll, TestRunRequest:SendTestRunMessage: Starting.
TpTrace Verbose: 0 : 31008, 14, 2024/11/02, 19:19:24.495, 16891523860651, vstest.console.dll, MulticastDelegateUtilities.SafeInvoke: TestRun.LogMessages: Invoking callback 1/1 for Microsoft.VisualStudio.TestPlatform.CommandLine.TestRunResultAggregator., took 0 ms.
TpTrace Information: 0 : 31008, 14, 2024/11/02, 19:19:24.495, 16891523861205, vstest.console.dll, TestRunRequest:SendTestRunMessage: Completed.
TpTrace Verbose: 0 : 31008, 14, 2024/11/02, 19:19:24.495, 16891523861480, vstest.console.dll, MulticastDelegateUtilities.SafeInvoke: LengthPrefixCommunicationChannel: MessageReceived: Invoking callback 1/1 for Microsoft.VisualStudio.TestPlatform.CommunicationUtilities.TestRequestSender+<>c__DisplayClass34_0., took 1 ms.
TpTrace Verbose: 0 : 31008, 14, 2024/11/02, 19:19:24.495, 16891523861697, vstest.console.dll, TcpClientExtensions.MessageLoopAsync: Polling on remoteEndPoint: 127.0.0.1:50378 localEndPoint: 127.0.0.1:50377 after 5 ms
TpTrace Verbose: 0 : 31008, 4, 2024/11/02, 19:19:24.495, 16891523861812, vstest.console.dll, MulticastDelegateUtilities.SafeInvoke: InternalTestLoggerEvents.SendTestRunMessage: Invoking callback 1/1 for Microsoft.VisualStudio.TestPlatform.CommandLine.Internal.ConsoleLogger., took 0 ms.
TpTrace Verbose: 0 : 31008, 5, 2024/11/02, 19:19:24.496, 16891523870838, vstest.console.dll, TestRequestSender.StartTestRun: Sending test run with message: {"Version":7,"MessageType":"TestExecution.StartWithSources","Payload":{"AdapterSourceMap":{"_none_":["C:\\Users\\matmi\\source\\repos\\fiap_grupo58_fase1\\fiap_grupo58_fase1_test\\bin\\Debug\\net8.0\\fine-code-coverage\\build-output\\fiap_grupo58_fase1_test.dll"]},"RunSettings":"<RunSettings>\r\n  <RunConfiguration>\r\n    <ResultsDirectory>C:\\Users\\matmi\\source\\repos\\fiap_grupo58_fase1\\fiap_grupo58_fase1_test\\bin\\Debug\\net8.0\\fine-code-coverage\\coverage-tool-output</ResultsDirectory>\r\n    <TargetFrameworkVersion>.NETCoreApp,Version=v8.0</TargetFrameworkVersion>\r\n    <DesignMode>False</DesignMode>\r\n    <CollectSourceInformation>False</CollectSourceInformation>\r\n  </RunConfiguration>\r\n  <LoggerRunSettings>\r\n    <Loggers>\r\n      <Logger friendlyName=\"blame\" enabled=\"True\" />\r\n      <Logger friendlyName=\"Console\" uri=\"logger://microsoft/TestPlatform/ConsoleLogger/v1\" assemblyQualifiedName=\"Microsoft.VisualStudio.TestPlatform.CommandLine.Internal.ConsoleLogger, vstest.console, Version=15.0.0.0, Culture=neutral, PublicKeyToken=b03f5f7f11d50a3a\" codeBase=\"C:\\Program Files\\dotnet\\sdk\\8.0.403\\vstest.console.dll\" enabled=\"True\" />\r\n    </Loggers>\r\n  </LoggerRunSettings>\r\n  <DataCollectionRunSettings>\r\n    <DataCollectors>\r\n      <DataCollector friendlyName=\"blame\" enabled=\"True\">\r\n        <Configuration>\r\n          <ResultsDirectory>C:\\Users\\matmi\\source\\repos\\fiap_grupo58_fase1\\fiap_grupo58_fase1_test\\bin\\Debug\\net8.0\\fine-code-coverage\\coverage-tool-output</ResultsDirectory>\r\n        </Configuration>\r\n      </DataCollector>\r\n    </DataCollectors>\r\n  </DataCollectionRunSettings>\r\n</RunSettings>","TestExecutionContext":{"FrequencyOfRunStatsChangeEvent":10,"RunStatsChangeEventTimeout":"00:00:01.5000000","InIsolation":false,"KeepAlive":false,"AreTestCaseLevelEventsRequired":false,"IsDebug":false,"TestCaseFilter":null,"FilterOptions":null},"Package":null}}
TpTrace Verbose: 0 : 31008, 5, 2024/11/02, 19:19:24.496, 16891523872261, vstest.console.dll, ParallelProxyExecutionManager.StartTestRunOnConcurrentManager: Execution started. Started clients: 1
TpTrace Verbose: 0 : 31008, 14, 2024/11/02, 19:19:24.587, 16891524782296, vstest.console.dll, TcpClientExtensions.MessageLoopAsync: NotifyDataAvailable remoteEndPoint: 127.0.0.1:50378 localEndPoint: 127.0.0.1:50377
TpTrace Verbose: 0 : 31008, 14, 2024/11/02, 19:19:24.587, 16891524783974, vstest.console.dll, TestRequestSender.OnExecutionMessageReceived: Received message: {"Version":7,"MessageType":"TestSession.Message","Payload":{"MessageLevel":0,"Message":"NUnit Adapter 4.5.0.0: Test execution started"}}
TpTrace Verbose: 0 : 31008, 14, 2024/11/02, 19:19:24.588, 16891524786327, vstest.console.dll, TestRunRequest:SendTestRunMessage: Starting.
TpTrace Verbose: 0 : 31008, 14, 2024/11/02, 19:19:24.588, 16891524786854, vstest.console.dll, MulticastDelegateUtilities.SafeInvoke: TestRun.LogMessages: Invoking callback 1/1 for Microsoft.VisualStudio.TestPlatform.CommandLine.TestRunResultAggregator., took 0 ms.
TpTrace Verbose: 0 : 31008, 4, 2024/11/02, 19:19:24.588, 16891524787097, vstest.console.dll, MulticastDelegateUtilities.SafeInvoke: InternalTestLoggerEvents.SendTestRunMessage: Invoking callback 1/1 for Microsoft.VisualStudio.TestPlatform.CommandLine.Internal.ConsoleLogger., took 0 ms.
TpTrace Information: 0 : 31008, 14, 2024/11/02, 19:19:24.588, 16891524787196, vstest.console.dll, TestRunRequest:SendTestRunMessage: Completed.
TpTrace Verbose: 0 : 31008, 14, 2024/11/02, 19:19:24.588, 16891524788520, vstest.console.dll, MulticastDelegateUtilities.SafeInvoke: LengthPrefixCommunicationChannel: MessageReceived: Invoking callback 1/1 for Microsoft.VisualStudio.TestPlatform.CommunicationUtilities.TestRequestSender+<>c__DisplayClass34_0., took 0 ms.
TpTrace Verbose: 0 : 31008, 14, 2024/11/02, 19:19:24.588, 16891524788982, vstest.console.dll, TcpClientExtensions.MessageLoopAsync: Polling on remoteEndPoint: 127.0.0.1:50378 localEndPoint: 127.0.0.1:50377 after 92 ms
TpTrace Verbose: 0 : 31008, 14, 2024/11/02, 19:19:24.602, 16891524926699, vstest.console.dll, TcpClientExtensions.MessageLoopAsync: NotifyDataAvailable remoteEndPoint: 127.0.0.1:50378 localEndPoint: 127.0.0.1:50377
TpTrace Verbose: 0 : 31008, 14, 2024/11/02, 19:19:24.602, 16891524928080, vstest.console.dll, TestRequestSender.OnExecutionMessageReceived: Received message: {"Version":7,"MessageType":"TestSession.Message","Payload":{"MessageLevel":0,"Message":"Running all tests in C:\\Users\\matmi\\source\\repos\\fiap_grupo58_fase1\\fiap_grupo58_fase1_test\\bin\\Debug\\net8.0\\fine-code-coverage\\build-output\\fiap_grupo58_fase1_test.dll"}}
TpTrace Verbose: 0 : 31008, 14, 2024/11/02, 19:19:24.602, 16891524928991, vstest.console.dll, TestRunRequest:SendTestRunMessage: Starting.
TpTrace Verbose: 0 : 31008, 14, 2024/11/02, 19:19:24.602, 16891524929627, vstest.console.dll, MulticastDelegateUtilities.SafeInvoke: TestRun.LogMessages: Invoking callback 1/1 for Microsoft.VisualStudio.TestPlatform.CommandLine.TestRunResultAggregator., took 0 ms.
TpTrace Information: 0 : 31008, 14, 2024/11/02, 19:19:24.602, 16891524930011, vstest.console.dll, TestRunRequest:SendTestRunMessage: Completed.
TpTrace Verbose: 0 : 31008, 14, 2024/11/02, 19:19:24.602, 16891524930572, vstest.console.dll, MulticastDelegateUtilities.SafeInvoke: LengthPrefixCommunicationChannel: MessageReceived: Invoking callback 1/1 for Microsoft.VisualStudio.TestPlatform.CommunicationUtilities.TestRequestSender+<>c__DisplayClass34_0., took 0 ms.
TpTrace Verbose: 0 : 31008, 4, 2024/11/02, 19:19:24.602, 16891524929956, vstest.console.dll, MulticastDelegateUtilities.SafeInvoke: InternalTestLoggerEvents.SendTestRunMessage: Invoking callback 1/1 for Microsoft.VisualStudio.TestPlatform.CommandLine.Internal.ConsoleLogger., took 0 ms.
TpTrace Verbose: 0 : 31008, 14, 2024/11/02, 19:19:24.602, 16891524930911, vstest.console.dll, TcpClientExtensions.MessageLoopAsync: Polling on remoteEndPoint: 127.0.0.1:50378 localEndPoint: 127.0.0.1:50377 after 14 ms
TpTrace Verbose: 0 : 31008, 14, 2024/11/02, 19:19:25.461, 16891533523376, vstest.console.dll, TcpClientExtensions.MessageLoopAsync: NotifyDataAvailable remoteEndPoint: 127.0.0.1:50378 localEndPoint: 127.0.0.1:50377
TpTrace Verbose: 0 : 31008, 14, 2024/11/02, 19:19:25.462, 16891533525144, vstest.console.dll, TestRequestSender.OnExecutionMessageReceived: Received message: {"Version":7,"MessageType":"TestSession.Message","Payload":{"MessageLevel":0,"Message":"   NUnit3TestExecutor discovered 15 of 15 NUnit test cases using Current Discovery mode, Non-Explicit run"}}
TpTrace Verbose: 0 : 31008, 14, 2024/11/02, 19:19:25.462, 16891533526300, vstest.console.dll, TestRunRequest:SendTestRunMessage: Starting.
TpTrace Verbose: 0 : 31008, 14, 2024/11/02, 19:19:25.462, 16891533527194, vstest.console.dll, MulticastDelegateUtilities.SafeInvoke: TestRun.LogMessages: Invoking callback 1/1 for Microsoft.VisualStudio.TestPlatform.CommandLine.TestRunResultAggregator., took 0 ms.
TpTrace Information: 0 : 31008, 14, 2024/11/02, 19:19:25.462, 16891533527629, vstest.console.dll, TestRunRequest:SendTestRunMessage: Completed.
TpTrace Verbose: 0 : 31008, 14, 2024/11/02, 19:19:25.462, 16891533527849, vstest.console.dll, MulticastDelegateUtilities.SafeInvoke: LengthPrefixCommunicationChannel: MessageReceived: Invoking callback 1/1 for Microsoft.VisualStudio.TestPlatform.CommunicationUtilities.TestRequestSender+<>c__DisplayClass34_0., took 0 ms.
TpTrace Verbose: 0 : 31008, 14, 2024/11/02, 19:19:25.462, 16891533528066, vstest.console.dll, TcpClientExtensions.MessageLoopAsync: Polling on remoteEndPoint: 127.0.0.1:50378 localEndPoint: 127.0.0.1:50377 after 859 ms
TpTrace Verbose: 0 : 31008, 4, 2024/11/02, 19:19:25.462, 16891533528548, vstest.console.dll, MulticastDelegateUtilities.SafeInvoke: InternalTestLoggerEvents.SendTestRunMessage: Invoking callback 1/1 for Microsoft.VisualStudio.TestPlatform.CommandLine.Internal.ConsoleLogger., took 0 ms.
TpTrace Verbose: 0 : 31008, 14, 2024/11/02, 19:19:25.632, 16891535233757, vstest.console.dll, TcpClientExtensions.MessageLoopAsync: NotifyDataAvailable remoteEndPoint: 127.0.0.1:50378 localEndPoint: 127.0.0.1:50377
TpTrace Verbose: 0 : 31008, 14, 2024/11/02, 19:19:25.633, 16891535236891, vstest.console.dll, TestRequestSender.OnExecutionMessageReceived: Received message: {"Version":7,"MessageType":"TestExecution.StatsChange","Payload":{"NewTestResults":[{"TestCase":{"Id":"0fd8edad-d7ea-f432-71af-c7d5b3bae0c9","FullyQualifiedName":"fiap_grupo58_fase1_test.Controllers.ContatosControllerTests.GetContatos_ReturnsOkResult_WithListOfContatos","DisplayName":"GetContatos_ReturnsOkResult_WithListOfContatos","ExecutorUri":"executor://NUnit3TestExecutor","Source":"C:\\Users\\matmi\\source\\repos\\fiap_grupo58_fase1\\fiap_grupo58_fase1_test\\bin\\Debug\\net8.0\\fine-code-coverage\\build-output\\fiap_grupo58_fase1_test.dll","CodeFilePath":null,"LineNumber":0,"Properties":[{"Key":{"Id":"NUnit.Seed","Label":"Seed","Category":"","Description":"","Attributes":0,"ValueType":"System.String"},"Value":"713690436"}]},"Attachments":[],"Outcome":1,"ErrorMessage":null,"ErrorStackTrace":null,"DisplayName":"GetContatos_ReturnsOkResult_WithListOfContatos","Messages":[],"ComputerName":"MATHEUS","Duration":"00:00:00.0548070","StartTime":"2024-11-02T22:19:25.4782928+00:00","EndTime":"2024-11-02T22:19:25.5330542+00:00","Properties":[{"Key":{"Id":"NUnit.Seed","Label":"Seed","Category":"","Description":"","Attributes":0,"ValueType":"System.String"},"Value":"713690436"}]},{"TestCase":{"Id":"0a652ea5-27ce-823c-e883-5abd995a3e6a","FullyQualifiedName":"fiap_grupo58_fase1_test.Controllers.ContatosControllerTests.PostContato_ReturnsOkResult_WithContatoResponse","DisplayName":"PostContato_ReturnsOkResult_WithContatoResponse","ExecutorUri":"executor://NUnit3TestExecutor","Source":"C:\\Users\\matmi\\source\\repos\\fiap_grupo58_fase1\\fiap_grupo58_fase1_test\\bin\\Debug\\net8.0\\fine-code-coverage\\build-output\\fiap_grupo58_fase1_test.dll","CodeFilePath":null,"LineNumber":0,"Properties":[{"Key":{"Id":"NUnit.Seed","Label":"Seed","Category":"","Description":"","Attributes":0,"ValueType":"System.String"},"Value":"1358313885"}]},"Attachments":[],"Outcome":1,"ErrorMessage":null,"ErrorStackTrace":null,"DisplayName":"PostContato_ReturnsOkResult_WithContatoResponse","Messages":[],"ComputerName":"MATHEUS","Duration":"00:00:00.0069100","StartTime":"2024-11-02T22:19:25.5340153+00:00","EndTime":"2024-11-02T22:19:25.5409255+00:00","Properties":[{"Key":{"Id":"NUnit.Seed","Label":"Seed","Category":"","Description":"","Attributes":0,"ValueType":"System.String"},"Value":"1358313885"}]},{"TestCase":{"Id":"1fea8633-75a6-9cdb-d511-430a7f55fda5","FullyQualifiedName":"fiap_grupo58_fase1_test.Helpers.ValidatorHelperTests.Validar_ContatoInvalido_ThrowsCustomException","DisplayName":"Validar_ContatoInvalido_ThrowsCustomException","ExecutorUri":"executor://NUnit3TestExecutor","Source":"C:\\Users\\matmi\\source\\repos\\fiap_grupo58_fase1\\fiap_grupo58_fase1_test\\bin\\Debug\\net8.0\\fine-code-coverage\\build-output\\fiap_grupo58_fase1_test.dll","CodeFilePath":null,"LineNumber":0,"Properties":[{"Key":{"Id":"NUnit.Seed","Label":"Seed","Category":"","Description":"","Attributes":0,"ValueType":"System.String"},"Value":"1000291767"}]},"Attachments":[],"Outcome":1,"ErrorMessage":null,"ErrorStackTrace":null,"DisplayName":"Validar_ContatoInvalido_ThrowsCustomException","Messages":[],"ComputerName":"MATHEUS","Duration":"00:00:00.0109420","StartTime":"2024-11-02T22:19:25.5424188+00:00","EndTime":"2024-11-02T22:19:25.5533609+00:00","Properties":[{"Key":{"Id":"NUnit.Seed","Label":"Seed","Category":"","Description":"","Attributes":0,"ValueType":"System.String"},"Value":"1000291767"}]},{"TestCase":{"Id":"1f868409-68f6-838b-b57e-71d5b913ab10","FullyQualifiedName":"fiap_grupo58_fase1_test.Helpers.ValidatorHelperTests.Validar_ContatoValido_DoesNotThrowException","DisplayName":"Validar_ContatoValido_DoesNotThrowException","ExecutorUri":"executor://NUnit3TestExecutor","Source":"C:\\Users\\matmi\\source\\repos\\fiap_grupo58_fase1\\fiap_grupo58_fase1_test\\bin\\Debug\\net8.0\\fine-code-coverage\\build-output\\fiap_grupo58_fase1_test.dll","CodeFilePath":null,"LineNumber":0,"Properties":[{"Key":{"Id":"NUnit.Seed","Label":"Seed","Category":"","Description":"","Attributes":0,"ValueType":"System.String"},"Value":"1200195707"}]},"Attachments":[],"Outcome":1,"ErrorMessage":null,"ErrorStackTrace":null,"DisplayName":"Validar_ContatoValido_DoesNotThrowException","Messages":[],"ComputerName":"MATHEUS","Duration":"00:00:00.0009580","StartTime":"2024-11-02T22:19:25.5533839+00:00","EndTime":"2024-11-02T22:19:25.5543413+00:00","Properties":[{"Key":{"Id":"NUnit.Seed","Label":"Seed","Category":"","Description":"","Attributes":0,"ValueType":"System.String"},"Value":"1200195707"}]},{"TestCase":{"Id":"b56b2325-69e7-d74f-1a80-5ae591bdc2d7","FullyQualifiedName":"fiap_grupo58_fase1_test.Infrastructures.ExceptionMiddlewareTests.InvokeAsync_CustomException_ReturnsCustomErrorResponse","DisplayName":"InvokeAsync_CustomException_ReturnsCustomErrorResponse","ExecutorUri":"executor://NUnit3TestExecutor","Source":"C:\\Users\\matmi\\source\\repos\\fiap_grupo58_fase1\\fiap_grupo58_fase1_test\\bin\\Debug\\net8.0\\fine-code-coverage\\build-output\\fiap_grupo58_fase1_test.dll","CodeFilePath":null,"LineNumber":0,"Properties":[{"Key":{"Id":"NUnit.Seed","Label":"Seed","Category":"","Description":"","Attributes":0,"ValueType":"System.String"},"Value":"1309730069"}]},"Attachments":[],"Outcome":2,"ErrorMessage":"System.Text.Json.JsonException : The input does not contain any JSON tokens. Expected the input to start with a valid JSON token, when isFinalBlock is true. Path: $ | LineNumber: 0 | BytePositionInLine: 0.\r\n  ----> System.Text.Json.JsonReaderException : The input does not contain any JSON tokens. Expected the input to start with a valid JSON token, when isFinalBlock is true. LineNumber: 0 | BytePositionInLine: 0.","ErrorStackTrace":"   at System.Text.Json.ThrowHelper.ReThrowWithPath(ReadStack& state, JsonReaderException ex)\r\n   at System.Text.Json.Serialization.JsonConverter`1.ReadCore(Utf8JsonReader& reader, JsonSerializerOptions options, ReadStack& state)\r\n   at System.Text.Json.JsonSerializer.ReadFromSpan[TValue](ReadOnlySpan`1 utf8Json, JsonTypeInfo`1 jsonTypeInfo, Nullable`1 actualByteCount)\r\n   at System.Text.Json.JsonSerializer.ReadFromSpan[TValue](ReadOnlySpan`1 json, JsonTypeInfo`1 jsonTypeInfo)\r\n   at System.Text.Json.JsonSerializer.Deserialize[TValue](String json, JsonSerializerOptions options)\r\n   at fiap_grupo58_fase1_test.Infrastructures.ExceptionMiddlewareTests.InvokeAsync_CustomException_ReturnsCustomErrorResponse() in C:\\Users\\matmi\\source\\repos\\fiap_grupo58_fase1\\fiap_grupo58_fase1_test\\Infrastructures\\ExceptionMiddlewareTests.cs:line 38\r\n   at NUnit.Framework.Internal.TaskAwaitAdapter.GenericAdapter`1.GetResult()\r\n   at NUnit.Framework.Internal.AsyncToSyncAdapter.Await(Func`1 invoke)\r\n   at NUnit.Framework.Internal.Commands.TestMethodCommand.RunTestMethod(TestExecutionContext context)\r\n   at NUnit.Framework.Internal.Commands.TestMethodCommand.Execute(TestExecutionContext context)\r\n   at NUnit.Framework.Internal.Commands.BeforeAndAfterTestCommand.<>c__DisplayClass1_0.<Execute>b__0()\r\n   at NUnit.Framework.Internal.Commands.DelegatingTestCommand.RunTestMethodInThreadAbortSafeZone(TestExecutionContext context, Action action)\r\n--JsonReaderException\r\n   at System.Text.Json.ThrowHelper.ThrowJsonReaderException(Utf8JsonReader& json, ExceptionResource resource, Byte nextByte, ReadOnlySpan`1 bytes)\r\n   at System.Text.Json.Utf8JsonReader.Read()\r\n   at System.Text.Json.Serialization.JsonConverter`1.ReadCore(Utf8JsonReader& reader, JsonSerializerOptions options, ReadStack& state)\n","DisplayName":"InvokeAsync_CustomException_ReturnsCustomErrorResponse","Messages":[],"ComputerName":"MATHEUS","Duration":"00:00:00.0441640","StartTime":"2024-11-02T22:19:25.5544502+00:00","EndTime":"2024-11-02T22:19:25.5986139+00:00","Properties":[{"Key":{"Id":"NUnit.Seed","Label":"Seed","Category":"","Description":"","Attributes":0,"ValueType":"System.String"},"Value":"1309730069"}]},{"TestCase":{"Id":"0cd1271f-e4d7-3cc7-0b90-e019b41ef833","FullyQualifiedName":"fiap_grupo58_fase1_test.Infrastructures.ExceptionMiddlewareTests.InvokeAsync_GenericException_ReturnsInternalServerErrorResponse","DisplayName":"InvokeAsync_GenericException_ReturnsInternalServerErrorResponse","ExecutorUri":"executor://NUnit3TestExecutor","Source":"C:\\Users\\matmi\\source\\repos\\fiap_grupo58_fase1\\fiap_grupo58_fase1_test\\bin\\Debug\\net8.0\\fine-code-coverage\\build-output\\fiap_grupo58_fase1_test.dll","CodeFilePath":null,"LineNumber":0,"Properties":[{"Key":{"Id":"NUnit.Seed","Label":"Seed","Category":"","Description":"","Attributes":0,"ValueType":"System.String"},"Value":"207985617"}]},"Attachments":[],"Outcome":2,"ErrorMessage":"System.Text.Json.JsonException : The input does not contain any JSON tokens. Expected the input to start with a valid JSON token, when isFinalBlock is true. Path: $ | LineNumber: 0 | BytePositionInLine: 0.\r\n  ----> System.Text.Json.JsonReaderException : The input does not contain any JSON tokens. Expected the input to start with a valid JSON token, when isFinalBlock is true. LineNumber: 0 | BytePositionInLine: 0.","ErrorStackTrace":"   at System.Text.Json.ThrowHelper.ReThrowWithPath(ReadStack& state, JsonReaderException ex)\r\n   at System.Text.Json.Serialization.JsonConverter`1.ReadCore(Utf8JsonReader& reader, JsonSerializerOptions options, ReadStack& state)\r\n   at System.Text.Json.JsonSerializer.ReadFromSpan[TValue](ReadOnlySpan`1 utf8Json, JsonTypeInfo`1 jsonTypeInfo, Nullable`1 actualByteCount)\r\n   at System.Text.Json.JsonSerializer.ReadFromSpan[TValue](ReadOnlySpan`1 json, JsonTypeInfo`1 jsonTypeInfo)\r\n   at System.Text.Json.JsonSerializer.Deserialize[TValue](String json, JsonSerializerOptions options)\r\n   at fiap_grupo58_fase1_test.Infrastructures.ExceptionMiddlewareTests.InvokeAsync_GenericException_ReturnsInternalServerErrorResponse() in C:\\Users\\matmi\\source\\repos\\fiap_grupo58_fase1\\fiap_grupo58_fase1_test\\Infrastructures\\ExceptionMiddlewareTests.cs:line 55\r\n   at NUnit.Framework.Internal.TaskAwaitAdapter.GenericAdapter`1.GetResult()\r\n   at NUnit.Framework.Internal.AsyncToSyncAdapter.Await(Func`1 invoke)\r\n   at NUnit.Framework.Internal.Commands.TestMethodCommand.RunTestMethod(TestExecutionContext context)\r\n   at NUnit.Framework.Internal.Commands.TestMethodCommand.Execute(TestExecutionContext context)\r\n   at NUnit.Framework.Internal.Commands.BeforeAndAfterTestCommand.<>c__DisplayClass1_0.<Execute>b__0()\r\n   at NUnit.Framework.Internal.Commands.DelegatingTestCommand.RunTestMethodInThreadAbortSafeZone(TestExecutionContext context, Action action)\r\n--JsonReaderException\r\n   at System.Text.Json.ThrowHelper.ThrowJsonReaderException(Utf8JsonReader& json, ExceptionResource resource, Byte nextByte, ReadOnlySpan`1 bytes)\r\n   at System.Text.Json.Utf8JsonReader.Read()\r\n   at System.Text.Json.Serialization.JsonConverter`1.ReadCore(Utf8JsonReader& reader, JsonSerializerOptions options, ReadStack& state)\n","DisplayName":"InvokeAsync_GenericException_ReturnsInternalServerErrorResponse","Messages":[],"ComputerName":"MATHEUS","Duration":"00:00:00.0076950","StartTime":"2024-11-02T22:19:25.5987002+00:00","EndTime":"2024-11-02T22:19:25.6063952+00:00","Properties":[{"Key":{"Id":"NUnit.Seed","Label":"Seed","Category":"","Description":"","Attributes":0,"ValueType":"System.String"},"Value":"207985617"}]},{"TestCase":{"Id":"001ac3d8-6345-56a1-885a-c8162abad7dd","FullyQualifiedName":"fiap_grupo58_fase1_test.Models.ContatosPostRequestTests.ContatosPostRequest_InvalidModel_ReturnsValidationErrors","DisplayName":"ContatosPostRequest_InvalidModel_ReturnsValidationErrors","ExecutorUri":"executor://NUnit3TestExecutor","Source":"C:\\Users\\matmi\\source\\repos\\fiap_grupo58_fase1\\fiap_grupo58_fase1_test\\bin\\Debug\\net8.0\\fine-code-coverage\\build-output\\fiap_grupo58_fase1_test.dll","CodeFilePath":null,"LineNumber":0,"Properties":[{"Key":{"Id":"NUnit.Seed","Label":"Seed","Category":"","Description":"","Attributes":0,"ValueType":"System.String"},"Value":"640075428"}]},"Attachments":[],"Outcome":1,"ErrorMessage":null,"ErrorStackTrace":null,"DisplayName":"ContatosPostRequest_InvalidModel_ReturnsValidationErrors","Messages":[],"ComputerName":"MATHEUS","Duration":"00:00:00.0009080","StartTime":"2024-11-02T22:19:25.6065229+00:00","EndTime":"2024-11-02T22:19:25.6074308+00:00","Properties":[{"Key":{"Id":"NUnit.Seed","Label":"Seed","Category":"","Description":"","Attributes":0,"ValueType":"System.String"},"Value":"640075428"}]},{"TestCase":{"Id":"df9f53af-8dc4-8246-f15a-bf6a65aafd0e","FullyQualifiedName":"fiap_grupo58_fase1_test.Models.ContatosPostRequestTests.ContatosPostRequest_ValidModel_DoesNotReturnValidationErrors","DisplayName":"ContatosPostRequest_ValidModel_DoesNotReturnValidationErrors","ExecutorUri":"executor://NUnit3TestExecutor","Source":"C:\\Users\\matmi\\source\\repos\\fiap_grupo58_fase1\\fiap_grupo58_fase1_test\\bin\\Debug\\net8.0\\fine-code-coverage\\build-output\\fiap_grupo58_fase1_test.dll","CodeFilePath":null,"LineNumber":0,"Properties":[{"Key":{"Id":"NUnit.Seed","Label":"Seed","Category":"","Description":"","Attributes":0,"ValueType":"System.String"},"Value":"1557616918"}]},"Attachments":[],"Outcome":1,"ErrorMessage":null,"ErrorStackTrace":null,"DisplayName":"ContatosPostRequest_ValidModel_DoesNotReturnValidationErrors","Messages":[],"ComputerName":"MATHEUS","Duration":"00:00:00.0001630","StartTime":"2024-11-02T22:19:25.6074442+00:00","EndTime":"2024-11-02T22:19:25.6076069+00:00","Properties":[{"Key":{"Id":"NUnit.Seed","Label":"Seed","Category":"","Description":"","Attributes":0,"ValueType":"System.String"},"Value":"1557616918"}]},{"TestCase":{"Id":"46fedf77-a5a9-a8ef-c698-3fafa4cd4340","FullyQualifiedName":"fiap_grupo58_fase1_test.Models.ContatosPutRequestTests.ContatosPutRequest_InvalidModel_ReturnsValidationErrors","DisplayName":"ContatosPutRequest_InvalidModel_ReturnsValidationErrors","ExecutorUri":"executor://NUnit3TestExecutor","Source":"C:\\Users\\matmi\\source\\repos\\fiap_grupo58_fase1\\fiap_grupo58_fase1_test\\bin\\Debug\\net8.0\\fine-code-coverage\\build-output\\fiap_grupo58_fase1_test.dll","CodeFilePath":null,"LineNumber":0,"Properties":[{"Key":{"Id":"NUnit.Seed","Label":"Seed","Category":"","Description":"","Attributes":0,"ValueType":"System.String"},"Value":"1214170384"}]},"Attachments":[],"Outcome":1,"ErrorMessage":null,"ErrorStackTrace":null,"DisplayName":"ContatosPutRequest_InvalidModel_ReturnsValidationErrors","Messages":[],"ComputerName":"MATHEUS","Duration":"00:00:00.0007870","StartTime":"2024-11-02T22:19:25.6076816+00:00","EndTime":"2024-11-02T22:19:25.6084691+00:00","Properties":[{"Key":{"Id":"NUnit.Seed","Label":"Seed","Category":"","Description":"","Attributes":0,"ValueType":"System.String"},"Value":"1214170384"}]}],"TestRunStatistics":{"ExecutedTests":9,"Stats":{"Passed":7,"Failed":2}},"ActiveTests":[{"Id":"64578095-bf95-2c34-6748-5a72dc4c2bca","FullyQualifiedName":"fiap_grupo58_fase1_test.Models.ContatosPutRequestTests.ContatosPutRequest_ValidModel_DoesNotReturnValidationErrors","DisplayName":"ContatosPutRequest_ValidModel_DoesNotReturnValidationErrors","ExecutorUri":"executor://NUnit3TestExecutor","Source":"C:\\Users\\matmi\\source\\repos\\fiap_grupo58_fase1\\fiap_grupo58_fase1_test\\bin\\Debug\\net8.0\\fine-code-coverage\\build-output\\fiap_grupo58_fase1_test.dll","CodeFilePath":null,"LineNumber":0,"Properties":[{"Key":{"Id":"NUnit.Seed","Label":"Seed","Category":"","Description":"","Attributes":0,"ValueType":"System.String"},"Value":"1292084190"}]}]}}
TpTrace Verbose: 0 : 31008, 14, 2024/11/02, 19:19:25.650, 16891535404599, vstest.console.dll, TestRunRequest:SendTestRunStatsChange: Starting.
TpTrace Verbose: 0 : 31008, 14, 2024/11/02, 19:19:25.650, 16891535406318, vstest.console.dll, InProgress is ContatosPutRequest_ValidModel_DoesNotReturnValidationErrors
TpTrace Verbose: 0 : 31008, 14, 2024/11/02, 19:19:25.650, 16891535408103, vstest.console.dll, MulticastDelegateUtilities.SafeInvoke: TestRun.RunStatsChanged: Invoking callbacks was skipped because there are no subscribers.
TpTrace Information: 0 : 31008, 14, 2024/11/02, 19:19:25.650, 16891535408462, vstest.console.dll, TestRunRequest:SendTestRunStatsChange: Completed.
TpTrace Verbose: 0 : 31008, 14, 2024/11/02, 19:19:25.650, 16891535408768, vstest.console.dll, MulticastDelegateUtilities.SafeInvoke: LengthPrefixCommunicationChannel: MessageReceived: Invoking callback 1/1 for Microsoft.VisualStudio.TestPlatform.CommunicationUtilities.TestRequestSender+<>c__DisplayClass34_0., took 17 ms.
TpTrace Verbose: 0 : 31008, 14, 2024/11/02, 19:19:25.650, 16891535409123, vstest.console.dll, TcpClientExtensions.MessageLoopAsync: Polling on remoteEndPoint: 127.0.0.1:50378 localEndPoint: 127.0.0.1:50377 after 188 ms
TpTrace Verbose: 0 : 31008, 4, 2024/11/02, 19:19:25.652, 16891535426009, vstest.console.dll, MulticastDelegateUtilities.SafeInvoke: InternalTestLoggerEvents.SendTestResult: Invoking callback 1/1 for Microsoft.VisualStudio.TestPlatform.CommandLine.Internal.ConsoleLogger., took 1 ms.
TpTrace Verbose: 0 : 31008, 4, 2024/11/02, 19:19:25.652, 16891535429945, vstest.console.dll, MulticastDelegateUtilities.SafeInvoke: InternalTestLoggerEvents.SendTestResult: Invoking callback 1/1 for Microsoft.VisualStudio.TestPlatform.CommandLine.Internal.ConsoleLogger., took 0 ms.
TpTrace Verbose: 0 : 31008, 4, 2024/11/02, 19:19:25.652, 16891535430771, vstest.console.dll, MulticastDelegateUtilities.SafeInvoke: InternalTestLoggerEvents.SendTestResult: Invoking callback 1/1 for Microsoft.VisualStudio.TestPlatform.CommandLine.Internal.ConsoleLogger., took 0 ms.
TpTrace Verbose: 0 : 31008, 4, 2024/11/02, 19:19:25.652, 16891535431279, vstest.console.dll, MulticastDelegateUtilities.SafeInvoke: InternalTestLoggerEvents.SendTestResult: Invoking callback 1/1 for Microsoft.VisualStudio.TestPlatform.CommandLine.Internal.ConsoleLogger., took 0 ms.
TpTrace Verbose: 0 : 31008, 4, 2024/11/02, 19:19:25.653, 16891535436951, vstest.console.dll, MulticastDelegateUtilities.SafeInvoke: InternalTestLoggerEvents.SendTestResult: Invoking callback 1/1 for Microsoft.VisualStudio.TestPlatform.CommandLine.Internal.ConsoleLogger., took 0 ms.
TpTrace Verbose: 0 : 31008, 4, 2024/11/02, 19:19:25.653, 16891535439184, vstest.console.dll, MulticastDelegateUtilities.SafeInvoke: InternalTestLoggerEvents.SendTestResult: Invoking callback 1/1 for Microsoft.VisualStudio.TestPlatform.CommandLine.Internal.ConsoleLogger., took 0 ms.
TpTrace Verbose: 0 : 31008, 4, 2024/11/02, 19:19:25.653, 16891535440211, vstest.console.dll, MulticastDelegateUtilities.SafeInvoke: InternalTestLoggerEvents.SendTestResult: Invoking callback 1/1 for Microsoft.VisualStudio.TestPlatform.CommandLine.Internal.ConsoleLogger., took 0 ms.
TpTrace Verbose: 0 : 31008, 14, 2024/11/02, 19:19:25.653, 16891535440548, vstest.console.dll, TcpClientExtensions.MessageLoopAsync: NotifyDataAvailable remoteEndPoint: 127.0.0.1:50378 localEndPoint: 127.0.0.1:50377
TpTrace Verbose: 0 : 31008, 4, 2024/11/02, 19:19:25.653, 16891535440759, vstest.console.dll, MulticastDelegateUtilities.SafeInvoke: InternalTestLoggerEvents.SendTestResult: Invoking callback 1/1 for Microsoft.VisualStudio.TestPlatform.CommandLine.Internal.ConsoleLogger., took 0 ms.
TpTrace Verbose: 0 : 31008, 4, 2024/11/02, 19:19:25.653, 16891535441879, vstest.console.dll, MulticastDelegateUtilities.SafeInvoke: InternalTestLoggerEvents.SendTestResult: Invoking callback 1/1 for Microsoft.VisualStudio.TestPlatform.CommandLine.Internal.ConsoleLogger., took 0 ms.
TpTrace Verbose: 0 : 31008, 14, 2024/11/02, 19:19:25.653, 16891535442701, vstest.console.dll, TestRequestSender.OnExecutionMessageReceived: Received message: {"Version":7,"MessageType":"TestSession.Message","Payload":{"MessageLevel":0,"Message":"NUnit Adapter 4.5.0.0: Test execution complete"}}
TpTrace Verbose: 0 : 31008, 14, 2024/11/02, 19:19:25.653, 16891535443982, vstest.console.dll, TestRunRequest:SendTestRunMessage: Starting.
TpTrace Verbose: 0 : 31008, 14, 2024/11/02, 19:19:25.654, 16891535444526, vstest.console.dll, MulticastDelegateUtilities.SafeInvoke: TestRun.LogMessages: Invoking callback 1/1 for Microsoft.VisualStudio.TestPlatform.CommandLine.TestRunResultAggregator., took 0 ms.
TpTrace Information: 0 : 31008, 14, 2024/11/02, 19:19:25.654, 16891535445000, vstest.console.dll, TestRunRequest:SendTestRunMessage: Completed.
TpTrace Verbose: 0 : 31008, 4, 2024/11/02, 19:19:25.654, 16891535445159, vstest.console.dll, MulticastDelegateUtilities.SafeInvoke: InternalTestLoggerEvents.SendTestRunMessage: Invoking callback 1/1 for Microsoft.VisualStudio.TestPlatform.CommandLine.Internal.ConsoleLogger., took 0 ms.
TpTrace Verbose: 0 : 31008, 14, 2024/11/02, 19:19:25.654, 16891535446184, vstest.console.dll, MulticastDelegateUtilities.SafeInvoke: LengthPrefixCommunicationChannel: MessageReceived: Invoking callback 1/1 for Microsoft.VisualStudio.TestPlatform.CommunicationUtilities.TestRequestSender+<>c__DisplayClass34_0., took 0 ms.
TpTrace Verbose: 0 : 31008, 14, 2024/11/02, 19:19:25.654, 16891535446781, vstest.console.dll, TcpClientExtensions.MessageLoopAsync: Polling on remoteEndPoint: 127.0.0.1:50378 localEndPoint: 127.0.0.1:50377 after 3 ms
TpTrace Verbose: 0 : 31008, 14, 2024/11/02, 19:19:25.666, 16891535565100, vstest.console.dll, TcpClientExtensions.MessageLoopAsync: NotifyDataAvailable remoteEndPoint: 127.0.0.1:50378 localEndPoint: 127.0.0.1:50377
TpTrace Verbose: 0 : 31008, 14, 2024/11/02, 19:19:25.666, 16891535567202, vstest.console.dll, TestRequestSender.OnExecutionMessageReceived: Received message: {"Version":7,"MessageType":"TestExecution.Completed","Payload":{"TestRunCompleteArgs":{"TestRunStatistics":{"ExecutedTests":15,"Stats":{"Passed":13,"Failed":2}},"IsCanceled":false,"IsAborted":false,"Error":null,"AttachmentSets":[],"InvokedDataCollectors":[],"ElapsedTimeInRunningTests":"00:00:01.0826499","Metrics":{},"DiscoveredExtensions":{"TestDiscoverers":["NUnit.VisualStudio.TestAdapter.NUnit3TestDiscoverer, NUnit3.TestAdapter, Version=4.5.0.0, Culture=neutral, PublicKeyToken=4cb40d35494691ac"],"TestExecutors":["executor://NUnit3TestExecutor"],"TestExecutors2":[],"TestSettingsProviders":[]}},"LastRunTests":{"NewTestResults":[{"TestCase":{"Id":"64578095-bf95-2c34-6748-5a72dc4c2bca","FullyQualifiedName":"fiap_grupo58_fase1_test.Models.ContatosPutRequestTests.ContatosPutRequest_ValidModel_DoesNotReturnValidationErrors","DisplayName":"ContatosPutRequest_ValidModel_DoesNotReturnValidationErrors","ExecutorUri":"executor://NUnit3TestExecutor","Source":"C:\\Users\\matmi\\source\\repos\\fiap_grupo58_fase1\\fiap_grupo58_fase1_test\\bin\\Debug\\net8.0\\fine-code-coverage\\build-output\\fiap_grupo58_fase1_test.dll","CodeFilePath":null,"LineNumber":0,"Properties":[{"Key":{"Id":"NUnit.Seed","Label":"Seed","Category":"","Description":"","Attributes":0,"ValueType":"System.String"},"Value":"1292084190"}]},"Attachments":[],"Outcome":1,"ErrorMessage":null,"ErrorStackTrace":null,"DisplayName":"ContatosPutRequest_ValidModel_DoesNotReturnValidationErrors","Messages":[],"ComputerName":"MATHEUS","Duration":"00:00:00.0003840","StartTime":"2024-11-02T22:19:25.6084798+00:00","EndTime":"2024-11-02T22:19:25.608864+00:00","Properties":[{"Key":{"Id":"NUnit.Seed","Label":"Seed","Category":"","Description":"","Attributes":0,"ValueType":"System.String"},"Value":"1292084190"}]},{"TestCase":{"Id":"9d4adaf2-fc25-7372-6ef1-1041ccd49828","FullyQualifiedName":"fiap_grupo58_fase1_test.Repositories.ContatosRepositoryTests.Adicionar_ContatoValido_RetornaId","DisplayName":"Adicionar_ContatoValido_RetornaId","ExecutorUri":"executor://NUnit3TestExecutor","Source":"C:\\Users\\matmi\\source\\repos\\fiap_grupo58_fase1\\fiap_grupo58_fase1_test\\bin\\Debug\\net8.0\\fine-code-coverage\\build-output\\fiap_grupo58_fase1_test.dll","CodeFilePath":null,"LineNumber":0,"Properties":[{"Key":{"Id":"NUnit.Seed","Label":"Seed","Category":"","Description":"","Attributes":0,"ValueType":"System.String"},"Value":"952408528"}]},"Attachments":[],"Outcome":1,"ErrorMessage":null,"ErrorStackTrace":null,"DisplayName":"Adicionar_ContatoValido_RetornaId","Messages":[],"ComputerName":"MATHEUS","Duration":"00:00:00.0089370","StartTime":"2024-11-02T22:19:25.6089404+00:00","EndTime":"2024-11-02T22:19:25.6178769+00:00","Properties":[{"Key":{"Id":"NUnit.Seed","Label":"Seed","Category":"","Description":"","Attributes":0,"ValueType":"System.String"},"Value":"952408528"}]},{"TestCase":{"Id":"b0280041-fa5f-3579-449b-26067d7b2fc5","FullyQualifiedName":"fiap_grupo58_fase1_test.Repositories.ContatosRepositoryTests.ContatoExiste_ContatoExistente_RetornaTrue","DisplayName":"ContatoExiste_ContatoExistente_RetornaTrue","ExecutorUri":"executor://NUnit3TestExecutor","Source":"C:\\Users\\matmi\\source\\repos\\fiap_grupo58_fase1\\fiap_grupo58_fase1_test\\bin\\Debug\\net8.0\\fine-code-coverage\\build-output\\fiap_grupo58_fase1_test.dll","CodeFilePath":null,"LineNumber":0,"Properties":[{"Key":{"Id":"NUnit.Seed","Label":"Seed","Category":"","Description":"","Attributes":0,"ValueType":"System.String"},"Value":"1023533168"}]},"Attachments":[],"Outcome":1,"ErrorMessage":null,"ErrorStackTrace":null,"DisplayName":"ContatoExiste_ContatoExistente_RetornaTrue","Messages":[],"ComputerName":"MATHEUS","Duration":"00:00:00.0027330","StartTime":"2024-11-02T22:19:25.6178976+00:00","EndTime":"2024-11-02T22:19:25.6206304+00:00","Properties":[{"Key":{"Id":"NUnit.Seed","Label":"Seed","Category":"","Description":"","Attributes":0,"ValueType":"System.String"},"Value":"1023533168"}]},{"TestCase":{"Id":"62fbaf33-ee36-74f8-1677-9f1ada40007c","FullyQualifiedName":"fiap_grupo58_fase1_test.Repositories.ContatosRepositoryTests.ContatoExistePorId_ContatoExistente_RetornaTrue","DisplayName":"ContatoExistePorId_ContatoExistente_RetornaTrue","ExecutorUri":"executor://NUnit3TestExecutor","Source":"C:\\Users\\matmi\\source\\repos\\fiap_grupo58_fase1\\fiap_grupo58_fase1_test\\bin\\Debug\\net8.0\\fine-code-coverage\\build-output\\fiap_grupo58_fase1_test.dll","CodeFilePath":null,"LineNumber":0,"Properties":[{"Key":{"Id":"NUnit.Seed","Label":"Seed","Category":"","Description":"","Attributes":0,"ValueType":"System.String"},"Value":"1932708464"}]},"Attachments":[],"Outcome":1,"ErrorMessage":null,"ErrorStackTrace":null,"DisplayName":"ContatoExistePorId_ContatoExistente_RetornaTrue","Messages":[],"ComputerName":"MATHEUS","Duration":"00:00:00.0014210","StartTime":"2024-11-02T22:19:25.6206475+00:00","EndTime":"2024-11-02T22:19:25.6220683+00:00","Properties":[{"Key":{"Id":"NUnit.Seed","Label":"Seed","Category":"","Description":"","Attributes":0,"ValueType":"System.String"},"Value":"1932708464"}]},{"TestCase":{"Id":"ee0aac8d-1011-64ad-d2eb-f97bfc5f06b8","FullyQualifiedName":"fiap_grupo58_fase1_test.Repositories.ContatosRepositoryTests.ObterPorDDD_ContatosExistentes_RetornaListaDeContatos","DisplayName":"ObterPorDDD_ContatosExistentes_RetornaListaDeContatos","ExecutorUri":"executor://NUnit3TestExecutor","Source":"C:\\Users\\matmi\\source\\repos\\fiap_grupo58_fase1\\fiap_grupo58_fase1_test\\bin\\Debug\\net8.0\\fine-code-coverage\\build-output\\fiap_grupo58_fase1_test.dll","CodeFilePath":null,"LineNumber":0,"Properties":[{"Key":{"Id":"NUnit.Seed","Label":"Seed","Category":"","Description":"","Attributes":0,"ValueType":"System.String"},"Value":"1780920138"}]},"Attachments":[],"Outcome":1,"ErrorMessage":null,"ErrorStackTrace":null,"DisplayName":"ObterPorDDD_ContatosExistentes_RetornaListaDeContatos","Messages":[],"ComputerName":"MATHEUS","Duration":"00:00:00.0017750","StartTime":"2024-11-02T22:19:25.62208+00:00","EndTime":"2024-11-02T22:19:25.6238544+00:00","Properties":[{"Key":{"Id":"NUnit.Seed","Label":"Seed","Category":"","Description":"","Attributes":0,"ValueType":"System.String"},"Value":"1780920138"}]},{"TestCase":{"Id":"c52b7b38-4ec7-004b-7040-b38208097972","FullyQualifiedName":"fiap_grupo58_fase1_test.Repositories.ContatosRepositoryTests.ObterPorDDDRegiao_ContatosExistentes_RetornaListaDeContatos","DisplayName":"ObterPorDDDRegiao_ContatosExistentes_RetornaListaDeContatos","ExecutorUri":"executor://NUnit3TestExecutor","Source":"C:\\Users\\matmi\\source\\repos\\fiap_grupo58_fase1\\fiap_grupo58_fase1_test\\bin\\Debug\\net8.0\\fine-code-coverage\\build-output\\fiap_grupo58_fase1_test.dll","CodeFilePath":null,"LineNumber":0,"Properties":[{"Key":{"Id":"NUnit.Seed","Label":"Seed","Category":"","Description":"","Attributes":0,"ValueType":"System.String"},"Value":"2080551395"}]},"Attachments":[],"Outcome":1,"ErrorMessage":null,"ErrorStackTrace":null,"DisplayName":"ObterPorDDDRegiao_ContatosExistentes_RetornaListaDeContatos","Messages":[],"ComputerName":"MATHEUS","Duration":"00:00:00.0010090","StartTime":"2024-11-02T22:19:25.6238655+00:00","EndTime":"2024-11-02T22:19:25.6248747+00:00","Properties":[{"Key":{"Id":"NUnit.Seed","Label":"Seed","Category":"","Description":"","Attributes":0,"ValueType":"System.String"},"Value":"2080551395"}]}],"TestRunStatistics":{"ExecutedTests":15,"Stats":{"Passed":13,"Failed":2}},"ActiveTests":[]},"RunAttachments":[],"ExecutorUris":["executor://nunit3testexecutor/"]}}
TpTrace Verbose: 0 : 31008, 14, 2024/11/02, 19:19:25.666, 16891535568230, vstest.console.dll, TestRequestSender.EndSession: Sending end session.
TpTrace Verbose: 0 : 31008, 14, 2024/11/02, 19:19:25.666, 16891535569898, vstest.console.dll, ProxyOperationManager.Close: waiting for test host to exit for 100 ms
TpTrace Verbose: 0 : 31008, 7, 2024/11/02, 19:19:25.682, 16891535730970, vstest.console.dll, TestHostManagerCallbacks.StandardOutputReceivedCallback Test host standard output line: 
TpTrace Warning: 0 : 31008, 12, 2024/11/02, 19:19:25.682, 16891535731673, vstest.console.dll, TestHostManagerCallbacks.ErrorReceivedCallback Test host standard error line: 
TpTrace Verbose: 0 : 31008, 12, 2024/11/02, 19:19:25.692, 16891535834028, vstest.console.dll, TestHostProvider.ExitCallBack: Host exited starting callback.
TpTrace Information: 0 : 31008, 12, 2024/11/02, 19:19:25.693, 16891535835643, vstest.console.dll, TestHostManagerCallbacks.ExitCallBack: Testhost processId: 5164 exited with exitcode: 0 error: ''
TpTrace Verbose: 0 : 31008, 12, 2024/11/02, 19:19:25.693, 16891535835952, vstest.console.dll, DotnetTestHostManager.OnHostExited: invoking OnHostExited callback
TpTrace Verbose: 0 : 31008, 12, 2024/11/02, 19:19:25.693, 16891535836412, vstest.console.dll, CrossPlatEngine.TestHostManagerHostExited: calling on client process exit callback.
TpTrace Information: 0 : 31008, 12, 2024/11/02, 19:19:25.693, 16891535836764, vstest.console.dll, TestRequestSender.OnClientProcessExit: Test host process exited. Standard error: 
TpTrace Information: 0 : 31008, 12, 2024/11/02, 19:19:25.693, 16891535837031, vstest.console.dll, SocketServer.Stop: Stop server endPoint: 127.0.0.1:50377
TpTrace Information: 0 : 31008, 12, 2024/11/02, 19:19:25.693, 16891535837200, vstest.console.dll, SocketServer.Stop: Cancellation requested. Stopping message loop.
TpTrace Verbose: 0 : 31008, 12, 2024/11/02, 19:19:25.693, 16891535837837, vstest.console.dll, MulticastDelegateUtilities.SafeInvoke: HostProviderEvents.OnHostExited: Invoking callback 1/1 for Microsoft.VisualStudio.TestPlatform.CrossPlatEngine.Client.ProxyOperationManager., took 0 ms.
TpTrace Information: 0 : 31008, 14, 2024/11/02, 19:19:25.693, 16891535837994, vstest.console.dll, SocketServer.Stop: Stop server endPoint: 127.0.0.1:50377
TpTrace Information: 0 : 31008, 14, 2024/11/02, 19:19:25.693, 16891535839073, vstest.console.dll, SocketServer.Stop: Cancellation requested. Stopping message loop.
TpTrace Information: 0 : 31008, 14, 2024/11/02, 19:19:25.693, 16891535839437, vstest.console.dll, Closing the connection
TpTrace Verbose: 0 : 31008, 14, 2024/11/02, 19:19:25.693, 16891535840836, vstest.console.dll, ProxyDataCollectionManager.InvokeDataCollectionServiceAction: Starting.
TpTrace Information: 0 : 31008, 14, 2024/11/02, 19:19:25.693, 16891535841204, vstest.console.dll, ProxyDataCollectionManager.AfterTestRunEnd: Get attachment set and invoked data collectors processId: 476 port: 50374
TpTrace Verbose: 0 : 31008, 14, 2024/11/02, 19:19:25.693, 16891535841528, vstest.console.dll, DataCollectionRequestSender.SendAfterTestRunStartAndGetResult: Send AfterTestRunEnd message with isCancelled: False
TpTrace Verbose: 0 : 31008, 14, 2024/11/02, 19:19:25.698, 16891535884735, vstest.console.dll, DataCollectionRequestSender.SendAfterTestRunStartAndGetResult: Received message: (DataCollection.AfterTestRunEndResult) -> {"MessageType":"DataCollection.AfterTestRunEndResult","Payload":{"AttachmentSets":[],"InvokedDataCollectors":[{"Uri":"datacollector://Microsoft/TestPlatform/Extensions/Blame/v1","FriendlyName":"Blame","AssemblyQualifiedName":"Microsoft.TestPlatform.Extensions.BlameDataCollector.BlameCollector, Microsoft.TestPlatform.Extensions.BlameDataCollector, Version=15.0.0.0, Culture=neutral, PublicKeyToken=b03f5f7f11d50a3a","FilePath":"C:\\Program Files\\dotnet\\sdk\\8.0.403\\Extensions\\Microsoft.TestPlatform.Extensions.BlameDataCollector.dll","HasAttachmentProcessor":false}],"Metrics":{}}}
TpTrace Information: 0 : 31008, 14, 2024/11/02, 19:19:25.702, 16891535925945, vstest.console.dll, ProxyDataCollectionManager.InvokeDataCollectionServiceAction: Completed.
TpTrace Warning: 0 : 31008, 10, 2024/11/02, 19:19:25.704, 16891535953747, vstest.console.dll, DataCollectionLauncher.ErrorReceivedCallback datacollector standard error line: 
TpTrace Information: 0 : 31008, 10, 2024/11/02, 19:19:25.712, 16891536029159, vstest.console.dll, DataCollectionLauncher.ExitCallBack: Data collector exited with exitcode: 0 error: ''
TpTrace Verbose: 0 : 31008, 14, 2024/11/02, 19:19:25.730, 16891536211518, vstest.console.dll, TestRunRequest:SendTestRunStatsChange: Starting.
TpTrace Verbose: 0 : 31008, 14, 2024/11/02, 19:19:25.730, 16891536212965, vstest.console.dll, MulticastDelegateUtilities.SafeInvoke: TestRun.RunStatsChanged: Invoking callbacks was skipped because there are no subscribers.
TpTrace Information: 0 : 31008, 14, 2024/11/02, 19:19:25.730, 16891536213212, vstest.console.dll, TestRunRequest:SendTestRunStatsChange: Completed.
TpTrace Verbose: 0 : 31008, 4, 2024/11/02, 19:19:25.731, 16891536214282, vstest.console.dll, MulticastDelegateUtilities.SafeInvoke: InternalTestLoggerEvents.SendTestResult: Invoking callback 1/1 for Microsoft.VisualStudio.TestPlatform.CommandLine.Internal.ConsoleLogger., took 0 ms.
TpTrace Verbose: 0 : 31008, 4, 2024/11/02, 19:19:25.731, 16891536215258, vstest.console.dll, MulticastDelegateUtilities.SafeInvoke: InternalTestLoggerEvents.SendTestResult: Invoking callback 1/1 for Microsoft.VisualStudio.TestPlatform.CommandLine.Internal.ConsoleLogger., took 0 ms.
TpTrace Verbose: 0 : 31008, 14, 2024/11/02, 19:19:25.731, 16891536215466, vstest.console.dll, ParallelProxyExecutionManager: HandlePartialRunComplete: Total workloads = 1, Total started clients = 1 Total completed clients = 1, Run complete = True, Run canceled: False.
TpTrace Verbose: 0 : 31008, 4, 2024/11/02, 19:19:25.731, 16891536215609, vstest.console.dll, MulticastDelegateUtilities.SafeInvoke: InternalTestLoggerEvents.SendTestResult: Invoking callback 1/1 for Microsoft.VisualStudio.TestPlatform.CommandLine.Internal.ConsoleLogger., took 0 ms.
TpTrace Verbose: 0 : 31008, 4, 2024/11/02, 19:19:25.731, 16891536215997, vstest.console.dll, MulticastDelegateUtilities.SafeInvoke: InternalTestLoggerEvents.SendTestResult: Invoking callback 1/1 for Microsoft.VisualStudio.TestPlatform.CommandLine.Internal.ConsoleLogger., took 0 ms.
TpTrace Verbose: 0 : 31008, 4, 2024/11/02, 19:19:25.731, 16891536216281, vstest.console.dll, MulticastDelegateUtilities.SafeInvoke: InternalTestLoggerEvents.SendTestResult: Invoking callback 1/1 for Microsoft.VisualStudio.TestPlatform.CommandLine.Internal.ConsoleLogger., took 0 ms.
TpTrace Verbose: 0 : 31008, 14, 2024/11/02, 19:19:25.731, 16891536216313, vstest.console.dll, ParallelProxyExecutionManager: HandlePartialRunComplete: All runs completed stopping all managers.
TpTrace Verbose: 0 : 31008, 14, 2024/11/02, 19:19:25.731, 16891536216968, vstest.console.dll, ParallelOperationManager.StopAllManagers: Stopping all managers.
TpTrace Verbose: 0 : 31008, 14, 2024/11/02, 19:19:25.731, 16891536217252, vstest.console.dll, ParallelOperationManager.ClearSlots: Clearing all slots. Slots should accept more work: False
TpTrace Verbose: 0 : 31008, 14, 2024/11/02, 19:19:25.731, 16891536217534, vstest.console.dll, ParallelOperationManager.SetOccupiedSlotCount: Setting slot counts AvailableSlotCount = 1, OccupiedSlotCount = 0.
TpTrace Verbose: 0 : 31008, 4, 2024/11/02, 19:19:25.731, 16891536217586, vstest.console.dll, MulticastDelegateUtilities.SafeInvoke: InternalTestLoggerEvents.SendTestResult: Invoking callback 1/1 for Microsoft.VisualStudio.TestPlatform.CommandLine.Internal.ConsoleLogger., took 0 ms.
TpTrace Verbose: 0 : 31008, 14, 2024/11/02, 19:19:25.731, 16891536217781, vstest.console.dll, Occupied slots:

TpTrace Verbose: 0 : 31008, 4, 2024/11/02, 19:19:25.737, 16891536280973, vstest.console.dll, MulticastDelegateUtilities.SafeInvoke: InternalTestLoggerEvents.SendTestRunComplete: Invoking callback 1/2 for Microsoft.TestPlatform.Extensions.BlameDataCollector.BlameLogger., took 0 ms.
TpTrace Verbose: 0 : 31008, 4, 2024/11/02, 19:19:25.741, 16891536314843, vstest.console.dll, MulticastDelegateUtilities.SafeInvoke: InternalTestLoggerEvents.SendTestRunComplete: Invoking callback 2/2 for Microsoft.VisualStudio.TestPlatform.CommandLine.Internal.ConsoleLogger., took 3 ms.
TpTrace Verbose: 0 : 31008, 14, 2024/11/02, 19:19:25.741, 16891536319362, vstest.console.dll, TestRunRequest:TestRunComplete: Starting. IsAborted:False IsCanceled:False.
TpTrace Verbose: 0 : 31008, 14, 2024/11/02, 19:19:25.741, 16891536320720, vstest.console.dll, ParallelOperationManager.DoActionOnAllManagers: Calling an action on all managers.
TpTrace Verbose: 0 : 31008, 14, 2024/11/02, 19:19:25.742, 16891536325704, vstest.console.dll, TestLoggerManager.HandleTestRunComplete: Ignoring as the object is disposed.
TpTrace Verbose: 0 : 31008, 14, 2024/11/02, 19:19:25.742, 16891536326891, vstest.console.dll, MulticastDelegateUtilities.SafeInvoke: TestRun.TestRunComplete: Invoking callback 1/2 for Microsoft.VisualStudio.TestPlatform.CommandLine.TestRunResultAggregator., took 0 ms.
TpTrace Verbose: 0 : 31008, 14, 2024/11/02, 19:19:25.742, 16891536327667, vstest.console.dll, MulticastDelegateUtilities.SafeInvoke: TestRun.TestRunComplete: Invoking callback 2/2 for Microsoft.VisualStudio.TestPlatform.CommandLine.Processors.RunTestsArgumentExecutor+TestRunRequestEventsRegistrar., took 0 ms.
TpTrace Information: 0 : 31008, 14, 2024/11/02, 19:19:25.742, 16891536328309, vstest.console.dll, TestRunRequest:TestRunComplete: Completed.
TpTrace Verbose: 0 : 31008, 14, 2024/11/02, 19:19:25.742, 16891536328575, vstest.console.dll, TestRequestSender.SetOperationComplete: Setting operation complete.
TpTrace Information: 0 : 31008, 14, 2024/11/02, 19:19:25.742, 16891536328774, vstest.console.dll, SocketServer.Stop: Stop server endPoint: 127.0.0.1:50377
TpTrace Information: 0 : 31008, 14, 2024/11/02, 19:19:25.742, 16891536328937, vstest.console.dll, SocketServer.Stop: Cancellation requested. Stopping message loop.
TpTrace Verbose: 0 : 31008, 14, 2024/11/02, 19:19:25.742, 16891536329169, vstest.console.dll, MulticastDelegateUtilities.SafeInvoke: LengthPrefixCommunicationChannel: MessageReceived: Invoking callback 1/1 for Microsoft.VisualStudio.TestPlatform.CommunicationUtilities.TestRequestSender+<>c__DisplayClass34_0., took 76 ms.
TpTrace Information: 0 : 31008, 14, 2024/11/02, 19:19:25.742, 16891536329454, vstest.console.dll, SocketServer.PrivateStop: Stopping server endPoint: 127.0.0.1:50377 error: 
TpTrace Verbose: 0 : 31008, 1, 2024/11/02, 19:19:25.742, 16891536329460, vstest.console.dll, TestRunRequest.Dispose: Starting.
TpTrace Information: 0 : 31008, 1, 2024/11/02, 19:19:25.742, 16891536330155, vstest.console.dll, TestRunRequest.Dispose: Completed.
TpTrace Information: 0 : 31008, 1, 2024/11/02, 19:19:25.742, 16891536330452, vstest.console.dll, TestRequestManager.RunTests: run tests completed.
TpTrace Information: 0 : 31008, 1, 2024/11/02, 19:19:25.742, 16891536330939, vstest.console.dll, RunTestsArgumentProcessor:Execute: Test run is completed.
TpTrace Verbose: 0 : 31008, 1, 2024/11/02, 19:19:25.742, 16891536332330, vstest.console.dll, Executor.Execute: Exiting with exit code of 1
TpTrace Verbose: 0 : 31008, 14, 2024/11/02, 19:19:25.742, 16891536334002, vstest.console.dll, LengthPrefixCommunicationChannel.Dispose: Dispose reader and writer.
TpTrace Information: 0 : 31008, 14, 2024/11/02, 19:19:25.743, 16891536334822, vstest.console.dll, SocketServer.Stop: Raise disconnected event endPoint: 127.0.0.1:50377 error: 
TpTrace Verbose: 0 : 31008, 14, 2024/11/02, 19:19:25.743, 16891536335635, vstest.console.dll, TestRequestSender: OnTestRunAbort: Operation is already complete. Skip error message.
TpTrace Verbose: 0 : 31008, 14, 2024/11/02, 19:19:25.743, 16891536335935, vstest.console.dll, MulticastDelegateUtilities.SafeInvoke: SocketServer: ClientDisconnected: Invoking callback 1/1 for Microsoft.VisualStudio.TestPlatform.CommunicationUtilities.TestRequestSender., took 0 ms.
TpTrace Verbose: 0 : 31008, 14, 2024/11/02, 19:19:25.743, 16891536336169, vstest.console.dll, TcpClientExtensions.MessageLoopAsync: exiting MessageLoopAsync remoteEndPoint: 127.0.0.1:50378 localEndPoint: 127.0.0.1:50377
