TpTrace Verbose: 0 : 2516, 1, 2024/11/05, 12:51:04.473, 19250523639630, vstest.console.dll, Version: 17.11.1-release-24455-02 Current process architecture: X64
TpTrace Verbose: 0 : 2516, 1, 2024/11/05, 12:51:04.478, 19250523687411, vstest.console.dll, Runtime location: C:\Program Files\dotnet\shared\Microsoft.NETCore.App\8.0.10
TpTrace Verbose: 0 : 2516, 1, 2024/11/05, 12:51:04.481, 19250523714947, vstest.console.dll, ArtifactProcessingPostProcessModeProcessorExecutor.Initialize: ArtifactProcessingMode.Collect
TpTrace Verbose: 0 : 2516, 1, 2024/11/05, 12:51:04.481, 19250523716716, vstest.console.dll, TestSessionCorrelationIdProcessorModeProcessorExecutor.Initialize: TestSessionCorrelationId '8084_c5f3677b-8994-4f64-b1c3-90abad5d58a4'
TpTrace Information: 0 : 2516, 1, 2024/11/05, 12:51:04.492, 19250523826136, vstest.console.dll, FilePatternParser: The given file C:\Users\matmi\OneDrive\Documentos\github\fiap_grupo57_fase1\fiap_grupo57_fase1_test\bin\Debug\net8.0\fine-code-coverage\build-output\fiap_grupo57_fase1_test.dll is a full path.
TpTrace Verbose: 0 : 2516, 1, 2024/11/05, 12:51:04.500, 19250523912141, vstest.console.dll, TestPluginCache.DiscoverTestExtensions: finding test extensions in assemblies ends with: RuntimeProvider.dll TPluginInfo: Microsoft.VisualStudio.TestPlatform.Common.ExtensionFramework.Utilities.TestRuntimePluginInformation TExtension: Microsoft.VisualStudio.TestPlatform.ObjectModel.Host.ITestRuntimeProvider
TpTrace Verbose: 0 : 2516, 1, 2024/11/05, 12:51:04.504, 19250523944129, vstest.console.dll, TestPluginCache.GetExtensionPaths: Filtered extension paths: 
TpTrace Verbose: 0 : 2516, 1, 2024/11/05, 12:51:04.504, 19250523946391, vstest.console.dll, TestPluginCache.GetExtensionPaths: Added default extension paths: C:\Program Files\dotnet\sdk\8.0.403\Extensions\Microsoft.Diagnostics.NETCore.Client.dll
C:\Program Files\dotnet\sdk\8.0.403\Extensions\Microsoft.TestPlatform.Extensions.BlameDataCollector.dll
C:\Program Files\dotnet\sdk\8.0.403\Extensions\Microsoft.TestPlatform.Extensions.EventLogCollector.dll
C:\Program Files\dotnet\sdk\8.0.403\Extensions\Microsoft.TestPlatform.TestHostRuntimeProvider.dll
C:\Program Files\dotnet\sdk\8.0.403\Extensions\Microsoft.VisualStudio.TestPlatform.Extensions.Html.TestLogger.dll
C:\Program Files\dotnet\sdk\8.0.403\Extensions\Microsoft.VisualStudio.TestPlatform.Extensions.Trx.TestLogger.dll
TpTrace Verbose: 0 : 2516, 1, 2024/11/05, 12:51:04.504, 19250523947170, vstest.console.dll, TestPluginCache.GetExtensionPaths: Added unfilterableExtensionPaths: 
TpTrace Information: 0 : 2516, 1, 2024/11/05, 12:51:04.505, 19250523957052, vstest.console.dll, AssemblyResolver.ctor: Creating AssemblyResolver with searchDirectories C:\Program Files\dotnet\sdk\8.0.403\Extensions,C:\Program Files\dotnet\sdk\8.0.403
TpTrace Verbose: 0 : 2516, 1, 2024/11/05, 12:51:04.506, 19250523971505, vstest.console.dll, TestPluginCache.DiscoverTestExtensions: Discovering the extensions using extension path.
TpTrace Verbose: 0 : 2516, 1, 2024/11/05, 12:51:04.506, 19250523973534, vstest.console.dll, TestPluginCache.GetExtensionPaths: Filtered extension paths: 
TpTrace Verbose: 0 : 2516, 1, 2024/11/05, 12:51:04.507, 19250523974202, vstest.console.dll, TestPluginCache.GetExtensionPaths: Added default extension paths: C:\Program Files\dotnet\sdk\8.0.403\Extensions\Microsoft.Diagnostics.NETCore.Client.dll
C:\Program Files\dotnet\sdk\8.0.403\Extensions\Microsoft.TestPlatform.Extensions.BlameDataCollector.dll
C:\Program Files\dotnet\sdk\8.0.403\Extensions\Microsoft.TestPlatform.Extensions.EventLogCollector.dll
C:\Program Files\dotnet\sdk\8.0.403\Extensions\Microsoft.TestPlatform.TestHostRuntimeProvider.dll
C:\Program Files\dotnet\sdk\8.0.403\Extensions\Microsoft.VisualStudio.TestPlatform.Extensions.Html.TestLogger.dll
C:\Program Files\dotnet\sdk\8.0.403\Extensions\Microsoft.VisualStudio.TestPlatform.Extensions.Trx.TestLogger.dll
TpTrace Verbose: 0 : 2516, 1, 2024/11/05, 12:51:04.507, 19250523974790, vstest.console.dll, TestPluginCache.GetExtensionPaths: Added unfilterableExtensionPaths: 
TpTrace Verbose: 0 : 2516, 1, 2024/11/05, 12:51:04.507, 19250523976472, vstest.console.dll, TestPluginCache.DiscoverTestExtensions: Discovering the extensions using allExtensionPaths: C:\Program Files\dotnet\sdk\8.0.403\Extensions\Microsoft.Diagnostics.NETCore.Client.dll
C:\Program Files\dotnet\sdk\8.0.403\Extensions\Microsoft.TestPlatform.Extensions.BlameDataCollector.dll
C:\Program Files\dotnet\sdk\8.0.403\Extensions\Microsoft.TestPlatform.Extensions.EventLogCollector.dll
C:\Program Files\dotnet\sdk\8.0.403\Extensions\Microsoft.TestPlatform.TestHostRuntimeProvider.dll
C:\Program Files\dotnet\sdk\8.0.403\Extensions\Microsoft.VisualStudio.TestPlatform.Extensions.Html.TestLogger.dll
C:\Program Files\dotnet\sdk\8.0.403\Extensions\Microsoft.VisualStudio.TestPlatform.Extensions.Trx.TestLogger.dll
TpTrace Information: 0 : 2516, 1, 2024/11/05, 12:51:04.507, 19250523978215, vstest.console.dll, AssemblyResolver.AddSearchDirectories: Adding more searchDirectories C:\Program Files\dotnet\sdk\8.0.403\Extensions,C:\Program Files\dotnet\sdk\8.0.403
TpTrace Information: 0 : 2516, 1, 2024/11/05, 12:51:04.507, 19250523979099, vstest.console.dll, AssemblyResolver.AddSearchDirectories: Adding more searchDirectories C:\Program Files\dotnet\sdk\8.0.403\Extensions,C:\Program Files\dotnet\sdk\8.0.403
TpTrace Information: 0 : 2516, 1, 2024/11/05, 12:51:04.507, 19250523979585, vstest.console.dll, AssemblyResolver.AddSearchDirectories: Adding more searchDirectories C:\Program Files\dotnet\sdk\8.0.403\Extensions,C:\Program Files\dotnet\sdk\8.0.403
TpTrace Information: 0 : 2516, 1, 2024/11/05, 12:51:04.507, 19250523980039, vstest.console.dll, AssemblyResolver.AddSearchDirectories: Adding more searchDirectories C:\Program Files\dotnet\sdk\8.0.403\Extensions,C:\Program Files\dotnet\sdk\8.0.403
TpTrace Information: 0 : 2516, 1, 2024/11/05, 12:51:04.507, 19250523980563, vstest.console.dll, AssemblyResolver.AddSearchDirectories: Adding more searchDirectories C:\Program Files\dotnet\sdk\8.0.403\Extensions,C:\Program Files\dotnet\sdk\8.0.403
TpTrace Information: 0 : 2516, 1, 2024/11/05, 12:51:04.507, 19250523980960, vstest.console.dll, AssemblyResolver.AddSearchDirectories: Adding more searchDirectories C:\Program Files\dotnet\sdk\8.0.403\Extensions,C:\Program Files\dotnet\sdk\8.0.403
TpTrace Information: 0 : 2516, 1, 2024/11/05, 12:51:04.508, 19250523986655, vstest.console.dll, AssemblyResolver.OnResolve: Microsoft.Diagnostics.NETCore.Client: Resolving assembly.
TpTrace Information: 0 : 2516, 1, 2024/11/05, 12:51:04.508, 19250523988074, vstest.console.dll, AssemblyResolver.OnResolve: Microsoft.Diagnostics.NETCore.Client: Searching in: 'C:\Program Files\dotnet\sdk\8.0.403\Extensions'.
TpTrace Information: 0 : 2516, 1, 2024/11/05, 12:51:04.521, 19250524123840, vstest.console.dll, AssemblyResolver.OnResolve: Microsoft.Diagnostics.NETCore.Client: Loading assembly 'C:\Program Files\dotnet\sdk\8.0.403\Extensions\Microsoft.Diagnostics.NETCore.Client.dll'.
TpTrace Information: 0 : 2516, 1, 2024/11/05, 12:51:04.522, 19250524133517, vstest.console.dll, AssemblyResolver.OnResolve: Resolved assembly: Microsoft.Diagnostics.NETCore.Client, from path: C:\Program Files\dotnet\sdk\8.0.403\Extensions\Microsoft.Diagnostics.NETCore.Client.dll
TpTrace Verbose: 0 : 2516, 1, 2024/11/05, 12:51:04.530, 19250524206344, vstest.console.dll, MetadataReaderExtensionsHelper: Discovering extensions inside assembly 'Microsoft.Diagnostics.NETCore.Client, Version=0.2.10.30701, Culture=neutral, PublicKeyToken=31bf3856ad364e35' file path 'C:\Program Files\dotnet\sdk\8.0.403\Extensions\Microsoft.Diagnostics.NETCore.Client.dll'
TpTrace Information: 0 : 2516, 1, 2024/11/05, 12:51:04.536, 19250524272346, vstest.console.dll, AssemblyResolver.OnResolve: Microsoft.Bcl.AsyncInterfaces: Resolving assembly.
TpTrace Information: 0 : 2516, 1, 2024/11/05, 12:51:04.537, 19250524274295, vstest.console.dll, AssemblyResolver.OnResolve: Microsoft.Bcl.AsyncInterfaces: Searching in: 'C:\Program Files\dotnet\sdk\8.0.403\Extensions'.
TpTrace Information: 0 : 2516, 1, 2024/11/05, 12:51:04.537, 19250524275765, vstest.console.dll, AssemblyResolver.OnResolve: Microsoft.Bcl.AsyncInterfaces: Assembly path does not exist: 'C:\Program Files\dotnet\sdk\8.0.403\Extensions\Microsoft.Bcl.AsyncInterfaces.dll', returning.
TpTrace Information: 0 : 2516, 1, 2024/11/05, 12:51:04.537, 19250524277605, vstest.console.dll, AssemblyResolver.OnResolve: Microsoft.Bcl.AsyncInterfaces: Assembly path does not exist: 'C:\Program Files\dotnet\sdk\8.0.403\Extensions\Microsoft.Bcl.AsyncInterfaces.exe', returning.
TpTrace Information: 0 : 2516, 1, 2024/11/05, 12:51:04.537, 19250524278169, vstest.console.dll, AssemblyResolver.OnResolve: Microsoft.Bcl.AsyncInterfaces: Searching in: 'C:\Program Files\dotnet\sdk\8.0.403'.
TpTrace Information: 0 : 2516, 1, 2024/11/05, 12:51:04.537, 19250524279109, vstest.console.dll, AssemblyResolver.OnResolve: Microsoft.Bcl.AsyncInterfaces: Assembly path does not exist: 'C:\Program Files\dotnet\sdk\8.0.403\Microsoft.Bcl.AsyncInterfaces.dll', returning.
TpTrace Information: 0 : 2516, 1, 2024/11/05, 12:51:04.537, 19250524279942, vstest.console.dll, AssemblyResolver.OnResolve: Microsoft.Bcl.AsyncInterfaces: Assembly path does not exist: 'C:\Program Files\dotnet\sdk\8.0.403\Microsoft.Bcl.AsyncInterfaces.exe', returning.
TpTrace Information: 0 : 2516, 1, 2024/11/05, 12:51:04.537, 19250524280361, vstest.console.dll, AssemblyResolver.OnResolve: Microsoft.Bcl.AsyncInterfaces: Failed to load assembly.
TpTrace Verbose: 0 : 2516, 1, 2024/11/05, 12:51:04.537, 19250524280931, vstest.console.dll, CurrentDomainAssemblyResolve: Resolving assembly 'Microsoft.Bcl.AsyncInterfaces'.
TpTrace Information: 0 : 2516, 1, 2024/11/05, 12:51:04.537, 19250524281850, vstest.console.dll, AssemblyResolver.OnResolve: Microsoft.Bcl.AsyncInterfaces: Resolving assembly.
TpTrace Information: 0 : 2516, 1, 2024/11/05, 12:51:04.537, 19250524282493, vstest.console.dll, AssemblyResolver.OnResolve: Microsoft.Bcl.AsyncInterfaces: Resolved from cache.
TpTrace Verbose: 0 : 2516, 1, 2024/11/05, 12:51:04.537, 19250524282861, vstest.console.dll, CurrentDomainAssemblyResolve: Resolving assembly 'Microsoft.Bcl.AsyncInterfaces'.
TpTrace Verbose: 0 : 2516, 1, 2024/11/05, 12:51:04.537, 19250524283306, vstest.console.dll, CurrentDomainAssemblyResolve: Failed to resolve assembly 'Microsoft.Bcl.AsyncInterfaces'.
TpTrace Verbose: 0 : 2516, 1, 2024/11/05, 12:51:04.542, 19250524331245, vstest.console.dll, CurrentDomainAssemblyResolve: Failed to resolve assembly 'Microsoft.Bcl.AsyncInterfaces'.
TpTrace Warning: 0 : 2516, 1, 2024/11/05, 12:51:04.565, 19250524555031, vstest.console.dll, TestPluginDiscoverer: Failed to get types from assembly 'Microsoft.Diagnostics.NETCore.Client, Version=0.2.10.30701, Culture=neutral, PublicKeyToken=31bf3856ad364e35'. Error: System.Reflection.ReflectionTypeLoadException: Unable to load one or more of the requested types.
Could not load file or assembly 'Microsoft.Bcl.AsyncInterfaces, Version=6.0.0.0, Culture=neutral, PublicKeyToken=cc7b13ffcd2ddd51'. O sistema não pode encontrar o arquivo especificado.
   at System.Reflection.RuntimeModule.GetTypes(RuntimeModule module)
   at System.Reflection.RuntimeModule.GetTypes()
   at Microsoft.VisualStudio.TestPlatform.Common.ExtensionFramework.TestPluginDiscoverer.GetTestExtensionsFromAssembly[TPluginInfo,TExtension](Assembly assembly, Dictionary`2 pluginInfos, String filePath) in /_/src/Microsoft.TestPlatform.Common/ExtensionFramework/TestPluginDiscoverer.cs:line 158
System.IO.FileNotFoundException: Could not load file or assembly 'Microsoft.Bcl.AsyncInterfaces, Version=6.0.0.0, Culture=neutral, PublicKeyToken=cc7b13ffcd2ddd51'. O sistema não pode encontrar o arquivo especificado.
File name: 'Microsoft.Bcl.AsyncInterfaces, Version=6.0.0.0, Culture=neutral, PublicKeyToken=cc7b13ffcd2ddd51'
 ---> System.IO.FileNotFoundException: Could not load file or assembly 'Microsoft.Bcl.AsyncInterfaces, Culture=neutral, PublicKeyToken=null'. O sistema não pode encontrar o arquivo especificado.
File name: 'Microsoft.Bcl.AsyncInterfaces, Culture=neutral, PublicKeyToken=null'
   at System.Reflection.RuntimeAssembly.InternalLoad(AssemblyName assemblyName, StackCrawlMark& stackMark, AssemblyLoadContext assemblyLoadContext, RuntimeAssembly requestingAssembly, Boolean throwOnFileNotFound)
   at System.Reflection.Assembly.Load(AssemblyName assemblyRef)
   at Microsoft.VisualStudio.TestPlatform.Common.ExtensionFramework.TestPluginCache.CurrentDomainAssemblyResolve(Object sender, AssemblyResolveEventArgs args) in /_/src/Microsoft.TestPlatform.Common/ExtensionFramework/TestPluginCache.cs:line 513
   at System.Runtime.Loader.AssemblyLoadContext.GetFirstResolvedAssemblyFromResolvingEvent(AssemblyName assemblyName)
   at System.Runtime.Loader.AssemblyLoadContext.ResolveUsingEvent(AssemblyName assemblyName)
   at System.Runtime.Loader.AssemblyLoadContext.ResolveUsingResolvingEvent(IntPtr gchManagedAssemblyLoadContext, AssemblyName assemblyName)
TpTrace Warning: 0 : 2516, 1, 2024/11/05, 12:51:04.565, 19250524563852, vstest.console.dll, LoaderExceptions: System.IO.FileNotFoundException: Could not load file or assembly 'Microsoft.Bcl.AsyncInterfaces, Version=6.0.0.0, Culture=neutral, PublicKeyToken=cc7b13ffcd2ddd51'. O sistema não pode encontrar o arquivo especificado.
File name: 'Microsoft.Bcl.AsyncInterfaces, Version=6.0.0.0, Culture=neutral, PublicKeyToken=cc7b13ffcd2ddd51'
 ---> System.IO.FileNotFoundException: Could not load file or assembly 'Microsoft.Bcl.AsyncInterfaces, Culture=neutral, PublicKeyToken=null'. O sistema não pode encontrar o arquivo especificado.
File name: 'Microsoft.Bcl.AsyncInterfaces, Culture=neutral, PublicKeyToken=null'
   at System.Reflection.RuntimeAssembly.InternalLoad(AssemblyName assemblyName, StackCrawlMark& stackMark, AssemblyLoadContext assemblyLoadContext, RuntimeAssembly requestingAssembly, Boolean throwOnFileNotFound)
   at System.Reflection.Assembly.Load(AssemblyName assemblyRef)
   at Microsoft.VisualStudio.TestPlatform.Common.ExtensionFramework.TestPluginCache.CurrentDomainAssemblyResolve(Object sender, AssemblyResolveEventArgs args) in /_/src/Microsoft.TestPlatform.Common/ExtensionFramework/TestPluginCache.cs:line 513
   at System.Runtime.Loader.AssemblyLoadContext.GetFirstResolvedAssemblyFromResolvingEvent(AssemblyName assemblyName)
   at System.Runtime.Loader.AssemblyLoadContext.ResolveUsingEvent(AssemblyName assemblyName)
   at System.Runtime.Loader.AssemblyLoadContext.ResolveUsingResolvingEvent(IntPtr gchManagedAssemblyLoadContext, AssemblyName assemblyName)
TpTrace Information: 0 : 2516, 1, 2024/11/05, 12:51:04.566, 19250524565779, vstest.console.dll, AssemblyResolver.OnResolve: Microsoft.TestPlatform.Extensions.BlameDataCollector: Resolving assembly.
TpTrace Information: 0 : 2516, 1, 2024/11/05, 12:51:04.566, 19250524566444, vstest.console.dll, AssemblyResolver.OnResolve: Microsoft.TestPlatform.Extensions.BlameDataCollector: Searching in: 'C:\Program Files\dotnet\sdk\8.0.403\Extensions'.
TpTrace Information: 0 : 2516, 1, 2024/11/05, 12:51:04.569, 19250524594676, vstest.console.dll, AssemblyResolver.OnResolve: Microsoft.TestPlatform.Extensions.BlameDataCollector: Loading assembly 'C:\Program Files\dotnet\sdk\8.0.403\Extensions\Microsoft.TestPlatform.Extensions.BlameDataCollector.dll'.
TpTrace Information: 0 : 2516, 1, 2024/11/05, 12:51:04.569, 19250524601436, vstest.console.dll, AssemblyResolver.OnResolve: Resolved assembly: Microsoft.TestPlatform.Extensions.BlameDataCollector, from path: C:\Program Files\dotnet\sdk\8.0.403\Extensions\Microsoft.TestPlatform.Extensions.BlameDataCollector.dll
TpTrace Verbose: 0 : 2516, 1, 2024/11/05, 12:51:04.569, 19250524602455, vstest.console.dll, MetadataReaderExtensionsHelper: Discovering extensions inside assembly 'Microsoft.TestPlatform.Extensions.BlameDataCollector, Version=15.0.0.0, Culture=neutral, PublicKeyToken=b03f5f7f11d50a3a' file path 'C:\Program Files\dotnet\sdk\8.0.403\Extensions\Microsoft.TestPlatform.Extensions.BlameDataCollector.dll'
TpTrace Information: 0 : 2516, 1, 2024/11/05, 12:51:04.571, 19250524616492, vstest.console.dll, AssemblyResolver.OnResolve: Microsoft.TestPlatform.Extensions.EventLogCollector: Resolving assembly.
TpTrace Information: 0 : 2516, 1, 2024/11/05, 12:51:04.571, 19250524617400, vstest.console.dll, AssemblyResolver.OnResolve: Microsoft.TestPlatform.Extensions.EventLogCollector: Searching in: 'C:\Program Files\dotnet\sdk\8.0.403\Extensions'.
TpTrace Information: 0 : 2516, 1, 2024/11/05, 12:51:04.575, 19250524661170, vstest.console.dll, AssemblyResolver.OnResolve: Microsoft.TestPlatform.Extensions.EventLogCollector: Loading assembly 'C:\Program Files\dotnet\sdk\8.0.403\Extensions\Microsoft.TestPlatform.Extensions.EventLogCollector.dll'.
TpTrace Information: 0 : 2516, 1, 2024/11/05, 12:51:04.576, 19250524666166, vstest.console.dll, AssemblyResolver.OnResolve: Resolved assembly: Microsoft.TestPlatform.Extensions.EventLogCollector, from path: C:\Program Files\dotnet\sdk\8.0.403\Extensions\Microsoft.TestPlatform.Extensions.EventLogCollector.dll
TpTrace Verbose: 0 : 2516, 1, 2024/11/05, 12:51:04.576, 19250524666932, vstest.console.dll, MetadataReaderExtensionsHelper: Discovering extensions inside assembly 'Microsoft.TestPlatform.Extensions.EventLogCollector, Version=15.0.0.0, Culture=neutral, PublicKeyToken=b03f5f7f11d50a3a' file path 'C:\Program Files\dotnet\sdk\8.0.403\Extensions\Microsoft.TestPlatform.Extensions.EventLogCollector.dll'
TpTrace Information: 0 : 2516, 1, 2024/11/05, 12:51:04.585, 19250524763024, vstest.console.dll, AssemblyResolver.OnResolve: Microsoft.TestPlatform.TestHostRuntimeProvider: Resolving assembly.
TpTrace Information: 0 : 2516, 1, 2024/11/05, 12:51:04.586, 19250524764833, vstest.console.dll, AssemblyResolver.OnResolve: Microsoft.TestPlatform.TestHostRuntimeProvider: Searching in: 'C:\Program Files\dotnet\sdk\8.0.403\Extensions'.
TpTrace Information: 0 : 2516, 1, 2024/11/05, 12:51:04.589, 19250524794665, vstest.console.dll, AssemblyResolver.OnResolve: Microsoft.TestPlatform.TestHostRuntimeProvider: Loading assembly 'C:\Program Files\dotnet\sdk\8.0.403\Extensions\Microsoft.TestPlatform.TestHostRuntimeProvider.dll'.
TpTrace Information: 0 : 2516, 1, 2024/11/05, 12:51:04.589, 19250524802210, vstest.console.dll, AssemblyResolver.OnResolve: Resolved assembly: Microsoft.TestPlatform.TestHostRuntimeProvider, from path: C:\Program Files\dotnet\sdk\8.0.403\Extensions\Microsoft.TestPlatform.TestHostRuntimeProvider.dll
TpTrace Verbose: 0 : 2516, 1, 2024/11/05, 12:51:04.589, 19250524803370, vstest.console.dll, MetadataReaderExtensionsHelper: Discovering extensions inside assembly 'Microsoft.TestPlatform.TestHostRuntimeProvider, Version=15.0.0.0, Culture=neutral, PublicKeyToken=b03f5f7f11d50a3a' file path 'C:\Program Files\dotnet\sdk\8.0.403\Extensions\Microsoft.TestPlatform.TestHostRuntimeProvider.dll'
TpTrace Information: 0 : 2516, 1, 2024/11/05, 12:51:04.591, 19250524823847, vstest.console.dll, GetTestExtensionFromType: Register extension with identifier data 'HostProvider://DefaultTestHost' and type 'Microsoft.VisualStudio.TestPlatform.CrossPlatEngine.Hosting.DefaultTestHostManager, Microsoft.TestPlatform.TestHostRuntimeProvider, Version=15.0.0.0, Culture=neutral, PublicKeyToken=b03f5f7f11d50a3a' inside file 'C:\Program Files\dotnet\sdk\8.0.403\Extensions\Microsoft.TestPlatform.TestHostRuntimeProvider.dll'
TpTrace Information: 0 : 2516, 1, 2024/11/05, 12:51:04.592, 19250524827626, vstest.console.dll, GetTestExtensionFromType: Register extension with identifier data 'HostProvider://DotnetTestHost' and type 'Microsoft.VisualStudio.TestPlatform.CrossPlatEngine.Hosting.DotnetTestHostManager, Microsoft.TestPlatform.TestHostRuntimeProvider, Version=15.0.0.0, Culture=neutral, PublicKeyToken=b03f5f7f11d50a3a' inside file 'C:\Program Files\dotnet\sdk\8.0.403\Extensions\Microsoft.TestPlatform.TestHostRuntimeProvider.dll'
TpTrace Information: 0 : 2516, 1, 2024/11/05, 12:51:04.592, 19250524829121, vstest.console.dll, AssemblyResolver.OnResolve: Microsoft.VisualStudio.TestPlatform.Extensions.Html.TestLogger: Resolving assembly.
TpTrace Information: 0 : 2516, 1, 2024/11/05, 12:51:04.592, 19250524829753, vstest.console.dll, AssemblyResolver.OnResolve: Microsoft.VisualStudio.TestPlatform.Extensions.Html.TestLogger: Searching in: 'C:\Program Files\dotnet\sdk\8.0.403\Extensions'.
TpTrace Information: 0 : 2516, 1, 2024/11/05, 12:51:04.595, 19250524862893, vstest.console.dll, AssemblyResolver.OnResolve: Microsoft.VisualStudio.TestPlatform.Extensions.Html.TestLogger: Loading assembly 'C:\Program Files\dotnet\sdk\8.0.403\Extensions\Microsoft.VisualStudio.TestPlatform.Extensions.Html.TestLogger.dll'.
TpTrace Information: 0 : 2516, 1, 2024/11/05, 12:51:04.596, 19250524873974, vstest.console.dll, AssemblyResolver.OnResolve: Resolved assembly: Microsoft.VisualStudio.TestPlatform.Extensions.Html.TestLogger, from path: C:\Program Files\dotnet\sdk\8.0.403\Extensions\Microsoft.VisualStudio.TestPlatform.Extensions.Html.TestLogger.dll
TpTrace Verbose: 0 : 2516, 1, 2024/11/05, 12:51:04.597, 19250524875609, vstest.console.dll, MetadataReaderExtensionsHelper: Discovering extensions inside assembly 'Microsoft.VisualStudio.TestPlatform.Extensions.Html.TestLogger, Version=15.0.0.0, Culture=neutral, PublicKeyToken=b03f5f7f11d50a3a' file path 'C:\Program Files\dotnet\sdk\8.0.403\Extensions\Microsoft.VisualStudio.TestPlatform.Extensions.Html.TestLogger.dll'
TpTrace Information: 0 : 2516, 1, 2024/11/05, 12:51:04.598, 19250524890323, vstest.console.dll, AssemblyResolver.OnResolve: Microsoft.VisualStudio.TestPlatform.Extensions.Trx.TestLogger: Resolving assembly.
TpTrace Information: 0 : 2516, 1, 2024/11/05, 12:51:04.598, 19250524891858, vstest.console.dll, AssemblyResolver.OnResolve: Microsoft.VisualStudio.TestPlatform.Extensions.Trx.TestLogger: Searching in: 'C:\Program Files\dotnet\sdk\8.0.403\Extensions'.
TpTrace Information: 0 : 2516, 1, 2024/11/05, 12:51:04.602, 19250524929051, vstest.console.dll, AssemblyResolver.OnResolve: Microsoft.VisualStudio.TestPlatform.Extensions.Trx.TestLogger: Loading assembly 'C:\Program Files\dotnet\sdk\8.0.403\Extensions\Microsoft.VisualStudio.TestPlatform.Extensions.Trx.TestLogger.dll'.
TpTrace Information: 0 : 2516, 1, 2024/11/05, 12:51:04.603, 19250524939958, vstest.console.dll, AssemblyResolver.OnResolve: Resolved assembly: Microsoft.VisualStudio.TestPlatform.Extensions.Trx.TestLogger, from path: C:\Program Files\dotnet\sdk\8.0.403\Extensions\Microsoft.VisualStudio.TestPlatform.Extensions.Trx.TestLogger.dll
TpTrace Verbose: 0 : 2516, 1, 2024/11/05, 12:51:04.603, 19250524941448, vstest.console.dll, MetadataReaderExtensionsHelper: Discovering extensions inside assembly 'Microsoft.VisualStudio.TestPlatform.Extensions.Trx.TestLogger, Version=15.0.0.0, Culture=neutral, PublicKeyToken=b03f5f7f11d50a3a' file path 'C:\Program Files\dotnet\sdk\8.0.403\Extensions\Microsoft.VisualStudio.TestPlatform.Extensions.Trx.TestLogger.dll'
TpTrace Verbose: 0 : 2516, 1, 2024/11/05, 12:51:04.605, 19250524959382, vstest.console.dll, TestPluginCache: Discovered the extensions using extension path ''.
TpTrace Verbose: 0 : 2516, 1, 2024/11/05, 12:51:04.605, 19250524960886, vstest.console.dll, TestPluginCache: Discoverers are ''.
TpTrace Verbose: 0 : 2516, 1, 2024/11/05, 12:51:04.605, 19250524961408, vstest.console.dll, TestPluginCache: Executors are ''.
TpTrace Verbose: 0 : 2516, 1, 2024/11/05, 12:51:04.605, 19250524961857, vstest.console.dll, TestPluginCache: Executors2 are ''.
TpTrace Verbose: 0 : 2516, 1, 2024/11/05, 12:51:04.605, 19250524962299, vstest.console.dll, TestPluginCache: Setting providers are ''.
TpTrace Verbose: 0 : 2516, 1, 2024/11/05, 12:51:04.605, 19250524962731, vstest.console.dll, TestPluginCache: Loggers are ''.
TpTrace Verbose: 0 : 2516, 1, 2024/11/05, 12:51:04.606, 19250524966714, vstest.console.dll, TestPluginCache: TestHosts are 'HostProvider://DefaultTestHost,HostProvider://DotnetTestHost'.
TpTrace Verbose: 0 : 2516, 1, 2024/11/05, 12:51:04.606, 19250524968076, vstest.console.dll, TestPluginCache: DataCollectors are ''.
TpTrace Information: 0 : 2516, 1, 2024/11/05, 12:51:04.637, 19250525283961, vstest.console.dll, RunTestsArgumentProcessor:Execute: Test run is starting.
TpTrace Verbose: 0 : 2516, 1, 2024/11/05, 12:51:04.638, 19250525285441, vstest.console.dll, RunTestsArgumentProcessor:Execute: Queuing Test run.
TpTrace Information: 0 : 2516, 1, 2024/11/05, 12:51:04.638, 19250525288375, vstest.console.dll, TestRequestManager.RunTests: run tests started.
TpTrace Information: 0 : 2516, 1, 2024/11/05, 12:51:04.665, 19250525555023, vstest.console.dll, AssemblyMetadataProvider.GetFrameworkName: Determined framework:'.NETCoreApp,Version=v8.0' for source: 'C:\Users\matmi\OneDrive\Documentos\github\fiap_grupo57_fase1\fiap_grupo57_fase1_test\bin\Debug\net8.0\fine-code-coverage\build-output\fiap_grupo57_fase1_test.dll'
TpTrace Information: 0 : 2516, 1, 2024/11/05, 12:51:04.665, 19250525558606, vstest.console.dll, Determined framework for all sources: .NETCoreApp,Version=v8.0
TpTrace Verbose: 0 : 2516, 1, 2024/11/05, 12:51:04.665, 19250525564041, vstest.console.dll, TestRequestManager.UpdateRunSettingsIfRequired: Default architecture: X64 IsDefaultTargetArchitecture: True, Current process architecture: X64 OperatingSystem: Windows.
TpTrace Information: 0 : 2516, 1, 2024/11/05, 12:51:04.668, 19250525591794, vstest.console.dll, AssemblyMetadataProvider.GetArchitecture: Determined architecture:AnyCPU info for assembly: C:\Users\matmi\OneDrive\Documentos\github\fiap_grupo57_fase1\fiap_grupo57_fase1_test\bin\Debug\net8.0\fine-code-coverage\build-output\fiap_grupo57_fase1_test.dll
TpTrace Information: 0 : 2516, 1, 2024/11/05, 12:51:04.668, 19250525592914, vstest.console.dll, Determined platform for source 'C:\Users\matmi\OneDrive\Documentos\github\fiap_grupo57_fase1\fiap_grupo57_fase1_test\bin\Debug\net8.0\fine-code-coverage\build-output\fiap_grupo57_fase1_test.dll' was AnyCPU and it will use the default plaform X64.
TpTrace Information: 0 : 2516, 1, 2024/11/05, 12:51:04.668, 19250525593371, vstest.console.dll, None of the sources provided any runnable platform, using the default platform: X64
TpTrace Information: 0 : 2516, 1, 2024/11/05, 12:51:04.669, 19250525594737, vstest.console.dll, Platform was updated to 'X64'.
TpTrace Information: 0 : 2516, 1, 2024/11/05, 12:51:04.673, 19250525643791, vstest.console.dll, InferRunSettingsHelper.IsTestSettingsEnabled: Unable to navigate to RunSettings/MSTest. Current node: RunSettings
TpTrace Information: 0 : 2516, 1, 2024/11/05, 12:51:04.674, 19250525652757, vstest.console.dll, AssemblyResolver.OnResolve: Microsoft.VisualStudio.TestPlatform.Fakes: Resolving assembly.
TpTrace Information: 0 : 2516, 1, 2024/11/05, 12:51:04.674, 19250525653799, vstest.console.dll, AssemblyResolver.OnResolve: Microsoft.VisualStudio.TestPlatform.Fakes: Searching in: 'C:\Program Files\dotnet\sdk\8.0.403\Extensions'.
TpTrace Information: 0 : 2516, 1, 2024/11/05, 12:51:04.675, 19250525654782, vstest.console.dll, AssemblyResolver.OnResolve: Microsoft.VisualStudio.TestPlatform.Fakes: Assembly path does not exist: 'C:\Program Files\dotnet\sdk\8.0.403\Extensions\Microsoft.VisualStudio.TestPlatform.Fakes.dll', returning.
TpTrace Information: 0 : 2516, 1, 2024/11/05, 12:51:04.675, 19250525655442, vstest.console.dll, AssemblyResolver.OnResolve: Microsoft.VisualStudio.TestPlatform.Fakes: Assembly path does not exist: 'C:\Program Files\dotnet\sdk\8.0.403\Extensions\Microsoft.VisualStudio.TestPlatform.Fakes.exe', returning.
TpTrace Information: 0 : 2516, 1, 2024/11/05, 12:51:04.675, 19250525655747, vstest.console.dll, AssemblyResolver.OnResolve: Microsoft.VisualStudio.TestPlatform.Fakes: Searching in: 'C:\Program Files\dotnet\sdk\8.0.403'.
TpTrace Information: 0 : 2516, 1, 2024/11/05, 12:51:04.675, 19250525656393, vstest.console.dll, AssemblyResolver.OnResolve: Microsoft.VisualStudio.TestPlatform.Fakes: Assembly path does not exist: 'C:\Program Files\dotnet\sdk\8.0.403\Microsoft.VisualStudio.TestPlatform.Fakes.dll', returning.
TpTrace Information: 0 : 2516, 1, 2024/11/05, 12:51:04.675, 19250525656951, vstest.console.dll, AssemblyResolver.OnResolve: Microsoft.VisualStudio.TestPlatform.Fakes: Assembly path does not exist: 'C:\Program Files\dotnet\sdk\8.0.403\Microsoft.VisualStudio.TestPlatform.Fakes.exe', returning.
TpTrace Information: 0 : 2516, 1, 2024/11/05, 12:51:04.675, 19250525657242, vstest.console.dll, AssemblyResolver.OnResolve: Microsoft.VisualStudio.TestPlatform.Fakes: Failed to load assembly.
TpTrace Information: 0 : 2516, 1, 2024/11/05, 12:51:04.675, 19250525659715, vstest.console.dll, Failed to load assembly Microsoft.VisualStudio.TestPlatform.Fakes, Version=17.0.0.0, Culture=neutral. Reason:System.IO.FileNotFoundException: Could not load file or assembly 'Microsoft.VisualStudio.TestPlatform.Fakes, Version=17.0.0.0, Culture=neutral, PublicKeyToken=null'. O sistema não pode encontrar o arquivo especificado.
File name: 'Microsoft.VisualStudio.TestPlatform.Fakes, Version=17.0.0.0, Culture=neutral, PublicKeyToken=null'
   at System.Reflection.RuntimeAssembly.InternalLoad(AssemblyName assemblyName, StackCrawlMark& stackMark, AssemblyLoadContext assemblyLoadContext, RuntimeAssembly requestingAssembly, Boolean throwOnFileNotFound)
   at System.Reflection.Assembly.Load(AssemblyName assemblyRef)
   at Microsoft.VisualStudio.TestPlatform.Common.Utilities.FakesUtilities.LoadTestPlatformAssembly() in /_/src/Microsoft.TestPlatform.Common/Utilities/FakesUtilities.cs:line 272
TpTrace Verbose: 0 : 2516, 1, 2024/11/05, 12:51:04.678, 19250525692824, vstest.console.dll, TestPluginCache.DiscoverTestExtensions: finding test extensions in assemblies ends with: TestLogger.dll TPluginInfo: Microsoft.VisualStudio.TestPlatform.Common.ExtensionFramework.Utilities.TestLoggerPluginInformation TExtension: Microsoft.VisualStudio.TestPlatform.ObjectModel.Client.ITestLogger
TpTrace Verbose: 0 : 2516, 1, 2024/11/05, 12:51:04.678, 19250525693826, vstest.console.dll, TestPluginCache.GetExtensionPaths: Filtered extension paths: 
TpTrace Verbose: 0 : 2516, 1, 2024/11/05, 12:51:04.679, 19250525694149, vstest.console.dll, TestPluginCache.GetExtensionPaths: Added default extension paths: C:\Program Files\dotnet\sdk\8.0.403\Extensions\Microsoft.Diagnostics.NETCore.Client.dll
C:\Program Files\dotnet\sdk\8.0.403\Extensions\Microsoft.TestPlatform.Extensions.BlameDataCollector.dll
C:\Program Files\dotnet\sdk\8.0.403\Extensions\Microsoft.TestPlatform.Extensions.EventLogCollector.dll
C:\Program Files\dotnet\sdk\8.0.403\Extensions\Microsoft.TestPlatform.TestHostRuntimeProvider.dll
C:\Program Files\dotnet\sdk\8.0.403\Extensions\Microsoft.VisualStudio.TestPlatform.Extensions.Html.TestLogger.dll
C:\Program Files\dotnet\sdk\8.0.403\Extensions\Microsoft.VisualStudio.TestPlatform.Extensions.Trx.TestLogger.dll
TpTrace Verbose: 0 : 2516, 1, 2024/11/05, 12:51:04.679, 19250525694454, vstest.console.dll, TestPluginCache.GetExtensionPaths: Added unfilterableExtensionPaths: 
TpTrace Information: 0 : 2516, 1, 2024/11/05, 12:51:04.679, 19250525695675, vstest.console.dll, AssemblyResolver.AddSearchDirectories: Adding more searchDirectories C:\Program Files\dotnet\sdk\8.0.403\Extensions,C:\Program Files\dotnet\sdk\8.0.403
TpTrace Verbose: 0 : 2516, 1, 2024/11/05, 12:51:04.679, 19250525696151, vstest.console.dll, TestPluginCache.DiscoverTestExtensions: Discovering the extensions using extension path.
TpTrace Verbose: 0 : 2516, 1, 2024/11/05, 12:51:04.679, 19250525696459, vstest.console.dll, TestPluginCache.GetExtensionPaths: Filtered extension paths: 
TpTrace Verbose: 0 : 2516, 1, 2024/11/05, 12:51:04.679, 19250525696755, vstest.console.dll, TestPluginCache.GetExtensionPaths: Added default extension paths: C:\Program Files\dotnet\sdk\8.0.403\Extensions\Microsoft.Diagnostics.NETCore.Client.dll
C:\Program Files\dotnet\sdk\8.0.403\Extensions\Microsoft.TestPlatform.Extensions.BlameDataCollector.dll
C:\Program Files\dotnet\sdk\8.0.403\Extensions\Microsoft.TestPlatform.Extensions.EventLogCollector.dll
C:\Program Files\dotnet\sdk\8.0.403\Extensions\Microsoft.TestPlatform.TestHostRuntimeProvider.dll
C:\Program Files\dotnet\sdk\8.0.403\Extensions\Microsoft.VisualStudio.TestPlatform.Extensions.Html.TestLogger.dll
C:\Program Files\dotnet\sdk\8.0.403\Extensions\Microsoft.VisualStudio.TestPlatform.Extensions.Trx.TestLogger.dll
TpTrace Verbose: 0 : 2516, 1, 2024/11/05, 12:51:04.679, 19250525697002, vstest.console.dll, TestPluginCache.GetExtensionPaths: Added unfilterableExtensionPaths: 
TpTrace Verbose: 0 : 2516, 1, 2024/11/05, 12:51:04.679, 19250525697675, vstest.console.dll, TestPluginCache.DiscoverTestExtensions: Discovering the extensions using allExtensionPaths: C:\Program Files\dotnet\sdk\8.0.403\Extensions\Microsoft.Diagnostics.NETCore.Client.dll
C:\Program Files\dotnet\sdk\8.0.403\Extensions\Microsoft.TestPlatform.Extensions.BlameDataCollector.dll
C:\Program Files\dotnet\sdk\8.0.403\Extensions\Microsoft.TestPlatform.Extensions.EventLogCollector.dll
C:\Program Files\dotnet\sdk\8.0.403\Extensions\Microsoft.TestPlatform.TestHostRuntimeProvider.dll
C:\Program Files\dotnet\sdk\8.0.403\Extensions\Microsoft.VisualStudio.TestPlatform.Extensions.Html.TestLogger.dll
C:\Program Files\dotnet\sdk\8.0.403\Extensions\Microsoft.VisualStudio.TestPlatform.Extensions.Trx.TestLogger.dll
TpTrace Information: 0 : 2516, 1, 2024/11/05, 12:51:04.679, 19250525698137, vstest.console.dll, AssemblyResolver.AddSearchDirectories: Adding more searchDirectories C:\Program Files\dotnet\sdk\8.0.403\Extensions,C:\Program Files\dotnet\sdk\8.0.403
TpTrace Information: 0 : 2516, 1, 2024/11/05, 12:51:04.679, 19250525698449, vstest.console.dll, AssemblyResolver.AddSearchDirectories: Adding more searchDirectories C:\Program Files\dotnet\sdk\8.0.403\Extensions,C:\Program Files\dotnet\sdk\8.0.403
TpTrace Information: 0 : 2516, 1, 2024/11/05, 12:51:04.679, 19250525698703, vstest.console.dll, AssemblyResolver.AddSearchDirectories: Adding more searchDirectories C:\Program Files\dotnet\sdk\8.0.403\Extensions,C:\Program Files\dotnet\sdk\8.0.403
TpTrace Information: 0 : 2516, 1, 2024/11/05, 12:51:04.679, 19250525698949, vstest.console.dll, AssemblyResolver.AddSearchDirectories: Adding more searchDirectories C:\Program Files\dotnet\sdk\8.0.403\Extensions,C:\Program Files\dotnet\sdk\8.0.403
TpTrace Information: 0 : 2516, 1, 2024/11/05, 12:51:04.679, 19250525699227, vstest.console.dll, AssemblyResolver.AddSearchDirectories: Adding more searchDirectories C:\Program Files\dotnet\sdk\8.0.403\Extensions,C:\Program Files\dotnet\sdk\8.0.403
TpTrace Information: 0 : 2516, 1, 2024/11/05, 12:51:04.679, 19250525699479, vstest.console.dll, AssemblyResolver.AddSearchDirectories: Adding more searchDirectories C:\Program Files\dotnet\sdk\8.0.403\Extensions,C:\Program Files\dotnet\sdk\8.0.403
TpTrace Verbose: 0 : 2516, 1, 2024/11/05, 12:51:04.679, 19250525700422, vstest.console.dll, MetadataReaderExtensionsHelper: Discovering extensions inside assembly 'Microsoft.Diagnostics.NETCore.Client, Version=0.2.10.30701, Culture=neutral, PublicKeyToken=31bf3856ad364e35' file path 'C:\Program Files\dotnet\sdk\8.0.403\Extensions\Microsoft.Diagnostics.NETCore.Client.dll'
TpTrace Information: 0 : 2516, 1, 2024/11/05, 12:51:04.680, 19250525707448, vstest.console.dll, AssemblyResolver.OnResolve: Microsoft.Bcl.AsyncInterfaces: Resolving assembly.
TpTrace Information: 0 : 2516, 1, 2024/11/05, 12:51:04.680, 19250525708087, vstest.console.dll, AssemblyResolver.OnResolve: Microsoft.Bcl.AsyncInterfaces: Resolved from cache.
TpTrace Verbose: 0 : 2516, 1, 2024/11/05, 12:51:04.680, 19250525708405, vstest.console.dll, CurrentDomainAssemblyResolve: Resolving assembly 'Microsoft.Bcl.AsyncInterfaces'.
TpTrace Information: 0 : 2516, 1, 2024/11/05, 12:51:04.680, 19250525708791, vstest.console.dll, AssemblyResolver.OnResolve: Microsoft.Bcl.AsyncInterfaces: Resolving assembly.
TpTrace Information: 0 : 2516, 1, 2024/11/05, 12:51:04.680, 19250525709038, vstest.console.dll, AssemblyResolver.OnResolve: Microsoft.Bcl.AsyncInterfaces: Resolved from cache.
TpTrace Verbose: 0 : 2516, 1, 2024/11/05, 12:51:04.680, 19250525709264, vstest.console.dll, CurrentDomainAssemblyResolve: Resolving assembly 'Microsoft.Bcl.AsyncInterfaces'.
TpTrace Verbose: 0 : 2516, 1, 2024/11/05, 12:51:04.680, 19250525709485, vstest.console.dll, CurrentDomainAssemblyResolve: Failed to resolve assembly 'Microsoft.Bcl.AsyncInterfaces'.
TpTrace Verbose: 0 : 2516, 1, 2024/11/05, 12:51:04.680, 19250525710804, vstest.console.dll, CurrentDomainAssemblyResolve: Failed to resolve assembly 'Microsoft.Bcl.AsyncInterfaces'.
TpTrace Warning: 0 : 2516, 1, 2024/11/05, 12:51:04.681, 19250525714254, vstest.console.dll, TestPluginDiscoverer: Failed to get types from assembly 'Microsoft.Diagnostics.NETCore.Client, Version=0.2.10.30701, Culture=neutral, PublicKeyToken=31bf3856ad364e35'. Error: System.Reflection.ReflectionTypeLoadException: Unable to load one or more of the requested types.
Could not load file or assembly 'Microsoft.Bcl.AsyncInterfaces, Version=6.0.0.0, Culture=neutral, PublicKeyToken=cc7b13ffcd2ddd51'. O sistema não pode encontrar o arquivo especificado.
   at System.Reflection.RuntimeModule.GetTypes(RuntimeModule module)
   at System.Reflection.RuntimeModule.GetTypes()
   at Microsoft.VisualStudio.TestPlatform.Common.ExtensionFramework.TestPluginDiscoverer.GetTestExtensionsFromAssembly[TPluginInfo,TExtension](Assembly assembly, Dictionary`2 pluginInfos, String filePath) in /_/src/Microsoft.TestPlatform.Common/ExtensionFramework/TestPluginDiscoverer.cs:line 158
System.IO.FileNotFoundException: Could not load file or assembly 'Microsoft.Bcl.AsyncInterfaces, Version=6.0.0.0, Culture=neutral, PublicKeyToken=cc7b13ffcd2ddd51'. O sistema não pode encontrar o arquivo especificado.
File name: 'Microsoft.Bcl.AsyncInterfaces, Version=6.0.0.0, Culture=neutral, PublicKeyToken=cc7b13ffcd2ddd51'
 ---> System.IO.FileNotFoundException: Could not load file or assembly 'Microsoft.Bcl.AsyncInterfaces, Culture=neutral, PublicKeyToken=null'. O sistema não pode encontrar o arquivo especificado.
File name: 'Microsoft.Bcl.AsyncInterfaces, Culture=neutral, PublicKeyToken=null'
   at System.Reflection.RuntimeAssembly.InternalLoad(AssemblyName assemblyName, StackCrawlMark& stackMark, AssemblyLoadContext assemblyLoadContext, RuntimeAssembly requestingAssembly, Boolean throwOnFileNotFound)
   at System.Reflection.Assembly.Load(AssemblyName assemblyRef)
   at Microsoft.VisualStudio.TestPlatform.Common.ExtensionFramework.TestPluginCache.CurrentDomainAssemblyResolve(Object sender, AssemblyResolveEventArgs args) in /_/src/Microsoft.TestPlatform.Common/ExtensionFramework/TestPluginCache.cs:line 513
   at System.Runtime.Loader.AssemblyLoadContext.GetFirstResolvedAssemblyFromResolvingEvent(AssemblyName assemblyName)
   at System.Runtime.Loader.AssemblyLoadContext.ResolveUsingEvent(AssemblyName assemblyName)
   at System.Runtime.Loader.AssemblyLoadContext.ResolveUsingResolvingEvent(IntPtr gchManagedAssemblyLoadContext, AssemblyName assemblyName)
TpTrace Warning: 0 : 2516, 1, 2024/11/05, 12:51:04.681, 19250525715803, vstest.console.dll, LoaderExceptions: System.IO.FileNotFoundException: Could not load file or assembly 'Microsoft.Bcl.AsyncInterfaces, Version=6.0.0.0, Culture=neutral, PublicKeyToken=cc7b13ffcd2ddd51'. O sistema não pode encontrar o arquivo especificado.
File name: 'Microsoft.Bcl.AsyncInterfaces, Version=6.0.0.0, Culture=neutral, PublicKeyToken=cc7b13ffcd2ddd51'
 ---> System.IO.FileNotFoundException: Could not load file or assembly 'Microsoft.Bcl.AsyncInterfaces, Culture=neutral, PublicKeyToken=null'. O sistema não pode encontrar o arquivo especificado.
File name: 'Microsoft.Bcl.AsyncInterfaces, Culture=neutral, PublicKeyToken=null'
   at System.Reflection.RuntimeAssembly.InternalLoad(AssemblyName assemblyName, StackCrawlMark& stackMark, AssemblyLoadContext assemblyLoadContext, RuntimeAssembly requestingAssembly, Boolean throwOnFileNotFound)
   at System.Reflection.Assembly.Load(AssemblyName assemblyRef)
   at Microsoft.VisualStudio.TestPlatform.Common.ExtensionFramework.TestPluginCache.CurrentDomainAssemblyResolve(Object sender, AssemblyResolveEventArgs args) in /_/src/Microsoft.TestPlatform.Common/ExtensionFramework/TestPluginCache.cs:line 513
   at System.Runtime.Loader.AssemblyLoadContext.GetFirstResolvedAssemblyFromResolvingEvent(AssemblyName assemblyName)
   at System.Runtime.Loader.AssemblyLoadContext.ResolveUsingEvent(AssemblyName assemblyName)
   at System.Runtime.Loader.AssemblyLoadContext.ResolveUsingResolvingEvent(IntPtr gchManagedAssemblyLoadContext, AssemblyName assemblyName)
TpTrace Verbose: 0 : 2516, 1, 2024/11/05, 12:51:04.681, 19250525716525, vstest.console.dll, MetadataReaderExtensionsHelper: Discovering extensions inside assembly 'Microsoft.TestPlatform.Extensions.BlameDataCollector, Version=15.0.0.0, Culture=neutral, PublicKeyToken=b03f5f7f11d50a3a' file path 'C:\Program Files\dotnet\sdk\8.0.403\Extensions\Microsoft.TestPlatform.Extensions.BlameDataCollector.dll'
TpTrace Information: 0 : 2516, 1, 2024/11/05, 12:51:04.681, 19250525720667, vstest.console.dll, GetTestExtensionFromType: Register extension with identifier data 'logger://Microsoft/TestPlatform/Extensions/Blame/v1' and type 'Microsoft.TestPlatform.Extensions.BlameDataCollector.BlameLogger, Microsoft.TestPlatform.Extensions.BlameDataCollector, Version=15.0.0.0, Culture=neutral, PublicKeyToken=b03f5f7f11d50a3a' inside file 'C:\Program Files\dotnet\sdk\8.0.403\Extensions\Microsoft.TestPlatform.Extensions.BlameDataCollector.dll'
TpTrace Verbose: 0 : 2516, 1, 2024/11/05, 12:51:04.681, 19250525721398, vstest.console.dll, MetadataReaderExtensionsHelper: Discovering extensions inside assembly 'Microsoft.TestPlatform.Extensions.EventLogCollector, Version=15.0.0.0, Culture=neutral, PublicKeyToken=b03f5f7f11d50a3a' file path 'C:\Program Files\dotnet\sdk\8.0.403\Extensions\Microsoft.TestPlatform.Extensions.EventLogCollector.dll'
TpTrace Verbose: 0 : 2516, 1, 2024/11/05, 12:51:04.682, 19250525724185, vstest.console.dll, MetadataReaderExtensionsHelper: Discovering extensions inside assembly 'Microsoft.TestPlatform.TestHostRuntimeProvider, Version=15.0.0.0, Culture=neutral, PublicKeyToken=b03f5f7f11d50a3a' file path 'C:\Program Files\dotnet\sdk\8.0.403\Extensions\Microsoft.TestPlatform.TestHostRuntimeProvider.dll'
TpTrace Verbose: 0 : 2516, 1, 2024/11/05, 12:51:04.682, 19250525727219, vstest.console.dll, MetadataReaderExtensionsHelper: Discovering extensions inside assembly 'Microsoft.VisualStudio.TestPlatform.Extensions.Html.TestLogger, Version=15.0.0.0, Culture=neutral, PublicKeyToken=b03f5f7f11d50a3a' file path 'C:\Program Files\dotnet\sdk\8.0.403\Extensions\Microsoft.VisualStudio.TestPlatform.Extensions.Html.TestLogger.dll'
TpTrace Information: 0 : 2516, 1, 2024/11/05, 12:51:04.682, 19250525732072, vstest.console.dll, GetTestExtensionFromType: Register extension with identifier data 'logger://Microsoft/TestPlatform/HtmlLogger/v1' and type 'Microsoft.VisualStudio.TestPlatform.Extensions.HtmlLogger.HtmlLogger, Microsoft.VisualStudio.TestPlatform.Extensions.Html.TestLogger, Version=15.0.0.0, Culture=neutral, PublicKeyToken=b03f5f7f11d50a3a' inside file 'C:\Program Files\dotnet\sdk\8.0.403\Extensions\Microsoft.VisualStudio.TestPlatform.Extensions.Html.TestLogger.dll'
TpTrace Verbose: 0 : 2516, 1, 2024/11/05, 12:51:04.682, 19250525732766, vstest.console.dll, MetadataReaderExtensionsHelper: Discovering extensions inside assembly 'Microsoft.VisualStudio.TestPlatform.Extensions.Trx.TestLogger, Version=15.0.0.0, Culture=neutral, PublicKeyToken=b03f5f7f11d50a3a' file path 'C:\Program Files\dotnet\sdk\8.0.403\Extensions\Microsoft.VisualStudio.TestPlatform.Extensions.Trx.TestLogger.dll'
TpTrace Information: 0 : 2516, 1, 2024/11/05, 12:51:04.683, 19250525735962, vstest.console.dll, GetTestExtensionFromType: Register extension with identifier data 'logger://Microsoft/TestPlatform/TrxLogger/v1' and type 'Microsoft.VisualStudio.TestPlatform.Extensions.TrxLogger.TrxLogger, Microsoft.VisualStudio.TestPlatform.Extensions.Trx.TestLogger, Version=15.0.0.0, Culture=neutral, PublicKeyToken=b03f5f7f11d50a3a' inside file 'C:\Program Files\dotnet\sdk\8.0.403\Extensions\Microsoft.VisualStudio.TestPlatform.Extensions.Trx.TestLogger.dll'
TpTrace Verbose: 0 : 2516, 1, 2024/11/05, 12:51:04.683, 19250525736657, vstest.console.dll, TestPluginCache: Discovered the extensions using extension path ''.
TpTrace Verbose: 0 : 2516, 1, 2024/11/05, 12:51:04.683, 19250525736924, vstest.console.dll, TestPluginCache: Discoverers are ''.
TpTrace Verbose: 0 : 2516, 1, 2024/11/05, 12:51:04.683, 19250525737145, vstest.console.dll, TestPluginCache: Executors are ''.
TpTrace Verbose: 0 : 2516, 1, 2024/11/05, 12:51:04.683, 19250525737383, vstest.console.dll, TestPluginCache: Executors2 are ''.
TpTrace Verbose: 0 : 2516, 1, 2024/11/05, 12:51:04.683, 19250525737656, vstest.console.dll, TestPluginCache: Setting providers are ''.
TpTrace Verbose: 0 : 2516, 1, 2024/11/05, 12:51:04.683, 19250525738234, vstest.console.dll, TestPluginCache: Loggers are 'logger://Microsoft/TestPlatform/Extensions/Blame/v1,logger://Microsoft/TestPlatform/HtmlLogger/v1,logger://Microsoft/TestPlatform/TrxLogger/v1'.
TpTrace Verbose: 0 : 2516, 1, 2024/11/05, 12:51:04.683, 19250525738596, vstest.console.dll, TestPluginCache: TestHosts are 'HostProvider://DefaultTestHost,HostProvider://DotnetTestHost'.
TpTrace Verbose: 0 : 2516, 1, 2024/11/05, 12:51:04.683, 19250525738832, vstest.console.dll, TestPluginCache: DataCollectors are ''.
TpTrace Information: 0 : 2516, 1, 2024/11/05, 12:51:04.684, 19250525745869, vstest.console.dll, TestPluginManager.CreateTestExtension: Attempting to load test extension: Microsoft.TestPlatform.Extensions.BlameDataCollector.BlameLogger
TpTrace Verbose: 0 : 2516, 1, 2024/11/05, 12:51:04.693, 19250525836698, vstest.console.dll, TestEngine: Initializing Parallel Execution as MaxCpuCount is set to: 1
TpTrace Information: 0 : 2516, 1, 2024/11/05, 12:51:04.694, 19250525849861, vstest.console.dll, TestPluginManager.CreateTestExtension: Attempting to load test extension: Microsoft.VisualStudio.TestPlatform.CrossPlatEngine.Hosting.DefaultTestHostManager
TpTrace Information: 0 : 2516, 1, 2024/11/05, 12:51:04.695, 19250525857860, vstest.console.dll, TestPluginManager.CreateTestExtension: Attempting to load test extension: Microsoft.VisualStudio.TestPlatform.CrossPlatEngine.Hosting.DotnetTestHostManager
TpTrace Verbose: 0 : 2516, 1, 2024/11/05, 12:51:04.695, 19250525860061, vstest.console.dll, TestHostManagerCallbacks.ctor: Forwarding output is enabled.
TpTrace Information: 0 : 2516, 1, 2024/11/05, 12:51:04.695, 19250525863641, vstest.console.dll, InferRunSettingsHelper.IsTestSettingsEnabled: Unable to navigate to RunSettings/MSTest. Current node: RunSettings
TpTrace Verbose: 0 : 2516, 1, 2024/11/05, 12:51:04.696, 19250525868398, vstest.console.dll, ParallelOperationManager.ClearSlots: Clearing all slots. Slots should accept more work: True
TpTrace Verbose: 0 : 2516, 1, 2024/11/05, 12:51:04.697, 19250525874105, vstest.console.dll, ParallelOperationManager.SetOccupiedSlotCount: Setting slot counts AvailableSlotCount = 1, OccupiedSlotCount = 0.
TpTrace Verbose: 0 : 2516, 1, 2024/11/05, 12:51:04.697, 19250525877057, vstest.console.dll, Occupied slots:

TpTrace Verbose: 0 : 2516, 1, 2024/11/05, 12:51:04.700, 19250525908686, vstest.console.dll, TestEngine.GetExecutionManager: Chosen execution manager 'Microsoft.VisualStudio.TestPlatform.CrossPlatEngine.Client.Parallel.ParallelProxyExecutionManager, Microsoft.TestPlatform.CrossPlatEngine, Version=15.0.0.0, Culture=neutral, PublicKeyToken=b03f5f7f11d50a3a' ParallelLevel '1'.
TpTrace Verbose: 0 : 2516, 1, 2024/11/05, 12:51:04.700, 19250525910383, vstest.console.dll, TestPlatform.GetSkipDefaultAdapters: Not skipping default adapters SkipDefaultAdapters was false.
TpTrace Verbose: 0 : 2516, 1, 2024/11/05, 12:51:04.700, 19250525911246, vstest.console.dll, TestRunRequest.ExecuteAsync: Creating test run request.
TpTrace Verbose: 0 : 2516, 1, 2024/11/05, 12:51:04.700, 19250525913154, vstest.console.dll, TestRunRequest.ExecuteAsync: Starting.
TpTrace Information: 0 : 2516, 1, 2024/11/05, 12:51:04.701, 19250525923863, vstest.console.dll, TestRunRequest.ExecuteAsync: Starting run with settings:TestRunCriteria:
   KeepAlive=False,FrequencyOfRunStatsChangeEvent=10,RunStatsChangeEventTimeout=00:00:01.5000000,TestCaseFilter=,TestExecutorLauncher=
   Settingsxml=<RunSettings>
  <RunConfiguration>
    <ResultsDirectory>C:\Users\matmi\OneDrive\Documentos\github\fiap_grupo57_fase1\fiap_grupo57_fase1_test\bin\Debug\net8.0\fine-code-coverage\coverage-tool-output</ResultsDirectory>
    <TargetPlatform>X64</TargetPlatform>
    <TargetFrameworkVersion>.NETCoreApp,Version=v8.0</TargetFrameworkVersion>
    <DesignMode>False</DesignMode>
    <CollectSourceInformation>False</CollectSourceInformation>
  </RunConfiguration>
  <LoggerRunSettings>
    <Loggers>
      <Logger friendlyName="blame" enabled="True" />
      <Logger friendlyName="Console" uri="logger://microsoft/TestPlatform/ConsoleLogger/v1" assemblyQualifiedName="Microsoft.VisualStudio.TestPlatform.CommandLine.Internal.ConsoleLogger, vstest.console, Version=15.0.0.0, Culture=neutral, PublicKeyToken=b03f5f7f11d50a3a" codeBase="C:\Program Files\dotnet\sdk\8.0.403\vstest.console.dll" enabled="True" />
    </Loggers>
  </LoggerRunSettings>
  <DataCollectionRunSettings>
    <DataCollectors>
      <DataCollector friendlyName="blame" enabled="True">
        <Configuration>
          <ResultsDirectory>C:\Users\matmi\OneDrive\Documentos\github\fiap_grupo57_fase1\fiap_grupo57_fase1_test\bin\Debug\net8.0\fine-code-coverage\coverage-tool-output</ResultsDirectory>
        </Configuration>
      </DataCollector>
    </DataCollectors>
  </DataCollectionRunSettings>
</RunSettings>

TpTrace Verbose: 0 : 2516, 1, 2024/11/05, 12:51:04.702, 19250525924540, vstest.console.dll, TestRunRequest.ExecuteAsync: Wait for the first run request is over.
TpTrace Verbose: 0 : 2516, 1, 2024/11/05, 12:51:04.702, 19250525926870, vstest.console.dll, MulticastDelegateUtilities.SafeInvoke: TestRun.TestRunStart: Invoking callbacks was skipped because there are no subscribers.
TpTrace Verbose: 0 : 2516, 4, 2024/11/05, 12:51:04.702, 19250525929478, vstest.console.dll, MulticastDelegateUtilities.SafeInvoke: InternalTestLoggerEvents.SendTestRunStart: Invoking callback 1/1 for Microsoft.VisualStudio.TestPlatform.CommandLine.Internal.ConsoleLogger., took 0 ms.
TpTrace Verbose: 0 : 2516, 1, 2024/11/05, 12:51:04.703, 19250525936267, vstest.console.dll, ParallelProxyExecutionManager: Start execution. Total sources: 1
TpTrace Verbose: 0 : 2516, 1, 2024/11/05, 12:51:04.703, 19250525939956, vstest.console.dll, ParallelOperationManager.StartWork: Starting adding 1 workloads.
TpTrace Verbose: 0 : 2516, 1, 2024/11/05, 12:51:04.703, 19250525940691, vstest.console.dll, ParallelOperationManager.ClearSlots: Clearing all slots. Slots should accept more work: True
TpTrace Verbose: 0 : 2516, 1, 2024/11/05, 12:51:04.703, 19250525941317, vstest.console.dll, ParallelOperationManager.SetOccupiedSlotCount: Setting slot counts AvailableSlotCount = 1, OccupiedSlotCount = 0.
TpTrace Verbose: 0 : 2516, 1, 2024/11/05, 12:51:04.703, 19250525941638, vstest.console.dll, Occupied slots:

TpTrace Verbose: 0 : 2516, 1, 2024/11/05, 12:51:04.704, 19250525952544, vstest.console.dll, TestHostManagerCallbacks.ctor: Forwarding output is enabled.
TpTrace Verbose: 0 : 2516, 1, 2024/11/05, 12:51:04.705, 19250525954747, vstest.console.dll, TestRequestSender is acting as server.
TpTrace Verbose: 0 : 2516, 1, 2024/11/05, 12:51:04.706, 19250525964367, vstest.console.dll, ParallelOperationManager.RunWorkInParallel: Adding 1 workload to slot, remaining workloads 0.
TpTrace Verbose: 0 : 2516, 1, 2024/11/05, 12:51:04.706, 19250525965030, vstest.console.dll, ParallelOperationManager.SetOccupiedSlotCount: Setting slot counts AvailableSlotCount = 0, OccupiedSlotCount = 1.
TpTrace Verbose: 0 : 2516, 1, 2024/11/05, 12:51:04.706, 19250525966072, vstest.console.dll, Occupied slots:
0: C:\Users\matmi\OneDrive\Documentos\github\fiap_grupo57_fase1\fiap_grupo57_fase1_test\bin\Debug\net8.0\fine-code-coverage\build-output\fiap_grupo57_fase1_test.dll
TpTrace Verbose: 0 : 2516, 1, 2024/11/05, 12:51:04.707, 19250525975725, vstest.console.dll, ParallelOperationManager.RunWorkInParallel: Started host in slot number 0 for work (source): C:\Users\matmi\OneDrive\Documentos\github\fiap_grupo57_fase1\fiap_grupo57_fase1_test\bin\Debug\net8.0\fine-code-coverage\build-output\fiap_grupo57_fase1_test.dll.
TpTrace Verbose: 0 : 2516, 1, 2024/11/05, 12:51:04.708, 19250525987900, vstest.console.dll, ParallelOperationManager.RunWorkInParallel: We started 1 work items, which is the max parallel level. Won't start more work.
TpTrace Verbose: 0 : 2516, 1, 2024/11/05, 12:51:04.708, 19250525988660, vstest.console.dll, ParallelOperationManager.RunWorkInParallel: We started 1 work items in here, returning True.
TpTrace Information: 0 : 2516, 1, 2024/11/05, 12:51:04.708, 19250525988996, vstest.console.dll, TestRunRequest.ExecuteAsync: Started.
TpTrace Verbose: 0 : 2516, 5, 2024/11/05, 12:51:04.708, 19250525989122, vstest.console.dll, ParallelProxyExecutionManager.StartTestRunOnConcurrentManager: Initializing uninitialized client. Started clients: 0
TpTrace Verbose: 0 : 2516, 5, 2024/11/05, 12:51:04.708, 19250525990720, vstest.console.dll, DataCollectionRequestSender.InitializeCommunication : Initialize communication. 
TpTrace Verbose: 0 : 2516, 1, 2024/11/05, 12:51:04.709, 19250525995417, vstest.console.dll, TestRunRequest.WaitForCompletion: Waiting with timeout -1.
TpTrace Information: 0 : 2516, 5, 2024/11/05, 12:51:04.716, 19250526067145, vstest.console.dll, Listening on Endpoint : 127.0.0.1:64963
TpTrace Verbose: 0 : 2516, 5, 2024/11/05, 12:51:04.722, 19250526132478, vstest.console.dll, DotnetDataCollectionLauncher: Adding  --runtimeconfig "C:\Program Files\dotnet\sdk\8.0.403\datacollector.runtimeconfig.json" in args
TpTrace Verbose: 0 : 2516, 5, 2024/11/05, 12:51:04.723, 19250526134142, vstest.console.dll, DotnetDataCollectionLauncher: Adding  --depsfile "C:\Program Files\dotnet\sdk\8.0.403\datacollector.deps.json" in args
TpTrace Verbose: 0 : 2516, 5, 2024/11/05, 12:51:04.723, 19250526135590, vstest.console.dll, DotnetDataCollectionLauncher: Full path of dotnet.exe is C:\Program Files\dotnet\dotnet.exe
TpTrace Information: 0 : 2516, 5, 2024/11/05, 12:51:04.735, 19250526261757, vstest.console.dll, ProxyDataCollectionManager.Initialize: Launched datacollector processId: 22104 port: 64963
TpTrace Information: 0 : 2516, 5, 2024/11/05, 12:51:04.736, 19250526264339, vstest.console.dll, ProxyDataCollectionManager.Initialize: waiting for connection with timeout: 90 seconds
TpTrace Verbose: 0 : 2516, 5, 2024/11/05, 12:51:04.736, 19250526264951, vstest.console.dll, DataCollectionRequestSender.WaitForRequestHandlerConnection : Waiting for connection with timeout: 90000
TpTrace Information: 0 : 2516, 7, 2024/11/05, 12:51:04.900, 19250527913233, vstest.console.dll, Using the buffer size of 16384 bytes
TpTrace Verbose: 0 : 2516, 5, 2024/11/05, 12:51:04.901, 19250527914459, vstest.console.dll, SocketCommunicationManager.WaitForClientConnection took: 164 ms, with 90000 ms timeout, and finished with True.
TpTrace Information: 0 : 2516, 7, 2024/11/05, 12:51:04.901, 19250527914596, vstest.console.dll, Accepted Client request and set the flag
TpTrace Verbose: 0 : 2516, 5, 2024/11/05, 12:51:04.901, 19250527916579, vstest.console.dll, ProxyDataCollectionManager.InvokeDataCollectionServiceAction: Starting.
TpTrace Information: 0 : 2516, 5, 2024/11/05, 12:51:04.901, 19250527917344, vstest.console.dll, ProxyDataCollectionManager.BeforeTestRunStart: Get environment variable and port for datacollector processId: 22104 port: 64963
TpTrace Verbose: 0 : 2516, 5, 2024/11/05, 12:51:04.901, 19250527918624, vstest.console.dll, DataCollectionRequestSender.SendBeforeTestRunStartAndGetResult: Send BeforeTestRunStart message with settingsXml <RunSettings><RunConfiguration><ResultsDirectory>C:\Users\matmi\OneDrive\Documentos\github\fiap_grupo57_fase1\fiap_grupo57_fase1_test\bin\Debug\net8.0\fine-code-coverage\coverage-tool-output</ResultsDirectory><TargetPlatform>X64</TargetPlatform><TargetFrameworkVersion>.NETCoreApp,Version=v8.0</TargetFrameworkVersion><DesignMode>False</DesignMode><CollectSourceInformation>False</CollectSourceInformation><TestAdaptersPaths>C:\Program Files\dotnet\sdk\8.0.403\Extensions</TestAdaptersPaths></RunConfiguration><LoggerRunSettings><Loggers><Logger friendlyName="blame" enabled="True" /><Logger friendlyName="Console" uri="logger://microsoft/TestPlatform/ConsoleLogger/v1" assemblyQualifiedName="Microsoft.VisualStudio.TestPlatform.CommandLine.Internal.ConsoleLogger, vstest.console, Version=15.0.0.0, Culture=neutral, PublicKeyToken=b03f5f7f11d50a3a" codeBase="C:\Program Files\dotnet\sdk\8.0.403\vstest.console.dll" enabled="True" /></Loggers></LoggerRunSettings><DataCollectionRunSettings><DataCollectors><DataCollector friendlyName="blame" enabled="True"><Configuration><ResultsDirectory>C:\Users\matmi\OneDrive\Documentos\github\fiap_grupo57_fase1\fiap_grupo57_fase1_test\bin\Debug\net8.0\fine-code-coverage\coverage-tool-output</ResultsDirectory></Configuration></DataCollector></DataCollectors></DataCollectionRunSettings></RunSettings> and sources System.Collections.Generic.List`1[System.String]: 
TpTrace Verbose: 0 : 2516, 5, 2024/11/05, 12:51:04.956, 19250528470057, vstest.console.dll, DataCollectionRequestSender.SendBeforeTestRunStartAndGetResult: Received message: (DataCollection.SendMessage) -> {"MessageType":"DataCollection.SendMessage","Payload":{"FriendlyName":null,"Uri":null,"TestCaseId":"00000000-0000-0000-0000-000000000000","Message":"Logging DataCollector Diagnostics in file: C:\\Users\\matmi\\OneDrive\\Documentos\\github\\fiap_grupo57_fase1\\fiap_grupo57_fase1_test\\bin\\Debug\\net8.0\\fine-code-coverage\\coverage-tool-output\\diagnostics.datacollector.24-11-05_12-51-04_72249_5.log","Level":0}}
TpTrace Verbose: 0 : 2516, 5, 2024/11/05, 12:51:05.044, 19250529345343, vstest.console.dll, DataCollectionRequestSender.SendBeforeTestRunStartAndGetResult: Received message: (DataCollection.BeforeTestRunStartResult) -> {"MessageType":"DataCollection.BeforeTestRunStartResult","Payload":{"EnvironmentVariables":{},"DataCollectionEventsPort":64965}}
TpTrace Information: 0 : 2516, 5, 2024/11/05, 12:51:05.048, 19250529388273, vstest.console.dll, ProxyDataCollectionManager.BeforeTestRunStart: SendBeforeTestRunStartAndGetResult successful, env variable from datacollector:   and testhost port: 64965
TpTrace Information: 0 : 2516, 5, 2024/11/05, 12:51:05.048, 19250529389516, vstest.console.dll, ProxyDataCollectionManager.InvokeDataCollectionServiceAction: Completed.
TpTrace Verbose: 0 : 2516, 5, 2024/11/05, 12:51:05.048, 19250529389903, vstest.console.dll, ParallelProxyExecutionManager.StartTestRunOnConcurrentManager: Initializing test run. Started clients: 0
TpTrace Verbose: 0 : 2516, 5, 2024/11/05, 12:51:05.048, 19250529390709, vstest.console.dll, ProxyExecutionManager: Test host is always Lazy initialize.
TpTrace Verbose: 0 : 2516, 5, 2024/11/05, 12:51:05.048, 19250529392679, vstest.console.dll, TestRequestSender.InitializeCommunication: initialize communication. 
TpTrace Information: 0 : 2516, 5, 2024/11/05, 12:51:05.049, 19250529399096, vstest.console.dll, SocketServer.Start: Listening on endpoint : 127.0.0.1:64966
TpTrace Verbose: 0 : 2516, 5, 2024/11/05, 12:51:05.050, 19250529406963, vstest.console.dll, DotnetTestHostmanager.GetTestHostProcessStartInfo: Platform environment 'X64' target architecture 'X64' framework '.NETCoreApp,Version=v8.0' OS 'Windows'
TpTrace Verbose: 0 : 2516, 5, 2024/11/05, 12:51:05.050, 19250529409934, vstest.console.dll, DotnetTestHostmanager: Adding  --runtimeconfig "C:\Users\matmi\OneDrive\Documentos\github\fiap_grupo57_fase1\fiap_grupo57_fase1_test\bin\Debug\net8.0\fine-code-coverage\build-output\fiap_grupo57_fase1_test.runtimeconfig.json" in args
TpTrace Verbose: 0 : 2516, 5, 2024/11/05, 12:51:05.050, 19250529411150, vstest.console.dll, DotnetTestHostmanager: Adding  --depsfile "C:\Users\matmi\OneDrive\Documentos\github\fiap_grupo57_fase1\fiap_grupo57_fase1_test\bin\Debug\net8.0\fine-code-coverage\build-output\fiap_grupo57_fase1_test.deps.json" in args
TpTrace Verbose: 0 : 2516, 5, 2024/11/05, 12:51:05.050, 19250529412872, vstest.console.dll, DotnetTestHostmanager.IsWinOnArm: Current PROCESSOR_ARCHITECTURE from environment variable 'AMD64'
TpTrace Verbose: 0 : 2516, 5, 2024/11/05, 12:51:05.050, 19250529413604, vstest.console.dll, DotnetTestHostmanager.IsWinOnArm: Is Windows on ARM 'False'
TpTrace Verbose: 0 : 2516, 5, 2024/11/05, 12:51:05.051, 19250529414951, vstest.console.dll, DotnetTestHostManager: testhost.exe found at path: C:\Users\matmi\OneDrive\Documentos\github\fiap_grupo57_fase1\fiap_grupo57_fase1_test\bin\Debug\net8.0\fine-code-coverage\build-output\testhost.exe
TpTrace Verbose: 0 : 2516, 5, 2024/11/05, 12:51:05.051, 19250529415473, vstest.console.dll, DotnetTestHostmanager: Full path of host exe is C:\Users\matmi\OneDrive\Documentos\github\fiap_grupo57_fase1\fiap_grupo57_fase1_test\bin\Debug\net8.0\fine-code-coverage\build-output\testhost.exe
TpTrace Verbose: 0 : 2516, 5, 2024/11/05, 12:51:05.051, 19250529416703, vstest.console.dll, DotnetTestHostmanager.LaunchTestHostAsync: Found 'VSTEST_WINAPPHOST_DOTNET_ROOT' in env variables, value 'C:\Program Files\dotnet', forwarding to 'DOTNET_ROOT'
TpTrace Verbose: 0 : 2516, 5, 2024/11/05, 12:51:05.051, 19250529417912, vstest.console.dll, DotnetTestHostManager: Starting process 'C:\Users\matmi\OneDrive\Documentos\github\fiap_grupo57_fase1\fiap_grupo57_fase1_test\bin\Debug\net8.0\fine-code-coverage\build-output\testhost.exe' with command line ' --runtimeconfig "C:\Users\matmi\OneDrive\Documentos\github\fiap_grupo57_fase1\fiap_grupo57_fase1_test\bin\Debug\net8.0\fine-code-coverage\build-output\fiap_grupo57_fase1_test.runtimeconfig.json" --depsfile "C:\Users\matmi\OneDrive\Documentos\github\fiap_grupo57_fase1\fiap_grupo57_fase1_test\bin\Debug\net8.0\fine-code-coverage\build-output\fiap_grupo57_fase1_test.deps.json" --port 64966 --endpoint 127.0.0.1:064966 --role client --parentprocessid 2516 --diag "C:\Users\matmi\OneDrive\Documentos\github\fiap_grupo57_fase1\fiap_grupo57_fase1_test\bin\Debug\net8.0\fine-code-coverage\coverage-tool-output\diagnostics.host.24-11-05_12-51-05_04989_5.log" --tracelevel 4 --datacollectionport 64965 --telemetryoptedin false'
TpTrace Verbose: 0 : 2516, 5, 2024/11/05, 12:51:05.075, 19250529656032, vstest.console.dll, MulticastDelegateUtilities.SafeInvoke: HostProviderEvents.OnHostLaunched: Invoking callback 1/2 for Microsoft.VisualStudio.TestPlatform.CrossPlatEngine.Client.ProxyExecutionManagerWithDataCollection., took 1 ms.
TpTrace Verbose: 0 : 2516, 5, 2024/11/05, 12:51:05.075, 19250529661039, vstest.console.dll, Test Runtime launched
TpTrace Verbose: 0 : 2516, 5, 2024/11/05, 12:51:05.075, 19250529662054, vstest.console.dll, MulticastDelegateUtilities.SafeInvoke: HostProviderEvents.OnHostLaunched: Invoking callback 2/2 for Microsoft.VisualStudio.TestPlatform.CrossPlatEngine.Client.ProxyOperationManager., took 0 ms.
TpTrace Verbose: 0 : 2516, 5, 2024/11/05, 12:51:05.075, 19250529663261, vstest.console.dll, TestRequestSender.WaitForRequestHandlerConnection: waiting for connection with timeout: 90000.
TpTrace Verbose: 0 : 2516, 13, 2024/11/05, 12:51:05.281, 19250531716326, vstest.console.dll, MulticastDelegateUtilities.SafeInvoke: SocketServer: ClientConnected: Invoking callback 1/1 for Microsoft.VisualStudio.TestPlatform.CommunicationUtilities.TestRequestSender., took 0 ms.
TpTrace Verbose: 0 : 2516, 5, 2024/11/05, 12:51:05.281, 19250531716798, vstest.console.dll, TestRequestSender.WaitForRequestHandlerConnection: waiting took 205 ms, with timeout 90000 ms, and result 0, which is success.
TpTrace Verbose: 0 : 2516, 13, 2024/11/05, 12:51:05.281, 19250531718453, vstest.console.dll, SocketServer.OnClientConnected: Client connected for endPoint: 127.0.0.1:64966, starting MessageLoopAsync:
TpTrace Verbose: 0 : 2516, 14, 2024/11/05, 12:51:05.282, 19250531724408, vstest.console.dll, TcpClientExtensions.MessageLoopAsync: Polling on remoteEndPoint: 127.0.0.1:64967 localEndPoint: 127.0.0.1:64966 after 0 ms
TpTrace Verbose: 0 : 2516, 5, 2024/11/05, 12:51:05.282, 19250531726198, vstest.console.dll, TestRequestSender.CheckVersionWithTestHost: Sending check version message: {"MessageType":"ProtocolVersion","Payload":7}
TpTrace Verbose: 0 : 2516, 14, 2024/11/05, 12:51:05.378, 19250532692042, vstest.console.dll, TcpClientExtensions.MessageLoopAsync: NotifyDataAvailable remoteEndPoint: 127.0.0.1:64967 localEndPoint: 127.0.0.1:64966
TpTrace Verbose: 0 : 2516, 14, 2024/11/05, 12:51:05.379, 19250532695257, vstest.console.dll, TestRequestSender.CheckVersionWithTestHost: onMessageReceived received message: (ProtocolVersion) -> {"MessageType":"ProtocolVersion","Payload":7}
TpTrace Verbose: 0 : 2516, 14, 2024/11/05, 12:51:05.379, 19250532701855, vstest.console.dll, MulticastDelegateUtilities.SafeInvoke: LengthPrefixCommunicationChannel: MessageReceived: Invoking callback 1/1 for Microsoft.VisualStudio.TestPlatform.CommunicationUtilities.TestRequestSender+<>c__DisplayClass29_0., took 0 ms.
TpTrace Verbose: 0 : 2516, 14, 2024/11/05, 12:51:05.379, 19250532703039, vstest.console.dll, TcpClientExtensions.MessageLoopAsync: Polling on remoteEndPoint: 127.0.0.1:64967 localEndPoint: 127.0.0.1:64966 after 97 ms
TpTrace Verbose: 0 : 2516, 5, 2024/11/05, 12:51:05.379, 19250532703874, vstest.console.dll, TestPluginCache.GetExtensionPaths: Filtered extension paths: 
TpTrace Verbose: 0 : 2516, 5, 2024/11/05, 12:51:05.380, 19250532704718, vstest.console.dll, TestPluginCache.GetExtensionPaths: Added default extension paths: C:\Program Files\dotnet\sdk\8.0.403\Extensions\Microsoft.Diagnostics.NETCore.Client.dll
C:\Program Files\dotnet\sdk\8.0.403\Extensions\Microsoft.TestPlatform.Extensions.BlameDataCollector.dll
C:\Program Files\dotnet\sdk\8.0.403\Extensions\Microsoft.TestPlatform.Extensions.EventLogCollector.dll
C:\Program Files\dotnet\sdk\8.0.403\Extensions\Microsoft.TestPlatform.TestHostRuntimeProvider.dll
C:\Program Files\dotnet\sdk\8.0.403\Extensions\Microsoft.VisualStudio.TestPlatform.Extensions.Html.TestLogger.dll
C:\Program Files\dotnet\sdk\8.0.403\Extensions\Microsoft.VisualStudio.TestPlatform.Extensions.Trx.TestLogger.dll
TpTrace Verbose: 0 : 2516, 5, 2024/11/05, 12:51:05.380, 19250532705036, vstest.console.dll, TestPluginCache.GetExtensionPaths: Added unfilterableExtensionPaths: 
TpTrace Verbose: 0 : 2516, 5, 2024/11/05, 12:51:05.382, 19250532731815, vstest.console.dll, TestRequestSender.InitializeExecution: Sending initialize execution with message: {"Version":7,"MessageType":"TestExecution.Initialize","Payload":["C:\\Users\\matmi\\OneDrive\\Documentos\\github\\fiap_grupo57_fase1\\fiap_grupo57_fase1_test\\bin\\Debug\\net8.0\\fine-code-coverage\\build-output\\NUnit3.TestAdapter.dll"]}
TpTrace Verbose: 0 : 2516, 5, 2024/11/05, 12:51:05.382, 19250532733907, vstest.console.dll, ParallelProxyExecutionManager.StartTestRunOnConcurrentManager: Execution starting. Started clients: 1
TpTrace Verbose: 0 : 2516, 5, 2024/11/05, 12:51:05.383, 19250532736177, vstest.console.dll, TestRunRequest:SendTestRunMessage: Starting.
TpTrace Verbose: 0 : 2516, 5, 2024/11/05, 12:51:05.383, 19250532737657, vstest.console.dll, MulticastDelegateUtilities.SafeInvoke: TestRun.LogMessages: Invoking callback 1/1 for Microsoft.VisualStudio.TestPlatform.CommandLine.TestRunResultAggregator., took 0 ms.
TpTrace Information: 0 : 2516, 5, 2024/11/05, 12:51:05.383, 19250532738064, vstest.console.dll, TestRunRequest:SendTestRunMessage: Completed.
TpTrace Verbose: 0 : 2516, 4, 2024/11/05, 12:51:05.383, 19250532740494, vstest.console.dll, MulticastDelegateUtilities.SafeInvoke: InternalTestLoggerEvents.SendTestRunMessage: Invoking callback 1/1 for Microsoft.VisualStudio.TestPlatform.CommandLine.Internal.ConsoleLogger., took 0 ms.
TpTrace Warning: 0 : 2516, 5, 2024/11/05, 12:51:05.383, 19250532741181, vstest.console.dll, InferRunSettingsHelper.MakeRunsettingsCompatible: Removing the following settings: TargetPlatform from RunSettings file. To use those settings please move to latest version of Microsoft.NET.Test.Sdk
TpTrace Verbose: 0 : 2516, 14, 2024/11/05, 12:51:05.385, 19250532754469, vstest.console.dll, TcpClientExtensions.MessageLoopAsync: NotifyDataAvailable remoteEndPoint: 127.0.0.1:64967 localEndPoint: 127.0.0.1:64966
TpTrace Verbose: 0 : 2516, 14, 2024/11/05, 12:51:05.385, 19250532757299, vstest.console.dll, TestRequestSender.OnExecutionMessageReceived: Received message: {"Version":7,"MessageType":"TestSession.Message","Payload":{"MessageLevel":0,"Message":"Registro em log do diagnóstico TestHost no arquivo: C:\\Users\\matmi\\OneDrive\\Documentos\\github\\fiap_grupo57_fase1\\fiap_grupo57_fase1_test\\bin\\Debug\\net8.0\\fine-code-coverage\\coverage-tool-output\\diagnostics.host.24-11-05_12-51-05_04989_5.log"}}
TpTrace Verbose: 0 : 2516, 14, 2024/11/05, 12:51:05.387, 19250532781225, vstest.console.dll, TestRunRequest:SendTestRunMessage: Starting.
TpTrace Verbose: 0 : 2516, 14, 2024/11/05, 12:51:05.387, 19250532782371, vstest.console.dll, MulticastDelegateUtilities.SafeInvoke: TestRun.LogMessages: Invoking callback 1/1 for Microsoft.VisualStudio.TestPlatform.CommandLine.TestRunResultAggregator., took 0 ms.
TpTrace Information: 0 : 2516, 14, 2024/11/05, 12:51:05.387, 19250532782746, vstest.console.dll, TestRunRequest:SendTestRunMessage: Completed.
TpTrace Verbose: 0 : 2516, 14, 2024/11/05, 12:51:05.387, 19250532783073, vstest.console.dll, MulticastDelegateUtilities.SafeInvoke: LengthPrefixCommunicationChannel: MessageReceived: Invoking callback 1/1 for Microsoft.VisualStudio.TestPlatform.CommunicationUtilities.TestRequestSender+<>c__DisplayClass34_0., took 2 ms.
TpTrace Verbose: 0 : 2516, 4, 2024/11/05, 12:51:05.387, 19250532783090, vstest.console.dll, MulticastDelegateUtilities.SafeInvoke: InternalTestLoggerEvents.SendTestRunMessage: Invoking callback 1/1 for Microsoft.VisualStudio.TestPlatform.CommandLine.Internal.ConsoleLogger., took 0 ms.
TpTrace Verbose: 0 : 2516, 14, 2024/11/05, 12:51:05.387, 19250532783465, vstest.console.dll, TcpClientExtensions.MessageLoopAsync: Polling on remoteEndPoint: 127.0.0.1:64967 localEndPoint: 127.0.0.1:64966 after 8 ms
TpTrace Verbose: 0 : 2516, 5, 2024/11/05, 12:51:05.388, 19250532793051, vstest.console.dll, TestRequestSender.StartTestRun: Sending test run with message: {"Version":7,"MessageType":"TestExecution.StartWithSources","Payload":{"AdapterSourceMap":{"_none_":["C:\\Users\\matmi\\OneDrive\\Documentos\\github\\fiap_grupo57_fase1\\fiap_grupo57_fase1_test\\bin\\Debug\\net8.0\\fine-code-coverage\\build-output\\fiap_grupo57_fase1_test.dll"]},"RunSettings":"<RunSettings>\r\n  <RunConfiguration>\r\n    <ResultsDirectory>C:\\Users\\matmi\\OneDrive\\Documentos\\github\\fiap_grupo57_fase1\\fiap_grupo57_fase1_test\\bin\\Debug\\net8.0\\fine-code-coverage\\coverage-tool-output</ResultsDirectory>\r\n    <TargetFrameworkVersion>.NETCoreApp,Version=v8.0</TargetFrameworkVersion>\r\n    <DesignMode>False</DesignMode>\r\n    <CollectSourceInformation>False</CollectSourceInformation>\r\n  </RunConfiguration>\r\n  <LoggerRunSettings>\r\n    <Loggers>\r\n      <Logger friendlyName=\"blame\" enabled=\"True\" />\r\n      <Logger friendlyName=\"Console\" uri=\"logger://microsoft/TestPlatform/ConsoleLogger/v1\" assemblyQualifiedName=\"Microsoft.VisualStudio.TestPlatform.CommandLine.Internal.ConsoleLogger, vstest.console, Version=15.0.0.0, Culture=neutral, PublicKeyToken=b03f5f7f11d50a3a\" codeBase=\"C:\\Program Files\\dotnet\\sdk\\8.0.403\\vstest.console.dll\" enabled=\"True\" />\r\n    </Loggers>\r\n  </LoggerRunSettings>\r\n  <DataCollectionRunSettings>\r\n    <DataCollectors>\r\n      <DataCollector friendlyName=\"blame\" enabled=\"True\">\r\n        <Configuration>\r\n          <ResultsDirectory>C:\\Users\\matmi\\OneDrive\\Documentos\\github\\fiap_grupo57_fase1\\fiap_grupo57_fase1_test\\bin\\Debug\\net8.0\\fine-code-coverage\\coverage-tool-output</ResultsDirectory>\r\n        </Configuration>\r\n      </DataCollector>\r\n    </DataCollectors>\r\n  </DataCollectionRunSettings>\r\n</RunSettings>","TestExecutionContext":{"FrequencyOfRunStatsChangeEvent":10,"RunStatsChangeEventTimeout":"00:00:01.5000000","InIsolation":false,"KeepAlive":false,"AreTestCaseLevelEventsRequired":false,"IsDebug":false,"TestCaseFilter":null,"FilterOptions":null},"Package":null}}
TpTrace Verbose: 0 : 2516, 5, 2024/11/05, 12:51:05.389, 19250532794996, vstest.console.dll, ParallelProxyExecutionManager.StartTestRunOnConcurrentManager: Execution started. Started clients: 1
TpTrace Verbose: 0 : 2516, 14, 2024/11/05, 12:51:05.572, 19250534632463, vstest.console.dll, TcpClientExtensions.MessageLoopAsync: NotifyDataAvailable remoteEndPoint: 127.0.0.1:64967 localEndPoint: 127.0.0.1:64966
TpTrace Verbose: 0 : 2516, 14, 2024/11/05, 12:51:05.573, 19250534634172, vstest.console.dll, TestRequestSender.OnExecutionMessageReceived: Received message: {"Version":7,"MessageType":"TestSession.Message","Payload":{"MessageLevel":0,"Message":"NUnit Adapter 4.5.0.0: Test execution started"}}
TpTrace Verbose: 0 : 2516, 14, 2024/11/05, 12:51:05.573, 19250534636376, vstest.console.dll, TestRunRequest:SendTestRunMessage: Starting.
TpTrace Verbose: 0 : 2516, 14, 2024/11/05, 12:51:05.573, 19250534637158, vstest.console.dll, MulticastDelegateUtilities.SafeInvoke: TestRun.LogMessages: Invoking callback 1/1 for Microsoft.VisualStudio.TestPlatform.CommandLine.TestRunResultAggregator., took 0 ms.
TpTrace Information: 0 : 2516, 14, 2024/11/05, 12:51:05.573, 19250534637450, vstest.console.dll, TestRunRequest:SendTestRunMessage: Completed.
TpTrace Verbose: 0 : 2516, 14, 2024/11/05, 12:51:05.573, 19250534637732, vstest.console.dll, MulticastDelegateUtilities.SafeInvoke: LengthPrefixCommunicationChannel: MessageReceived: Invoking callback 1/1 for Microsoft.VisualStudio.TestPlatform.CommunicationUtilities.TestRequestSender+<>c__DisplayClass34_0., took 0 ms.
TpTrace Verbose: 0 : 2516, 14, 2024/11/05, 12:51:05.573, 19250534638076, vstest.console.dll, TcpClientExtensions.MessageLoopAsync: Polling on remoteEndPoint: 127.0.0.1:64967 localEndPoint: 127.0.0.1:64966 after 185 ms
TpTrace Verbose: 0 : 2516, 4, 2024/11/05, 12:51:05.573, 19250534637704, vstest.console.dll, MulticastDelegateUtilities.SafeInvoke: InternalTestLoggerEvents.SendTestRunMessage: Invoking callback 1/1 for Microsoft.VisualStudio.TestPlatform.CommandLine.Internal.ConsoleLogger., took 0 ms.
TpTrace Verbose: 0 : 2516, 14, 2024/11/05, 12:51:05.598, 19250534884677, vstest.console.dll, TcpClientExtensions.MessageLoopAsync: NotifyDataAvailable remoteEndPoint: 127.0.0.1:64967 localEndPoint: 127.0.0.1:64966
TpTrace Verbose: 0 : 2516, 14, 2024/11/05, 12:51:05.598, 19250534886694, vstest.console.dll, TestRequestSender.OnExecutionMessageReceived: Received message: {"Version":7,"MessageType":"TestSession.Message","Payload":{"MessageLevel":0,"Message":"Running all tests in C:\\Users\\matmi\\OneDrive\\Documentos\\github\\fiap_grupo57_fase1\\fiap_grupo57_fase1_test\\bin\\Debug\\net8.0\\fine-code-coverage\\build-output\\fiap_grupo57_fase1_test.dll"}}
TpTrace Verbose: 0 : 2516, 14, 2024/11/05, 12:51:05.598, 19250534888073, vstest.console.dll, TestRunRequest:SendTestRunMessage: Starting.
TpTrace Verbose: 0 : 2516, 14, 2024/11/05, 12:51:05.598, 19250534888697, vstest.console.dll, MulticastDelegateUtilities.SafeInvoke: TestRun.LogMessages: Invoking callback 1/1 for Microsoft.VisualStudio.TestPlatform.CommandLine.TestRunResultAggregator., took 0 ms.
TpTrace Information: 0 : 2516, 14, 2024/11/05, 12:51:05.598, 19250534888988, vstest.console.dll, TestRunRequest:SendTestRunMessage: Completed.
TpTrace Verbose: 0 : 2516, 4, 2024/11/05, 12:51:05.598, 19250534889076, vstest.console.dll, MulticastDelegateUtilities.SafeInvoke: InternalTestLoggerEvents.SendTestRunMessage: Invoking callback 1/1 for Microsoft.VisualStudio.TestPlatform.CommandLine.Internal.ConsoleLogger., took 0 ms.
TpTrace Verbose: 0 : 2516, 14, 2024/11/05, 12:51:05.598, 19250534889304, vstest.console.dll, MulticastDelegateUtilities.SafeInvoke: LengthPrefixCommunicationChannel: MessageReceived: Invoking callback 1/1 for Microsoft.VisualStudio.TestPlatform.CommunicationUtilities.TestRequestSender+<>c__DisplayClass34_0., took 0 ms.
TpTrace Verbose: 0 : 2516, 14, 2024/11/05, 12:51:05.598, 19250534890831, vstest.console.dll, TcpClientExtensions.MessageLoopAsync: Polling on remoteEndPoint: 127.0.0.1:64967 localEndPoint: 127.0.0.1:64966 after 25 ms
TpTrace Verbose: 0 : 2516, 14, 2024/11/05, 12:51:06.608, 19250544984830, vstest.console.dll, TcpClientExtensions.MessageLoopAsync: Polling on remoteEndPoint: 127.0.0.1:64967 localEndPoint: 127.0.0.1:64966 after 1009 ms
TpTrace Verbose: 0 : 2516, 14, 2024/11/05, 12:51:07.615, 19250555061439, vstest.console.dll, TcpClientExtensions.MessageLoopAsync: Polling on remoteEndPoint: 127.0.0.1:64967 localEndPoint: 127.0.0.1:64966 after 1007 ms
TpTrace Verbose: 0 : 2516, 14, 2024/11/05, 12:51:08.627, 19250565181492, vstest.console.dll, TcpClientExtensions.MessageLoopAsync: Polling on remoteEndPoint: 127.0.0.1:64967 localEndPoint: 127.0.0.1:64966 after 1011 ms
TpTrace Verbose: 0 : 2516, 14, 2024/11/05, 12:51:09.634, 19250575244421, vstest.console.dll, TcpClientExtensions.MessageLoopAsync: Polling on remoteEndPoint: 127.0.0.1:64967 localEndPoint: 127.0.0.1:64966 after 1005 ms
TpTrace Verbose: 0 : 2516, 14, 2024/11/05, 12:51:10.643, 19250585334133, vstest.console.dll, TcpClientExtensions.MessageLoopAsync: Polling on remoteEndPoint: 127.0.0.1:64967 localEndPoint: 127.0.0.1:64966 after 1008 ms
TpTrace Verbose: 0 : 2516, 14, 2024/11/05, 12:51:11.650, 19250595410546, vstest.console.dll, TcpClientExtensions.MessageLoopAsync: Polling on remoteEndPoint: 127.0.0.1:64967 localEndPoint: 127.0.0.1:64966 after 1007 ms
TpTrace Verbose: 0 : 2516, 14, 2024/11/05, 12:51:12.664, 19250605547465, vstest.console.dll, TcpClientExtensions.MessageLoopAsync: Polling on remoteEndPoint: 127.0.0.1:64967 localEndPoint: 127.0.0.1:64966 after 1013 ms
TpTrace Verbose: 0 : 2516, 14, 2024/11/05, 12:51:13.679, 19250615695483, vstest.console.dll, TcpClientExtensions.MessageLoopAsync: Polling on remoteEndPoint: 127.0.0.1:64967 localEndPoint: 127.0.0.1:64966 after 1014 ms
TpTrace Verbose: 0 : 2516, 14, 2024/11/05, 12:51:14.683, 19250625740863, vstest.console.dll, TcpClientExtensions.MessageLoopAsync: Polling on remoteEndPoint: 127.0.0.1:64967 localEndPoint: 127.0.0.1:64966 after 1004 ms
TpTrace Verbose: 0 : 2516, 14, 2024/11/05, 12:51:15.691, 19250635816580, vstest.console.dll, TcpClientExtensions.MessageLoopAsync: Polling on remoteEndPoint: 127.0.0.1:64967 localEndPoint: 127.0.0.1:64966 after 1007 ms
TpTrace Verbose: 0 : 2516, 14, 2024/11/05, 12:51:16.699, 19250645899926, vstest.console.dll, TcpClientExtensions.MessageLoopAsync: Polling on remoteEndPoint: 127.0.0.1:64967 localEndPoint: 127.0.0.1:64966 after 1007 ms
TpTrace Verbose: 0 : 2516, 14, 2024/11/05, 12:51:17.703, 19250655937806, vstest.console.dll, TcpClientExtensions.MessageLoopAsync: Polling on remoteEndPoint: 127.0.0.1:64967 localEndPoint: 127.0.0.1:64966 after 1003 ms
TpTrace Verbose: 0 : 2516, 14, 2024/11/05, 12:51:18.708, 19250665985373, vstest.console.dll, TcpClientExtensions.MessageLoopAsync: Polling on remoteEndPoint: 127.0.0.1:64967 localEndPoint: 127.0.0.1:64966 after 1004 ms
TpTrace Verbose: 0 : 2516, 14, 2024/11/05, 12:51:19.718, 19250676090959, vstest.console.dll, TcpClientExtensions.MessageLoopAsync: Polling on remoteEndPoint: 127.0.0.1:64967 localEndPoint: 127.0.0.1:64966 after 1010 ms
TpTrace Verbose: 0 : 2516, 14, 2024/11/05, 12:51:20.727, 19250686177114, vstest.console.dll, TcpClientExtensions.MessageLoopAsync: Polling on remoteEndPoint: 127.0.0.1:64967 localEndPoint: 127.0.0.1:64966 after 1008 ms
TpTrace Verbose: 0 : 2516, 14, 2024/11/05, 12:51:21.740, 19250696304715, vstest.console.dll, TcpClientExtensions.MessageLoopAsync: Polling on remoteEndPoint: 127.0.0.1:64967 localEndPoint: 127.0.0.1:64966 after 1012 ms
TpTrace Verbose: 0 : 2516, 14, 2024/11/05, 12:51:21.835, 19250697263494, vstest.console.dll, TcpClientExtensions.MessageLoopAsync: NotifyDataAvailable remoteEndPoint: 127.0.0.1:64967 localEndPoint: 127.0.0.1:64966
TpTrace Verbose: 0 : 2516, 14, 2024/11/05, 12:51:21.836, 19250697265199, vstest.console.dll, TestRequestSender.OnExecutionMessageReceived: Received message: {"Version":7,"MessageType":"TestSession.Message","Payload":{"MessageLevel":0,"Message":"   NUnit3TestExecutor discovered 35 of 35 NUnit test cases using Current Discovery mode, Non-Explicit run"}}
TpTrace Verbose: 0 : 2516, 14, 2024/11/05, 12:51:21.836, 19250697266649, vstest.console.dll, TestRunRequest:SendTestRunMessage: Starting.
TpTrace Verbose: 0 : 2516, 14, 2024/11/05, 12:51:21.836, 19250697267140, vstest.console.dll, MulticastDelegateUtilities.SafeInvoke: TestRun.LogMessages: Invoking callback 1/1 for Microsoft.VisualStudio.TestPlatform.CommandLine.TestRunResultAggregator., took 0 ms.
TpTrace Information: 0 : 2516, 14, 2024/11/05, 12:51:21.836, 19250697267345, vstest.console.dll, TestRunRequest:SendTestRunMessage: Completed.
TpTrace Verbose: 0 : 2516, 14, 2024/11/05, 12:51:21.836, 19250697267605, vstest.console.dll, MulticastDelegateUtilities.SafeInvoke: LengthPrefixCommunicationChannel: MessageReceived: Invoking callback 1/1 for Microsoft.VisualStudio.TestPlatform.CommunicationUtilities.TestRequestSender+<>c__DisplayClass34_0., took 0 ms.
TpTrace Verbose: 0 : 2516, 4, 2024/11/05, 12:51:21.836, 19250697267665, vstest.console.dll, MulticastDelegateUtilities.SafeInvoke: InternalTestLoggerEvents.SendTestRunMessage: Invoking callback 1/1 for Microsoft.VisualStudio.TestPlatform.CommandLine.Internal.ConsoleLogger., took 0 ms.
TpTrace Verbose: 0 : 2516, 14, 2024/11/05, 12:51:21.836, 19250697267828, vstest.console.dll, TcpClientExtensions.MessageLoopAsync: Polling on remoteEndPoint: 127.0.0.1:64967 localEndPoint: 127.0.0.1:64966 after 96 ms
TpTrace Verbose: 0 : 2516, 14, 2024/11/05, 12:51:21.882, 19250697733976, vstest.console.dll, TcpClientExtensions.MessageLoopAsync: NotifyDataAvailable remoteEndPoint: 127.0.0.1:64967 localEndPoint: 127.0.0.1:64966
TpTrace Verbose: 0 : 2516, 14, 2024/11/05, 12:51:21.883, 19250697735473, vstest.console.dll, TestRequestSender.OnExecutionMessageReceived: Received message: {"Version":7,"MessageType":"TestExecution.StatsChange","Payload":{"NewTestResults":[],"TestRunStatistics":{"ExecutedTests":0,"Stats":{}},"ActiveTests":[{"Id":"0a66fd83-4086-3203-fc8e-306aaba9a68c","FullyQualifiedName":"fiap_grupo57_fase1_test.Controllers.ContatosControllerTests.DeleteContato_ShouldReturnNoContent_WhenDeleteIsSuccessful","DisplayName":"DeleteContato_ShouldReturnNoContent_WhenDeleteIsSuccessful","ExecutorUri":"executor://NUnit3TestExecutor","Source":"C:\\Users\\matmi\\OneDrive\\Documentos\\github\\fiap_grupo57_fase1\\fiap_grupo57_fase1_test\\bin\\Debug\\net8.0\\fine-code-coverage\\build-output\\fiap_grupo57_fase1_test.dll","CodeFilePath":null,"LineNumber":0,"Properties":[{"Key":{"Id":"NUnit.Seed","Label":"Seed","Category":"","Description":"","Attributes":0,"ValueType":"System.String"},"Value":"1164490500"}]}]}}
TpTrace Verbose: 0 : 2516, 14, 2024/11/05, 12:51:21.896, 19250697869112, vstest.console.dll, TestRunRequest:SendTestRunStatsChange: Starting.
TpTrace Verbose: 0 : 2516, 14, 2024/11/05, 12:51:21.896, 19250697870352, vstest.console.dll, InProgress is DeleteContato_ShouldReturnNoContent_WhenDeleteIsSuccessful
TpTrace Verbose: 0 : 2516, 14, 2024/11/05, 12:51:21.896, 19250697870923, vstest.console.dll, MulticastDelegateUtilities.SafeInvoke: TestRun.RunStatsChanged: Invoking callbacks was skipped because there are no subscribers.
TpTrace Information: 0 : 2516, 14, 2024/11/05, 12:51:21.896, 19250697871158, vstest.console.dll, TestRunRequest:SendTestRunStatsChange: Completed.
TpTrace Verbose: 0 : 2516, 14, 2024/11/05, 12:51:21.896, 19250697871573, vstest.console.dll, MulticastDelegateUtilities.SafeInvoke: LengthPrefixCommunicationChannel: MessageReceived: Invoking callback 1/1 for Microsoft.VisualStudio.TestPlatform.CommunicationUtilities.TestRequestSender+<>c__DisplayClass34_0., took 13 ms.
TpTrace Verbose: 0 : 2516, 14, 2024/11/05, 12:51:21.896, 19250697871844, vstest.console.dll, TcpClientExtensions.MessageLoopAsync: Polling on remoteEndPoint: 127.0.0.1:64967 localEndPoint: 127.0.0.1:64966 after 60 ms
TpTrace Verbose: 0 : 2516, 14, 2024/11/05, 12:51:22.028, 19250699188719, vstest.console.dll, TcpClientExtensions.MessageLoopAsync: NotifyDataAvailable remoteEndPoint: 127.0.0.1:64967 localEndPoint: 127.0.0.1:64966
TpTrace Verbose: 0 : 2516, 14, 2024/11/05, 12:51:22.028, 19250699191222, vstest.console.dll, TestRequestSender.OnExecutionMessageReceived: Received message: {"Version":7,"MessageType":"TestExecution.StatsChange","Payload":{"NewTestResults":[{"TestCase":{"Id":"0a66fd83-4086-3203-fc8e-306aaba9a68c","FullyQualifiedName":"fiap_grupo57_fase1_test.Controllers.ContatosControllerTests.DeleteContato_ShouldReturnNoContent_WhenDeleteIsSuccessful","DisplayName":"DeleteContato_ShouldReturnNoContent_WhenDeleteIsSuccessful","ExecutorUri":"executor://NUnit3TestExecutor","Source":"C:\\Users\\matmi\\OneDrive\\Documentos\\github\\fiap_grupo57_fase1\\fiap_grupo57_fase1_test\\bin\\Debug\\net8.0\\fine-code-coverage\\build-output\\fiap_grupo57_fase1_test.dll","CodeFilePath":null,"LineNumber":0,"Properties":[{"Key":{"Id":"NUnit.Seed","Label":"Seed","Category":"","Description":"","Attributes":0,"ValueType":"System.String"},"Value":"1164490500"}]},"Attachments":[],"Outcome":1,"ErrorMessage":null,"ErrorStackTrace":null,"DisplayName":"DeleteContato_ShouldReturnNoContent_WhenDeleteIsSuccessful","Messages":[],"ComputerName":"MATHEUS","Duration":"00:00:00.0753950","StartTime":"2024-11-05T15:51:21.8540652+00:00","EndTime":"2024-11-05T15:51:21.9294151+00:00","Properties":[{"Key":{"Id":"NUnit.Seed","Label":"Seed","Category":"","Description":"","Attributes":0,"ValueType":"System.String"},"Value":"1164490500"}]},{"TestCase":{"Id":"386e716a-8114-aa37-07ee-7277e2bdb8a6","FullyQualifiedName":"fiap_grupo57_fase1_test.Controllers.ContatosControllerTests.GetContatoById_ShouldReturnOk_WhenContatoExists","DisplayName":"GetContatoById_ShouldReturnOk_WhenContatoExists","ExecutorUri":"executor://NUnit3TestExecutor","Source":"C:\\Users\\matmi\\OneDrive\\Documentos\\github\\fiap_grupo57_fase1\\fiap_grupo57_fase1_test\\bin\\Debug\\net8.0\\fine-code-coverage\\build-output\\fiap_grupo57_fase1_test.dll","CodeFilePath":null,"LineNumber":0,"Properties":[{"Key":{"Id":"NUnit.Seed","Label":"Seed","Category":"","Description":"","Attributes":0,"ValueType":"System.String"},"Value":"162995136"}]},"Attachments":[],"Outcome":1,"ErrorMessage":null,"ErrorStackTrace":null,"DisplayName":"GetContatoById_ShouldReturnOk_WhenContatoExists","Messages":[],"ComputerName":"MATHEUS","Duration":"00:00:00.0100820","StartTime":"2024-11-05T15:51:21.9304394+00:00","EndTime":"2024-11-05T15:51:21.9405216+00:00","Properties":[{"Key":{"Id":"NUnit.Seed","Label":"Seed","Category":"","Description":"","Attributes":0,"ValueType":"System.String"},"Value":"162995136"}]},{"TestCase":{"Id":"31d07c48-ad50-c3c3-288e-6f139b03b265","FullyQualifiedName":"fiap_grupo57_fase1_test.Controllers.ContatosControllerTests.GetContatos_ReturnsOkResult_WithListOfContatos","DisplayName":"GetContatos_ReturnsOkResult_WithListOfContatos","ExecutorUri":"executor://NUnit3TestExecutor","Source":"C:\\Users\\matmi\\OneDrive\\Documentos\\github\\fiap_grupo57_fase1\\fiap_grupo57_fase1_test\\bin\\Debug\\net8.0\\fine-code-coverage\\build-output\\fiap_grupo57_fase1_test.dll","CodeFilePath":null,"LineNumber":0,"Properties":[{"Key":{"Id":"NUnit.Seed","Label":"Seed","Category":"","Description":"","Attributes":0,"ValueType":"System.String"},"Value":"861420577"}]},"Attachments":[],"Outcome":1,"ErrorMessage":null,"ErrorStackTrace":null,"DisplayName":"GetContatos_ReturnsOkResult_WithListOfContatos","Messages":[],"ComputerName":"MATHEUS","Duration":"00:00:00.0032730","StartTime":"2024-11-05T15:51:21.9405664+00:00","EndTime":"2024-11-05T15:51:21.9438385+00:00","Properties":[{"Key":{"Id":"NUnit.Seed","Label":"Seed","Category":"","Description":"","Attributes":0,"ValueType":"System.String"},"Value":"861420577"}]},{"TestCase":{"Id":"77a8a6ac-01ad-eb14-920e-a93c3888958a","FullyQualifiedName":"fiap_grupo57_fase1_test.Controllers.ContatosControllerTests.PostContato_ReturnsOkResult_WithContatoResponse","DisplayName":"PostContato_ReturnsOkResult_WithContatoResponse","ExecutorUri":"executor://NUnit3TestExecutor","Source":"C:\\Users\\matmi\\OneDrive\\Documentos\\github\\fiap_grupo57_fase1\\fiap_grupo57_fase1_test\\bin\\Debug\\net8.0\\fine-code-coverage\\build-output\\fiap_grupo57_fase1_test.dll","CodeFilePath":null,"LineNumber":0,"Properties":[{"Key":{"Id":"NUnit.Seed","Label":"Seed","Category":"","Description":"","Attributes":0,"ValueType":"System.String"},"Value":"1648204663"}]},"Attachments":[],"Outcome":1,"ErrorMessage":null,"ErrorStackTrace":null,"DisplayName":"PostContato_ReturnsOkResult_WithContatoResponse","Messages":[],"ComputerName":"MATHEUS","Duration":"00:00:00.0019060","StartTime":"2024-11-05T15:51:21.9438646+00:00","EndTime":"2024-11-05T15:51:21.9457699+00:00","Properties":[{"Key":{"Id":"NUnit.Seed","Label":"Seed","Category":"","Description":"","Attributes":0,"ValueType":"System.String"},"Value":"1648204663"}]},{"TestCase":{"Id":"a2867e3b-fc0a-9447-a7a4-34a09da8cd1d","FullyQualifiedName":"fiap_grupo57_fase1_test.Controllers.ContatosControllerTests.PutContato_ShouldReturnNoContent_WhenUpdateIsSuccessful","DisplayName":"PutContato_ShouldReturnNoContent_WhenUpdateIsSuccessful","ExecutorUri":"executor://NUnit3TestExecutor","Source":"C:\\Users\\matmi\\OneDrive\\Documentos\\github\\fiap_grupo57_fase1\\fiap_grupo57_fase1_test\\bin\\Debug\\net8.0\\fine-code-coverage\\build-output\\fiap_grupo57_fase1_test.dll","CodeFilePath":null,"LineNumber":0,"Properties":[{"Key":{"Id":"NUnit.Seed","Label":"Seed","Category":"","Description":"","Attributes":0,"ValueType":"System.String"},"Value":"1763841672"}]},"Attachments":[],"Outcome":1,"ErrorMessage":null,"ErrorStackTrace":null,"DisplayName":"PutContato_ShouldReturnNoContent_WhenUpdateIsSuccessful","Messages":[],"ComputerName":"MATHEUS","Duration":"00:00:00.0013740","StartTime":"2024-11-05T15:51:21.9457909+00:00","EndTime":"2024-11-05T15:51:21.947165+00:00","Properties":[{"Key":{"Id":"NUnit.Seed","Label":"Seed","Category":"","Description":"","Attributes":0,"ValueType":"System.String"},"Value":"1763841672"}]},{"TestCase":{"Id":"cf452e41-551a-c7d0-a67e-d3dfd0e9565a","FullyQualifiedName":"fiap_grupo57_fase1_test.Helpers.ValidatorHelperTests.Validar_ContatoInvalido_ThrowsCustomException","DisplayName":"Validar_ContatoInvalido_ThrowsCustomException","ExecutorUri":"executor://NUnit3TestExecutor","Source":"C:\\Users\\matmi\\OneDrive\\Documentos\\github\\fiap_grupo57_fase1\\fiap_grupo57_fase1_test\\bin\\Debug\\net8.0\\fine-code-coverage\\build-output\\fiap_grupo57_fase1_test.dll","CodeFilePath":null,"LineNumber":0,"Properties":[{"Key":{"Id":"NUnit.Seed","Label":"Seed","Category":"","Description":"","Attributes":0,"ValueType":"System.String"},"Value":"2138404073"}]},"Attachments":[],"Outcome":1,"ErrorMessage":null,"ErrorStackTrace":null,"DisplayName":"Validar_ContatoInvalido_ThrowsCustomException","Messages":[],"ComputerName":"MATHEUS","Duration":"00:00:00.0099910","StartTime":"2024-11-05T15:51:21.9489821+00:00","EndTime":"2024-11-05T15:51:21.9589725+00:00","Properties":[{"Key":{"Id":"NUnit.Seed","Label":"Seed","Category":"","Description":"","Attributes":0,"ValueType":"System.String"},"Value":"2138404073"}]},{"TestCase":{"Id":"82741e3a-45bc-821e-872b-942b19e87399","FullyQualifiedName":"fiap_grupo57_fase1_test.Helpers.ValidatorHelperTests.Validar_ContatoValido_DoesNotThrowException","DisplayName":"Validar_ContatoValido_DoesNotThrowException","ExecutorUri":"executor://NUnit3TestExecutor","Source":"C:\\Users\\matmi\\OneDrive\\Documentos\\github\\fiap_grupo57_fase1\\fiap_grupo57_fase1_test\\bin\\Debug\\net8.0\\fine-code-coverage\\build-output\\fiap_grupo57_fase1_test.dll","CodeFilePath":null,"LineNumber":0,"Properties":[{"Key":{"Id":"NUnit.Seed","Label":"Seed","Category":"","Description":"","Attributes":0,"ValueType":"System.String"},"Value":"24041350"}]},"Attachments":[],"Outcome":1,"ErrorMessage":null,"ErrorStackTrace":null,"DisplayName":"Validar_ContatoValido_DoesNotThrowException","Messages":[],"ComputerName":"MATHEUS","Duration":"00:00:00.0011990","StartTime":"2024-11-05T15:51:21.9590127+00:00","EndTime":"2024-11-05T15:51:21.9602117+00:00","Properties":[{"Key":{"Id":"NUnit.Seed","Label":"Seed","Category":"","Description":"","Attributes":0,"ValueType":"System.String"},"Value":"24041350"}]},{"TestCase":{"Id":"4fc144fb-ef8d-0553-8daf-6467c6b422ec","FullyQualifiedName":"fiap_grupo57_fase1_test.Infrastructures.ExceptionMiddlewareTests.InvokeAsync_GenericException_ReturnsInternalServerErrorResponse","DisplayName":"InvokeAsync_GenericException_ReturnsInternalServerErrorResponse","ExecutorUri":"executor://NUnit3TestExecutor","Source":"C:\\Users\\matmi\\OneDrive\\Documentos\\github\\fiap_grupo57_fase1\\fiap_grupo57_fase1_test\\bin\\Debug\\net8.0\\fine-code-coverage\\build-output\\fiap_grupo57_fase1_test.dll","CodeFilePath":null,"LineNumber":0,"Properties":[{"Key":{"Id":"NUnit.Seed","Label":"Seed","Category":"","Description":"","Attributes":0,"ValueType":"System.String"},"Value":"432314016"}]},"Attachments":[],"Outcome":1,"ErrorMessage":null,"ErrorStackTrace":null,"DisplayName":"InvokeAsync_GenericException_ReturnsInternalServerErrorResponse","Messages":[],"ComputerName":"MATHEUS","Duration":"00:00:00.0524900","StartTime":"2024-11-05T15:51:21.9604503+00:00","EndTime":"2024-11-05T15:51:22.0129394+00:00","Properties":[{"Key":{"Id":"NUnit.Seed","Label":"Seed","Category":"","Description":"","Attributes":0,"ValueType":"System.String"},"Value":"432314016"}]},{"TestCase":{"Id":"6ac76f08-6a81-ef88-8bc6-ffafe58f0caa","FullyQualifiedName":"fiap_grupo57_fase1_test.Infrastructures.ExceptionMiddlewareTests.InvokeAsync_ShouldHandleCustomException","DisplayName":"InvokeAsync_ShouldHandleCustomException","ExecutorUri":"executor://NUnit3TestExecutor","Source":"C:\\Users\\matmi\\OneDrive\\Documentos\\github\\fiap_grupo57_fase1\\fiap_grupo57_fase1_test\\bin\\Debug\\net8.0\\fine-code-coverage\\build-output\\fiap_grupo57_fase1_test.dll","CodeFilePath":null,"LineNumber":0,"Properties":[{"Key":{"Id":"NUnit.Seed","Label":"Seed","Category":"","Description":"","Attributes":0,"ValueType":"System.String"},"Value":"1377411162"}]},"Attachments":[],"Outcome":1,"ErrorMessage":null,"ErrorStackTrace":null,"DisplayName":"InvokeAsync_ShouldHandleCustomException","Messages":[],"ComputerName":"MATHEUS","Duration":"00:00:00.0058100","StartTime":"2024-11-05T15:51:22.012977+00:00","EndTime":"2024-11-05T15:51:22.018786+00:00","Properties":[{"Key":{"Id":"NUnit.Seed","Label":"Seed","Category":"","Description":"","Attributes":0,"ValueType":"System.String"},"Value":"1377411162"}]}],"TestRunStatistics":{"ExecutedTests":9,"Stats":{"Passed":9}},"ActiveTests":[{"Id":"a54e5192-d755-fae3-9f1f-a13c28ea14e4","FullyQualifiedName":"fiap_grupo57_fase1_test.Models.ContatosPostRequestTests.ContatosPostRequest_InvalidModel_ReturnsValidationErrors","DisplayName":"ContatosPostRequest_InvalidModel_ReturnsValidationErrors","ExecutorUri":"executor://NUnit3TestExecutor","Source":"C:\\Users\\matmi\\OneDrive\\Documentos\\github\\fiap_grupo57_fase1\\fiap_grupo57_fase1_test\\bin\\Debug\\net8.0\\fine-code-coverage\\build-output\\fiap_grupo57_fase1_test.dll","CodeFilePath":null,"LineNumber":0,"Properties":[{"Key":{"Id":"NUnit.Seed","Label":"Seed","Category":"","Description":"","Attributes":0,"ValueType":"System.String"},"Value":"1975399564"}]}]}}
TpTrace Verbose: 0 : 2516, 14, 2024/11/05, 12:51:22.036, 19250699268849, vstest.console.dll, TestRunRequest:SendTestRunStatsChange: Starting.
TpTrace Verbose: 0 : 2516, 14, 2024/11/05, 12:51:22.036, 19250699269629, vstest.console.dll, InProgress is ContatosPostRequest_InvalidModel_ReturnsValidationErrors
TpTrace Verbose: 0 : 2516, 14, 2024/11/05, 12:51:22.036, 19250699271775, vstest.console.dll, MulticastDelegateUtilities.SafeInvoke: TestRun.RunStatsChanged: Invoking callbacks was skipped because there are no subscribers.
TpTrace Information: 0 : 2516, 14, 2024/11/05, 12:51:22.036, 19250699272175, vstest.console.dll, TestRunRequest:SendTestRunStatsChange: Completed.
TpTrace Verbose: 0 : 2516, 14, 2024/11/05, 12:51:22.036, 19250699272439, vstest.console.dll, MulticastDelegateUtilities.SafeInvoke: LengthPrefixCommunicationChannel: MessageReceived: Invoking callback 1/1 for Microsoft.VisualStudio.TestPlatform.CommunicationUtilities.TestRequestSender+<>c__DisplayClass34_0., took 8 ms.
TpTrace Verbose: 0 : 2516, 14, 2024/11/05, 12:51:22.036, 19250699272803, vstest.console.dll, TcpClientExtensions.MessageLoopAsync: Polling on remoteEndPoint: 127.0.0.1:64967 localEndPoint: 127.0.0.1:64966 after 140 ms
TpTrace Verbose: 0 : 2516, 4, 2024/11/05, 12:51:22.038, 19250699286263, vstest.console.dll, MulticastDelegateUtilities.SafeInvoke: InternalTestLoggerEvents.SendTestResult: Invoking callback 1/1 for Microsoft.VisualStudio.TestPlatform.CommandLine.Internal.ConsoleLogger., took 1 ms.
TpTrace Verbose: 0 : 2516, 4, 2024/11/05, 12:51:22.038, 19250699290344, vstest.console.dll, MulticastDelegateUtilities.SafeInvoke: InternalTestLoggerEvents.SendTestResult: Invoking callback 1/1 for Microsoft.VisualStudio.TestPlatform.CommandLine.Internal.ConsoleLogger., took 0 ms.
TpTrace Verbose: 0 : 2516, 4, 2024/11/05, 12:51:22.038, 19250699291173, vstest.console.dll, MulticastDelegateUtilities.SafeInvoke: InternalTestLoggerEvents.SendTestResult: Invoking callback 1/1 for Microsoft.VisualStudio.TestPlatform.CommandLine.Internal.ConsoleLogger., took 0 ms.
TpTrace Verbose: 0 : 2516, 4, 2024/11/05, 12:51:22.038, 19250699291463, vstest.console.dll, MulticastDelegateUtilities.SafeInvoke: InternalTestLoggerEvents.SendTestResult: Invoking callback 1/1 for Microsoft.VisualStudio.TestPlatform.CommandLine.Internal.ConsoleLogger., took 0 ms.
TpTrace Verbose: 0 : 2516, 4, 2024/11/05, 12:51:22.038, 19250699291715, vstest.console.dll, MulticastDelegateUtilities.SafeInvoke: InternalTestLoggerEvents.SendTestResult: Invoking callback 1/1 for Microsoft.VisualStudio.TestPlatform.CommandLine.Internal.ConsoleLogger., took 0 ms.
TpTrace Verbose: 0 : 2516, 4, 2024/11/05, 12:51:22.038, 19250699291973, vstest.console.dll, MulticastDelegateUtilities.SafeInvoke: InternalTestLoggerEvents.SendTestResult: Invoking callback 1/1 for Microsoft.VisualStudio.TestPlatform.CommandLine.Internal.ConsoleLogger., took 0 ms.
TpTrace Verbose: 0 : 2516, 4, 2024/11/05, 12:51:22.038, 19250699292198, vstest.console.dll, MulticastDelegateUtilities.SafeInvoke: InternalTestLoggerEvents.SendTestResult: Invoking callback 1/1 for Microsoft.VisualStudio.TestPlatform.CommandLine.Internal.ConsoleLogger., took 0 ms.
TpTrace Verbose: 0 : 2516, 4, 2024/11/05, 12:51:22.038, 19250699292482, vstest.console.dll, MulticastDelegateUtilities.SafeInvoke: InternalTestLoggerEvents.SendTestResult: Invoking callback 1/1 for Microsoft.VisualStudio.TestPlatform.CommandLine.Internal.ConsoleLogger., took 0 ms.
TpTrace Verbose: 0 : 2516, 4, 2024/11/05, 12:51:22.038, 19250699292750, vstest.console.dll, MulticastDelegateUtilities.SafeInvoke: InternalTestLoggerEvents.SendTestResult: Invoking callback 1/1 for Microsoft.VisualStudio.TestPlatform.CommandLine.Internal.ConsoleLogger., took 0 ms.
TpTrace Verbose: 0 : 2516, 14, 2024/11/05, 12:51:22.058, 19250699492693, vstest.console.dll, TcpClientExtensions.MessageLoopAsync: NotifyDataAvailable remoteEndPoint: 127.0.0.1:64967 localEndPoint: 127.0.0.1:64966
TpTrace Verbose: 0 : 2516, 14, 2024/11/05, 12:51:22.059, 19250699495784, vstest.console.dll, TestRequestSender.OnExecutionMessageReceived: Received message: {"Version":7,"MessageType":"TestExecution.StatsChange","Payload":{"NewTestResults":[{"TestCase":{"Id":"a54e5192-d755-fae3-9f1f-a13c28ea14e4","FullyQualifiedName":"fiap_grupo57_fase1_test.Models.ContatosPostRequestTests.ContatosPostRequest_InvalidModel_ReturnsValidationErrors","DisplayName":"ContatosPostRequest_InvalidModel_ReturnsValidationErrors","ExecutorUri":"executor://NUnit3TestExecutor","Source":"C:\\Users\\matmi\\OneDrive\\Documentos\\github\\fiap_grupo57_fase1\\fiap_grupo57_fase1_test\\bin\\Debug\\net8.0\\fine-code-coverage\\build-output\\fiap_grupo57_fase1_test.dll","CodeFilePath":null,"LineNumber":0,"Properties":[{"Key":{"Id":"NUnit.Seed","Label":"Seed","Category":"","Description":"","Attributes":0,"ValueType":"System.String"},"Value":"1975399564"}]},"Attachments":[],"Outcome":1,"ErrorMessage":null,"ErrorStackTrace":null,"DisplayName":"ContatosPostRequest_InvalidModel_ReturnsValidationErrors","Messages":[],"ComputerName":"MATHEUS","Duration":"00:00:00.0008900","StartTime":"2024-11-05T15:51:22.0189606+00:00","EndTime":"2024-11-05T15:51:22.0198506+00:00","Properties":[{"Key":{"Id":"NUnit.Seed","Label":"Seed","Category":"","Description":"","Attributes":0,"ValueType":"System.String"},"Value":"1975399564"}]},{"TestCase":{"Id":"2bb5eea2-d82d-f208-d0ee-0187d1ff3e77","FullyQualifiedName":"fiap_grupo57_fase1_test.Models.ContatosPostRequestTests.ContatosPostRequest_ValidModel_DoesNotReturnValidationErrors","DisplayName":"ContatosPostRequest_ValidModel_DoesNotReturnValidationErrors","ExecutorUri":"executor://NUnit3TestExecutor","Source":"C:\\Users\\matmi\\OneDrive\\Documentos\\github\\fiap_grupo57_fase1\\fiap_grupo57_fase1_test\\bin\\Debug\\net8.0\\fine-code-coverage\\build-output\\fiap_grupo57_fase1_test.dll","CodeFilePath":null,"LineNumber":0,"Properties":[{"Key":{"Id":"NUnit.Seed","Label":"Seed","Category":"","Description":"","Attributes":0,"ValueType":"System.String"},"Value":"1001926338"}]},"Attachments":[],"Outcome":1,"ErrorMessage":null,"ErrorStackTrace":null,"DisplayName":"ContatosPostRequest_ValidModel_DoesNotReturnValidationErrors","Messages":[],"ComputerName":"MATHEUS","Duration":"00:00:00.0002010","StartTime":"2024-11-05T15:51:22.0198676+00:00","EndTime":"2024-11-05T15:51:22.0200686+00:00","Properties":[{"Key":{"Id":"NUnit.Seed","Label":"Seed","Category":"","Description":"","Attributes":0,"ValueType":"System.String"},"Value":"1001926338"}]},{"TestCase":{"Id":"34be6364-4942-ea2a-c331-70636bd009e1","FullyQualifiedName":"fiap_grupo57_fase1_test.Models.ContatosPutRequestTests.ContatosPutRequest_InvalidModel_ReturnsValidationErrors","DisplayName":"ContatosPutRequest_InvalidModel_ReturnsValidationErrors","ExecutorUri":"executor://NUnit3TestExecutor","Source":"C:\\Users\\matmi\\OneDrive\\Documentos\\github\\fiap_grupo57_fase1\\fiap_grupo57_fase1_test\\bin\\Debug\\net8.0\\fine-code-coverage\\build-output\\fiap_grupo57_fase1_test.dll","CodeFilePath":null,"LineNumber":0,"Properties":[{"Key":{"Id":"NUnit.Seed","Label":"Seed","Category":"","Description":"","Attributes":0,"ValueType":"System.String"},"Value":"139522792"}]},"Attachments":[],"Outcome":1,"ErrorMessage":null,"ErrorStackTrace":null,"DisplayName":"ContatosPutRequest_InvalidModel_ReturnsValidationErrors","Messages":[],"ComputerName":"MATHEUS","Duration":"00:00:00.0010200","StartTime":"2024-11-05T15:51:22.0201972+00:00","EndTime":"2024-11-05T15:51:22.0212171+00:00","Properties":[{"Key":{"Id":"NUnit.Seed","Label":"Seed","Category":"","Description":"","Attributes":0,"ValueType":"System.String"},"Value":"139522792"}]},{"TestCase":{"Id":"4784ae22-2a63-4518-d653-d87b61868a1b","FullyQualifiedName":"fiap_grupo57_fase1_test.Models.ContatosPutRequestTests.ContatosPutRequest_ValidModel_DoesNotReturnValidationErrors","DisplayName":"ContatosPutRequest_ValidModel_DoesNotReturnValidationErrors","ExecutorUri":"executor://NUnit3TestExecutor","Source":"C:\\Users\\matmi\\OneDrive\\Documentos\\github\\fiap_grupo57_fase1\\fiap_grupo57_fase1_test\\bin\\Debug\\net8.0\\fine-code-coverage\\build-output\\fiap_grupo57_fase1_test.dll","CodeFilePath":null,"LineNumber":0,"Properties":[{"Key":{"Id":"NUnit.Seed","Label":"Seed","Category":"","Description":"","Attributes":0,"ValueType":"System.String"},"Value":"870357235"}]},"Attachments":[],"Outcome":1,"ErrorMessage":null,"ErrorStackTrace":null,"DisplayName":"ContatosPutRequest_ValidModel_DoesNotReturnValidationErrors","Messages":[],"ComputerName":"MATHEUS","Duration":"00:00:00.0004590","StartTime":"2024-11-05T15:51:22.0212367+00:00","EndTime":"2024-11-05T15:51:22.0216957+00:00","Properties":[{"Key":{"Id":"NUnit.Seed","Label":"Seed","Category":"","Description":"","Attributes":0,"ValueType":"System.String"},"Value":"870357235"}]},{"TestCase":{"Id":"34dc32a0-5754-1dc8-a70c-0cf9625bc4da","FullyQualifiedName":"fiap_grupo57_fase1_test.Repositories.ContatosRepositoryTests.Adicionar_ContatoValido_RetornaId","DisplayName":"Adicionar_ContatoValido_RetornaId","ExecutorUri":"executor://NUnit3TestExecutor","Source":"C:\\Users\\matmi\\OneDrive\\Documentos\\github\\fiap_grupo57_fase1\\fiap_grupo57_fase1_test\\bin\\Debug\\net8.0\\fine-code-coverage\\build-output\\fiap_grupo57_fase1_test.dll","CodeFilePath":null,"LineNumber":0,"Properties":[{"Key":{"Id":"NUnit.Seed","Label":"Seed","Category":"","Description":"","Attributes":0,"ValueType":"System.String"},"Value":"1338251642"}]},"Attachments":[],"Outcome":1,"ErrorMessage":null,"ErrorStackTrace":null,"DisplayName":"Adicionar_ContatoValido_RetornaId","Messages":[],"ComputerName":"MATHEUS","Duration":"00:00:00.0096280","StartTime":"2024-11-05T15:51:22.0218251+00:00","EndTime":"2024-11-05T15:51:22.0314532+00:00","Properties":[{"Key":{"Id":"NUnit.Seed","Label":"Seed","Category":"","Description":"","Attributes":0,"ValueType":"System.String"},"Value":"1338251642"}]},{"TestCase":{"Id":"4c0b8d67-ea6d-c766-1c11-8bd54370a268","FullyQualifiedName":"fiap_grupo57_fase1_test.Repositories.ContatosRepositoryTests.ContatoExiste_ContatoExistente_RetornaTrue","DisplayName":"ContatoExiste_ContatoExistente_RetornaTrue","ExecutorUri":"executor://NUnit3TestExecutor","Source":"C:\\Users\\matmi\\OneDrive\\Documentos\\github\\fiap_grupo57_fase1\\fiap_grupo57_fase1_test\\bin\\Debug\\net8.0\\fine-code-coverage\\build-output\\fiap_grupo57_fase1_test.dll","CodeFilePath":null,"LineNumber":0,"Properties":[{"Key":{"Id":"NUnit.Seed","Label":"Seed","Category":"","Description":"","Attributes":0,"ValueType":"System.String"},"Value":"1879700408"}]},"Attachments":[],"Outcome":1,"ErrorMessage":null,"ErrorStackTrace":null,"DisplayName":"ContatoExiste_ContatoExistente_RetornaTrue","Messages":[],"ComputerName":"MATHEUS","Duration":"00:00:00.0026180","StartTime":"2024-11-05T15:51:22.0314767+00:00","EndTime":"2024-11-05T15:51:22.0340949+00:00","Properties":[{"Key":{"Id":"NUnit.Seed","Label":"Seed","Category":"","Description":"","Attributes":0,"ValueType":"System.String"},"Value":"1879700408"}]},{"TestCase":{"Id":"4b72ecc7-e0eb-5073-787c-e0284e78e62e","FullyQualifiedName":"fiap_grupo57_fase1_test.Repositories.ContatosRepositoryTests.ContatoExistePorId_ContatoExistente_RetornaTrue","DisplayName":"ContatoExistePorId_ContatoExistente_RetornaTrue","ExecutorUri":"executor://NUnit3TestExecutor","Source":"C:\\Users\\matmi\\OneDrive\\Documentos\\github\\fiap_grupo57_fase1\\fiap_grupo57_fase1_test\\bin\\Debug\\net8.0\\fine-code-coverage\\build-output\\fiap_grupo57_fase1_test.dll","CodeFilePath":null,"LineNumber":0,"Properties":[{"Key":{"Id":"NUnit.Seed","Label":"Seed","Category":"","Description":"","Attributes":0,"ValueType":"System.String"},"Value":"1114951547"}]},"Attachments":[],"Outcome":1,"ErrorMessage":null,"ErrorStackTrace":null,"DisplayName":"ContatoExistePorId_ContatoExistente_RetornaTrue","Messages":[],"ComputerName":"MATHEUS","Duration":"00:00:00.0018560","StartTime":"2024-11-05T15:51:22.0341166+00:00","EndTime":"2024-11-05T15:51:22.0359728+00:00","Properties":[{"Key":{"Id":"NUnit.Seed","Label":"Seed","Category":"","Description":"","Attributes":0,"ValueType":"System.String"},"Value":"1114951547"}]},{"TestCase":{"Id":"32c45b6e-7a4b-b0c0-691d-6c8255184510","FullyQualifiedName":"fiap_grupo57_fase1_test.Repositories.ContatosRepositoryTests.ObterPorDDD_ContatosExistentes_RetornaListaDeContatos","DisplayName":"ObterPorDDD_ContatosExistentes_RetornaListaDeContatos","ExecutorUri":"executor://NUnit3TestExecutor","Source":"C:\\Users\\matmi\\OneDrive\\Documentos\\github\\fiap_grupo57_fase1\\fiap_grupo57_fase1_test\\bin\\Debug\\net8.0\\fine-code-coverage\\build-output\\fiap_grupo57_fase1_test.dll","CodeFilePath":null,"LineNumber":0,"Properties":[{"Key":{"Id":"NUnit.Seed","Label":"Seed","Category":"","Description":"","Attributes":0,"ValueType":"System.String"},"Value":"1225969227"}]},"Attachments":[],"Outcome":1,"ErrorMessage":null,"ErrorStackTrace":null,"DisplayName":"ObterPorDDD_ContatosExistentes_RetornaListaDeContatos","Messages":[],"ComputerName":"MATHEUS","Duration":"00:00:00.0021210","StartTime":"2024-11-05T15:51:22.0359971+00:00","EndTime":"2024-11-05T15:51:22.0381177+00:00","Properties":[{"Key":{"Id":"NUnit.Seed","Label":"Seed","Category":"","Description":"","Attributes":0,"ValueType":"System.String"},"Value":"1225969227"}]},{"TestCase":{"Id":"75819da7-51c8-6ac3-2560-36931e802def","FullyQualifiedName":"fiap_grupo57_fase1_test.Repositories.ContatosRepositoryTests.ObterPorDDDRegiao_ContatosExistentes_RetornaListaDeContatos","DisplayName":"ObterPorDDDRegiao_ContatosExistentes_RetornaListaDeContatos","ExecutorUri":"executor://NUnit3TestExecutor","Source":"C:\\Users\\matmi\\OneDrive\\Documentos\\github\\fiap_grupo57_fase1\\fiap_grupo57_fase1_test\\bin\\Debug\\net8.0\\fine-code-coverage\\build-output\\fiap_grupo57_fase1_test.dll","CodeFilePath":null,"LineNumber":0,"Properties":[{"Key":{"Id":"NUnit.Seed","Label":"Seed","Category":"","Description":"","Attributes":0,"ValueType":"System.String"},"Value":"412757540"}]},"Attachments":[],"Outcome":1,"ErrorMessage":null,"ErrorStackTrace":null,"DisplayName":"ObterPorDDDRegiao_ContatosExistentes_RetornaListaDeContatos","Messages":[],"ComputerName":"MATHEUS","Duration":"00:00:00.0019110","StartTime":"2024-11-05T15:51:22.0381578+00:00","EndTime":"2024-11-05T15:51:22.0400687+00:00","Properties":[{"Key":{"Id":"NUnit.Seed","Label":"Seed","Category":"","Description":"","Attributes":0,"ValueType":"System.String"},"Value":"412757540"}]}],"TestRunStatistics":{"ExecutedTests":18,"Stats":{"Passed":18}},"ActiveTests":[{"Id":"806e79ff-3e79-4d99-b8cf-a2d4c020731d","FullyQualifiedName":"fiap_grupo57_fase1_test.Services.ContatosServiceTests.AdicionarContato_ContatoInvalido_DeveLancarExcecao","DisplayName":"AdicionarContato_ContatoInvalido_DeveLancarExcecao","ExecutorUri":"executor://NUnit3TestExecutor","Source":"C:\\Users\\matmi\\OneDrive\\Documentos\\github\\fiap_grupo57_fase1\\fiap_grupo57_fase1_test\\bin\\Debug\\net8.0\\fine-code-coverage\\build-output\\fiap_grupo57_fase1_test.dll","CodeFilePath":null,"LineNumber":0,"Properties":[{"Key":{"Id":"NUnit.Seed","Label":"Seed","Category":"","Description":"","Attributes":0,"ValueType":"System.String"},"Value":"424864718"}]}]}}
TpTrace Verbose: 0 : 2516, 14, 2024/11/05, 12:51:22.061, 19250699516151, vstest.console.dll, TestRunRequest:SendTestRunStatsChange: Starting.
TpTrace Verbose: 0 : 2516, 14, 2024/11/05, 12:51:22.061, 19250699516876, vstest.console.dll, InProgress is AdicionarContato_ContatoInvalido_DeveLancarExcecao
TpTrace Verbose: 0 : 2516, 14, 2024/11/05, 12:51:22.061, 19250699517602, vstest.console.dll, MulticastDelegateUtilities.SafeInvoke: TestRun.RunStatsChanged: Invoking callbacks was skipped because there are no subscribers.
TpTrace Information: 0 : 2516, 14, 2024/11/05, 12:51:22.061, 19250699517870, vstest.console.dll, TestRunRequest:SendTestRunStatsChange: Completed.
TpTrace Verbose: 0 : 2516, 14, 2024/11/05, 12:51:22.061, 19250699518120, vstest.console.dll, MulticastDelegateUtilities.SafeInvoke: LengthPrefixCommunicationChannel: MessageReceived: Invoking callback 1/1 for Microsoft.VisualStudio.TestPlatform.CommunicationUtilities.TestRequestSender+<>c__DisplayClass34_0., took 2 ms.
TpTrace Verbose: 0 : 2516, 14, 2024/11/05, 12:51:22.061, 19250699518432, vstest.console.dll, TcpClientExtensions.MessageLoopAsync: Polling on remoteEndPoint: 127.0.0.1:64967 localEndPoint: 127.0.0.1:64966 after 24 ms
TpTrace Verbose: 0 : 2516, 4, 2024/11/05, 12:51:22.061, 19250699518962, vstest.console.dll, MulticastDelegateUtilities.SafeInvoke: InternalTestLoggerEvents.SendTestResult: Invoking callback 1/1 for Microsoft.VisualStudio.TestPlatform.CommandLine.Internal.ConsoleLogger., took 0 ms.
TpTrace Verbose: 0 : 2516, 4, 2024/11/05, 12:51:22.061, 19250699519598, vstest.console.dll, MulticastDelegateUtilities.SafeInvoke: InternalTestLoggerEvents.SendTestResult: Invoking callback 1/1 for Microsoft.VisualStudio.TestPlatform.CommandLine.Internal.ConsoleLogger., took 0 ms.
TpTrace Verbose: 0 : 2516, 4, 2024/11/05, 12:51:22.061, 19250699519905, vstest.console.dll, MulticastDelegateUtilities.SafeInvoke: InternalTestLoggerEvents.SendTestResult: Invoking callback 1/1 for Microsoft.VisualStudio.TestPlatform.CommandLine.Internal.ConsoleLogger., took 0 ms.
TpTrace Verbose: 0 : 2516, 4, 2024/11/05, 12:51:22.061, 19250699520117, vstest.console.dll, MulticastDelegateUtilities.SafeInvoke: InternalTestLoggerEvents.SendTestResult: Invoking callback 1/1 for Microsoft.VisualStudio.TestPlatform.CommandLine.Internal.ConsoleLogger., took 0 ms.
TpTrace Verbose: 0 : 2516, 4, 2024/11/05, 12:51:22.061, 19250699520348, vstest.console.dll, MulticastDelegateUtilities.SafeInvoke: InternalTestLoggerEvents.SendTestResult: Invoking callback 1/1 for Microsoft.VisualStudio.TestPlatform.CommandLine.Internal.ConsoleLogger., took 0 ms.
TpTrace Verbose: 0 : 2516, 4, 2024/11/05, 12:51:22.061, 19250699520598, vstest.console.dll, MulticastDelegateUtilities.SafeInvoke: InternalTestLoggerEvents.SendTestResult: Invoking callback 1/1 for Microsoft.VisualStudio.TestPlatform.CommandLine.Internal.ConsoleLogger., took 0 ms.
TpTrace Verbose: 0 : 2516, 4, 2024/11/05, 12:51:22.061, 19250699520849, vstest.console.dll, MulticastDelegateUtilities.SafeInvoke: InternalTestLoggerEvents.SendTestResult: Invoking callback 1/1 for Microsoft.VisualStudio.TestPlatform.CommandLine.Internal.ConsoleLogger., took 0 ms.
TpTrace Verbose: 0 : 2516, 4, 2024/11/05, 12:51:22.061, 19250699521099, vstest.console.dll, MulticastDelegateUtilities.SafeInvoke: InternalTestLoggerEvents.SendTestResult: Invoking callback 1/1 for Microsoft.VisualStudio.TestPlatform.CommandLine.Internal.ConsoleLogger., took 0 ms.
TpTrace Verbose: 0 : 2516, 4, 2024/11/05, 12:51:22.061, 19250699521306, vstest.console.dll, MulticastDelegateUtilities.SafeInvoke: InternalTestLoggerEvents.SendTestResult: Invoking callback 1/1 for Microsoft.VisualStudio.TestPlatform.CommandLine.Internal.ConsoleLogger., took 0 ms.
TpTrace Verbose: 0 : 2516, 14, 2024/11/05, 12:51:22.092, 19250699825456, vstest.console.dll, TcpClientExtensions.MessageLoopAsync: NotifyDataAvailable remoteEndPoint: 127.0.0.1:64967 localEndPoint: 127.0.0.1:64966
TpTrace Verbose: 0 : 2516, 14, 2024/11/05, 12:51:22.092, 19250699828103, vstest.console.dll, TestRequestSender.OnExecutionMessageReceived: Received message: {"Version":7,"MessageType":"TestExecution.StatsChange","Payload":{"NewTestResults":[{"TestCase":{"Id":"806e79ff-3e79-4d99-b8cf-a2d4c020731d","FullyQualifiedName":"fiap_grupo57_fase1_test.Services.ContatosServiceTests.AdicionarContato_ContatoInvalido_DeveLancarExcecao","DisplayName":"AdicionarContato_ContatoInvalido_DeveLancarExcecao","ExecutorUri":"executor://NUnit3TestExecutor","Source":"C:\\Users\\matmi\\OneDrive\\Documentos\\github\\fiap_grupo57_fase1\\fiap_grupo57_fase1_test\\bin\\Debug\\net8.0\\fine-code-coverage\\build-output\\fiap_grupo57_fase1_test.dll","CodeFilePath":null,"LineNumber":0,"Properties":[{"Key":{"Id":"NUnit.Seed","Label":"Seed","Category":"","Description":"","Attributes":0,"ValueType":"System.String"},"Value":"424864718"}]},"Attachments":[],"Outcome":1,"ErrorMessage":null,"ErrorStackTrace":null,"DisplayName":"AdicionarContato_ContatoInvalido_DeveLancarExcecao","Messages":[],"ComputerName":"MATHEUS","Duration":"00:00:00.0043550","StartTime":"2024-11-05T15:51:22.040232+00:00","EndTime":"2024-11-05T15:51:22.0445865+00:00","Properties":[{"Key":{"Id":"NUnit.Seed","Label":"Seed","Category":"","Description":"","Attributes":0,"ValueType":"System.String"},"Value":"424864718"}]},{"TestCase":{"Id":"05ba8063-e4b2-f47b-2050-986c2d42a831","FullyQualifiedName":"fiap_grupo57_fase1_test.Services.ContatosServiceTests.AdicionarContato_ContatoJaExiste_DeveLancarExcecao","DisplayName":"AdicionarContato_ContatoJaExiste_DeveLancarExcecao","ExecutorUri":"executor://NUnit3TestExecutor","Source":"C:\\Users\\matmi\\OneDrive\\Documentos\\github\\fiap_grupo57_fase1\\fiap_grupo57_fase1_test\\bin\\Debug\\net8.0\\fine-code-coverage\\build-output\\fiap_grupo57_fase1_test.dll","CodeFilePath":null,"LineNumber":0,"Properties":[{"Key":{"Id":"NUnit.Seed","Label":"Seed","Category":"","Description":"","Attributes":0,"ValueType":"System.String"},"Value":"1074325021"}]},"Attachments":[],"Outcome":1,"ErrorMessage":null,"ErrorStackTrace":null,"DisplayName":"AdicionarContato_ContatoJaExiste_DeveLancarExcecao","Messages":[],"ComputerName":"MATHEUS","Duration":"00:00:00.0021250","StartTime":"2024-11-05T15:51:22.0446113+00:00","EndTime":"2024-11-05T15:51:22.0467362+00:00","Properties":[{"Key":{"Id":"NUnit.Seed","Label":"Seed","Category":"","Description":"","Attributes":0,"ValueType":"System.String"},"Value":"1074325021"}]},{"TestCase":{"Id":"5cbe9759-6ab2-ac6c-40e5-4fbae7b69a15","FullyQualifiedName":"fiap_grupo57_fase1_test.Services.ContatosServiceTests.AdicionarContato_ContatoValido_DeveRetornarId","DisplayName":"AdicionarContato_ContatoValido_DeveRetornarId","ExecutorUri":"executor://NUnit3TestExecutor","Source":"C:\\Users\\matmi\\OneDrive\\Documentos\\github\\fiap_grupo57_fase1\\fiap_grupo57_fase1_test\\bin\\Debug\\net8.0\\fine-code-coverage\\build-output\\fiap_grupo57_fase1_test.dll","CodeFilePath":null,"LineNumber":0,"Properties":[{"Key":{"Id":"NUnit.Seed","Label":"Seed","Category":"","Description":"","Attributes":0,"ValueType":"System.String"},"Value":"1858936373"}]},"Attachments":[],"Outcome":1,"ErrorMessage":null,"ErrorStackTrace":null,"DisplayName":"AdicionarContato_ContatoValido_DeveRetornarId","Messages":[],"ComputerName":"MATHEUS","Duration":"00:00:00.0026570","StartTime":"2024-11-05T15:51:22.0467529+00:00","EndTime":"2024-11-05T15:51:22.0494092+00:00","Properties":[{"Key":{"Id":"NUnit.Seed","Label":"Seed","Category":"","Description":"","Attributes":0,"ValueType":"System.String"},"Value":"1858936373"}]},{"TestCase":{"Id":"09a62e8c-8420-4632-f387-119cbfe9958f","FullyQualifiedName":"fiap_grupo57_fase1_test.Services.ContatosServiceTests.AdicionarContato_DDDInvalido_DeveLancarExcecao","DisplayName":"AdicionarContato_DDDInvalido_DeveLancarExcecao","ExecutorUri":"executor://NUnit3TestExecutor","Source":"C:\\Users\\matmi\\OneDrive\\Documentos\\github\\fiap_grupo57_fase1\\fiap_grupo57_fase1_test\\bin\\Debug\\net8.0\\fine-code-coverage\\build-output\\fiap_grupo57_fase1_test.dll","CodeFilePath":null,"LineNumber":0,"Properties":[{"Key":{"Id":"NUnit.Seed","Label":"Seed","Category":"","Description":"","Attributes":0,"ValueType":"System.String"},"Value":"1154716603"}]},"Attachments":[],"Outcome":1,"ErrorMessage":null,"ErrorStackTrace":null,"DisplayName":"AdicionarContato_DDDInvalido_DeveLancarExcecao","Messages":[],"ComputerName":"MATHEUS","Duration":"00:00:00.0013360","StartTime":"2024-11-05T15:51:22.0494252+00:00","EndTime":"2024-11-05T15:51:22.0507608+00:00","Properties":[{"Key":{"Id":"NUnit.Seed","Label":"Seed","Category":"","Description":"","Attributes":0,"ValueType":"System.String"},"Value":"1154716603"}]},{"TestCase":{"Id":"b9f85ab1-5528-00fa-2910-a0882b018805","FullyQualifiedName":"fiap_grupo57_fase1_test.Services.ContatosServiceTests.AtualizarContato_ContatoInvalido_DeveLancarExcecao","DisplayName":"AtualizarContato_ContatoInvalido_DeveLancarExcecao","ExecutorUri":"executor://NUnit3TestExecutor","Source":"C:\\Users\\matmi\\OneDrive\\Documentos\\github\\fiap_grupo57_fase1\\fiap_grupo57_fase1_test\\bin\\Debug\\net8.0\\fine-code-coverage\\build-output\\fiap_grupo57_fase1_test.dll","CodeFilePath":null,"LineNumber":0,"Properties":[{"Key":{"Id":"NUnit.Seed","Label":"Seed","Category":"","Description":"","Attributes":0,"ValueType":"System.String"},"Value":"344146212"}]},"Attachments":[],"Outcome":1,"ErrorMessage":null,"ErrorStackTrace":null,"DisplayName":"AtualizarContato_ContatoInvalido_DeveLancarExcecao","Messages":[],"ComputerName":"MATHEUS","Duration":"00:00:00.0009680","StartTime":"2024-11-05T15:51:22.0507909+00:00","EndTime":"2024-11-05T15:51:22.0517585+00:00","Properties":[{"Key":{"Id":"NUnit.Seed","Label":"Seed","Category":"","Description":"","Attributes":0,"ValueType":"System.String"},"Value":"344146212"}]},{"TestCase":{"Id":"a53c574a-9014-ca17-c058-aa8faf89775e","FullyQualifiedName":"fiap_grupo57_fase1_test.Services.ContatosServiceTests.AtualizarContato_ContatoValido_DeveAtualizarContato","DisplayName":"AtualizarContato_ContatoValido_DeveAtualizarContato","ExecutorUri":"executor://NUnit3TestExecutor","Source":"C:\\Users\\matmi\\OneDrive\\Documentos\\github\\fiap_grupo57_fase1\\fiap_grupo57_fase1_test\\bin\\Debug\\net8.0\\fine-code-coverage\\build-output\\fiap_grupo57_fase1_test.dll","CodeFilePath":null,"LineNumber":0,"Properties":[{"Key":{"Id":"NUnit.Seed","Label":"Seed","Category":"","Description":"","Attributes":0,"ValueType":"System.String"},"Value":"1671964251"}]},"Attachments":[],"Outcome":1,"ErrorMessage":null,"ErrorStackTrace":null,"DisplayName":"AtualizarContato_ContatoValido_DeveAtualizarContato","Messages":[],"ComputerName":"MATHEUS","Duration":"00:00:00.0059100","StartTime":"2024-11-05T15:51:22.0517731+00:00","EndTime":"2024-11-05T15:51:22.0576829+00:00","Properties":[{"Key":{"Id":"NUnit.Seed","Label":"Seed","Category":"","Description":"","Attributes":0,"ValueType":"System.String"},"Value":"1671964251"}]},{"TestCase":{"Id":"be183d1a-7c12-ed3d-bcc8-8c1dbdcc85b2","FullyQualifiedName":"fiap_grupo57_fase1_test.Services.ContatosServiceTests.AtualizarContato_DDDInvalido_DeveLancarExcecao","DisplayName":"AtualizarContato_DDDInvalido_DeveLancarExcecao","ExecutorUri":"executor://NUnit3TestExecutor","Source":"C:\\Users\\matmi\\OneDrive\\Documentos\\github\\fiap_grupo57_fase1\\fiap_grupo57_fase1_test\\bin\\Debug\\net8.0\\fine-code-coverage\\build-output\\fiap_grupo57_fase1_test.dll","CodeFilePath":null,"LineNumber":0,"Properties":[{"Key":{"Id":"NUnit.Seed","Label":"Seed","Category":"","Description":"","Attributes":0,"ValueType":"System.String"},"Value":"1163640777"}]},"Attachments":[],"Outcome":1,"ErrorMessage":null,"ErrorStackTrace":null,"DisplayName":"AtualizarContato_DDDInvalido_DeveLancarExcecao","Messages":[],"ComputerName":"MATHEUS","Duration":"00:00:00.0023880","StartTime":"2024-11-05T15:51:22.0577268+00:00","EndTime":"2024-11-05T15:51:22.0601138+00:00","Properties":[{"Key":{"Id":"NUnit.Seed","Label":"Seed","Category":"","Description":"","Attributes":0,"ValueType":"System.String"},"Value":"1163640777"}]},{"TestCase":{"Id":"28fecf94-1fb9-e0f4-b17a-bc449ac1d22b","FullyQualifiedName":"fiap_grupo57_fase1_test.Services.ContatosServiceTests.AtualizarContato_IdInexistente_DeveLancarExcecao","DisplayName":"AtualizarContato_IdInexistente_DeveLancarExcecao","ExecutorUri":"executor://NUnit3TestExecutor","Source":"C:\\Users\\matmi\\OneDrive\\Documentos\\github\\fiap_grupo57_fase1\\fiap_grupo57_fase1_test\\bin\\Debug\\net8.0\\fine-code-coverage\\build-output\\fiap_grupo57_fase1_test.dll","CodeFilePath":null,"LineNumber":0,"Properties":[{"Key":{"Id":"NUnit.Seed","Label":"Seed","Category":"","Description":"","Attributes":0,"ValueType":"System.String"},"Value":"2083516074"}]},"Attachments":[],"Outcome":1,"ErrorMessage":null,"ErrorStackTrace":null,"DisplayName":"AtualizarContato_IdInexistente_DeveLancarExcecao","Messages":[],"ComputerName":"MATHEUS","Duration":"00:00:00.0010600","StartTime":"2024-11-05T15:51:22.0601445+00:00","EndTime":"2024-11-05T15:51:22.0612048+00:00","Properties":[{"Key":{"Id":"NUnit.Seed","Label":"Seed","Category":"","Description":"","Attributes":0,"ValueType":"System.String"},"Value":"2083516074"}]},{"TestCase":{"Id":"3e8324fd-15ca-996b-ff73-9830aec372f7","FullyQualifiedName":"fiap_grupo57_fase1_test.Services.ContatosServiceTests.ExcluirContato_IdInexistente_DeveLancarExcecao","DisplayName":"ExcluirContato_IdInexistente_DeveLancarExcecao","ExecutorUri":"executor://NUnit3TestExecutor","Source":"C:\\Users\\matmi\\OneDrive\\Documentos\\github\\fiap_grupo57_fase1\\fiap_grupo57_fase1_test\\bin\\Debug\\net8.0\\fine-code-coverage\\build-output\\fiap_grupo57_fase1_test.dll","CodeFilePath":null,"LineNumber":0,"Properties":[{"Key":{"Id":"NUnit.Seed","Label":"Seed","Category":"","Description":"","Attributes":0,"ValueType":"System.String"},"Value":"407986369"}]},"Attachments":[],"Outcome":1,"ErrorMessage":null,"ErrorStackTrace":null,"DisplayName":"ExcluirContato_IdInexistente_DeveLancarExcecao","Messages":[],"ComputerName":"MATHEUS","Duration":"00:00:00.0011360","StartTime":"2024-11-05T15:51:22.0612216+00:00","EndTime":"2024-11-05T15:51:22.0623572+00:00","Properties":[{"Key":{"Id":"NUnit.Seed","Label":"Seed","Category":"","Description":"","Attributes":0,"ValueType":"System.String"},"Value":"407986369"}]}],"TestRunStatistics":{"ExecutedTests":27,"Stats":{"Passed":27}},"ActiveTests":[{"Id":"5c44b852-087c-026b-d496-d48325e3bac9","FullyQualifiedName":"fiap_grupo57_fase1_test.Services.ContatosServiceTests.ExcluirContato_IdInvalido_DeveLancarExcecao","DisplayName":"ExcluirContato_IdInvalido_DeveLancarExcecao","ExecutorUri":"executor://NUnit3TestExecutor","Source":"C:\\Users\\matmi\\OneDrive\\Documentos\\github\\fiap_grupo57_fase1\\fiap_grupo57_fase1_test\\bin\\Debug\\net8.0\\fine-code-coverage\\build-output\\fiap_grupo57_fase1_test.dll","CodeFilePath":null,"LineNumber":0,"Properties":[{"Key":{"Id":"NUnit.Seed","Label":"Seed","Category":"","Description":"","Attributes":0,"ValueType":"System.String"},"Value":"186609518"}]}]}}
TpTrace Verbose: 0 : 2516, 14, 2024/11/05, 12:51:22.093, 19250699840596, vstest.console.dll, TestRunRequest:SendTestRunStatsChange: Starting.
TpTrace Verbose: 0 : 2516, 14, 2024/11/05, 12:51:22.093, 19250699841154, vstest.console.dll, InProgress is ExcluirContato_IdInvalido_DeveLancarExcecao
TpTrace Verbose: 0 : 2516, 14, 2024/11/05, 12:51:22.093, 19250699841762, vstest.console.dll, MulticastDelegateUtilities.SafeInvoke: TestRun.RunStatsChanged: Invoking callbacks was skipped because there are no subscribers.
TpTrace Information: 0 : 2516, 14, 2024/11/05, 12:51:22.093, 19250699842039, vstest.console.dll, TestRunRequest:SendTestRunStatsChange: Completed.
TpTrace Verbose: 0 : 2516, 14, 2024/11/05, 12:51:22.093, 19250699842282, vstest.console.dll, MulticastDelegateUtilities.SafeInvoke: LengthPrefixCommunicationChannel: MessageReceived: Invoking callback 1/1 for Microsoft.VisualStudio.TestPlatform.CommunicationUtilities.TestRequestSender+<>c__DisplayClass34_0., took 1 ms.
TpTrace Verbose: 0 : 2516, 14, 2024/11/05, 12:51:22.093, 19250699842548, vstest.console.dll, TcpClientExtensions.MessageLoopAsync: Polling on remoteEndPoint: 127.0.0.1:64967 localEndPoint: 127.0.0.1:64966 after 32 ms
TpTrace Verbose: 0 : 2516, 4, 2024/11/05, 12:51:22.094, 19250699852904, vstest.console.dll, MulticastDelegateUtilities.SafeInvoke: InternalTestLoggerEvents.SendTestResult: Invoking callback 1/1 for Microsoft.VisualStudio.TestPlatform.CommandLine.Internal.ConsoleLogger., took 1 ms.
TpTrace Verbose: 0 : 2516, 4, 2024/11/05, 12:51:22.094, 19250699853908, vstest.console.dll, MulticastDelegateUtilities.SafeInvoke: InternalTestLoggerEvents.SendTestResult: Invoking callback 1/1 for Microsoft.VisualStudio.TestPlatform.CommandLine.Internal.ConsoleLogger., took 0 ms.
TpTrace Verbose: 0 : 2516, 4, 2024/11/05, 12:51:22.095, 19250699854284, vstest.console.dll, MulticastDelegateUtilities.SafeInvoke: InternalTestLoggerEvents.SendTestResult: Invoking callback 1/1 for Microsoft.VisualStudio.TestPlatform.CommandLine.Internal.ConsoleLogger., took 0 ms.
TpTrace Verbose: 0 : 2516, 4, 2024/11/05, 12:51:22.095, 19250699854649, vstest.console.dll, MulticastDelegateUtilities.SafeInvoke: InternalTestLoggerEvents.SendTestResult: Invoking callback 1/1 for Microsoft.VisualStudio.TestPlatform.CommandLine.Internal.ConsoleLogger., took 0 ms.
TpTrace Verbose: 0 : 2516, 4, 2024/11/05, 12:51:22.095, 19250699854949, vstest.console.dll, MulticastDelegateUtilities.SafeInvoke: InternalTestLoggerEvents.SendTestResult: Invoking callback 1/1 for Microsoft.VisualStudio.TestPlatform.CommandLine.Internal.ConsoleLogger., took 0 ms.
TpTrace Verbose: 0 : 2516, 4, 2024/11/05, 12:51:22.095, 19250699855241, vstest.console.dll, MulticastDelegateUtilities.SafeInvoke: InternalTestLoggerEvents.SendTestResult: Invoking callback 1/1 for Microsoft.VisualStudio.TestPlatform.CommandLine.Internal.ConsoleLogger., took 0 ms.
TpTrace Verbose: 0 : 2516, 4, 2024/11/05, 12:51:22.095, 19250699855588, vstest.console.dll, MulticastDelegateUtilities.SafeInvoke: InternalTestLoggerEvents.SendTestResult: Invoking callback 1/1 for Microsoft.VisualStudio.TestPlatform.CommandLine.Internal.ConsoleLogger., took 0 ms.
TpTrace Verbose: 0 : 2516, 4, 2024/11/05, 12:51:22.095, 19250699855884, vstest.console.dll, MulticastDelegateUtilities.SafeInvoke: InternalTestLoggerEvents.SendTestResult: Invoking callback 1/1 for Microsoft.VisualStudio.TestPlatform.CommandLine.Internal.ConsoleLogger., took 0 ms.
TpTrace Verbose: 0 : 2516, 4, 2024/11/05, 12:51:22.100, 19250699913572, vstest.console.dll, MulticastDelegateUtilities.SafeInvoke: InternalTestLoggerEvents.SendTestResult: Invoking callback 1/1 for Microsoft.VisualStudio.TestPlatform.CommandLine.Internal.ConsoleLogger., took 0 ms.
TpTrace Verbose: 0 : 2516, 14, 2024/11/05, 12:51:22.121, 19250700114923, vstest.console.dll, TcpClientExtensions.MessageLoopAsync: NotifyDataAvailable remoteEndPoint: 127.0.0.1:64967 localEndPoint: 127.0.0.1:64966
TpTrace Verbose: 0 : 2516, 14, 2024/11/05, 12:51:22.121, 19250700116176, vstest.console.dll, TestRequestSender.OnExecutionMessageReceived: Received message: {"Version":7,"MessageType":"TestSession.Message","Payload":{"MessageLevel":0,"Message":"NUnit Adapter 4.5.0.0: Test execution complete"}}
TpTrace Verbose: 0 : 2516, 14, 2024/11/05, 12:51:22.121, 19250700117186, vstest.console.dll, TestRunRequest:SendTestRunMessage: Starting.
TpTrace Verbose: 0 : 2516, 14, 2024/11/05, 12:51:22.121, 19250700117826, vstest.console.dll, MulticastDelegateUtilities.SafeInvoke: TestRun.LogMessages: Invoking callback 1/1 for Microsoft.VisualStudio.TestPlatform.CommandLine.TestRunResultAggregator., took 0 ms.
TpTrace Information: 0 : 2516, 14, 2024/11/05, 12:51:22.121, 19250700118005, vstest.console.dll, TestRunRequest:SendTestRunMessage: Completed.
TpTrace Verbose: 0 : 2516, 14, 2024/11/05, 12:51:22.121, 19250700118201, vstest.console.dll, MulticastDelegateUtilities.SafeInvoke: LengthPrefixCommunicationChannel: MessageReceived: Invoking callback 1/1 for Microsoft.VisualStudio.TestPlatform.CommunicationUtilities.TestRequestSender+<>c__DisplayClass34_0., took 0 ms.
TpTrace Verbose: 0 : 2516, 14, 2024/11/05, 12:51:22.121, 19250700118386, vstest.console.dll, TcpClientExtensions.MessageLoopAsync: Polling on remoteEndPoint: 127.0.0.1:64967 localEndPoint: 127.0.0.1:64966 after 27 ms
TpTrace Verbose: 0 : 2516, 4, 2024/11/05, 12:51:22.121, 19250700118948, vstest.console.dll, MulticastDelegateUtilities.SafeInvoke: InternalTestLoggerEvents.SendTestRunMessage: Invoking callback 1/1 for Microsoft.VisualStudio.TestPlatform.CommandLine.Internal.ConsoleLogger., took 0 ms.
TpTrace Verbose: 0 : 2516, 14, 2024/11/05, 12:51:22.132, 19250700225046, vstest.console.dll, TcpClientExtensions.MessageLoopAsync: NotifyDataAvailable remoteEndPoint: 127.0.0.1:64967 localEndPoint: 127.0.0.1:64966
TpTrace Verbose: 0 : 2516, 14, 2024/11/05, 12:51:22.132, 19250700226859, vstest.console.dll, TestRequestSender.OnExecutionMessageReceived: Received message: {"Version":7,"MessageType":"TestExecution.Completed","Payload":{"TestRunCompleteArgs":{"TestRunStatistics":{"ExecutedTests":35,"Stats":{"Passed":35}},"IsCanceled":false,"IsAborted":false,"Error":null,"AttachmentSets":[],"InvokedDataCollectors":[],"ElapsedTimeInRunningTests":"00:00:16.5915345","Metrics":{},"DiscoveredExtensions":{"TestDiscoverers":["NUnit.VisualStudio.TestAdapter.NUnit3TestDiscoverer, NUnit3.TestAdapter, Version=4.5.0.0, Culture=neutral, PublicKeyToken=4cb40d35494691ac"],"TestExecutors":["executor://NUnit3TestExecutor"],"TestExecutors2":[],"TestSettingsProviders":[]}},"LastRunTests":{"NewTestResults":[{"TestCase":{"Id":"5c44b852-087c-026b-d496-d48325e3bac9","FullyQualifiedName":"fiap_grupo57_fase1_test.Services.ContatosServiceTests.ExcluirContato_IdInvalido_DeveLancarExcecao","DisplayName":"ExcluirContato_IdInvalido_DeveLancarExcecao","ExecutorUri":"executor://NUnit3TestExecutor","Source":"C:\\Users\\matmi\\OneDrive\\Documentos\\github\\fiap_grupo57_fase1\\fiap_grupo57_fase1_test\\bin\\Debug\\net8.0\\fine-code-coverage\\build-output\\fiap_grupo57_fase1_test.dll","CodeFilePath":null,"LineNumber":0,"Properties":[{"Key":{"Id":"NUnit.Seed","Label":"Seed","Category":"","Description":"","Attributes":0,"ValueType":"System.String"},"Value":"186609518"}]},"Attachments":[],"Outcome":1,"ErrorMessage":null,"ErrorStackTrace":null,"DisplayName":"ExcluirContato_IdInvalido_DeveLancarExcecao","Messages":[],"ComputerName":"MATHEUS","Duration":"00:00:00.0003560","StartTime":"2024-11-05T15:51:22.0623717+00:00","EndTime":"2024-11-05T15:51:22.062728+00:00","Properties":[{"Key":{"Id":"NUnit.Seed","Label":"Seed","Category":"","Description":"","Attributes":0,"ValueType":"System.String"},"Value":"186609518"}]},{"TestCase":{"Id":"e2da73df-9d96-443a-11ae-e7121f15b457","FullyQualifiedName":"fiap_grupo57_fase1_test.Services.ContatosServiceTests.ExcluirContato_IdValido_DeveExcluirContato","DisplayName":"ExcluirContato_IdValido_DeveExcluirContato","ExecutorUri":"executor://NUnit3TestExecutor","Source":"C:\\Users\\matmi\\OneDrive\\Documentos\\github\\fiap_grupo57_fase1\\fiap_grupo57_fase1_test\\bin\\Debug\\net8.0\\fine-code-coverage\\build-output\\fiap_grupo57_fase1_test.dll","CodeFilePath":null,"LineNumber":0,"Properties":[{"Key":{"Id":"NUnit.Seed","Label":"Seed","Category":"","Description":"","Attributes":0,"ValueType":"System.String"},"Value":"2054837583"}]},"Attachments":[],"Outcome":1,"ErrorMessage":null,"ErrorStackTrace":null,"DisplayName":"ExcluirContato_IdValido_DeveExcluirContato","Messages":[],"ComputerName":"MATHEUS","Duration":"00:00:00.0015390","StartTime":"2024-11-05T15:51:22.0627376+00:00","EndTime":"2024-11-05T15:51:22.0642766+00:00","Properties":[{"Key":{"Id":"NUnit.Seed","Label":"Seed","Category":"","Description":"","Attributes":0,"ValueType":"System.String"},"Value":"2054837583"}]},{"TestCase":{"Id":"d09933d2-bd79-5696-7e44-9ff890f8fc25","FullyQualifiedName":"fiap_grupo57_fase1_test.Services.ContatosServiceTests.ObterContatoPorId_IdValido_DeveRetornarContato","DisplayName":"ObterContatoPorId_IdValido_DeveRetornarContato","ExecutorUri":"executor://NUnit3TestExecutor","Source":"C:\\Users\\matmi\\OneDrive\\Documentos\\github\\fiap_grupo57_fase1\\fiap_grupo57_fase1_test\\bin\\Debug\\net8.0\\fine-code-coverage\\build-output\\fiap_grupo57_fase1_test.dll","CodeFilePath":null,"LineNumber":0,"Properties":[{"Key":{"Id":"NUnit.Seed","Label":"Seed","Category":"","Description":"","Attributes":0,"ValueType":"System.String"},"Value":"740698702"}]},"Attachments":[],"Outcome":1,"ErrorMessage":null,"ErrorStackTrace":null,"DisplayName":"ObterContatoPorId_IdValido_DeveRetornarContato","Messages":[],"ComputerName":"MATHEUS","Duration":"00:00:00.0069970","StartTime":"2024-11-05T15:51:22.0642905+00:00","EndTime":"2024-11-05T15:51:22.0712865+00:00","Properties":[{"Key":{"Id":"NUnit.Seed","Label":"Seed","Category":"","Description":"","Attributes":0,"ValueType":"System.String"},"Value":"740698702"}]},{"TestCase":{"Id":"09c44fe2-2cdc-0636-d092-be0e3144d22e","FullyQualifiedName":"fiap_grupo57_fase1_test.Services.ContatosServiceTests.ObterContatos_ComRegiao_DeveRetornarListaDeContatos","DisplayName":"ObterContatos_ComRegiao_DeveRetornarListaDeContatos","ExecutorUri":"executor://NUnit3TestExecutor","Source":"C:\\Users\\matmi\\OneDrive\\Documentos\\github\\fiap_grupo57_fase1\\fiap_grupo57_fase1_test\\bin\\Debug\\net8.0\\fine-code-coverage\\build-output\\fiap_grupo57_fase1_test.dll","CodeFilePath":null,"LineNumber":0,"Properties":[{"Key":{"Id":"NUnit.Seed","Label":"Seed","Category":"","Description":"","Attributes":0,"ValueType":"System.String"},"Value":"213152209"}]},"Attachments":[],"Outcome":1,"ErrorMessage":null,"ErrorStackTrace":null,"DisplayName":"ObterContatos_ComRegiao_DeveRetornarListaDeContatos","Messages":[],"ComputerName":"MATHEUS","Duration":"00:00:00.0023249","StartTime":"2024-11-05T15:51:22.0713251+00:00","EndTime":"2024-11-05T15:51:22.0736502+00:00","Properties":[{"Key":{"Id":"NUnit.Seed","Label":"Seed","Category":"","Description":"","Attributes":0,"ValueType":"System.String"},"Value":"213152209"}]},{"TestCase":{"Id":"2d3ef041-d3fa-b2ee-6569-8ab69c140a76","FullyQualifiedName":"fiap_grupo57_fase1_test.Services.ContatosServiceTests.ObterContatos_ComRegiaoSemContatos_DeveLancarExcecao","DisplayName":"ObterContatos_ComRegiaoSemContatos_DeveLancarExcecao","ExecutorUri":"executor://NUnit3TestExecutor","Source":"C:\\Users\\matmi\\OneDrive\\Documentos\\github\\fiap_grupo57_fase1\\fiap_grupo57_fase1_test\\bin\\Debug\\net8.0\\fine-code-coverage\\build-output\\fiap_grupo57_fase1_test.dll","CodeFilePath":null,"LineNumber":0,"Properties":[{"Key":{"Id":"NUnit.Seed","Label":"Seed","Category":"","Description":"","Attributes":0,"ValueType":"System.String"},"Value":"292602922"}]},"Attachments":[],"Outcome":1,"ErrorMessage":null,"ErrorStackTrace":null,"DisplayName":"ObterContatos_ComRegiaoSemContatos_DeveLancarExcecao","Messages":[],"ComputerName":"MATHEUS","Duration":"00:00:00.0012450","StartTime":"2024-11-05T15:51:22.073678+00:00","EndTime":"2024-11-05T15:51:22.0749224+00:00","Properties":[{"Key":{"Id":"NUnit.Seed","Label":"Seed","Category":"","Description":"","Attributes":0,"ValueType":"System.String"},"Value":"292602922"}]},{"TestCase":{"Id":"4efd539f-d360-52f0-5290-b5988345cc97","FullyQualifiedName":"fiap_grupo57_fase1_test.Services.ContatosServiceTests.ObterContatos_RegiaoInvalida_DeveLancarExcecao","DisplayName":"ObterContatos_RegiaoInvalida_DeveLancarExcecao","ExecutorUri":"executor://NUnit3TestExecutor","Source":"C:\\Users\\matmi\\OneDrive\\Documentos\\github\\fiap_grupo57_fase1\\fiap_grupo57_fase1_test\\bin\\Debug\\net8.0\\fine-code-coverage\\build-output\\fiap_grupo57_fase1_test.dll","CodeFilePath":null,"LineNumber":0,"Properties":[{"Key":{"Id":"NUnit.Seed","Label":"Seed","Category":"","Description":"","Attributes":0,"ValueType":"System.String"},"Value":"7878597"}]},"Attachments":[],"Outcome":1,"ErrorMessage":null,"ErrorStackTrace":null,"DisplayName":"ObterContatos_RegiaoInvalida_DeveLancarExcecao","Messages":[],"ComputerName":"MATHEUS","Duration":"00:00:00.0003710","StartTime":"2024-11-05T15:51:22.0749465+00:00","EndTime":"2024-11-05T15:51:22.0753175+00:00","Properties":[{"Key":{"Id":"NUnit.Seed","Label":"Seed","Category":"","Description":"","Attributes":0,"ValueType":"System.String"},"Value":"7878597"}]},{"TestCase":{"Id":"c59aa015-0d83-e88f-e407-4a580ca3f2c3","FullyQualifiedName":"fiap_grupo57_fase1_test.Services.ContatosServiceTests.ObterContatos_SemContatos_DeveLancarExcecao","DisplayName":"ObterContatos_SemContatos_DeveLancarExcecao","ExecutorUri":"executor://NUnit3TestExecutor","Source":"C:\\Users\\matmi\\OneDrive\\Documentos\\github\\fiap_grupo57_fase1\\fiap_grupo57_fase1_test\\bin\\Debug\\net8.0\\fine-code-coverage\\build-output\\fiap_grupo57_fase1_test.dll","CodeFilePath":null,"LineNumber":0,"Properties":[{"Key":{"Id":"NUnit.Seed","Label":"Seed","Category":"","Description":"","Attributes":0,"ValueType":"System.String"},"Value":"885083141"}]},"Attachments":[],"Outcome":1,"ErrorMessage":null,"ErrorStackTrace":null,"DisplayName":"ObterContatos_SemContatos_DeveLancarExcecao","Messages":[],"ComputerName":"MATHEUS","Duration":"00:00:00.0010740","StartTime":"2024-11-05T15:51:22.0753297+00:00","EndTime":"2024-11-05T15:51:22.0764037+00:00","Properties":[{"Key":{"Id":"NUnit.Seed","Label":"Seed","Category":"","Description":"","Attributes":0,"ValueType":"System.String"},"Value":"885083141"}]},{"TestCase":{"Id":"c73a1ea7-127a-9f41-36dc-808d631bd839","FullyQualifiedName":"fiap_grupo57_fase1_test.Services.ContatosServiceTests.ObterContatos_SemRegiao_DeveRetornarListaDeContatos","DisplayName":"ObterContatos_SemRegiao_DeveRetornarListaDeContatos","ExecutorUri":"executor://NUnit3TestExecutor","Source":"C:\\Users\\matmi\\OneDrive\\Documentos\\github\\fiap_grupo57_fase1\\fiap_grupo57_fase1_test\\bin\\Debug\\net8.0\\fine-code-coverage\\build-output\\fiap_grupo57_fase1_test.dll","CodeFilePath":null,"LineNumber":0,"Properties":[{"Key":{"Id":"NUnit.Seed","Label":"Seed","Category":"","Description":"","Attributes":0,"ValueType":"System.String"},"Value":"781394276"}]},"Attachments":[],"Outcome":1,"ErrorMessage":null,"ErrorStackTrace":null,"DisplayName":"ObterContatos_SemRegiao_DeveRetornarListaDeContatos","Messages":[],"ComputerName":"MATHEUS","Duration":"00:00:00.0006430","StartTime":"2024-11-05T15:51:22.0764212+00:00","EndTime":"2024-11-05T15:51:22.0770642+00:00","Properties":[{"Key":{"Id":"NUnit.Seed","Label":"Seed","Category":"","Description":"","Attributes":0,"ValueType":"System.String"},"Value":"781394276"}]}],"TestRunStatistics":{"ExecutedTests":35,"Stats":{"Passed":35}},"ActiveTests":[]},"RunAttachments":[],"ExecutorUris":["executor://nunit3testexecutor/"]}}
TpTrace Verbose: 0 : 2516, 14, 2024/11/05, 12:51:22.132, 19250700227958, vstest.console.dll, TestRequestSender.EndSession: Sending end session.
TpTrace Verbose: 0 : 2516, 14, 2024/11/05, 12:51:22.132, 19250700229338, vstest.console.dll, ProxyOperationManager.Close: waiting for test host to exit for 100 ms
TpTrace Verbose: 0 : 2516, 11, 2024/11/05, 12:51:22.163, 19250700539463, vstest.console.dll, TestHostManagerCallbacks.StandardOutputReceivedCallback Test host standard output line: 
TpTrace Warning: 0 : 2516, 12, 2024/11/05, 12:51:22.163, 19250700540082, vstest.console.dll, TestHostManagerCallbacks.ErrorReceivedCallback Test host standard error line: 
TpTrace Verbose: 0 : 2516, 12, 2024/11/05, 12:51:22.186, 19250700772756, vstest.console.dll, TestHostProvider.ExitCallBack: Host exited starting callback.
TpTrace Information: 0 : 2516, 12, 2024/11/05, 12:51:22.187, 19250700774464, vstest.console.dll, TestHostManagerCallbacks.ExitCallBack: Testhost processId: 12240 exited with exitcode: 0 error: ''
TpTrace Verbose: 0 : 2516, 12, 2024/11/05, 12:51:22.187, 19250700774903, vstest.console.dll, DotnetTestHostManager.OnHostExited: invoking OnHostExited callback
TpTrace Verbose: 0 : 2516, 12, 2024/11/05, 12:51:22.187, 19250700775458, vstest.console.dll, CrossPlatEngine.TestHostManagerHostExited: calling on client process exit callback.
TpTrace Information: 0 : 2516, 12, 2024/11/05, 12:51:22.187, 19250700776012, vstest.console.dll, TestRequestSender.OnClientProcessExit: Test host process exited. Standard error: 
TpTrace Information: 0 : 2516, 12, 2024/11/05, 12:51:22.187, 19250700776425, vstest.console.dll, SocketServer.Stop: Stop server endPoint: 127.0.0.1:64966
TpTrace Information: 0 : 2516, 12, 2024/11/05, 12:51:22.187, 19250700776691, vstest.console.dll, SocketServer.Stop: Cancellation requested. Stopping message loop.
TpTrace Information: 0 : 2516, 14, 2024/11/05, 12:51:22.187, 19250700776951, vstest.console.dll, SocketServer.Stop: Stop server endPoint: 127.0.0.1:64966
TpTrace Information: 0 : 2516, 14, 2024/11/05, 12:51:22.187, 19250700777864, vstest.console.dll, SocketServer.Stop: Cancellation requested. Stopping message loop.
TpTrace Verbose: 0 : 2516, 12, 2024/11/05, 12:51:22.187, 19250700777947, vstest.console.dll, MulticastDelegateUtilities.SafeInvoke: HostProviderEvents.OnHostExited: Invoking callback 1/1 for Microsoft.VisualStudio.TestPlatform.CrossPlatEngine.Client.ProxyOperationManager., took 0 ms.
TpTrace Information: 0 : 2516, 14, 2024/11/05, 12:51:22.187, 19250700778724, vstest.console.dll, Closing the connection
TpTrace Verbose: 0 : 2516, 14, 2024/11/05, 12:51:22.187, 19250700780980, vstest.console.dll, ProxyDataCollectionManager.InvokeDataCollectionServiceAction: Starting.
TpTrace Information: 0 : 2516, 14, 2024/11/05, 12:51:22.187, 19250700781463, vstest.console.dll, ProxyDataCollectionManager.AfterTestRunEnd: Get attachment set and invoked data collectors processId: 22104 port: 64963
TpTrace Verbose: 0 : 2516, 14, 2024/11/05, 12:51:22.187, 19250700781938, vstest.console.dll, DataCollectionRequestSender.SendAfterTestRunStartAndGetResult: Send AfterTestRunEnd message with isCancelled: False
TpTrace Verbose: 0 : 2516, 14, 2024/11/05, 12:51:22.195, 19250700855383, vstest.console.dll, DataCollectionRequestSender.SendAfterTestRunStartAndGetResult: Received message: (DataCollection.AfterTestRunEndResult) -> {"MessageType":"DataCollection.AfterTestRunEndResult","Payload":{"AttachmentSets":[],"InvokedDataCollectors":[{"Uri":"datacollector://Microsoft/TestPlatform/Extensions/Blame/v1","FriendlyName":"Blame","AssemblyQualifiedName":"Microsoft.TestPlatform.Extensions.BlameDataCollector.BlameCollector, Microsoft.TestPlatform.Extensions.BlameDataCollector, Version=15.0.0.0, Culture=neutral, PublicKeyToken=b03f5f7f11d50a3a","FilePath":"C:\\Program Files\\dotnet\\sdk\\8.0.403\\Extensions\\Microsoft.TestPlatform.Extensions.BlameDataCollector.dll","HasAttachmentProcessor":false}],"Metrics":{}}}
TpTrace Information: 0 : 2516, 14, 2024/11/05, 12:51:22.199, 19250700900440, vstest.console.dll, ProxyDataCollectionManager.InvokeDataCollectionServiceAction: Completed.
TpTrace Warning: 0 : 2516, 10, 2024/11/05, 12:51:22.202, 19250700933974, vstest.console.dll, DataCollectionLauncher.ErrorReceivedCallback datacollector standard error line: 
TpTrace Information: 0 : 2516, 10, 2024/11/05, 12:51:22.209, 19250700998025, vstest.console.dll, DataCollectionLauncher.ExitCallBack: Data collector exited with exitcode: 0 error: ''
TpTrace Verbose: 0 : 2516, 14, 2024/11/05, 12:51:22.225, 19250701160657, vstest.console.dll, TestRunRequest:SendTestRunStatsChange: Starting.
TpTrace Verbose: 0 : 2516, 14, 2024/11/05, 12:51:22.225, 19250701161937, vstest.console.dll, MulticastDelegateUtilities.SafeInvoke: TestRun.RunStatsChanged: Invoking callbacks was skipped because there are no subscribers.
TpTrace Information: 0 : 2516, 14, 2024/11/05, 12:51:22.225, 19250701162250, vstest.console.dll, TestRunRequest:SendTestRunStatsChange: Completed.
TpTrace Verbose: 0 : 2516, 4, 2024/11/05, 12:51:22.225, 19250701162950, vstest.console.dll, MulticastDelegateUtilities.SafeInvoke: InternalTestLoggerEvents.SendTestResult: Invoking callback 1/1 for Microsoft.VisualStudio.TestPlatform.CommandLine.Internal.ConsoleLogger., took 0 ms.
TpTrace Verbose: 0 : 2516, 4, 2024/11/05, 12:51:22.225, 19250701163996, vstest.console.dll, MulticastDelegateUtilities.SafeInvoke: InternalTestLoggerEvents.SendTestResult: Invoking callback 1/1 for Microsoft.VisualStudio.TestPlatform.CommandLine.Internal.ConsoleLogger., took 0 ms.
TpTrace Verbose: 0 : 2516, 4, 2024/11/05, 12:51:22.226, 19250701164599, vstest.console.dll, MulticastDelegateUtilities.SafeInvoke: InternalTestLoggerEvents.SendTestResult: Invoking callback 1/1 for Microsoft.VisualStudio.TestPlatform.CommandLine.Internal.ConsoleLogger., took 0 ms.
TpTrace Verbose: 0 : 2516, 14, 2024/11/05, 12:51:22.226, 19250701164737, vstest.console.dll, ParallelProxyExecutionManager: HandlePartialRunComplete: Total workloads = 1, Total started clients = 1 Total completed clients = 1, Run complete = True, Run canceled: False.
TpTrace Verbose: 0 : 2516, 4, 2024/11/05, 12:51:22.226, 19250701165769, vstest.console.dll, MulticastDelegateUtilities.SafeInvoke: InternalTestLoggerEvents.SendTestResult: Invoking callback 1/1 for Microsoft.VisualStudio.TestPlatform.CommandLine.Internal.ConsoleLogger., took 0 ms.
TpTrace Verbose: 0 : 2516, 14, 2024/11/05, 12:51:22.226, 19250701165772, vstest.console.dll, ParallelProxyExecutionManager: HandlePartialRunComplete: All runs completed stopping all managers.
TpTrace Verbose: 0 : 2516, 4, 2024/11/05, 12:51:22.226, 19250701166463, vstest.console.dll, MulticastDelegateUtilities.SafeInvoke: InternalTestLoggerEvents.SendTestResult: Invoking callback 1/1 for Microsoft.VisualStudio.TestPlatform.CommandLine.Internal.ConsoleLogger., took 0 ms.
TpTrace Verbose: 0 : 2516, 4, 2024/11/05, 12:51:22.226, 19250701167040, vstest.console.dll, MulticastDelegateUtilities.SafeInvoke: InternalTestLoggerEvents.SendTestResult: Invoking callback 1/1 for Microsoft.VisualStudio.TestPlatform.CommandLine.Internal.ConsoleLogger., took 0 ms.
TpTrace Verbose: 0 : 2516, 4, 2024/11/05, 12:51:22.226, 19250701167424, vstest.console.dll, MulticastDelegateUtilities.SafeInvoke: InternalTestLoggerEvents.SendTestResult: Invoking callback 1/1 for Microsoft.VisualStudio.TestPlatform.CommandLine.Internal.ConsoleLogger., took 0 ms.
TpTrace Verbose: 0 : 2516, 4, 2024/11/05, 12:51:22.226, 19250701167900, vstest.console.dll, MulticastDelegateUtilities.SafeInvoke: InternalTestLoggerEvents.SendTestResult: Invoking callback 1/1 for Microsoft.VisualStudio.TestPlatform.CommandLine.Internal.ConsoleLogger., took 0 ms.
TpTrace Verbose: 0 : 2516, 14, 2024/11/05, 12:51:22.226, 19250701167953, vstest.console.dll, ParallelOperationManager.StopAllManagers: Stopping all managers.
TpTrace Verbose: 0 : 2516, 14, 2024/11/05, 12:51:22.226, 19250701168704, vstest.console.dll, ParallelOperationManager.ClearSlots: Clearing all slots. Slots should accept more work: False
TpTrace Verbose: 0 : 2516, 14, 2024/11/05, 12:51:22.226, 19250701169160, vstest.console.dll, ParallelOperationManager.SetOccupiedSlotCount: Setting slot counts AvailableSlotCount = 1, OccupiedSlotCount = 0.
TpTrace Verbose: 0 : 2516, 14, 2024/11/05, 12:51:22.226, 19250701169592, vstest.console.dll, Occupied slots:

TpTrace Verbose: 0 : 2516, 4, 2024/11/05, 12:51:22.232, 19250701228632, vstest.console.dll, MulticastDelegateUtilities.SafeInvoke: InternalTestLoggerEvents.SendTestRunComplete: Invoking callback 1/2 for Microsoft.TestPlatform.Extensions.BlameDataCollector.BlameLogger., took 0 ms.
TpTrace Verbose: 0 : 2516, 4, 2024/11/05, 12:51:22.236, 19250701271628, vstest.console.dll, MulticastDelegateUtilities.SafeInvoke: InternalTestLoggerEvents.SendTestRunComplete: Invoking callback 2/2 for Microsoft.VisualStudio.TestPlatform.CommandLine.Internal.ConsoleLogger., took 4 ms.
TpTrace Verbose: 0 : 2516, 14, 2024/11/05, 12:51:22.237, 19250701274954, vstest.console.dll, TestRunRequest:TestRunComplete: Starting. IsAborted:False IsCanceled:False.
TpTrace Verbose: 0 : 2516, 14, 2024/11/05, 12:51:22.237, 19250701276096, vstest.console.dll, ParallelOperationManager.DoActionOnAllManagers: Calling an action on all managers.
TpTrace Verbose: 0 : 2516, 14, 2024/11/05, 12:51:22.237, 19250701281795, vstest.console.dll, TestLoggerManager.HandleTestRunComplete: Ignoring as the object is disposed.
TpTrace Verbose: 0 : 2516, 14, 2024/11/05, 12:51:22.237, 19250701283158, vstest.console.dll, MulticastDelegateUtilities.SafeInvoke: TestRun.TestRunComplete: Invoking callback 1/2 for Microsoft.VisualStudio.TestPlatform.CommandLine.TestRunResultAggregator., took 0 ms.
TpTrace Verbose: 0 : 2516, 14, 2024/11/05, 12:51:22.237, 19250701284011, vstest.console.dll, MulticastDelegateUtilities.SafeInvoke: TestRun.TestRunComplete: Invoking callback 2/2 for Microsoft.VisualStudio.TestPlatform.CommandLine.Processors.RunTestsArgumentExecutor+TestRunRequestEventsRegistrar., took 0 ms.
TpTrace Information: 0 : 2516, 14, 2024/11/05, 12:51:22.238, 19250701284677, vstest.console.dll, TestRunRequest:TestRunComplete: Completed.
TpTrace Verbose: 0 : 2516, 14, 2024/11/05, 12:51:22.238, 19250701285051, vstest.console.dll, TestRequestSender.SetOperationComplete: Setting operation complete.
TpTrace Information: 0 : 2516, 14, 2024/11/05, 12:51:22.238, 19250701285222, vstest.console.dll, SocketServer.Stop: Stop server endPoint: 127.0.0.1:64966
TpTrace Information: 0 : 2516, 14, 2024/11/05, 12:51:22.238, 19250701285386, vstest.console.dll, SocketServer.Stop: Cancellation requested. Stopping message loop.
TpTrace Verbose: 0 : 2516, 14, 2024/11/05, 12:51:22.238, 19250701285576, vstest.console.dll, MulticastDelegateUtilities.SafeInvoke: LengthPrefixCommunicationChannel: MessageReceived: Invoking callback 1/1 for Microsoft.VisualStudio.TestPlatform.CommunicationUtilities.TestRequestSender+<>c__DisplayClass34_0., took 105 ms.
TpTrace Information: 0 : 2516, 14, 2024/11/05, 12:51:22.238, 19250701285818, vstest.console.dll, SocketServer.PrivateStop: Stopping server endPoint: 127.0.0.1:64966 error: 
TpTrace Verbose: 0 : 2516, 1, 2024/11/05, 12:51:22.238, 19250701286083, vstest.console.dll, TestRunRequest.Dispose: Starting.
TpTrace Information: 0 : 2516, 1, 2024/11/05, 12:51:22.238, 19250701286681, vstest.console.dll, TestRunRequest.Dispose: Completed.
TpTrace Information: 0 : 2516, 1, 2024/11/05, 12:51:22.238, 19250701286965, vstest.console.dll, TestRequestManager.RunTests: run tests completed.
TpTrace Information: 0 : 2516, 1, 2024/11/05, 12:51:22.238, 19250701287442, vstest.console.dll, RunTestsArgumentProcessor:Execute: Test run is completed.
TpTrace Verbose: 0 : 2516, 1, 2024/11/05, 12:51:22.238, 19250701289371, vstest.console.dll, Executor.Execute: Exiting with exit code of 0
TpTrace Verbose: 0 : 2516, 14, 2024/11/05, 12:51:22.238, 19250701291498, vstest.console.dll, LengthPrefixCommunicationChannel.Dispose: Dispose reader and writer.
TpTrace Information: 0 : 2516, 14, 2024/11/05, 12:51:22.238, 19250701292097, vstest.console.dll, SocketServer.Stop: Raise disconnected event endPoint: 127.0.0.1:64966 error: 
TpTrace Verbose: 0 : 2516, 14, 2024/11/05, 12:51:22.238, 19250701292644, vstest.console.dll, TestRequestSender: OnTestRunAbort: Operation is already complete. Skip error message.
TpTrace Verbose: 0 : 2516, 14, 2024/11/05, 12:51:22.238, 19250701292887, vstest.console.dll, MulticastDelegateUtilities.SafeInvoke: SocketServer: ClientDisconnected: Invoking callback 1/1 for Microsoft.VisualStudio.TestPlatform.CommunicationUtilities.TestRequestSender., took 0 ms.
TpTrace Verbose: 0 : 2516, 14, 2024/11/05, 12:51:22.238, 19250701293058, vstest.console.dll, TcpClientExtensions.MessageLoopAsync: exiting MessageLoopAsync remoteEndPoint: 127.0.0.1:64967 localEndPoint: 127.0.0.1:64966
