<?xml version="1.0" encoding="utf-8"?>
<coverage line-rate="0.7924" branch-rate="0.23800000000000002" version="1.9" timestamp="1730777055" lines-covered="626" lines-valid="790" branches-covered="30" branches-valid="126">
  <sources>
    <source>C:\Users\matmi\</source>
  </sources>
  <packages>
    <package name="fiap_grupo57_fase1" line-rate="0.5446" branch-rate="0.21660000000000001" complexity="179">
      <classes>
        <class name="Program" filename="source\repos\fiap_grupo57_fase1\fiap_grupo57_fase1\Program.cs" line-rate="0" branch-rate="0" complexity="2">
          <methods>
            <method name="&lt;Main&gt;$" signature="(System.String[])" line-rate="0" branch-rate="0" complexity="2">
              <lines>
                <line number="15" hits="0" branch="False" />
                <line number="18" hits="0" branch="False" />
                <line number="19" hits="0" branch="False" />
                <line number="20" hits="0" branch="False" />
                <line number="21" hits="0" branch="False" />
                <line number="22" hits="0" branch="False" />
                <line number="23" hits="0" branch="False" />
                <line number="26" hits="0" branch="False" />
                <line number="27" hits="0" branch="False" />
                <line number="28" hits="0" branch="False" />
                <line number="31" hits="0" branch="False" />
                <line number="32" hits="0" branch="False" />
                <line number="33" hits="0" branch="False" />
                <line number="34" hits="0" branch="False" />
                <line number="35" hits="0" branch="False" />
                <line number="36" hits="0" branch="False" />
                <line number="37" hits="0" branch="False" />
                <line number="39" hits="0" branch="False" />
                <line number="42" hits="0" branch="True" condition-coverage="0% (0/2)">
                  <conditions>
                    <condition number="258" type="jump" coverage="0%" />
                  </conditions>
                </line>
                <line number="43" hits="0" branch="False" />
                <line number="44" hits="0" branch="False" />
                <line number="45" hits="0" branch="False" />
                <line number="46" hits="0" branch="False" />
                <line number="48" hits="0" branch="False" />
                <line number="49" hits="0" branch="False" />
                <line number="50" hits="0" branch="False" />
                <line number="51" hits="0" branch="False" />
                <line number="52" hits="0" branch="False" />
              </lines>
            </method>
          </methods>
          <lines>
            <line number="15" hits="0" branch="False" />
            <line number="18" hits="0" branch="False" />
            <line number="19" hits="0" branch="False" />
            <line number="20" hits="0" branch="False" />
            <line number="21" hits="0" branch="False" />
            <line number="22" hits="0" branch="False" />
            <line number="23" hits="0" branch="False" />
            <line number="26" hits="0" branch="False" />
            <line number="27" hits="0" branch="False" />
            <line number="28" hits="0" branch="False" />
            <line number="31" hits="0" branch="False" />
            <line number="32" hits="0" branch="False" />
            <line number="33" hits="0" branch="False" />
            <line number="34" hits="0" branch="False" />
            <line number="35" hits="0" branch="False" />
            <line number="36" hits="0" branch="False" />
            <line number="37" hits="0" branch="False" />
            <line number="39" hits="0" branch="False" />
            <line number="42" hits="0" branch="True" condition-coverage="0% (0/2)">
              <conditions>
                <condition number="258" type="jump" coverage="0%" />
              </conditions>
            </line>
            <line number="43" hits="0" branch="False" />
            <line number="44" hits="0" branch="False" />
            <line number="45" hits="0" branch="False" />
            <line number="46" hits="0" branch="False" />
            <line number="48" hits="0" branch="False" />
            <line number="49" hits="0" branch="False" />
            <line number="50" hits="0" branch="False" />
            <line number="51" hits="0" branch="False" />
            <line number="52" hits="0" branch="False" />
          </lines>
        </class>
        <class name="fiap_grupo57_fase1.Services.ContatosService" filename="source\repos\fiap_grupo57_fase1\fiap_grupo57_fase1\Services\ContatosService.cs" line-rate="1" branch-rate="0.8571" complexity="15">
          <methods>
            <method name="ObterContatos" signature="(System.Int32,System.String)" line-rate="1" branch-rate="0.8571" complexity="14">
              <lines>
                <line number="34" hits="5" branch="False" />
                <line number="35" hits="5" branch="True" condition-coverage="100% (4/4)">
                  <conditions>
                    <condition number="7" type="jump" coverage="100%" />
                    <condition number="26" type="jump" coverage="100%" />
                  </conditions>
                </line>
                <line number="36" hits="1" branch="False" />
                <line number="39" hits="4" branch="True" condition-coverage="100% (2/2)">
                  <conditions>
                    <condition number="52" type="jump" coverage="100%" />
                  </conditions>
                </line>
                <line number="40" hits="2" branch="False" />
                <line number="41" hits="2" branch="False" />
                <line number="43" hits="2" branch="True" condition-coverage="75% (3/4)">
                  <conditions>
                    <condition number="69" type="jump" coverage="50%" />
                    <condition number="87" type="jump" coverage="100%" />
                  </conditions>
                </line>
                <line number="44" hits="1" branch="False" />
                <line number="46" hits="1" branch="False" />
                <line number="49" hits="2" branch="False" />
                <line number="50" hits="2" branch="False" />
                <line number="52" hits="2" branch="True" condition-coverage="75% (3/4)">
                  <conditions>
                    <condition number="148" type="jump" coverage="50%" />
                    <condition number="167" type="jump" coverage="100%" />
                  </conditions>
                </line>
                <line number="53" hits="1" branch="False" />
                <line number="55" hits="1" branch="False" />
                <line number="57" hits="2" branch="False" />
              </lines>
            </method>
            <method name=".ctor" signature="(fiap_grupo57_fase1.Interfaces.Repositories.IContatosRepository,fiap_grupo57_fase1.Interfaces.Models.Utils.IObterRegiaoPorDDD)" line-rate="1" branch-rate="1" complexity="1">
              <lines>
                <line number="20" hits="17" branch="False" />
                <line number="21" hits="17" branch="False" />
                <line number="22" hits="17" branch="False" />
                <line number="23" hits="17" branch="False" />
                <line number="24" hits="17" branch="False" />
              </lines>
            </method>
          </methods>
          <lines>
            <line number="34" hits="5" branch="False" />
            <line number="35" hits="5" branch="True" condition-coverage="100% (4/4)">
              <conditions>
                <condition number="7" type="jump" coverage="100%" />
                <condition number="26" type="jump" coverage="100%" />
              </conditions>
            </line>
            <line number="36" hits="1" branch="False" />
            <line number="39" hits="4" branch="True" condition-coverage="100% (2/2)">
              <conditions>
                <condition number="52" type="jump" coverage="100%" />
              </conditions>
            </line>
            <line number="40" hits="2" branch="False" />
            <line number="41" hits="2" branch="False" />
            <line number="43" hits="2" branch="True" condition-coverage="75% (3/4)">
              <conditions>
                <condition number="69" type="jump" coverage="50%" />
                <condition number="87" type="jump" coverage="100%" />
              </conditions>
            </line>
            <line number="44" hits="1" branch="False" />
            <line number="46" hits="1" branch="False" />
            <line number="49" hits="2" branch="False" />
            <line number="50" hits="2" branch="False" />
            <line number="52" hits="2" branch="True" condition-coverage="75% (3/4)">
              <conditions>
                <condition number="148" type="jump" coverage="50%" />
                <condition number="167" type="jump" coverage="100%" />
              </conditions>
            </line>
            <line number="53" hits="1" branch="False" />
            <line number="55" hits="1" branch="False" />
            <line number="57" hits="2" branch="False" />
            <line number="20" hits="17" branch="False" />
            <line number="21" hits="17" branch="False" />
            <line number="22" hits="17" branch="False" />
            <line number="23" hits="17" branch="False" />
            <line number="24" hits="17" branch="False" />
          </lines>
        </class>
        <class name="fiap_grupo57_fase1.Services.ContatosService/&lt;AdicionarContato&gt;d__5" filename="source\repos\fiap_grupo57_fase1\fiap_grupo57_fase1\Services\ContatosService.cs" line-rate="1" branch-rate="1" complexity="4">
          <methods>
            <method name="MoveNext" signature="()" line-rate="1" branch-rate="1" complexity="4">
              <lines>
                <line number="60" hits="4" branch="False" />
                <line number="61" hits="4" branch="False" />
                <line number="63" hits="3" branch="True" condition-coverage="100% (2/2)">
                  <conditions>
                    <condition number="164" type="jump" coverage="100%" />
                  </conditions>
                </line>
                <line number="64" hits="1" branch="False" />
                <line number="66" hits="2" branch="False" />
                <line number="68" hits="2" branch="True" condition-coverage="100% (2/2)">
                  <conditions>
                    <condition number="235" type="jump" coverage="100%" />
                  </conditions>
                </line>
                <line number="69" hits="1" branch="False" />
                <line number="70" hits="1" branch="False" />
                <line number="72" hits="1" branch="False" />
                <line number="74" hits="1" branch="False" />
                <line number="76" hits="1" branch="False" />
                <line number="78" hits="1" branch="False" />
                <line number="79" hits="1" branch="False" />
              </lines>
            </method>
          </methods>
          <lines>
            <line number="60" hits="4" branch="False" />
            <line number="61" hits="4" branch="False" />
            <line number="63" hits="3" branch="True" condition-coverage="100% (2/2)">
              <conditions>
                <condition number="164" type="jump" coverage="100%" />
              </conditions>
            </line>
            <line number="64" hits="1" branch="False" />
            <line number="66" hits="2" branch="False" />
            <line number="68" hits="2" branch="True" condition-coverage="100% (2/2)">
              <conditions>
                <condition number="235" type="jump" coverage="100%" />
              </conditions>
            </line>
            <line number="69" hits="1" branch="False" />
            <line number="70" hits="1" branch="False" />
            <line number="72" hits="1" branch="False" />
            <line number="74" hits="1" branch="False" />
            <line number="76" hits="1" branch="False" />
            <line number="78" hits="1" branch="False" />
            <line number="79" hits="1" branch="False" />
          </lines>
        </class>
        <class name="fiap_grupo57_fase1.Services.ContatosService/&lt;AtualizarContato&gt;d__6" filename="source\repos\fiap_grupo57_fase1\fiap_grupo57_fase1\Services\ContatosService.cs" line-rate="1" branch-rate="1" complexity="4">
          <methods>
            <method name="MoveNext" signature="()" line-rate="1" branch-rate="1" complexity="4">
              <lines>
                <line number="82" hits="4" branch="False" />
                <line number="83" hits="4" branch="False" />
                <line number="85" hits="3" branch="False" />
                <line number="87" hits="2" branch="False" />
                <line number="89" hits="2" branch="True" condition-coverage="100% (2/2)">
                  <conditions>
                    <condition number="336" type="jump" coverage="100%" />
                  </conditions>
                </line>
                <line number="90" hits="2" branch="False" />
                <line number="91" hits="2" branch="False" />
                <line number="92" hits="2" branch="True" condition-coverage="100% (2/2)">
                  <conditions>
                    <condition number="395" type="jump" coverage="100%" />
                  </conditions>
                </line>
                <line number="93" hits="1" branch="False" />
                <line number="94" hits="1" branch="False" />
                <line number="96" hits="1" branch="False" />
                <line number="97" hits="1" branch="False" />
                <line number="99" hits="1" branch="False" />
                <line number="101" hits="1" branch="False" />
                <line number="102" hits="1" branch="False" />
              </lines>
            </method>
          </methods>
          <lines>
            <line number="82" hits="4" branch="False" />
            <line number="83" hits="4" branch="False" />
            <line number="85" hits="3" branch="False" />
            <line number="87" hits="2" branch="False" />
            <line number="89" hits="2" branch="True" condition-coverage="100% (2/2)">
              <conditions>
                <condition number="336" type="jump" coverage="100%" />
              </conditions>
            </line>
            <line number="90" hits="2" branch="False" />
            <line number="91" hits="2" branch="False" />
            <line number="92" hits="2" branch="True" condition-coverage="100% (2/2)">
              <conditions>
                <condition number="395" type="jump" coverage="100%" />
              </conditions>
            </line>
            <line number="93" hits="1" branch="False" />
            <line number="94" hits="1" branch="False" />
            <line number="96" hits="1" branch="False" />
            <line number="97" hits="1" branch="False" />
            <line number="99" hits="1" branch="False" />
            <line number="101" hits="1" branch="False" />
            <line number="102" hits="1" branch="False" />
          </lines>
        </class>
        <class name="fiap_grupo57_fase1.Services.ContatosService/&lt;ExcluirContato&gt;d__7" filename="source\repos\fiap_grupo57_fase1\fiap_grupo57_fase1\Services\ContatosService.cs" line-rate="1" branch-rate="1" complexity="1">
          <methods>
            <method name="MoveNext" signature="()" line-rate="1" branch-rate="1" complexity="1">
              <lines>
                <line number="104" hits="3" branch="False" />
                <line number="105" hits="3" branch="False" />
                <line number="106" hits="1" branch="False" />
                <line number="107" hits="1" branch="False" />
              </lines>
            </method>
          </methods>
          <lines>
            <line number="104" hits="3" branch="False" />
            <line number="105" hits="3" branch="False" />
            <line number="106" hits="1" branch="False" />
            <line number="107" hits="1" branch="False" />
          </lines>
        </class>
        <class name="fiap_grupo57_fase1.Services.ContatosService/&lt;ObterContatoPorId&gt;d__3" filename="source\repos\fiap_grupo57_fase1\fiap_grupo57_fase1\Services\ContatosService.cs" line-rate="1" branch-rate="1" complexity="1">
          <methods>
            <method name="MoveNext" signature="()" line-rate="1" branch-rate="1" complexity="1">
              <lines>
                <line number="27" hits="1" branch="False" />
                <line number="28" hits="1" branch="False" />
                <line number="30" hits="1" branch="False" />
                <line number="31" hits="1" branch="False" />
              </lines>
            </method>
          </methods>
          <lines>
            <line number="27" hits="1" branch="False" />
            <line number="28" hits="1" branch="False" />
            <line number="30" hits="1" branch="False" />
            <line number="31" hits="1" branch="False" />
          </lines>
        </class>
        <class name="fiap_grupo57_fase1.Services.ContatosService/&lt;ValidaIdContato&gt;d__8" filename="source\repos\fiap_grupo57_fase1\fiap_grupo57_fase1\Services\ContatosService.cs" line-rate="1" branch-rate="1" complexity="4">
          <methods>
            <method name="MoveNext" signature="()" line-rate="1" branch-rate="1" complexity="4">
              <lines>
                <line number="110" hits="7" branch="False" />
                <line number="111" hits="7" branch="True" condition-coverage="100% (2/2)">
                  <conditions>
                    <condition number="26" type="jump" coverage="100%" />
                  </conditions>
                </line>
                <line number="112" hits="1" branch="False" />
                <line number="113" hits="6" branch="True" condition-coverage="100% (2/2)">
                  <conditions>
                    <condition number="170" type="jump" coverage="100%" />
                  </conditions>
                </line>
                <line number="114" hits="2" branch="False" />
                <line number="115" hits="4" branch="False" />
              </lines>
            </method>
          </methods>
          <lines>
            <line number="110" hits="7" branch="False" />
            <line number="111" hits="7" branch="True" condition-coverage="100% (2/2)">
              <conditions>
                <condition number="26" type="jump" coverage="100%" />
              </conditions>
            </line>
            <line number="112" hits="1" branch="False" />
            <line number="113" hits="6" branch="True" condition-coverage="100% (2/2)">
              <conditions>
                <condition number="170" type="jump" coverage="100%" />
              </conditions>
            </line>
            <line number="114" hits="2" branch="False" />
            <line number="115" hits="4" branch="False" />
          </lines>
        </class>
        <class name="fiap_grupo57_fase1.Repositories.ContatosRepository" filename="source\repos\fiap_grupo57_fase1\fiap_grupo57_fase1\Repositories\ContatosRepository.cs" line-rate="1" branch-rate="1" complexity="3">
          <methods>
            <method name="ObterPorDDD" signature="(System.Int32)" line-rate="1" branch-rate="1" complexity="1">
              <lines>
                <line number="47" hits="1" branch="False" />
                <line number="48" hits="1" branch="False" />
                <line number="49" hits="1" branch="False" />
                <line number="50" hits="1" branch="False" />
              </lines>
            </method>
            <method name="ObterPorDDDRegiao" signature="(System.Int32,fiap_grupo57_fase1.Models.Enums.RegiaoEnum)" line-rate="1" branch-rate="1" complexity="1">
              <lines>
                <line number="53" hits="1" branch="False" />
                <line number="55" hits="1" branch="False" />
                <line number="56" hits="1" branch="False" />
                <line number="57" hits="1" branch="False" />
              </lines>
            </method>
            <method name=".ctor" signature="(System.Data.IDbConnection,fiap_grupo57_fase1.Interfaces.Dapper.IDapperWrapper)" line-rate="1" branch-rate="1" complexity="1">
              <lines>
                <line number="16" hits="5" branch="False" />
                <line number="17" hits="5" branch="False" />
                <line number="18" hits="5" branch="False" />
                <line number="19" hits="5" branch="False" />
                <line number="20" hits="5" branch="False" />
              </lines>
            </method>
          </methods>
          <lines>
            <line number="47" hits="1" branch="False" />
            <line number="48" hits="1" branch="False" />
            <line number="49" hits="1" branch="False" />
            <line number="50" hits="1" branch="False" />
            <line number="53" hits="1" branch="False" />
            <line number="55" hits="1" branch="False" />
            <line number="56" hits="1" branch="False" />
            <line number="57" hits="1" branch="False" />
            <line number="16" hits="5" branch="False" />
            <line number="17" hits="5" branch="False" />
            <line number="18" hits="5" branch="False" />
            <line number="19" hits="5" branch="False" />
            <line number="20" hits="5" branch="False" />
          </lines>
        </class>
        <class name="fiap_grupo57_fase1.Repositories.ContatosRepository/&lt;Adicionar&gt;d__3" filename="source\repos\fiap_grupo57_fase1\fiap_grupo57_fase1\Repositories\ContatosRepository.cs" line-rate="1" branch-rate="1" complexity="1">
          <methods>
            <method name="MoveNext" signature="()" line-rate="1" branch-rate="1" complexity="1">
              <lines>
                <line number="23" hits="1" branch="False" />
                <line number="24" hits="1" branch="False" />
                <line number="25" hits="1" branch="False" />
                <line number="26" hits="1" branch="False" />
              </lines>
            </method>
          </methods>
          <lines>
            <line number="23" hits="1" branch="False" />
            <line number="24" hits="1" branch="False" />
            <line number="25" hits="1" branch="False" />
            <line number="26" hits="1" branch="False" />
          </lines>
        </class>
        <class name="fiap_grupo57_fase1.Repositories.ContatosRepository/&lt;Atualizar&gt;d__9" filename="source\repos\fiap_grupo57_fase1\fiap_grupo57_fase1\Repositories\ContatosRepository.cs" line-rate="0" branch-rate="1" complexity="1">
          <methods>
            <method name="MoveNext" signature="()" line-rate="0" branch-rate="1" complexity="1">
              <lines>
                <line number="60" hits="0" branch="False" />
                <line number="61" hits="0" branch="False" />
                <line number="62" hits="0" branch="False" />
                <line number="63" hits="0" branch="False" />
              </lines>
            </method>
          </methods>
          <lines>
            <line number="60" hits="0" branch="False" />
            <line number="61" hits="0" branch="False" />
            <line number="62" hits="0" branch="False" />
            <line number="63" hits="0" branch="False" />
          </lines>
        </class>
        <class name="fiap_grupo57_fase1.Repositories.ContatosRepository/&lt;ContatoExiste&gt;d__4" filename="source\repos\fiap_grupo57_fase1\fiap_grupo57_fase1\Repositories\ContatosRepository.cs" line-rate="1" branch-rate="1" complexity="1">
          <methods>
            <method name="MoveNext" signature="()" line-rate="1" branch-rate="1" complexity="1">
              <lines>
                <line number="29" hits="1" branch="False" />
                <line number="30" hits="1" branch="False" />
                <line number="31" hits="1" branch="False" />
                <line number="32" hits="1" branch="False" />
              </lines>
            </method>
          </methods>
          <lines>
            <line number="29" hits="1" branch="False" />
            <line number="30" hits="1" branch="False" />
            <line number="31" hits="1" branch="False" />
            <line number="32" hits="1" branch="False" />
          </lines>
        </class>
        <class name="fiap_grupo57_fase1.Repositories.ContatosRepository/&lt;ContatoExistePorId&gt;d__5" filename="source\repos\fiap_grupo57_fase1\fiap_grupo57_fase1\Repositories\ContatosRepository.cs" line-rate="1" branch-rate="1" complexity="1">
          <methods>
            <method name="MoveNext" signature="()" line-rate="1" branch-rate="1" complexity="1">
              <lines>
                <line number="35" hits="1" branch="False" />
                <line number="36" hits="1" branch="False" />
                <line number="37" hits="1" branch="False" />
                <line number="38" hits="1" branch="False" />
              </lines>
            </method>
          </methods>
          <lines>
            <line number="35" hits="1" branch="False" />
            <line number="36" hits="1" branch="False" />
            <line number="37" hits="1" branch="False" />
            <line number="38" hits="1" branch="False" />
          </lines>
        </class>
        <class name="fiap_grupo57_fase1.Repositories.ContatosRepository/&lt;Excluir&gt;d__10" filename="source\repos\fiap_grupo57_fase1\fiap_grupo57_fase1\Repositories\ContatosRepository.cs" line-rate="0" branch-rate="1" complexity="1">
          <methods>
            <method name="MoveNext" signature="()" line-rate="0" branch-rate="1" complexity="1">
              <lines>
                <line number="66" hits="0" branch="False" />
                <line number="67" hits="0" branch="False" />
                <line number="68" hits="0" branch="False" />
                <line number="69" hits="0" branch="False" />
              </lines>
            </method>
          </methods>
          <lines>
            <line number="66" hits="0" branch="False" />
            <line number="67" hits="0" branch="False" />
            <line number="68" hits="0" branch="False" />
            <line number="69" hits="0" branch="False" />
          </lines>
        </class>
        <class name="fiap_grupo57_fase1.Repositories.ContatosRepository/&lt;ObterContatoPorId&gt;d__6" filename="source\repos\fiap_grupo57_fase1\fiap_grupo57_fase1\Repositories\ContatosRepository.cs" line-rate="0" branch-rate="1" complexity="1">
          <methods>
            <method name="MoveNext" signature="()" line-rate="0" branch-rate="1" complexity="1">
              <lines>
                <line number="41" hits="0" branch="False" />
                <line number="42" hits="0" branch="False" />
                <line number="43" hits="0" branch="False" />
                <line number="44" hits="0" branch="False" />
              </lines>
            </method>
          </methods>
          <lines>
            <line number="41" hits="0" branch="False" />
            <line number="42" hits="0" branch="False" />
            <line number="43" hits="0" branch="False" />
            <line number="44" hits="0" branch="False" />
          </lines>
        </class>
        <class name="fiap_grupo57_fase1.Repositories.DapperWrapper" filename="source\repos\fiap_grupo57_fase1\fiap_grupo57_fase1\Repositories\DapperWrapper.cs" line-rate="0" branch-rate="1" complexity="1">
          <methods>
            <method name="Query" signature="(System.Data.IDbConnection,System.String,System.Object)" line-rate="0" branch-rate="1" complexity="1">
              <lines>
                <line number="20" hits="0" branch="False" />
                <line number="21" hits="0" branch="False" />
                <line number="22" hits="0" branch="False" />
              </lines>
            </method>
          </methods>
          <lines>
            <line number="20" hits="0" branch="False" />
            <line number="21" hits="0" branch="False" />
            <line number="22" hits="0" branch="False" />
          </lines>
        </class>
        <class name="fiap_grupo57_fase1.Repositories.DapperWrapper/&lt;ExecuteAsync&gt;d__3" filename="source\repos\fiap_grupo57_fase1\fiap_grupo57_fase1\Repositories\DapperWrapper.cs" line-rate="0" branch-rate="1" complexity="1">
          <methods>
            <method name="MoveNext" signature="()" line-rate="0" branch-rate="1" complexity="1">
              <lines>
                <line number="25" hits="0" branch="False" />
                <line number="26" hits="0" branch="False" />
                <line number="27" hits="0" branch="False" />
              </lines>
            </method>
          </methods>
          <lines>
            <line number="25" hits="0" branch="False" />
            <line number="26" hits="0" branch="False" />
            <line number="27" hits="0" branch="False" />
          </lines>
        </class>
        <class name="fiap_grupo57_fase1.Repositories.DapperWrapper/&lt;QueryFirstOrDefaultAsync&gt;d__1`1" filename="source\repos\fiap_grupo57_fase1\fiap_grupo57_fase1\Repositories\DapperWrapper.cs" line-rate="0" branch-rate="1" complexity="1">
          <methods>
            <method name="MoveNext" signature="()" line-rate="0" branch-rate="1" complexity="1">
              <lines>
                <line number="15" hits="0" branch="False" />
                <line number="16" hits="0" branch="False" />
                <line number="17" hits="0" branch="False" />
              </lines>
            </method>
          </methods>
          <lines>
            <line number="15" hits="0" branch="False" />
            <line number="16" hits="0" branch="False" />
            <line number="17" hits="0" branch="False" />
          </lines>
        </class>
        <class name="fiap_grupo57_fase1.Repositories.DapperWrapper/&lt;QuerySingleAsync&gt;d__0`1" filename="source\repos\fiap_grupo57_fase1\fiap_grupo57_fase1\Repositories\DapperWrapper.cs" line-rate="0" branch-rate="1" complexity="1">
          <methods>
            <method name="MoveNext" signature="()" line-rate="0" branch-rate="1" complexity="1">
              <lines>
                <line number="10" hits="0" branch="False" />
                <line number="11" hits="0" branch="False" />
                <line number="12" hits="0" branch="False" />
              </lines>
            </method>
          </methods>
          <lines>
            <line number="10" hits="0" branch="False" />
            <line number="11" hits="0" branch="False" />
            <line number="12" hits="0" branch="False" />
          </lines>
        </class>
        <class name="fiap_grupo57_fase1.Models.Utils.ObterRegiaoPorDDD" filename="source\repos\fiap_grupo57_fase1\fiap_grupo57_fase1\Models\Utils\ObterRegiaoPorDDD.cs" line-rate="0" branch-rate="0" complexity="90">
          <methods>
            <method name="ObtemRegiaoPorDDD" signature="(System.Int32)" line-rate="0" branch-rate="0" complexity="90">
              <lines>
                <line number="8" hits="0" branch="False" />
                <line number="9" hits="0" branch="False" />
                <line number="10" hits="0" branch="True" condition-coverage="0% (0/90)">
                  <conditions>
                    <condition number="15" type="switch" coverage="0%" />
                  </conditions>
                </line>
                <line number="19" hits="0" branch="False" />
                <line number="20" hits="0" branch="False" />
                <line number="38" hits="0" branch="False" />
                <line number="39" hits="0" branch="False" />
                <line number="46" hits="0" branch="False" />
                <line number="47" hits="0" branch="False" />
                <line number="69" hits="0" branch="False" />
                <line number="70" hits="0" branch="False" />
                <line number="84" hits="0" branch="False" />
                <line number="85" hits="0" branch="False" />
                <line number="87" hits="0" branch="False" />
                <line number="88" hits="0" branch="False" />
                <line number="90" hits="0" branch="False" />
                <line number="91" hits="0" branch="False" />
              </lines>
            </method>
          </methods>
          <lines>
            <line number="8" hits="0" branch="False" />
            <line number="9" hits="0" branch="False" />
            <line number="10" hits="0" branch="True" condition-coverage="0% (0/90)">
              <conditions>
                <condition number="15" type="switch" coverage="0%" />
              </conditions>
            </line>
            <line number="19" hits="0" branch="False" />
            <line number="20" hits="0" branch="False" />
            <line number="38" hits="0" branch="False" />
            <line number="39" hits="0" branch="False" />
            <line number="46" hits="0" branch="False" />
            <line number="47" hits="0" branch="False" />
            <line number="69" hits="0" branch="False" />
            <line number="70" hits="0" branch="False" />
            <line number="84" hits="0" branch="False" />
            <line number="85" hits="0" branch="False" />
            <line number="87" hits="0" branch="False" />
            <line number="88" hits="0" branch="False" />
            <line number="90" hits="0" branch="False" />
            <line number="91" hits="0" branch="False" />
          </lines>
        </class>
        <class name="fiap_grupo57_fase1.Models.Responses.ContatosGetResponse" filename="source\repos\fiap_grupo57_fase1\fiap_grupo57_fase1\Models\Responses\ContatosGetResponse.cs" line-rate="1" branch-rate="1" complexity="6">
          <methods>
            <method name="get_Id" signature="()" line-rate="1" branch-rate="1" complexity="1">
              <lines>
                <line number="7" hits="9" branch="False" />
              </lines>
            </method>
            <method name="get_Nome" signature="()" line-rate="1" branch-rate="1" complexity="1">
              <lines>
                <line number="9" hits="4" branch="False" />
              </lines>
            </method>
            <method name="get_Telefone" signature="()" line-rate="1" branch-rate="1" complexity="1">
              <lines>
                <line number="11" hits="3" branch="False" />
              </lines>
            </method>
            <method name="get_Email" signature="()" line-rate="1" branch-rate="1" complexity="1">
              <lines>
                <line number="13" hits="3" branch="False" />
              </lines>
            </method>
            <method name="get_DDD" signature="()" line-rate="1" branch-rate="1" complexity="1">
              <lines>
                <line number="15" hits="7" branch="False" />
              </lines>
            </method>
            <method name="get_Regiao" signature="()" line-rate="1" branch-rate="1" complexity="1">
              <lines>
                <line number="17" hits="3" branch="False" />
              </lines>
            </method>
          </methods>
          <lines>
            <line number="7" hits="9" branch="False" />
            <line number="9" hits="4" branch="False" />
            <line number="11" hits="3" branch="False" />
            <line number="13" hits="3" branch="False" />
            <line number="15" hits="7" branch="False" />
            <line number="17" hits="3" branch="False" />
          </lines>
        </class>
        <class name="fiap_grupo57_fase1.Models.Responses.ContatosPostResponse" filename="source\repos\fiap_grupo57_fase1\fiap_grupo57_fase1\Models\Responses\ContatosPostResponse.cs" line-rate="1" branch-rate="1" complexity="1">
          <methods>
            <method name="get_Id" signature="()" line-rate="1" branch-rate="1" complexity="1">
              <lines>
                <line number="5" hits="3" branch="False" />
              </lines>
            </method>
          </methods>
          <lines>
            <line number="5" hits="3" branch="False" />
          </lines>
        </class>
        <class name="fiap_grupo57_fase1.Models.Responses.ExceptionResponse" filename="source\repos\fiap_grupo57_fase1\fiap_grupo57_fase1\Models\Responses\ExceptionResponse.cs" line-rate="1" branch-rate="1" complexity="1">
          <methods>
            <method name="get_Message" signature="()" line-rate="1" branch-rate="1" complexity="1">
              <lines>
                <line number="5" hits="4" branch="False" />
              </lines>
            </method>
          </methods>
          <lines>
            <line number="5" hits="4" branch="False" />
          </lines>
        </class>
        <class name="fiap_grupo57_fase1.Models.Requests.ContatosPostRequest" filename="source\repos\fiap_grupo57_fase1\fiap_grupo57_fase1\Models\Requests\ContatosPostRequest.cs" line-rate="1" branch-rate="1" complexity="5">
          <methods>
            <method name="get_Nome" signature="()" line-rate="1" branch-rate="1" complexity="1">
              <lines>
                <line number="10" hits="18" branch="False" />
              </lines>
            </method>
            <method name="get_Telefone" signature="()" line-rate="1" branch-rate="1" complexity="1">
              <lines>
                <line number="14" hits="18" branch="False" />
              </lines>
            </method>
            <method name="get_Email" signature="()" line-rate="1" branch-rate="1" complexity="1">
              <lines>
                <line number="18" hits="20" branch="False" />
              </lines>
            </method>
            <method name="get_DDD" signature="()" line-rate="1" branch-rate="1" complexity="1">
              <lines>
                <line number="21" hits="26" branch="False" />
              </lines>
            </method>
            <method name="get_Regiao" signature="()" line-rate="1" branch-rate="1" complexity="1">
              <lines>
                <line number="23" hits="7" branch="False" />
              </lines>
            </method>
          </methods>
          <lines>
            <line number="10" hits="18" branch="False" />
            <line number="14" hits="18" branch="False" />
            <line number="18" hits="20" branch="False" />
            <line number="21" hits="26" branch="False" />
            <line number="23" hits="7" branch="False" />
          </lines>
        </class>
        <class name="fiap_grupo57_fase1.Models.Requests.ContatosPutRequest" filename="source\repos\fiap_grupo57_fase1\fiap_grupo57_fase1\Models\Requests\ContatosPutRequest.cs" line-rate="1" branch-rate="1" complexity="6">
          <methods>
            <method name="get_Id" signature="()" line-rate="1" branch-rate="1" complexity="1">
              <lines>
                <line number="9" hits="31" branch="False" />
              </lines>
            </method>
            <method name="get_Nome" signature="()" line-rate="1" branch-rate="1" complexity="1">
              <lines>
                <line number="12" hits="14" branch="False" />
              </lines>
            </method>
            <method name="get_Telefone" signature="()" line-rate="1" branch-rate="1" complexity="1">
              <lines>
                <line number="16" hits="13" branch="False" />
              </lines>
            </method>
            <method name="get_Email" signature="()" line-rate="1" branch-rate="1" complexity="1">
              <lines>
                <line number="20" hits="13" branch="False" />
              </lines>
            </method>
            <method name="get_DDD" signature="()" line-rate="1" branch-rate="1" complexity="1">
              <lines>
                <line number="23" hits="23" branch="False" />
              </lines>
            </method>
            <method name="get_Regiao" signature="()" line-rate="1" branch-rate="1" complexity="1">
              <lines>
                <line number="25" hits="4" branch="False" />
              </lines>
            </method>
          </methods>
          <lines>
            <line number="9" hits="31" branch="False" />
            <line number="12" hits="14" branch="False" />
            <line number="16" hits="13" branch="False" />
            <line number="20" hits="13" branch="False" />
            <line number="23" hits="23" branch="False" />
            <line number="25" hits="4" branch="False" />
          </lines>
        </class>
        <class name="fiap_grupo57_fase1.Models.Entities.ContatoEntity" filename="source\repos\fiap_grupo57_fase1\fiap_grupo57_fase1\Models\Entities\ContatoEntity.cs" line-rate="1" branch-rate="1" complexity="6">
          <methods>
            <method name="get_Id" signature="()" line-rate="1" branch-rate="1" complexity="1">
              <lines>
                <line number="7" hits="1" branch="False" />
              </lines>
            </method>
            <method name="get_Nome" signature="()" line-rate="1" branch-rate="1" complexity="1">
              <lines>
                <line number="8" hits="3" branch="False" />
              </lines>
            </method>
            <method name="get_Telefone" signature="()" line-rate="1" branch-rate="1" complexity="1">
              <lines>
                <line number="9" hits="3" branch="False" />
              </lines>
            </method>
            <method name="get_Email" signature="()" line-rate="1" branch-rate="1" complexity="1">
              <lines>
                <line number="10" hits="3" branch="False" />
              </lines>
            </method>
            <method name="get_DDD" signature="()" line-rate="1" branch-rate="1" complexity="1">
              <lines>
                <line number="11" hits="3" branch="False" />
              </lines>
            </method>
            <method name="get_Regiao" signature="()" line-rate="1" branch-rate="1" complexity="1">
              <lines>
                <line number="12" hits="3" branch="False" />
              </lines>
            </method>
          </methods>
          <lines>
            <line number="7" hits="1" branch="False" />
            <line number="8" hits="3" branch="False" />
            <line number="9" hits="3" branch="False" />
            <line number="10" hits="3" branch="False" />
            <line number="11" hits="3" branch="False" />
            <line number="12" hits="3" branch="False" />
          </lines>
        </class>
        <class name="fiap_grupo57_fase1.Mappers.ContatoMapper" filename="source\repos\fiap_grupo57_fase1\fiap_grupo57_fase1\Mappers\ContatoMapper.cs" line-rate="1" branch-rate="1" complexity="2">
          <methods>
            <method name="ToEntity" signature="(fiap_grupo57_fase1.Models.Requests.ContatosPostRequest)" line-rate="1" branch-rate="1" complexity="1">
              <lines>
                <line number="10" hits="1" branch="False" />
                <line number="11" hits="1" branch="False" />
                <line number="12" hits="1" branch="False" />
                <line number="13" hits="1" branch="False" />
                <line number="14" hits="1" branch="False" />
                <line number="15" hits="1" branch="False" />
                <line number="16" hits="1" branch="False" />
                <line number="17" hits="1" branch="False" />
                <line number="18" hits="1" branch="False" />
                <line number="19" hits="1" branch="False" />
              </lines>
            </method>
            <method name="ToEntity" signature="(fiap_grupo57_fase1.Models.Requests.ContatosPutRequest)" line-rate="1" branch-rate="1" complexity="1">
              <lines>
                <line number="22" hits="1" branch="False" />
                <line number="23" hits="1" branch="False" />
                <line number="24" hits="1" branch="False" />
                <line number="25" hits="1" branch="False" />
                <line number="26" hits="1" branch="False" />
                <line number="27" hits="1" branch="False" />
                <line number="28" hits="1" branch="False" />
                <line number="29" hits="1" branch="False" />
                <line number="30" hits="1" branch="False" />
                <line number="31" hits="1" branch="False" />
                <line number="32" hits="1" branch="False" />
              </lines>
            </method>
          </methods>
          <lines>
            <line number="10" hits="1" branch="False" />
            <line number="11" hits="1" branch="False" />
            <line number="12" hits="1" branch="False" />
            <line number="13" hits="1" branch="False" />
            <line number="14" hits="1" branch="False" />
            <line number="15" hits="1" branch="False" />
            <line number="16" hits="1" branch="False" />
            <line number="17" hits="1" branch="False" />
            <line number="18" hits="1" branch="False" />
            <line number="19" hits="1" branch="False" />
            <line number="22" hits="1" branch="False" />
            <line number="23" hits="1" branch="False" />
            <line number="24" hits="1" branch="False" />
            <line number="25" hits="1" branch="False" />
            <line number="26" hits="1" branch="False" />
            <line number="27" hits="1" branch="False" />
            <line number="28" hits="1" branch="False" />
            <line number="29" hits="1" branch="False" />
            <line number="30" hits="1" branch="False" />
            <line number="31" hits="1" branch="False" />
            <line number="32" hits="1" branch="False" />
          </lines>
        </class>
        <class name="fiap_grupo57_fase1.Infrastructures.Excpetion.CustomException" filename="source\repos\fiap_grupo57_fase1\fiap_grupo57_fase1\Infrastructures\Excpetion\CustomException.cs" line-rate="1" branch-rate="1" complexity="2">
          <methods>
            <method name="get_StatusCode" signature="()" line-rate="1" branch-rate="1" complexity="1">
              <lines>
                <line number="7" hits="13" branch="False" />
              </lines>
            </method>
            <method name=".ctor" signature="(System.Net.HttpStatusCode,System.String)" line-rate="1" branch-rate="1" complexity="1">
              <lines>
                <line number="9" hits="13" branch="False" />
                <line number="10" hits="13" branch="False" />
                <line number="11" hits="13" branch="False" />
                <line number="12" hits="13" branch="False" />
              </lines>
            </method>
          </methods>
          <lines>
            <line number="7" hits="13" branch="False" />
            <line number="9" hits="13" branch="False" />
            <line number="10" hits="13" branch="False" />
            <line number="11" hits="13" branch="False" />
            <line number="12" hits="13" branch="False" />
          </lines>
        </class>
        <class name="fiap_grupo57_fase1.Infrastructures.Excpetion.ExceptionMiddleware" filename="source\repos\fiap_grupo57_fase1\fiap_grupo57_fase1\Infrastructures\Excpetion\ExceptionMiddleware.cs" line-rate="1" branch-rate="1" complexity="3">
          <methods>
            <method name="HandleCustomExceptionAsync" signature="(Microsoft.AspNetCore.Http.HttpContext,fiap_grupo57_fase1.Infrastructures.Excpetion.CustomException)" line-rate="1" branch-rate="1" complexity="1">
              <lines>
                <line number="33" hits="1" branch="False" />
                <line number="34" hits="1" branch="False" />
                <line number="35" hits="1" branch="False" />
                <line number="37" hits="1" branch="False" />
                <line number="38" hits="1" branch="False" />
                <line number="40" hits="1" branch="False" />
                <line number="41" hits="1" branch="False" />
              </lines>
            </method>
            <method name="HandleExceptionAsync" signature="(Microsoft.AspNetCore.Http.HttpContext,System.Exception)" line-rate="1" branch-rate="1" complexity="1">
              <lines>
                <line number="44" hits="1" branch="False" />
                <line number="45" hits="1" branch="False" />
                <line number="46" hits="1" branch="False" />
                <line number="48" hits="1" branch="False" />
                <line number="50" hits="1" branch="False" />
                <line number="51" hits="1" branch="False" />
              </lines>
            </method>
            <method name=".ctor" signature="(Microsoft.AspNetCore.Http.RequestDelegate)" line-rate="1" branch-rate="1" complexity="1">
              <lines>
                <line number="11" hits="2" branch="False" />
                <line number="12" hits="2" branch="False" />
                <line number="13" hits="2" branch="False" />
                <line number="14" hits="2" branch="False" />
              </lines>
            </method>
          </methods>
          <lines>
            <line number="33" hits="1" branch="False" />
            <line number="34" hits="1" branch="False" />
            <line number="35" hits="1" branch="False" />
            <line number="37" hits="1" branch="False" />
            <line number="38" hits="1" branch="False" />
            <line number="40" hits="1" branch="False" />
            <line number="41" hits="1" branch="False" />
            <line number="44" hits="1" branch="False" />
            <line number="45" hits="1" branch="False" />
            <line number="46" hits="1" branch="False" />
            <line number="48" hits="1" branch="False" />
            <line number="50" hits="1" branch="False" />
            <line number="51" hits="1" branch="False" />
            <line number="11" hits="2" branch="False" />
            <line number="12" hits="2" branch="False" />
            <line number="13" hits="2" branch="False" />
            <line number="14" hits="2" branch="False" />
          </lines>
        </class>
        <class name="fiap_grupo57_fase1.Infrastructures.Excpetion.ExceptionMiddleware/&lt;InvokeAsync&gt;d__2" filename="source\repos\fiap_grupo57_fase1\fiap_grupo57_fase1\Infrastructures\Excpetion\ExceptionMiddleware.cs" line-rate="0.9229999999999999" branch-rate="1" complexity="1">
          <methods>
            <method name="MoveNext" signature="()" line-rate="0.9229999999999999" branch-rate="1" complexity="1">
              <lines>
                <line number="17" hits="2" branch="False" />
                <line number="19" hits="2" branch="False" />
                <line number="20" hits="2" branch="False" />
                <line number="21" hits="0" branch="False" />
                <line number="22" hits="1" branch="False" />
                <line number="23" hits="1" branch="False" />
                <line number="24" hits="1" branch="False" />
                <line number="25" hits="1" branch="False" />
                <line number="26" hits="1" branch="False" />
                <line number="27" hits="1" branch="False" />
                <line number="28" hits="1" branch="False" />
                <line number="29" hits="1" branch="False" />
                <line number="30" hits="2" branch="False" />
              </lines>
            </method>
          </methods>
          <lines>
            <line number="17" hits="2" branch="False" />
            <line number="19" hits="2" branch="False" />
            <line number="20" hits="2" branch="False" />
            <line number="21" hits="0" branch="False" />
            <line number="22" hits="1" branch="False" />
            <line number="23" hits="1" branch="False" />
            <line number="24" hits="1" branch="False" />
            <line number="25" hits="1" branch="False" />
            <line number="26" hits="1" branch="False" />
            <line number="27" hits="1" branch="False" />
            <line number="28" hits="1" branch="False" />
            <line number="29" hits="1" branch="False" />
            <line number="30" hits="2" branch="False" />
          </lines>
        </class>
        <class name="fiap_grupo57_fase1.Infrastructures.Data.ContatoContext" filename="source\repos\fiap_grupo57_fase1\fiap_grupo57_fase1\Infrastructures\Data\ContatoContext.cs" line-rate="0" branch-rate="1" complexity="2">
          <methods>
            <method name="get_Contatos" signature="()" line-rate="0" branch-rate="1" complexity="1">
              <lines>
                <line number="10" hits="0" branch="False" />
              </lines>
            </method>
            <method name=".ctor" signature="(Microsoft.EntityFrameworkCore.DbContextOptions`1&lt;fiap_grupo57_fase1.Infrastructures.Data.ContatoContext&gt;)" line-rate="0" branch-rate="1" complexity="1">
              <lines>
                <line number="8" hits="0" branch="False" />
              </lines>
            </method>
          </methods>
          <lines>
            <line number="10" hits="0" branch="False" />
            <line number="8" hits="0" branch="False" />
          </lines>
        </class>
        <class name="fiap_grupo57_fase1.Helpers.ValidatorHelper" filename="source\repos\fiap_grupo57_fase1\fiap_grupo57_fase1\Helpers\ValidatorHelper.cs" line-rate="1" branch-rate="1" complexity="2">
          <methods>
            <method name="Validar" signature="(System.Object)" line-rate="1" branch-rate="1" complexity="2">
              <lines>
                <line number="10" hits="10" branch="False" />
                <line number="11" hits="10" branch="False" />
                <line number="12" hits="10" branch="False" />
                <line number="14" hits="10" branch="False" />
                <line number="16" hits="10" branch="True" condition-coverage="100% (2/2)">
                  <conditions>
                    <condition number="32" type="jump" coverage="100%" />
                  </conditions>
                </line>
                <line number="17" hits="6" branch="False" />
                <line number="18" hits="7" branch="False" />
              </lines>
            </method>
          </methods>
          <lines>
            <line number="10" hits="10" branch="False" />
            <line number="11" hits="10" branch="False" />
            <line number="12" hits="10" branch="False" />
            <line number="14" hits="10" branch="False" />
            <line number="16" hits="10" branch="True" condition-coverage="100% (2/2)">
              <conditions>
                <condition number="32" type="jump" coverage="100%" />
              </conditions>
            </line>
            <line number="17" hits="6" branch="False" />
            <line number="18" hits="7" branch="False" />
          </lines>
        </class>
        <class name="fiap_grupo57_fase1.Controllers.ContatosController" filename="source\repos\fiap_grupo57_fase1\fiap_grupo57_fase1\Controllers\ContatosController.cs" line-rate="1" branch-rate="1" complexity="2">
          <methods>
            <method name="GetContatos" signature="(System.Int32,System.String)" line-rate="1" branch-rate="1" complexity="1">
              <lines>
                <line number="48" hits="1" branch="False" />
                <line number="49" hits="1" branch="False" />
                <line number="50" hits="1" branch="False" />
              </lines>
            </method>
            <method name=".ctor" signature="(fiap_grupo57_fase1.Interfaces.Services.IContatosService)" line-rate="1" branch-rate="1" complexity="1">
              <lines>
                <line number="16" hits="5" branch="False" />
                <line number="17" hits="5" branch="False" />
                <line number="18" hits="5" branch="False" />
                <line number="19" hits="5" branch="False" />
              </lines>
            </method>
          </methods>
          <lines>
            <line number="48" hits="1" branch="False" />
            <line number="49" hits="1" branch="False" />
            <line number="50" hits="1" branch="False" />
            <line number="16" hits="5" branch="False" />
            <line number="17" hits="5" branch="False" />
            <line number="18" hits="5" branch="False" />
            <line number="19" hits="5" branch="False" />
          </lines>
        </class>
        <class name="fiap_grupo57_fase1.Controllers.ContatosController/&lt;DeleteContato&gt;d__6" filename="source\repos\fiap_grupo57_fase1\fiap_grupo57_fase1\Controllers\ContatosController.cs" line-rate="1" branch-rate="1" complexity="1">
          <methods>
            <method name="MoveNext" signature="()" line-rate="1" branch-rate="1" complexity="1">
              <lines>
                <line number="97" hits="1" branch="False" />
                <line number="98" hits="1" branch="False" />
                <line number="99" hits="1" branch="False" />
                <line number="100" hits="1" branch="False" />
              </lines>
            </method>
          </methods>
          <lines>
            <line number="97" hits="1" branch="False" />
            <line number="98" hits="1" branch="False" />
            <line number="99" hits="1" branch="False" />
            <line number="100" hits="1" branch="False" />
          </lines>
        </class>
        <class name="fiap_grupo57_fase1.Controllers.ContatosController/&lt;GetContatoById&gt;d__2" filename="source\repos\fiap_grupo57_fase1\fiap_grupo57_fase1\Controllers\ContatosController.cs" line-rate="1" branch-rate="1" complexity="1">
          <methods>
            <method name="MoveNext" signature="()" line-rate="1" branch-rate="1" complexity="1">
              <lines>
                <line number="31" hits="1" branch="False" />
                <line number="32" hits="1" branch="False" />
                <line number="33" hits="1" branch="False" />
              </lines>
            </method>
          </methods>
          <lines>
            <line number="31" hits="1" branch="False" />
            <line number="32" hits="1" branch="False" />
            <line number="33" hits="1" branch="False" />
          </lines>
        </class>
        <class name="fiap_grupo57_fase1.Controllers.ContatosController/&lt;PostContato&gt;d__4" filename="source\repos\fiap_grupo57_fase1\fiap_grupo57_fase1\Controllers\ContatosController.cs" line-rate="1" branch-rate="1" complexity="1">
          <methods>
            <method name="MoveNext" signature="()" line-rate="1" branch-rate="1" complexity="1">
              <lines>
                <line number="65" hits="1" branch="False" />
                <line number="66" hits="1" branch="False" />
                <line number="67" hits="1" branch="False" />
              </lines>
            </method>
          </methods>
          <lines>
            <line number="65" hits="1" branch="False" />
            <line number="66" hits="1" branch="False" />
            <line number="67" hits="1" branch="False" />
          </lines>
        </class>
        <class name="fiap_grupo57_fase1.Controllers.ContatosController/&lt;PutContato&gt;d__5" filename="source\repos\fiap_grupo57_fase1\fiap_grupo57_fase1\Controllers\ContatosController.cs" line-rate="1" branch-rate="1" complexity="1">
          <methods>
            <method name="MoveNext" signature="()" line-rate="1" branch-rate="1" complexity="1">
              <lines>
                <line number="81" hits="1" branch="False" />
                <line number="82" hits="1" branch="False" />
                <line number="83" hits="1" branch="False" />
                <line number="84" hits="1" branch="False" />
              </lines>
            </method>
          </methods>
          <lines>
            <line number="81" hits="1" branch="False" />
            <line number="82" hits="1" branch="False" />
            <line number="83" hits="1" branch="False" />
            <line number="84" hits="1" branch="False" />
          </lines>
        </class>
        <class name="fiap_grupo57_fase1.Configurations.SwaggerConfig" filename="source\repos\fiap_grupo57_fase1\fiap_grupo57_fase1\Configurations\SwaggerConfig.cs" line-rate="0" branch-rate="1" complexity="2">
          <methods>
            <method name="AddSwaggerConfiguration" signature="(Microsoft.Extensions.DependencyInjection.IServiceCollection)" line-rate="0" branch-rate="1" complexity="1">
              <lines>
                <line number="11" hits="0" branch="False" />
                <line number="12" hits="0" branch="False" />
                <line number="13" hits="0" branch="False" />
                <line number="14" hits="0" branch="False" />
                <line number="15" hits="0" branch="False" />
                <line number="16" hits="0" branch="False" />
                <line number="17" hits="0" branch="False" />
                <line number="18" hits="0" branch="False" />
                <line number="19" hits="0" branch="False" />
                <line number="20" hits="0" branch="False" />
                <line number="21" hits="0" branch="False" />
                <line number="22" hits="0" branch="False" />
                <line number="23" hits="0" branch="False" />
                <line number="24" hits="0" branch="False" />
                <line number="25" hits="0" branch="False" />
                <line number="26" hits="0" branch="False" />
                <line number="27" hits="0" branch="False" />
                <line number="28" hits="0" branch="False" />
                <line number="29" hits="0" branch="False" />
                <line number="30" hits="0" branch="False" />
                <line number="31" hits="0" branch="False" />
                <line number="32" hits="0" branch="False" />
                <line number="33" hits="0" branch="False" />
                <line number="34" hits="0" branch="False" />
                <line number="35" hits="0" branch="False" />
                <line number="36" hits="0" branch="False" />
                <line number="37" hits="0" branch="False" />
                <line number="38" hits="0" branch="False" />
                <line number="39" hits="0" branch="False" />
                <line number="40" hits="0" branch="False" />
                <line number="41" hits="0" branch="False" />
                <line number="42" hits="0" branch="False" />
                <line number="43" hits="0" branch="False" />
                <line number="44" hits="0" branch="False" />
                <line number="45" hits="0" branch="False" />
                <line number="46" hits="0" branch="False" />
                <line number="47" hits="0" branch="False" />
                <line number="48" hits="0" branch="False" />
                <line number="49" hits="0" branch="False" />
                <line number="50" hits="0" branch="False" />
                <line number="51" hits="0" branch="False" />
                <line number="52" hits="0" branch="False" />
                <line number="53" hits="0" branch="False" />
                <line number="54" hits="0" branch="False" />
                <line number="55" hits="0" branch="False" />
                <line number="56" hits="0" branch="False" />
                <line number="57" hits="0" branch="False" />
                <line number="58" hits="0" branch="False" />
                <line number="59" hits="0" branch="False" />
                <line number="60" hits="0" branch="False" />
                <line number="61" hits="0" branch="False" />
                <line number="62" hits="0" branch="False" />
                <line number="63" hits="0" branch="False" />
                <line number="64" hits="0" branch="False" />
                <line number="65" hits="0" branch="False" />
                <line number="66" hits="0" branch="False" />
                <line number="67" hits="0" branch="False" />
                <line number="68" hits="0" branch="False" />
                <line number="69" hits="0" branch="False" />
                <line number="70" hits="0" branch="False" />
                <line number="71" hits="0" branch="False" />
                <line number="72" hits="0" branch="False" />
                <line number="73" hits="0" branch="False" />
                <line number="74" hits="0" branch="False" />
                <line number="75" hits="0" branch="False" />
                <line number="76" hits="0" branch="False" />
                <line number="77" hits="0" branch="False" />
                <line number="78" hits="0" branch="False" />
                <line number="79" hits="0" branch="False" />
                <line number="80" hits="0" branch="False" />
                <line number="81" hits="0" branch="False" />
                <line number="82" hits="0" branch="False" />
                <line number="83" hits="0" branch="False" />
                <line number="84" hits="0" branch="False" />
                <line number="85" hits="0" branch="False" />
                <line number="86" hits="0" branch="False" />
                <line number="87" hits="0" branch="False" />
                <line number="88" hits="0" branch="False" />
                <line number="89" hits="0" branch="False" />
                <line number="90" hits="0" branch="False" />
                <line number="91" hits="0" branch="False" />
                <line number="92" hits="0" branch="False" />
                <line number="93" hits="0" branch="False" />
                <line number="94" hits="0" branch="False" />
                <line number="95" hits="0" branch="False" />
                <line number="96" hits="0" branch="False" />
                <line number="97" hits="0" branch="False" />
              </lines>
            </method>
            <method name="UseSwaggerConfiguration" signature="(Microsoft.AspNetCore.Builder.IApplicationBuilder)" line-rate="0" branch-rate="1" complexity="1">
              <lines>
                <line number="100" hits="0" branch="False" />
                <line number="101" hits="0" branch="False" />
                <line number="102" hits="0" branch="False" />
                <line number="103" hits="0" branch="False" />
              </lines>
            </method>
          </methods>
          <lines>
            <line number="11" hits="0" branch="False" />
            <line number="12" hits="0" branch="False" />
            <line number="13" hits="0" branch="False" />
            <line number="14" hits="0" branch="False" />
            <line number="15" hits="0" branch="False" />
            <line number="16" hits="0" branch="False" />
            <line number="17" hits="0" branch="False" />
            <line number="18" hits="0" branch="False" />
            <line number="19" hits="0" branch="False" />
            <line number="20" hits="0" branch="False" />
            <line number="21" hits="0" branch="False" />
            <line number="22" hits="0" branch="False" />
            <line number="23" hits="0" branch="False" />
            <line number="24" hits="0" branch="False" />
            <line number="25" hits="0" branch="False" />
            <line number="26" hits="0" branch="False" />
            <line number="27" hits="0" branch="False" />
            <line number="28" hits="0" branch="False" />
            <line number="29" hits="0" branch="False" />
            <line number="30" hits="0" branch="False" />
            <line number="31" hits="0" branch="False" />
            <line number="32" hits="0" branch="False" />
            <line number="33" hits="0" branch="False" />
            <line number="34" hits="0" branch="False" />
            <line number="35" hits="0" branch="False" />
            <line number="36" hits="0" branch="False" />
            <line number="37" hits="0" branch="False" />
            <line number="38" hits="0" branch="False" />
            <line number="39" hits="0" branch="False" />
            <line number="40" hits="0" branch="False" />
            <line number="41" hits="0" branch="False" />
            <line number="42" hits="0" branch="False" />
            <line number="43" hits="0" branch="False" />
            <line number="44" hits="0" branch="False" />
            <line number="45" hits="0" branch="False" />
            <line number="46" hits="0" branch="False" />
            <line number="47" hits="0" branch="False" />
            <line number="48" hits="0" branch="False" />
            <line number="49" hits="0" branch="False" />
            <line number="50" hits="0" branch="False" />
            <line number="51" hits="0" branch="False" />
            <line number="52" hits="0" branch="False" />
            <line number="53" hits="0" branch="False" />
            <line number="54" hits="0" branch="False" />
            <line number="55" hits="0" branch="False" />
            <line number="56" hits="0" branch="False" />
            <line number="57" hits="0" branch="False" />
            <line number="58" hits="0" branch="False" />
            <line number="59" hits="0" branch="False" />
            <line number="60" hits="0" branch="False" />
            <line number="61" hits="0" branch="False" />
            <line number="62" hits="0" branch="False" />
            <line number="63" hits="0" branch="False" />
            <line number="64" hits="0" branch="False" />
            <line number="65" hits="0" branch="False" />
            <line number="66" hits="0" branch="False" />
            <line number="67" hits="0" branch="False" />
            <line number="68" hits="0" branch="False" />
            <line number="69" hits="0" branch="False" />
            <line number="70" hits="0" branch="False" />
            <line number="71" hits="0" branch="False" />
            <line number="72" hits="0" branch="False" />
            <line number="73" hits="0" branch="False" />
            <line number="74" hits="0" branch="False" />
            <line number="75" hits="0" branch="False" />
            <line number="76" hits="0" branch="False" />
            <line number="77" hits="0" branch="False" />
            <line number="78" hits="0" branch="False" />
            <line number="79" hits="0" branch="False" />
            <line number="80" hits="0" branch="False" />
            <line number="81" hits="0" branch="False" />
            <line number="82" hits="0" branch="False" />
            <line number="83" hits="0" branch="False" />
            <line number="84" hits="0" branch="False" />
            <line number="85" hits="0" branch="False" />
            <line number="86" hits="0" branch="False" />
            <line number="87" hits="0" branch="False" />
            <line number="88" hits="0" branch="False" />
            <line number="89" hits="0" branch="False" />
            <line number="90" hits="0" branch="False" />
            <line number="91" hits="0" branch="False" />
            <line number="92" hits="0" branch="False" />
            <line number="93" hits="0" branch="False" />
            <line number="94" hits="0" branch="False" />
            <line number="95" hits="0" branch="False" />
            <line number="96" hits="0" branch="False" />
            <line number="97" hits="0" branch="False" />
            <line number="100" hits="0" branch="False" />
            <line number="101" hits="0" branch="False" />
            <line number="102" hits="0" branch="False" />
            <line number="103" hits="0" branch="False" />
          </lines>
        </class>
      </classes>
    </package>
    <package name="fiap_grupo57_fase1_test" line-rate="0.9976" branch-rate="0.6666" complexity="49">
      <classes>
        <class name="AutoGeneratedProgram" filename=".nuget\packages\microsoft.net.test.sdk\17.8.0\build\netcoreapp3.1\Microsoft.NET.Test.Sdk.Program.cs" line-rate="0" branch-rate="1" complexity="1">
          <methods>
            <method name="Main" signature="(System.String[])" line-rate="0" branch-rate="1" complexity="1">
              <lines>
                <line number="4" hits="0" branch="False" />
              </lines>
            </method>
          </methods>
          <lines>
            <line number="4" hits="0" branch="False" />
          </lines>
        </class>
        <class name="fiap_grupo57_fase1_test.Services.ContatosServiceTests" filename="source\repos\fiap_grupo57_fase1\fiap_grupo57_fase1_test\Services\ContatosServiceTests.cs" line-rate="1" branch-rate="1" complexity="14">
          <methods>
            <method name="Setup" signature="()" line-rate="1" branch-rate="1" complexity="1">
              <lines>
                <line number="23" hits="17" branch="False" />
                <line number="24" hits="17" branch="False" />
                <line number="25" hits="17" branch="False" />
                <line number="26" hits="17" branch="False" />
                <line number="27" hits="17" branch="False" />
              </lines>
            </method>
            <method name="ObterContatos_RegiaoInvalida_DeveLancarExcecao" signature="()" line-rate="1" branch-rate="1" complexity="1">
              <lines>
                <line number="49" hits="1" branch="False" />
                <line number="51" hits="1" branch="False" />
                <line number="52" hits="1" branch="False" />
                <line number="55" hits="2" branch="False" />
                <line number="56" hits="1" branch="False" />
                <line number="57" hits="1" branch="False" />
                <line number="58" hits="1" branch="False" />
                <line number="59" hits="1" branch="False" />
                <line number="60" hits="2" branch="False" />
                <line number="61" hits="1" branch="False" />
              </lines>
            </method>
            <method name="ObterContatos_SemRegiao_DeveRetornarListaDeContatos" signature="()" line-rate="1" branch-rate="1" complexity="1">
              <lines>
                <line number="65" hits="1" branch="False" />
                <line number="67" hits="1" branch="False" />
                <line number="68" hits="1" branch="False" />
                <line number="69" hits="1" branch="False" />
                <line number="70" hits="1" branch="False" />
                <line number="73" hits="1" branch="False" />
                <line number="76" hits="1" branch="False" />
                <line number="77" hits="1" branch="False" />
              </lines>
            </method>
            <method name="ObterContatos_ComRegiao_DeveRetornarListaDeContatos" signature="()" line-rate="1" branch-rate="1" complexity="1">
              <lines>
                <line number="81" hits="1" branch="False" />
                <line number="83" hits="1" branch="False" />
                <line number="84" hits="1" branch="False" />
                <line number="85" hits="1" branch="False" />
                <line number="86" hits="1" branch="False" />
                <line number="87" hits="1" branch="False" />
                <line number="90" hits="1" branch="False" />
                <line number="93" hits="1" branch="False" />
                <line number="94" hits="1" branch="False" />
              </lines>
            </method>
            <method name="ObterContatos_SemContatos_DeveLancarExcecao" signature="()" line-rate="1" branch-rate="1" complexity="1">
              <lines>
                <line number="98" hits="1" branch="False" />
                <line number="100" hits="1" branch="False" />
                <line number="101" hits="1" branch="False" />
                <line number="102" hits="1" branch="False" />
                <line number="105" hits="2" branch="False" />
                <line number="106" hits="1" branch="False" />
                <line number="107" hits="1" branch="False" />
                <line number="108" hits="1" branch="False" />
                <line number="109" hits="1" branch="False" />
                <line number="110" hits="2" branch="False" />
                <line number="111" hits="1" branch="False" />
              </lines>
            </method>
            <method name="ObterContatos_ComRegiaoSemContatos_DeveLancarExcecao" signature="()" line-rate="1" branch-rate="1" complexity="1">
              <lines>
                <line number="115" hits="1" branch="False" />
                <line number="117" hits="1" branch="False" />
                <line number="118" hits="1" branch="False" />
                <line number="119" hits="1" branch="False" />
                <line number="120" hits="1" branch="False" />
                <line number="123" hits="2" branch="False" />
                <line number="124" hits="1" branch="False" />
                <line number="125" hits="1" branch="False" />
                <line number="126" hits="1" branch="False" />
                <line number="127" hits="1" branch="False" />
                <line number="128" hits="2" branch="False" />
                <line number="129" hits="1" branch="False" />
              </lines>
            </method>
            <method name="AdicionarContato_ContatoInvalido_DeveLancarExcecao" signature="()" line-rate="1" branch-rate="1" complexity="1">
              <lines>
                <line number="133" hits="1" branch="False" />
                <line number="135" hits="1" branch="False" />
                <line number="138" hits="2" branch="False" />
                <line number="139" hits="1" branch="False" />
                <line number="140" hits="1" branch="False" />
                <line number="141" hits="1" branch="False" />
                <line number="142" hits="1" branch="False" />
                <line number="143" hits="2" branch="False" />
                <line number="144" hits="1" branch="False" />
              </lines>
            </method>
            <method name="AdicionarContato_ContatoJaExiste_DeveLancarExcecao" signature="()" line-rate="1" branch-rate="1" complexity="1">
              <lines>
                <line number="148" hits="1" branch="False" />
                <line number="150" hits="1" branch="False" />
                <line number="151" hits="1" branch="False" />
                <line number="152" hits="1" branch="False" />
                <line number="155" hits="2" branch="False" />
                <line number="156" hits="1" branch="False" />
                <line number="157" hits="1" branch="False" />
                <line number="158" hits="1" branch="False" />
                <line number="159" hits="1" branch="False" />
                <line number="160" hits="2" branch="False" />
                <line number="161" hits="1" branch="False" />
              </lines>
            </method>
            <method name="AdicionarContato_DDDInvalido_DeveLancarExcecao" signature="()" line-rate="1" branch-rate="1" complexity="1">
              <lines>
                <line number="165" hits="1" branch="False" />
                <line number="167" hits="1" branch="False" />
                <line number="168" hits="1" branch="False" />
                <line number="169" hits="1" branch="False" />
                <line number="170" hits="1" branch="False" />
                <line number="171" hits="1" branch="False" />
                <line number="174" hits="2" branch="False" />
                <line number="175" hits="1" branch="False" />
                <line number="176" hits="1" branch="False" />
                <line number="177" hits="1" branch="False" />
                <line number="178" hits="1" branch="False" />
                <line number="179" hits="2" branch="False" />
                <line number="180" hits="1" branch="False" />
              </lines>
            </method>
[...]
                <line number="57" hits="1" branch="False" />
                <line number="60" hits="1" branch="False" />
                <line number="61" hits="1" branch="False" />
                <line number="62" hits="1" branch="False" />
                <line number="63" hits="1" branch="False" />
                <line number="64" hits="1" branch="False" />
                <line number="65" hits="1" branch="False" />
              </lines>
            </method>
          </methods>
          <lines>
            <line number="52" hits="1" branch="False" />
            <line number="54" hits="1" branch="False" />
            <line number="57" hits="1" branch="False" />
            <line number="60" hits="1" branch="False" />
            <line number="61" hits="1" branch="False" />
            <line number="62" hits="1" branch="False" />
            <line number="63" hits="1" branch="False" />
            <line number="64" hits="1" branch="False" />
            <line number="65" hits="1" branch="False" />
          </lines>
        </class>
        <class name="fiap_grupo57_fase1_test.Infrastructures.ExceptionMiddlewareTests/&lt;InvokeAsync_ShouldHandleCustomException&gt;d__4" filename="source\repos\fiap_grupo57_fase1\fiap_grupo57_fase1_test\Infrastructures\ExceptionMiddlewareTests.cs" line-rate="1" branch-rate="1" complexity="1">
          <methods>
            <method name="MoveNext" signature="()" line-rate="1" branch-rate="1" complexity="1">
              <lines>
                <line number="28" hits="1" branch="False" />
                <line number="30" hits="1" branch="False" />
                <line number="31" hits="1" branch="False" />
                <line number="34" hits="1" branch="False" />
                <line number="36" hits="1" branch="False" />
                <line number="38" hits="1" branch="False" />
                <line number="43" hits="1" branch="False" />
                <line number="44" hits="1" branch="False" />
                <line number="46" hits="1" branch="False" />
                <line number="47" hits="1" branch="False" />
              </lines>
            </method>
          </methods>
          <lines>
            <line number="28" hits="1" branch="False" />
            <line number="30" hits="1" branch="False" />
            <line number="31" hits="1" branch="False" />
            <line number="34" hits="1" branch="False" />
            <line number="36" hits="1" branch="False" />
            <line number="38" hits="1" branch="False" />
            <line number="43" hits="1" branch="False" />
            <line number="44" hits="1" branch="False" />
            <line number="46" hits="1" branch="False" />
            <line number="47" hits="1" branch="False" />
          </lines>
        </class>
        <class name="fiap_grupo57_fase1_test.Helpers.ValidatorHelperTests" filename="source\repos\fiap_grupo57_fase1\fiap_grupo57_fase1_test\Helpers\ValidatorHelperTests.cs" line-rate="1" branch-rate="1" complexity="2">
          <methods>
            <method name="Validar_ContatoInvalido_ThrowsCustomException" signature="()" line-rate="1" branch-rate="1" complexity="1">
              <lines>
                <line number="13" hits="1" branch="False" />
                <line number="15" hits="1" branch="False" />
                <line number="16" hits="1" branch="False" />
                <line number="17" hits="1" branch="False" />
                <line number="18" hits="1" branch="False" />
                <line number="19" hits="1" branch="False" />
                <line number="20" hits="1" branch="False" />
                <line number="21" hits="1" branch="False" />
                <line number="22" hits="1" branch="False" />
                <line number="25" hits="2" branch="False" />
                <line number="26" hits="1" branch="False" />
                <line number="27" hits="1" branch="False" />
                <line number="28" hits="1" branch="False" />
                <line number="29" hits="1" branch="False" />
                <line number="30" hits="2" branch="False" />
                <line number="31" hits="1" branch="False" />
              </lines>
            </method>
            <method name="Validar_ContatoValido_DoesNotThrowException" signature="()" line-rate="1" branch-rate="1" complexity="1">
              <lines>
                <line number="35" hits="1" branch="False" />
                <line number="37" hits="1" branch="False" />
                <line number="38" hits="1" branch="False" />
                <line number="39" hits="1" branch="False" />
                <line number="40" hits="1" branch="False" />
                <line number="41" hits="1" branch="False" />
                <line number="42" hits="1" branch="False" />
                <line number="43" hits="1" branch="False" />
                <line number="44" hits="1" branch="False" />
                <line number="47" hits="2" branch="False" />
                <line number="48" hits="1" branch="False" />
              </lines>
            </method>
          </methods>
          <lines>
            <line number="13" hits="1" branch="False" />
            <line number="15" hits="1" branch="False" />
            <line number="16" hits="1" branch="False" />
            <line number="17" hits="1" branch="False" />
            <line number="18" hits="1" branch="False" />
            <line number="19" hits="1" branch="False" />
            <line number="20" hits="1" branch="False" />
            <line number="21" hits="1" branch="False" />
            <line number="22" hits="1" branch="False" />
            <line number="25" hits="2" branch="False" />
            <line number="26" hits="1" branch="False" />
            <line number="27" hits="1" branch="False" />
            <line number="28" hits="1" branch="False" />
            <line number="29" hits="1" branch="False" />
            <line number="30" hits="2" branch="False" />
            <line number="31" hits="1" branch="False" />
            <line number="35" hits="1" branch="False" />
            <line number="37" hits="1" branch="False" />
            <line number="38" hits="1" branch="False" />
            <line number="39" hits="1" branch="False" />
            <line number="40" hits="1" branch="False" />
            <line number="41" hits="1" branch="False" />
            <line number="42" hits="1" branch="False" />
            <line number="43" hits="1" branch="False" />
            <line number="44" hits="1" branch="False" />
            <line number="47" hits="2" branch="False" />
            <line number="48" hits="1" branch="False" />
          </lines>
        </class>
        <class name="fiap_grupo57_fase1_test.Controllers.ContatosControllerTests" filename="source\repos\fiap_grupo57_fase1\fiap_grupo57_fase1_test\Controllers\ContatosControllerTests.cs" line-rate="1" branch-rate="0.5" complexity="5">
          <methods>
            <method name="SetUp" signature="()" line-rate="1" branch-rate="1" complexity="1">
              <lines>
                <line number="23" hits="5" branch="False" />
                <line number="24" hits="5" branch="False" />
                <line number="25" hits="5" branch="False" />
                <line number="26" hits="5" branch="False" />
                <line number="27" hits="5" branch="False" />
                <line number="28" hits="5" branch="False" />
              </lines>
            </method>
            <method name="TearDown" signature="()" line-rate="1" branch-rate="1" complexity="1">
              <lines>
                <line number="32" hits="5" branch="False" />
                <line number="33" hits="5" branch="False" />
                <line number="34" hits="5" branch="False" />
              </lines>
            </method>
            <method name="GetContatos_ReturnsOkResult_WithListOfContatos" signature="()" line-rate="1" branch-rate="1" complexity="1">
              <lines>
                <line number="38" hits="1" branch="False" />
                <line number="40" hits="1" branch="False" />
                <line number="41" hits="1" branch="False" />
                <line number="42" hits="1" branch="False" />
                <line number="43" hits="1" branch="False" />
                <line number="44" hits="1" branch="False" />
                <line number="45" hits="1" branch="False" />
                <line number="46" hits="1" branch="False" />
                <line number="47" hits="1" branch="False" />
                <line number="48" hits="1" branch="False" />
                <line number="49" hits="1" branch="False" />
                <line number="50" hits="1" branch="False" />
                <line number="51" hits="1" branch="False" />
                <line number="54" hits="1" branch="False" />
                <line number="57" hits="1" branch="False" />
                <line number="58" hits="1" branch="False" />
                <line number="59" hits="1" branch="False" />
                <line number="60" hits="1" branch="False" />
                <line number="61" hits="1" branch="False" />
              </lines>
            </method>
            <method name="Dispose" signature="()" line-rate="1" branch-rate="0.5" complexity="2">
              <lines>
                <line number="141" hits="1" branch="False" />
                <line number="142" hits="1" branch="True" condition-coverage="50% (1/2)">
                  <conditions>
                    <condition number="18" type="jump" coverage="50%" />
                  </conditions>
                </line>
                <line number="143" hits="1" branch="False" />
              </lines>
            </method>
          </methods>
          <lines>
            <line number="23" hits="5" branch="False" />
            <line number="24" hits="5" branch="False" />
            <line number="25" hits="5" branch="False" />
            <line number="26" hits="5" branch="False" />
            <line number="27" hits="5" branch="False" />
            <line number="28" hits="5" branch="False" />
            <line number="32" hits="5" branch="False" />
            <line number="33" hits="5" branch="False" />
            <line number="34" hits="5" branch="False" />
            <line number="38" hits="1" branch="False" />
            <line number="40" hits="1" branch="False" />
            <line number="41" hits="1" branch="False" />
            <line number="42" hits="1" branch="False" />
            <line number="43" hits="1" branch="False" />
            <line number="44" hits="1" branch="False" />
            <line number="45" hits="1" branch="False" />
            <line number="46" hits="1" branch="False" />
            <line number="47" hits="1" branch="False" />
            <line number="48" hits="1" branch="False" />
            <line number="49" hits="1" branch="False" />
            <line number="50" hits="1" branch="False" />
            <line number="51" hits="1" branch="False" />
            <line number="54" hits="1" branch="False" />
            <line number="57" hits="1" branch="False" />
            <line number="58" hits="1" branch="False" />
            <line number="59" hits="1" branch="False" />
            <line number="60" hits="1" branch="False" />
            <line number="61" hits="1" branch="False" />
            <line number="141" hits="1" branch="False" />
            <line number="142" hits="1" branch="True" condition-coverage="50% (1/2)">
              <conditions>
                <condition number="18" type="jump" coverage="50%" />
              </conditions>
            </line>
            <line number="143" hits="1" branch="False" />
          </lines>
        </class>
        <class name="fiap_grupo57_fase1_test.Controllers.ContatosControllerTests/&lt;&gt;c__DisplayClass7_0" filename="source\repos\fiap_grupo57_fase1\fiap_grupo57_fase1_test\Controllers\ContatosControllerTests.cs" line-rate="1" branch-rate="1" complexity="1">
          <methods>
            <method name="&lt;GetContatoById_ShouldReturnOk_WhenContatoExists&gt;b__1" signature="()" line-rate="1" branch-rate="1" complexity="1">
              <lines>
                <line number="104" hits="1" branch="False" />
                <line number="105" hits="1" branch="False" />
                <line number="106" hits="1" branch="False" />
                <line number="107" hits="2" branch="False" />
              </lines>
            </method>
          </methods>
          <lines>
            <line number="104" hits="1" branch="False" />
            <line number="105" hits="1" branch="False" />
            <line number="106" hits="1" branch="False" />
            <line number="107" hits="2" branch="False" />
          </lines>
        </class>
        <class name="fiap_grupo57_fase1_test.Controllers.ContatosControllerTests/&lt;DeleteContato_ShouldReturnNoContent_WhenDeleteIsSuccessful&gt;d__9" filename="source\repos\fiap_grupo57_fase1\fiap_grupo57_fase1_test\Controllers\ContatosControllerTests.cs" line-rate="1" branch-rate="1" complexity="1">
          <methods>
            <method name="MoveNext" signature="()" line-rate="1" branch-rate="1" complexity="1">
              <lines>
                <line number="127" hits="1" branch="False" />
                <line number="129" hits="1" branch="False" />
                <line number="130" hits="1" branch="False" />
                <line number="131" hits="1" branch="False" />
                <line number="134" hits="1" branch="False" />
                <line number="137" hits="1" branch="False" />
                <line number="138" hits="1" branch="False" />
              </lines>
            </method>
          </methods>
          <lines>
            <line number="127" hits="1" branch="False" />
            <line number="129" hits="1" branch="False" />
            <line number="130" hits="1" branch="False" />
            <line number="131" hits="1" branch="False" />
            <line number="134" hits="1" branch="False" />
            <line number="137" hits="1" branch="False" />
            <line number="138" hits="1" branch="False" />
          </lines>
        </class>
        <class name="fiap_grupo57_fase1_test.Controllers.ContatosControllerTests/&lt;GetContatoById_ShouldReturnOk_WhenContatoExists&gt;d__7" filename="source\repos\fiap_grupo57_fase1\fiap_grupo57_fase1_test\Controllers\ContatosControllerTests.cs" line-rate="1" branch-rate="1" complexity="1">
          <methods>
            <method name="MoveNext" signature="()" line-rate="1" branch-rate="1" complexity="1">
              <lines>
                <line number="90" hits="1" branch="False" />
                <line number="92" hits="1" branch="False" />
                <line number="93" hits="1" branch="False" />
                <line number="94" hits="1" branch="False" />
                <line number="95" hits="1" branch="False" />
                <line number="98" hits="1" branch="False" />
                <line number="101" hits="1" branch="False" />
                <line number="102" hits="1" branch="False" />
                <line number="103" hits="1" branch="False" />
                <line number="108" hits="1" branch="False" />
              </lines>
            </method>
          </methods>
          <lines>
            <line number="90" hits="1" branch="False" />
            <line number="92" hits="1" branch="False" />
            <line number="93" hits="1" branch="False" />
            <line number="94" hits="1" branch="False" />
            <line number="95" hits="1" branch="False" />
            <line number="98" hits="1" branch="False" />
            <line number="101" hits="1" branch="False" />
            <line number="102" hits="1" branch="False" />
            <line number="103" hits="1" branch="False" />
            <line number="108" hits="1" branch="False" />
          </lines>
        </class>
        <class name="fiap_grupo57_fase1_test.Controllers.ContatosControllerTests/&lt;PostContato_ReturnsOkResult_WithContatoResponse&gt;d__6" filename="source\repos\fiap_grupo57_fase1\fiap_grupo57_fase1_test\Controllers\ContatosControllerTests.cs" line-rate="1" branch-rate="1" complexity="1">
          <methods>
            <method name="MoveNext" signature="()" line-rate="1" branch-rate="1" complexity="1">
              <lines>
                <line number="65" hits="1" branch="False" />
                <line number="67" hits="1" branch="False" />
                <line number="68" hits="1" branch="False" />
                <line number="69" hits="1" branch="False" />
                <line number="70" hits="1" branch="False" />
                <line number="71" hits="1" branch="False" />
                <line number="72" hits="1" branch="False" />
                <line number="73" hits="1" branch="False" />
                <line number="74" hits="1" branch="False" />
                <line number="75" hits="1" branch="False" />
                <line number="76" hits="1" branch="False" />
                <line number="79" hits="1" branch="False" />
                <line number="82" hits="1" branch="False" />
                <line number="83" hits="1" branch="False" />
                <line number="84" hits="1" branch="False" />
                <line number="85" hits="1" branch="False" />
                <line number="86" hits="1" branch="False" />
              </lines>
            </method>
          </methods>
          <lines>
            <line number="65" hits="1" branch="False" />
            <line number="67" hits="1" branch="False" />
            <line number="68" hits="1" branch="False" />
            <line number="69" hits="1" branch="False" />
            <line number="70" hits="1" branch="False" />
            <line number="71" hits="1" branch="False" />
            <line number="72" hits="1" branch="False" />
            <line number="73" hits="1" branch="False" />
            <line number="74" hits="1" branch="False" />
            <line number="75" hits="1" branch="False" />
            <line number="76" hits="1" branch="False" />
            <line number="79" hits="1" branch="False" />
            <line number="82" hits="1" branch="False" />
            <line number="83" hits="1" branch="False" />
            <line number="84" hits="1" branch="False" />
            <line number="85" hits="1" branch="False" />
            <line number="86" hits="1" branch="False" />
          </lines>
        </class>
        <class name="fiap_grupo57_fase1_test.Controllers.ContatosControllerTests/&lt;PutContato_ShouldReturnNoContent_WhenUpdateIsSuccessful&gt;d__8" filename="source\repos\fiap_grupo57_fase1\fiap_grupo57_fase1_test\Controllers\ContatosControllerTests.cs" line-rate="1" branch-rate="1" complexity="1">
          <methods>
            <method name="MoveNext" signature="()" line-rate="1" branch-rate="1" complexity="1">
              <lines>
                <line number="112" hits="1" branch="False" />
                <line number="114" hits="1" branch="False" />
                <line number="115" hits="1" branch="False" />
                <line number="116" hits="1" branch="False" />
                <line number="119" hits="1" branch="False" />
                <line number="122" hits="1" branch="False" />
                <line number="123" hits="1" branch="False" />
              </lines>
            </method>
          </methods>
          <lines>
            <line number="112" hits="1" branch="False" />
            <line number="114" hits="1" branch="False" />
            <line number="115" hits="1" branch="False" />
            <line number="116" hits="1" branch="False" />
            <line number="119" hits="1" branch="False" />
            <line number="122" hits="1" branch="False" />
            <line number="123" hits="1" branch="False" />
          </lines>
        </class>
      </classes>
    </package>
  </packages>
</coverage>